INFO: [VRFC 10-2263] Analyzing Verilog file "/home/ssaraswathy/Documents/ORAN_Uplane/40G_Ethernet_tuser/ORAN_Integration_design/hls_src/Verilog/tkeep_cleaner_uplane_packetizer.v" into library xil_defaultlib
INFO: [VRFC 10-311] analyzing module tkeep_uplane_packetizer
INFO: [VRFC 10-2263] Analyzing Verilog file "/home/ssaraswathy/Documents/ORAN_Uplane/40G_Ethernet_tuser/ORAN_Integration_design/project_1/project_1.ip_user_files/bd/check_40G_sim/ip/check_40G_sim_xlconstant_1_0/sim/check_40G_sim_xlconstant_1_0.v" into library xil_defaultlib
INFO: [VRFC 10-311] analyzing module check_40G_sim_xlconstant_1_0
INFO: [VRFC 10-2263] Analyzing Verilog file "/home/ssaraswathy/Documents/ORAN_Uplane/40G_Ethernet_tuser/ORAN_Integration_design/project_1/project_1.ip_user_files/bd/check_40G_sim/ip/check_40G_sim_l_ethernet_0_0/ip_0/sim/gtwizard_ultrascale_v1_7_gthe4_channel.v" into library xil_defaultlib
INFO: [VRFC 10-311] analyzing module gtwizard_ultrascale_v1_7_6_gthe4_channel
INFO: [VRFC 10-2263] Analyzing Verilog file "/home/ssaraswathy/Documents/ORAN_Uplane/40G_Ethernet_tuser/ORAN_Integration_design/project_1/project_1.ip_user_files/bd/check_40G_sim/ip/check_40G_sim_l_ethernet_0_0/ip_0/sim/check_40G_sim_l_ethernet_0_0_gt_gthe4_channel_wrapper.v" into library xil_defaultlib
INFO: [VRFC 10-311] analyzing module check_40G_sim_l_ethernet_0_0_gt_gthe4_channel_wrapper
INFO: [VRFC 10-2263] Analyzing Verilog file "/home/ssaraswathy/Documents/ORAN_Uplane/40G_Ethernet_tuser/ORAN_Integration_design/project_1/project_1.ip_user_files/bd/check_40G_sim/ip/check_40G_sim_l_ethernet_0_0/ip_0/sim/gtwizard_ultrascale_v1_7_gthe4_common.v" into library xil_defaultlib
INFO: [VRFC 10-311] analyzing module gtwizard_ultrascale_v1_7_6_gthe4_common
INFO: [VRFC 10-2263] Analyzing Verilog file "/home/ssaraswathy/Documents/ORAN_Uplane/40G_Ethernet_tuser/ORAN_Integration_design/project_1/project_1.ip_user_files/bd/check_40G_sim/ip/check_40G_sim_l_ethernet_0_0/ip_0/sim/check_40G_sim_l_ethernet_0_0_gt_gthe4_common_wrapper.v" into library xil_defaultlib
INFO: [VRFC 10-311] analyzing module check_40G_sim_l_ethernet_0_0_gt_gthe4_common_wrapper
INFO: [VRFC 10-2263] Analyzing Verilog file "/home/ssaraswathy/Documents/ORAN_Uplane/40G_Ethernet_tuser/ORAN_Integration_design/project_1/project_1.ip_user_files/bd/check_40G_sim/ip/check_40G_sim_l_ethernet_0_0/ip_0/sim/check_40G_sim_l_ethernet_0_0_gt_gtwizard_gthe4.v" into library xil_defaultlib
INFO: [VRFC 10-311] analyzing module check_40G_sim_l_ethernet_0_0_gt_gtwizard_gthe4
INFO: [VRFC 10-2263] Analyzing Verilog file "/home/ssaraswathy/Documents/ORAN_Uplane/40G_Ethernet_tuser/ORAN_Integration_design/project_1/project_1.ip_user_files/bd/check_40G_sim/ip/check_40G_sim_l_ethernet_0_0/ip_0/sim/check_40G_sim_l_ethernet_0_0_gt_gtwizard_top.v" into library xil_defaultlib
INFO: [VRFC 10-311] analyzing module check_40G_sim_l_ethernet_0_0_gt_gtwizard_top
INFO: [VRFC 10-2263] Analyzing Verilog file "/home/ssaraswathy/Documents/ORAN_Uplane/40G_Ethernet_tuser/ORAN_Integration_design/project_1/project_1.ip_user_files/bd/check_40G_sim/ip/check_40G_sim_l_ethernet_0_0/ip_0/sim/check_40G_sim_l_ethernet_0_0_gt.v" into library xil_defaultlib
INFO: [VRFC 10-311] analyzing module check_40G_sim_l_ethernet_0_0_gt
INFO: [VRFC 10-2263] Analyzing Verilog file "/home/ssaraswathy/Documents/ORAN_Uplane/40G_Ethernet_tuser/ORAN_Integration_design/project_1/project_1.ip_user_files/bd/check_40G_sim/ip/check_40G_sim_l_ethernet_0_0/l_ethernet_v2_5_0/check_40G_sim_l_ethernet_0_0_wrapper.v" into library xil_defaultlib
INFO: [VRFC 10-311] analyzing module check_40G_sim_l_ethernet_0_0_wrapper
INFO: [VRFC 10-2458] undeclared symbol gtwiz_reset_rx_data_good_in_0, assumed default net type wire [/home/ssaraswathy/Documents/ORAN_Uplane/40G_Ethernet_tuser/ORAN_Integration_design/project_1/project_1.ip_user_files/bd/check_40G_sim/ip/check_40G_sim_l_ethernet_0_0/l_ethernet_v2_5_0/check_40G_sim_l_ethernet_0_0_wrapper.v:492]
INFO: [VRFC 10-2458] undeclared symbol drpclk_common_in_0, assumed default net type wire [/home/ssaraswathy/Documents/ORAN_Uplane/40G_Ethernet_tuser/ORAN_Integration_design/project_1/project_1.ip_user_files/bd/check_40G_sim/ip/check_40G_sim_l_ethernet_0_0/l_ethernet_v2_5_0/check_40G_sim_l_ethernet_0_0_wrapper.v:580]
INFO: [VRFC 10-2458] undeclared symbol drpen_common_in_0, assumed default net type wire [/home/ssaraswathy/Documents/ORAN_Uplane/40G_Ethernet_tuser/ORAN_Integration_design/project_1/project_1.ip_user_files/bd/check_40G_sim/ip/check_40G_sim_l_ethernet_0_0/l_ethernet_v2_5_0/check_40G_sim_l_ethernet_0_0_wrapper.v:586]
INFO: [VRFC 10-2458] undeclared symbol drprdy_common_out_0, assumed default net type wire [/home/ssaraswathy/Documents/ORAN_Uplane/40G_Ethernet_tuser/ORAN_Integration_design/project_1/project_1.ip_user_files/bd/check_40G_sim/ip/check_40G_sim_l_ethernet_0_0/l_ethernet_v2_5_0/check_40G_sim_l_ethernet_0_0_wrapper.v:588]
INFO: [VRFC 10-2458] undeclared symbol drpwe_common_in_0, assumed default net type wire [/home/ssaraswathy/Documents/ORAN_Uplane/40G_Ethernet_tuser/ORAN_Integration_design/project_1/project_1.ip_user_files/bd/check_40G_sim/ip/check_40G_sim_l_ethernet_0_0/l_ethernet_v2_5_0/check_40G_sim_l_ethernet_0_0_wrapper.v:590]
INFO: [VRFC 10-2458] undeclared symbol gt_rxusrclk2_0, assumed default net type wire [/home/ssaraswathy/Documents/ORAN_Uplane/40G_Ethernet_tuser/ORAN_Integration_design/project_1/project_1.ip_user_files/bd/check_40G_sim/ip/check_40G_sim_l_ethernet_0_0/l_ethernet_v2_5_0/check_40G_sim_l_ethernet_0_0_wrapper.v:658]
INFO: [VRFC 10-311] analyzing module check_40G_sim_l_ethernet_0_0_cdc_sync
INFO: [VRFC 10-311] analyzing module check_40G_sim_l_ethernet_0_0_retiming_sync
INFO: [VRFC 10-2263] Analyzing Verilog file "/home/ssaraswathy/Documents/ORAN_Uplane/40G_Ethernet_tuser/ORAN_Integration_design/project_1/project_1.ip_user_files/bd/check_40G_sim/ip/check_40G_sim_l_ethernet_0_0/l_ethernet_v2_5_0/check_40G_sim_l_ethernet_0_0_top.v" into library xil_defaultlib
INFO: [VRFC 10-311] analyzing module check_40G_sim_l_ethernet_0_0_top
INFO: [VRFC 10-2458] undeclared symbol tx_serdes_reset_axi, assumed default net type wire [/home/ssaraswathy/Documents/ORAN_Uplane/40G_Ethernet_tuser/ORAN_Integration_design/project_1/project_1.ip_user_files/bd/check_40G_sim/ip/check_40G_sim_l_ethernet_0_0/l_ethernet_v2_5_0/check_40G_sim_l_ethernet_0_0_top.v:1061]
INFO: [VRFC 10-311] analyzing module check_40G_sim_l_ethernet_0_0_mac_baser_syncer_reset
INFO: [VRFC 10-2263] Analyzing Verilog file "/home/ssaraswathy/Documents/ORAN_Uplane/40G_Ethernet_tuser/ORAN_Integration_design/project_1/project_1.ip_user_files/bd/check_40G_sim/ip/check_40G_sim_l_ethernet_0_0/l_ethernet_v2_5_0/check_40G_sim_l_ethernet_0_0_axi4_lite_if_wrapper.v" into library xil_defaultlib
INFO: [VRFC 10-311] analyzing module check_40G_sim_l_ethernet_0_0_axi4_syncer_reset
INFO: [VRFC 10-311] analyzing module check_40G_sim_l_ethernet_0_0_axi4_reset_flop
INFO: [VRFC 10-311] analyzing module check_40G_sim_l_ethernet_0_0_axi4_syncer_level
INFO: [VRFC 10-311] analyzing module check_40G_sim_l_ethernet_0_0_axi4_syncer_pulse
INFO: [VRFC 10-311] analyzing module check_40G_sim_l_ethernet_0_0_mac_syncer_pulse_no_syncer_reset
INFO: [VRFC 10-311] analyzing module check_40G_sim_l_ethernet_0_0_mac_pmtick_statsreg
INFO: [VRFC 10-311] analyzing module check_40G_sim_l_ethernet_0_0_mac_pif_registers
INFO: [VRFC 10-2458] undeclared symbol reset_from_axi_into_rx_clk, assumed default net type wire [/home/ssaraswathy/Documents/ORAN_Uplane/40G_Ethernet_tuser/ORAN_Integration_design/project_1/project_1.ip_user_files/bd/check_40G_sim/ip/check_40G_sim_l_ethernet_0_0/l_ethernet_v2_5_0/check_40G_sim_l_ethernet_0_0_axi4_lite_if_wrapper.v:2107]
INFO: [VRFC 10-2458] undeclared symbol reset_from_rx_clk_into_axi, assumed default net type wire [/home/ssaraswathy/Documents/ORAN_Uplane/40G_Ethernet_tuser/ORAN_Integration_design/project_1/project_1.ip_user_files/bd/check_40G_sim/ip/check_40G_sim_l_ethernet_0_0/l_ethernet_v2_5_0/check_40G_sim_l_ethernet_0_0_axi4_lite_if_wrapper.v:2111]
INFO: [VRFC 10-2458] undeclared symbol stat_tx_pause, assumed default net type wire [/home/ssaraswathy/Documents/ORAN_Uplane/40G_Ethernet_tuser/ORAN_Integration_design/project_1/project_1.ip_user_files/bd/check_40G_sim/ip/check_40G_sim_l_ethernet_0_0/l_ethernet_v2_5_0/check_40G_sim_l_ethernet_0_0_axi4_lite_if_wrapper.v:3978]
INFO: [VRFC 10-311] analyzing module check_40G_sim_l_ethernet_0_0_mac_axi_slave_2_ipif
INFO: [VRFC 10-311] analyzing module check_40G_sim_l_ethernet_0_0_mac_axi_if_top
INFO: [VRFC 10-2263] Analyzing Verilog file "/home/ssaraswathy/Documents/ORAN_Uplane/40G_Ethernet_tuser/ORAN_Integration_design/project_1/project_1.ip_user_files/bd/check_40G_sim/ip/check_40G_sim_l_ethernet_0_0/l_ethernet_v2_5_0/check_40G_sim_l_ethernet_0_0_ultrascale_rx_userclk.v" into library xil_defaultlib
INFO: [VRFC 10-311] analyzing module check_40G_sim_l_ethernet_0_0_ultrascale_rx_userclk
INFO: [VRFC 10-2263] Analyzing Verilog file "/home/ssaraswathy/Documents/ORAN_Uplane/40G_Ethernet_tuser/ORAN_Integration_design/project_1/project_1.ip_user_files/bd/check_40G_sim/ip/check_40G_sim_l_ethernet_0_0/l_ethernet_v2_5_0/check_40G_sim_l_ethernet_0_0_ultrascale_tx_userclk.v" into library xil_defaultlib
INFO: [VRFC 10-311] analyzing module check_40G_sim_l_ethernet_0_0_ultrascale_tx_userclk
INFO: [VRFC 10-2263] Analyzing Verilog file "/home/ssaraswathy/Documents/ORAN_Uplane/40G_Ethernet_tuser/ORAN_Integration_design/project_1/project_1.ip_user_files/bd/check_40G_sim/ip/check_40G_sim_l_ethernet_0_0/check_40G_sim_l_ethernet_0_0.v" into library xil_defaultlib
INFO: [VRFC 10-311] analyzing module check_40G_sim_l_ethernet_0_0
INFO: [VRFC 10-2263] Analyzing Verilog file "/home/ssaraswathy/Documents/ORAN_Uplane/40G_Ethernet_tuser/ORAN_Integration_design/project_1/project_1.ip_user_files/bd/check_40G_sim/ip/check_40G_sim_util_vector_logic_0_0/sim/check_40G_sim_util_vector_logic_0_0.v" into library xil_defaultlib
INFO: [VRFC 10-311] analyzing module check_40G_sim_util_vector_logic_0_0
INFO: [VRFC 10-2263] Analyzing Verilog file "/home/ssaraswathy/Documents/ORAN_Uplane/40G_Ethernet_tuser/ORAN_Integration_design/project_1/project_1.ip_user_files/bd/check_40G_sim/ip/check_40G_sim_zynq_ultra_ps_e_0_1/sim/check_40G_sim_zynq_ultra_ps_e_0_1_vip_wrapper.v" into library xil_defaultlib
INFO: [VRFC 10-311] analyzing module check_40G_sim_zynq_ultra_ps_e_0_1
INFO: [VRFC 10-2458] undeclared symbol pl_clk1, assumed default net type wire [/home/ssaraswathy/Documents/ORAN_Uplane/40G_Ethernet_tuser/ORAN_Integration_design/project_1/project_1.ip_user_files/bd/check_40G_sim/ip/check_40G_sim_zynq_ultra_ps_e_0_1/sim/check_40G_sim_zynq_ultra_ps_e_0_1_vip_wrapper.v:168]
INFO: [VRFC 10-2458] undeclared symbol pl_clk2, assumed default net type wire [/home/ssaraswathy/Documents/ORAN_Uplane/40G_Ethernet_tuser/ORAN_Integration_design/project_1/project_1.ip_user_files/bd/check_40G_sim/ip/check_40G_sim_zynq_ultra_ps_e_0_1/sim/check_40G_sim_zynq_ultra_ps_e_0_1_vip_wrapper.v:170]
INFO: [VRFC 10-2458] undeclared symbol pl_clk3, assumed default net type wire [/home/ssaraswathy/Documents/ORAN_Uplane/40G_Ethernet_tuser/ORAN_Integration_design/project_1/project_1.ip_user_files/bd/check_40G_sim/ip/check_40G_sim_zynq_ultra_ps_e_0_1/sim/check_40G_sim_zynq_ultra_ps_e_0_1_vip_wrapper.v:172]
INFO: [VRFC 10-2263] Analyzing Verilog file "/home/ssaraswathy/Documents/ORAN_Uplane/40G_Ethernet_tuser/ORAN_Integration_design/project_1/project_1.srcs/sources_1/bd/check_40G_sim/ipshared/c02e/hdl/verilog/L1_Data_Gen_mux_325_1_1_1.v" into library xil_defaultlib
INFO: [VRFC 10-311] analyzing module L1_Data_Gen_mux_325_1_1_1
INFO: [VRFC 10-2263] Analyzing Verilog file "/home/ssaraswathy/Documents/ORAN_Uplane/40G_Ethernet_tuser/ORAN_Integration_design/project_1/project_1.srcs/sources_1/bd/check_40G_sim/ipshared/c02e/hdl/verilog/L1_Data_Gen_mux_325_5_1_1.v" into library xil_defaultlib
INFO: [VRFC 10-311] analyzing module L1_Data_Gen_mux_325_5_1_1
INFO: [VRFC 10-2263] Analyzing Verilog file "/home/ssaraswathy/Documents/ORAN_Uplane/40G_Ethernet_tuser/ORAN_Integration_design/project_1/project_1.srcs/sources_1/bd/check_40G_sim/ipshared/c02e/hdl/verilog/L1_Data_Gen_mux_325_12_1_1.v" into library xil_defaultlib
INFO: [VRFC 10-311] analyzing module L1_Data_Gen_mux_325_12_1_1
INFO: [VRFC 10-2263] Analyzing Verilog file "/home/ssaraswathy/Documents/ORAN_Uplane/40G_Ethernet_tuser/ORAN_Integration_design/project_1/project_1.srcs/sources_1/bd/check_40G_sim/ipshared/c02e/hdl/verilog/L1_Data_Gen_numBeam.v" into library xil_defaultlib
INFO: [VRFC 10-311] analyzing module L1_Data_Gen_numBeam_rom
INFO: [VRFC 10-311] analyzing module L1_Data_Gen_numBeam
INFO: [VRFC 10-2263] Analyzing Verilog file "/home/ssaraswathy/Documents/ORAN_Uplane/40G_Ethernet_tuser/ORAN_Integration_design/project_1/project_1.srcs/sources_1/bd/check_40G_sim/ipshared/c02e/hdl/verilog/L1_Data_Gen.v" into library xil_defaultlib
INFO: [VRFC 10-311] analyzing module L1_Data_Gen
INFO: [VRFC 10-2263] Analyzing Verilog file "/home/ssaraswathy/Documents/ORAN_Uplane/40G_Ethernet_tuser/ORAN_Integration_design/project_1/project_1.ip_user_files/bd/check_40G_sim/ip/check_40G_sim_L1_Data_Gen_0_0/sim/check_40G_sim_L1_Data_Gen_0_0.v" into library xil_defaultlib
INFO: [VRFC 10-311] analyzing module check_40G_sim_L1_Data_Gen_0_0
INFO: [VRFC 10-2263] Analyzing Verilog file "/home/ssaraswathy/Documents/ORAN_Uplane/40G_Ethernet_tuser/ORAN_Integration_design/project_1/project_1.ip_user_files/bd/check_40G_sim/ip/check_40G_sim_axis_data_fifo_0_0/sim/check_40G_sim_axis_data_fifo_0_0.v" into library xil_defaultlib
INFO: [VRFC 10-311] analyzing module check_40G_sim_axis_data_fifo_0_0
INFO: [VRFC 10-2263] Analyzing Verilog file "/home/ssaraswathy/Documents/ORAN_Uplane/40G_Ethernet_tuser/ORAN_Integration_design/project_1/project_1.srcs/sources_1/bd/check_40G_sim/ipshared/b8bf/hdl/verilog/L1toORAN_udiv_8ns_8ns_3_12_1.v" into library xil_defaultlib
INFO: [VRFC 10-311] analyzing module L1toORAN_udiv_8ns_8ns_3_12_1_div_u
INFO: [VRFC 10-311] analyzing module L1toORAN_udiv_8ns_8ns_3_12_1_div
INFO: [VRFC 10-311] analyzing module L1toORAN_udiv_8ns_8ns_3_12_1
INFO: [VRFC 10-2263] Analyzing Verilog file "/home/ssaraswathy/Documents/ORAN_Uplane/40G_Ethernet_tuser/ORAN_Integration_design/project_1/project_1.srcs/sources_1/bd/check_40G_sim/ipshared/b8bf/hdl/verilog/L1toORAN.v" into library xil_defaultlib
INFO: [VRFC 10-311] analyzing module L1toORAN
INFO: [VRFC 10-2263] Analyzing Verilog file "/home/ssaraswathy/Documents/ORAN_Uplane/40G_Ethernet_tuser/ORAN_Integration_design/project_1/project_1.ip_user_files/bd/check_40G_sim/ip/check_40G_sim_L1toORAN_0_0/sim/check_40G_sim_L1toORAN_0_0.v" into library xil_defaultlib
INFO: [VRFC 10-311] analyzing module check_40G_sim_L1toORAN_0_0
INFO: [VRFC 10-2263] Analyzing Verilog file "/home/ssaraswathy/Documents/ORAN_Uplane/40G_Ethernet_tuser/ORAN_Integration_design/project_1/project_1.ip_user_files/bd/check_40G_sim/ip/check_40G_sim_axis_register_slice_0_0/sim/check_40G_sim_axis_register_slice_0_0.v" into library xil_defaultlib
INFO: [VRFC 10-311] analyzing module check_40G_sim_axis_register_slice_0_0
INFO: [VRFC 10-2263] Analyzing Verilog file "/home/ssaraswathy/Documents/ORAN_Uplane/40G_Ethernet_tuser/ORAN_Integration_design/project_1/project_1.ip_user_files/bd/check_40G_sim/ip/check_40G_sim_axis_register_slice_0_1/sim/check_40G_sim_axis_register_slice_0_1.v" into library xil_defaultlib
INFO: [VRFC 10-311] analyzing module check_40G_sim_axis_register_slice_0_1
INFO: [VRFC 10-2263] Analyzing Verilog file "/home/ssaraswathy/Documents/ORAN_Uplane/40G_Ethernet_tuser/ORAN_Integration_design/project_1/project_1.ip_user_files/bd/check_40G_sim/ip/check_40G_sim_axis_register_slice_1_0/sim/check_40G_sim_axis_register_slice_1_0.v" into library xil_defaultlib
INFO: [VRFC 10-311] analyzing module check_40G_sim_axis_register_slice_1_0
INFO: [VRFC 10-2263] Analyzing Verilog file "/home/ssaraswathy/Documents/ORAN_Uplane/40G_Ethernet_tuser/ORAN_Integration_design/project_1/project_1.ip_user_files/bd/check_40G_sim/ip/check_40G_sim_axis_register_slice_2_0/sim/check_40G_sim_axis_register_slice_2_0.v" into library xil_defaultlib
INFO: [VRFC 10-311] analyzing module check_40G_sim_axis_register_slice_2_0
INFO: [VRFC 10-2263] Analyzing Verilog file "/home/ssaraswathy/Documents/ORAN_Uplane/40G_Ethernet_tuser/ORAN_Integration_design/project_1/project_1.ip_user_files/bd/check_40G_sim/ip/check_40G_sim_axis_register_slice_3_0/sim/check_40G_sim_axis_register_slice_3_0.v" into library xil_defaultlib
INFO: [VRFC 10-311] analyzing module check_40G_sim_axis_register_slice_3_0
INFO: [VRFC 10-2263] Analyzing Verilog file "/home/ssaraswathy/Documents/ORAN_Uplane/40G_Ethernet_tuser/ORAN_Integration_design/project_1/project_1.srcs/sources_1/bd/check_40G_sim/ipshared/621f/hdl/verilog/cplane_packetizer.v" into library xil_defaultlib
INFO: [VRFC 10-311] analyzing module cplane_packetizer
INFO: [VRFC 10-2263] Analyzing Verilog file "/home/ssaraswathy/Documents/ORAN_Uplane/40G_Ethernet_tuser/ORAN_Integration_design/project_1/project_1.ip_user_files/bd/check_40G_sim/ip/check_40G_sim_cplane_packetizer_0_0/sim/check_40G_sim_cplane_packetizer_0_0.v" into library xil_defaultlib
INFO: [VRFC 10-311] analyzing module check_40G_sim_cplane_packetizer_0_0
INFO: [VRFC 10-2263] Analyzing Verilog file "/home/ssaraswathy/Documents/ORAN_Uplane/40G_Ethernet_tuser/ORAN_Integration_design/project_1/project_1.ip_user_files/bd/check_40G_sim/ip/check_40G_sim_xlconstant_0_1/sim/check_40G_sim_xlconstant_0_1.v" into library xil_defaultlib
INFO: [VRFC 10-311] analyzing module check_40G_sim_xlconstant_0_1
INFO: [VRFC 10-2263] Analyzing Verilog file "/home/ssaraswathy/Documents/ORAN_Uplane/40G_Ethernet_tuser/ORAN_Integration_design/project_1/project_1.ip_user_files/bd/check_40G_sim/ip/check_40G_sim_xlconstant_3_0/sim/check_40G_sim_xlconstant_3_0.v" into library xil_defaultlib
INFO: [VRFC 10-311] analyzing module check_40G_sim_xlconstant_3_0
INFO: [VRFC 10-2263] Analyzing Verilog file "/home/ssaraswathy/Documents/ORAN_Uplane/40G_Ethernet_tuser/ORAN_Integration_design/project_1/project_1.ip_user_files/bd/check_40G_sim/ip/check_40G_sim_xlconstant_4_0/sim/check_40G_sim_xlconstant_4_0.v" into library xil_defaultlib
INFO: [VRFC 10-311] analyzing module check_40G_sim_xlconstant_4_0
INFO: [VRFC 10-2263] Analyzing Verilog file "/home/ssaraswathy/Documents/ORAN_Uplane/40G_Ethernet_tuser/ORAN_Integration_design/project_1/project_1.ip_user_files/bd/check_40G_sim/ip/check_40G_sim_xlconstant_5_0/sim/check_40G_sim_xlconstant_5_0.v" into library xil_defaultlib
INFO: [VRFC 10-311] analyzing module check_40G_sim_xlconstant_5_0
INFO: [VRFC 10-2263] Analyzing Verilog file "/home/ssaraswathy/Documents/ORAN_Uplane/40G_Ethernet_tuser/ORAN_Integration_design/project_1/project_1.srcs/sources_1/bd/check_40G_sim/ipshared/3430/hdl/verilog/BfW_Coeff_Gen_coeff.v" into library xil_defaultlib
INFO: [VRFC 10-311] analyzing module BfW_Coeff_Gen_coeff_rom
INFO: [VRFC 10-311] analyzing module BfW_Coeff_Gen_coeff
INFO: [VRFC 10-2263] Analyzing Verilog file "/home/ssaraswathy/Documents/ORAN_Uplane/40G_Ethernet_tuser/ORAN_Integration_design/project_1/project_1.srcs/sources_1/bd/check_40G_sim/ipshared/3430/hdl/verilog/BfW_Coeff_Gen.v" into library xil_defaultlib
INFO: [VRFC 10-311] analyzing module BfW_Coeff_Gen
INFO: [VRFC 10-2263] Analyzing Verilog file "/home/ssaraswathy/Documents/ORAN_Uplane/40G_Ethernet_tuser/ORAN_Integration_design/project_1/project_1.ip_user_files/bd/check_40G_sim/ip/check_40G_sim_BfW_Coeff_Gen_0_0/sim/check_40G_sim_BfW_Coeff_Gen_0_0.v" into library xil_defaultlib
INFO: [VRFC 10-311] analyzing module check_40G_sim_BfW_Coeff_Gen_0_0
INFO: [VRFC 10-2263] Analyzing Verilog file "/home/ssaraswathy/Documents/ORAN_Uplane/40G_Ethernet_tuser/ORAN_Integration_design/project_1/project_1.ip_user_files/bd/check_40G_sim/ip/check_40G_sim_axis_register_slice_5_0/sim/check_40G_sim_axis_register_slice_5_0.v" into library xil_defaultlib
INFO: [VRFC 10-311] analyzing module check_40G_sim_axis_register_slice_5_0
INFO: [VRFC 10-2263] Analyzing Verilog file "/home/ssaraswathy/Documents/ORAN_Uplane/40G_Ethernet_tuser/ORAN_Integration_design/project_1/project_1.srcs/sources_1/bd/check_40G_sim/ipshared/95f5/hdl/verilog/ecpri_mux.v" into library xil_defaultlib
INFO: [VRFC 10-311] analyzing module ecpri_mux
INFO: [VRFC 10-2263] Analyzing Verilog file "/home/ssaraswathy/Documents/ORAN_Uplane/40G_Ethernet_tuser/ORAN_Integration_design/project_1/project_1.ip_user_files/bd/check_40G_sim/ip/check_40G_sim_ecpri_mux_0_0/sim/check_40G_sim_ecpri_mux_0_0.v" into library xil_defaultlib
INFO: [VRFC 10-311] analyzing module check_40G_sim_ecpri_mux_0_0
INFO: [VRFC 10-2263] Analyzing Verilog file "/home/ssaraswathy/Documents/ORAN_Uplane/40G_Ethernet_tuser/ORAN_Integration_design/project_1/project_1.ip_user_files/bd/check_40G_sim/ip/check_40G_sim_axis_data_fifo_1_0/sim/check_40G_sim_axis_data_fifo_1_0.v" into library xil_defaultlib
INFO: [VRFC 10-311] analyzing module check_40G_sim_axis_data_fifo_1_0
INFO: [VRFC 10-2263] Analyzing Verilog file "/home/ssaraswathy/Documents/ORAN_Uplane/40G_Ethernet_tuser/ORAN_Integration_design/project_1/project_1.srcs/sources_1/bd/check_40G_sim/ipshared/13f9/hdl/verilog/uplane_packetiser.v" into library xil_defaultlib
INFO: [VRFC 10-311] analyzing module uplane_packetiser
INFO: [VRFC 10-2263] Analyzing Verilog file "/home/ssaraswathy/Documents/ORAN_Uplane/40G_Ethernet_tuser/ORAN_Integration_design/project_1/project_1.ip_user_files/bd/check_40G_sim/ip/check_40G_sim_uplane_packetiser_0_0/sim/check_40G_sim_uplane_packetiser_0_0.v" into library xil_defaultlib
INFO: [VRFC 10-311] analyzing module check_40G_sim_uplane_packetiser_0_0
INFO: [VRFC 10-2263] Analyzing Verilog file "/home/ssaraswathy/Documents/ORAN_Uplane/40G_Ethernet_tuser/ORAN_Integration_design/project_1/project_1.srcs/sources_1/bd/check_40G_sim/ipshared/262c/hdl/verilog/L1_data_Uplane.v" into library xil_defaultlib
INFO: [VRFC 10-311] analyzing module L1_data_Uplane
INFO: [VRFC 10-2263] Analyzing Verilog file "/home/ssaraswathy/Documents/ORAN_Uplane/40G_Ethernet_tuser/ORAN_Integration_design/project_1/project_1.ip_user_files/bd/check_40G_sim/ip/check_40G_sim_L1_data_Uplane_0_0/sim/check_40G_sim_L1_data_Uplane_0_0.v" into library xil_defaultlib
INFO: [VRFC 10-311] analyzing module check_40G_sim_L1_data_Uplane_0_0
INFO: [VRFC 10-2263] Analyzing Verilog file "/home/ssaraswathy/Documents/ORAN_Uplane/40G_Ethernet_tuser/ORAN_Integration_design/project_1/project_1.srcs/sources_1/bd/check_40G_sim/ipshared/0f28/hdl/verilog/epacket_gen.v" into library xil_defaultlib
INFO: [VRFC 10-311] analyzing module epacket_gen
INFO: [VRFC 10-2263] Analyzing Verilog file "/home/ssaraswathy/Documents/ORAN_Uplane/40G_Ethernet_tuser/ORAN_Integration_design/project_1/project_1.ip_user_files/bd/check_40G_sim/ip/check_40G_sim_epacket_gen_0_0/sim/check_40G_sim_epacket_gen_0_0.v" into library xil_defaultlib
INFO: [VRFC 10-311] analyzing module check_40G_sim_epacket_gen_0_0
INFO: [VRFC 10-2263] Analyzing Verilog file "/home/ssaraswathy/Documents/ORAN_Uplane/40G_Ethernet_tuser/ORAN_Integration_design/project_1/project_1.ip_user_files/bd/check_40G_sim/ip/check_40G_sim_xlconstant_6_0/sim/check_40G_sim_xlconstant_6_0.v" into library xil_defaultlib
INFO: [VRFC 10-311] analyzing module check_40G_sim_xlconstant_6_0
INFO: [VRFC 10-2263] Analyzing Verilog file "/home/ssaraswathy/Documents/ORAN_Uplane/40G_Ethernet_tuser/ORAN_Integration_design/project_1/project_1.ip_user_files/bd/check_40G_sim/ip/check_40G_sim_axis_data_fifo_2_0/sim/check_40G_sim_axis_data_fifo_2_0.v" into library xil_defaultlib
INFO: [VRFC 10-311] analyzing module check_40G_sim_axis_data_fifo_2_0
INFO: [VRFC 10-2263] Analyzing Verilog file "/home/ssaraswathy/Documents/ORAN_Uplane/40G_Ethernet_tuser/ORAN_Integration_design/project_1/project_1.ip_user_files/bd/check_40G_sim/ip/check_40G_sim_xlconstant_7_0/sim/check_40G_sim_xlconstant_7_0.v" into library xil_defaultlib
INFO: [VRFC 10-311] analyzing module check_40G_sim_xlconstant_7_0
INFO: [VRFC 10-2263] Analyzing Verilog file "/home/ssaraswathy/Documents/ORAN_Uplane/40G_Ethernet_tuser/ORAN_Integration_design/project_1/project_1.ip_user_files/bd/check_40G_sim/ip/check_40G_sim_xlconstant_8_0/sim/check_40G_sim_xlconstant_8_0.v" into library xil_defaultlib
INFO: [VRFC 10-311] analyzing module check_40G_sim_xlconstant_8_0
INFO: [VRFC 10-2263] Analyzing Verilog file "/home/ssaraswathy/Documents/ORAN_Uplane/40G_Ethernet_tuser/ORAN_Integration_design/project_1/project_1.ip_user_files/bd/check_40G_sim/ip/check_40G_sim_xlconstant_9_0/sim/check_40G_sim_xlconstant_9_0.v" into library xil_defaultlib
INFO: [VRFC 10-311] analyzing module check_40G_sim_xlconstant_9_0
INFO: [VRFC 10-2263] Analyzing Verilog file "/home/ssaraswathy/Documents/ORAN_Uplane/40G_Ethernet_tuser/ORAN_Integration_design/project_1/project_1.ip_user_files/bd/check_40G_sim/ip/check_40G_sim_axis_data_fifo_3_0/sim/check_40G_sim_axis_data_fifo_3_0.v" into library xil_defaultlib
INFO: [VRFC 10-311] analyzing module check_40G_sim_axis_data_fifo_3_0
INFO: [VRFC 10-2263] Analyzing Verilog file "/home/ssaraswathy/Documents/ORAN_Uplane/40G_Ethernet_tuser/ORAN_Integration_design/project_1/project_1.ip_user_files/bd/check_40G_sim/ip/check_40G_sim_axis_register_slice_8_0/sim/check_40G_sim_axis_register_slice_8_0.v" into library xil_defaultlib
INFO: [VRFC 10-311] analyzing module check_40G_sim_axis_register_slice_8_0
INFO: [VRFC 10-2263] Analyzing Verilog file "/home/ssaraswathy/Documents/ORAN_Uplane/40G_Ethernet_tuser/ORAN_Integration_design/project_1/project_1.ip_user_files/bd/check_40G_sim/ip/check_40G_sim_tkeep_uplane_packeti_0_0/sim/check_40G_sim_tkeep_uplane_packeti_0_0.v" into library xil_defaultlib
INFO: [VRFC 10-311] analyzing module check_40G_sim_tkeep_uplane_packeti_0_0
INFO: [VRFC 10-2263] Analyzing Verilog file "/home/ssaraswathy/Documents/ORAN_Uplane/40G_Ethernet_tuser/ORAN_Integration_design/project_1/project_1.ip_user_files/bd/check_40G_sim/ip/check_40G_sim_axis_data_fifo_4_0/sim/check_40G_sim_axis_data_fifo_4_0.v" into library xil_defaultlib
INFO: [VRFC 10-311] analyzing module check_40G_sim_axis_data_fifo_4_0
INFO: [VRFC 10-2263] Analyzing Verilog file "/home/ssaraswathy/Documents/ORAN_Uplane/40G_Ethernet_tuser/ORAN_Integration_design/project_1/project_1.ip_user_files/bd/check_40G_sim/ip/check_40G_sim_axis_data_fifo_5_0/sim/check_40G_sim_axis_data_fifo_5_0.v" into library xil_defaultlib
INFO: [VRFC 10-311] analyzing module check_40G_sim_axis_data_fifo_5_0
INFO: [VRFC 10-2263] Analyzing Verilog file "/home/ssaraswathy/Documents/ORAN_Uplane/40G_Ethernet_tuser/ORAN_Integration_design/project_1/project_1.ip_user_files/bd/check_40G_sim/ip/check_40G_sim_vio_0_0/sim/check_40G_sim_vio_0_0.v" into library xil_defaultlib
INFO: [VRFC 10-311] analyzing module check_40G_sim_vio_0_0
INFO: [VRFC 10-2263] Analyzing Verilog file "/home/ssaraswathy/Documents/ORAN_Uplane/40G_Ethernet_tuser/ORAN_Integration_design/project_1/project_1.ip_user_files/bd/check_40G_sim/ip/check_40G_sim_axis_data_fifo_6_0/sim/check_40G_sim_axis_data_fifo_6_0.v" into library xil_defaultlib
INFO: [VRFC 10-311] analyzing module check_40G_sim_axis_data_fifo_6_0
INFO: [VRFC 10-2263] Analyzing Verilog file "/home/ssaraswathy/Documents/ORAN_Uplane/40G_Ethernet_tuser/ORAN_Integration_design/project_1/project_1.ip_user_files/bd/check_40G_sim/ip/check_40G_sim_axis_data_fifo_6_1/sim/check_40G_sim_axis_data_fifo_6_1.v" into library xil_defaultlib
INFO: [VRFC 10-311] analyzing module check_40G_sim_axis_data_fifo_6_1
INFO: [VRFC 10-2263] Analyzing Verilog file "/home/ssaraswathy/Documents/ORAN_Uplane/40G_Ethernet_tuser/ORAN_Integration_design/project_1/project_1.ip_user_files/bd/check_40G_sim/ip/check_40G_sim_axis_data_fifo_8_0/sim/check_40G_sim_axis_data_fifo_8_0.v" into library xil_defaultlib
INFO: [VRFC 10-311] analyzing module check_40G_sim_axis_data_fifo_8_0
INFO: [VRFC 10-2263] Analyzing Verilog file "/home/ssaraswathy/Documents/ORAN_Uplane/40G_Ethernet_tuser/ORAN_Integration_design/project_1/project_1.srcs/sources_1/bd/check_40G_sim/ipshared/8a50/hdl/verilog/ecpri_demux.v" into library xil_defaultlib
INFO: [VRFC 10-311] analyzing module ecpri_demux
INFO: [VRFC 10-2263] Analyzing Verilog file "/home/ssaraswathy/Documents/ORAN_Uplane/40G_Ethernet_tuser/ORAN_Integration_design/project_1/project_1.ip_user_files/bd/check_40G_sim/ip/check_40G_sim_ecpri_demux_0_0/sim/check_40G_sim_ecpri_demux_0_0.v" into library xil_defaultlib
INFO: [VRFC 10-311] analyzing module check_40G_sim_ecpri_demux_0_0
INFO: [VRFC 10-2263] Analyzing Verilog file "/home/ssaraswathy/Documents/ORAN_Uplane/40G_Ethernet_tuser/ORAN_Integration_design/project_1/project_1.srcs/sources_1/bd/check_40G_sim/ipshared/6331/hdl/verilog/ethernet_mux.v" into library xil_defaultlib
INFO: [VRFC 10-311] analyzing module ethernet_mux
INFO: [VRFC 10-2263] Analyzing Verilog file "/home/ssaraswathy/Documents/ORAN_Uplane/40G_Ethernet_tuser/ORAN_Integration_design/project_1/project_1.ip_user_files/bd/check_40G_sim/ip/check_40G_sim_ethernet_mux_0_0/sim/check_40G_sim_ethernet_mux_0_0.v" into library xil_defaultlib
INFO: [VRFC 10-311] analyzing module check_40G_sim_ethernet_mux_0_0
INFO: [VRFC 10-2263] Analyzing Verilog file "/home/ssaraswathy/Documents/ORAN_Uplane/40G_Ethernet_tuser/ORAN_Integration_design/project_1/project_1.srcs/sources_1/bd/check_40G_sim/ipshared/889e/hdl/verilog/Ethernet_demux.v" into library xil_defaultlib
INFO: [VRFC 10-311] analyzing module Ethernet_demux
INFO: [VRFC 10-2263] Analyzing Verilog file "/home/ssaraswathy/Documents/ORAN_Uplane/40G_Ethernet_tuser/ORAN_Integration_design/project_1/project_1.ip_user_files/bd/check_40G_sim/ip/check_40G_sim_Ethernet_demux_0_0/sim/check_40G_sim_Ethernet_demux_0_0.v" into library xil_defaultlib
INFO: [VRFC 10-311] analyzing module check_40G_sim_Ethernet_demux_0_0
INFO: [VRFC 10-2263] Analyzing Verilog file "/home/ssaraswathy/Documents/ORAN_Uplane/40G_Ethernet_tuser/ORAN_Integration_design/project_1/project_1.ip_user_files/bd/check_40G_sim/ip/check_40G_sim_axis_data_fifo_9_0/sim/check_40G_sim_axis_data_fifo_9_0.v" into library xil_defaultlib
INFO: [VRFC 10-311] analyzing module check_40G_sim_axis_data_fifo_9_0
INFO: [VRFC 10-2263] Analyzing Verilog file "/home/ssaraswathy/Documents/ORAN_Uplane/40G_Ethernet_tuser/ORAN_Integration_design/project_1/project_1.ip_user_files/bd/check_40G_sim/ip/check_40G_sim_system_ila_0_7/bd_0/sim/bd_db1a.v" into library xil_defaultlib
INFO: [VRFC 10-311] analyzing module bd_db1a
INFO: [VRFC 10-2263] Analyzing Verilog file "/home/ssaraswathy/Documents/ORAN_Uplane/40G_Ethernet_tuser/ORAN_Integration_design/project_1/project_1.ip_user_files/bd/check_40G_sim/ip/check_40G_sim_system_ila_0_7/bd_0/ip/ip_0/sim/bd_db1a_ila_lib_0.v" into library xil_defaultlib
INFO: [VRFC 10-311] analyzing module bd_db1a_ila_lib_0
INFO: [VRFC 10-2263] Analyzing Verilog file "/home/ssaraswathy/Documents/ORAN_Uplane/40G_Ethernet_tuser/ORAN_Integration_design/project_1/project_1.ip_user_files/bd/check_40G_sim/ip/check_40G_sim_system_ila_0_7/bd_0/ip/ip_1/bd_db1a_g_inst_0_gigantic_mux.v" into library xil_defaultlib
INFO: [VRFC 10-311] analyzing module bd_db1a_g_inst_0_gigantic_mux
INFO: [VRFC 10-2263] Analyzing Verilog file "/home/ssaraswathy/Documents/ORAN_Uplane/40G_Ethernet_tuser/ORAN_Integration_design/project_1/project_1.ip_user_files/bd/check_40G_sim/ip/check_40G_sim_system_ila_0_7/bd_0/ip/ip_1/sim/bd_db1a_g_inst_0.v" into library xil_defaultlib
INFO: [VRFC 10-311] analyzing module bd_db1a_g_inst_0
INFO: [VRFC 10-2263] Analyzing Verilog file "/home/ssaraswathy/Documents/ORAN_Uplane/40G_Ethernet_tuser/ORAN_Integration_design/project_1/project_1.ip_user_files/bd/check_40G_sim/ip/check_40G_sim_system_ila_0_7/sim/check_40G_sim_system_ila_0_7.v" into library xil_defaultlib
INFO: [VRFC 10-311] analyzing module check_40G_sim_system_ila_0_7
INFO: [VRFC 10-2263] Analyzing Verilog file "/home/ssaraswathy/Documents/ORAN_Uplane/40G_Ethernet_tuser/ORAN_Integration_design/project_1/project_1.srcs/sources_1/bd/check_40G_sim/ipshared/58fd/hdl/verilog/uplane_depacketiser.v" into library xil_defaultlib
INFO: [VRFC 10-311] analyzing module uplane_depacketiser
INFO: [VRFC 10-2263] Analyzing Verilog file "/home/ssaraswathy/Documents/ORAN_Uplane/40G_Ethernet_tuser/ORAN_Integration_design/project_1/project_1.ip_user_files/bd/check_40G_sim/ip/check_40G_sim_uplane_depacketiser_0_1/sim/check_40G_sim_uplane_depacketiser_0_1.v" into library xil_defaultlib
INFO: [VRFC 10-311] analyzing module check_40G_sim_uplane_depacketiser_0_1
INFO: [VRFC 10-2263] Analyzing Verilog file "/home/ssaraswathy/Documents/ORAN_Uplane/40G_Ethernet_tuser/ORAN_Integration_design/project_1/project_1.ip_user_files/bd/check_40G_sim/ip/check_40G_sim_axis_register_slice_6_0/sim/check_40G_sim_axis_register_slice_6_0.v" into library xil_defaultlib
INFO: [VRFC 10-311] analyzing module check_40G_sim_axis_register_slice_6_0
INFO: [VRFC 10-2263] Analyzing Verilog file "/home/ssaraswathy/Documents/ORAN_Uplane/40G_Ethernet_tuser/ORAN_Integration_design/project_1/project_1.srcs/sources_1/bd/check_40G_sim/ipshared/e5ff/hdl/verilog/cplane_depacketizer.v" into library xil_defaultlib
INFO: [VRFC 10-311] analyzing module cplane_depacketizer
INFO: [VRFC 10-2263] Analyzing Verilog file "/home/ssaraswathy/Documents/ORAN_Uplane/40G_Ethernet_tuser/ORAN_Integration_design/project_1/project_1.ip_user_files/bd/check_40G_sim/ip/check_40G_sim_cplane_depacketizer_0_0/sim/check_40G_sim_cplane_depacketizer_0_0.v" into library xil_defaultlib
INFO: [VRFC 10-311] analyzing module check_40G_sim_cplane_depacketizer_0_0
INFO: [VRFC 10-2263] Analyzing Verilog file "/home/ssaraswathy/Documents/ORAN_Uplane/40G_Ethernet_tuser/ORAN_Integration_design/project_1/project_1.ip_user_files/bd/check_40G_sim/ip/check_40G_sim_xlconstant_2_1/sim/check_40G_sim_xlconstant_2_1.v" into library xil_defaultlib
INFO: [VRFC 10-311] analyzing module check_40G_sim_xlconstant_2_1
INFO: [VRFC 10-2263] Analyzing Verilog file "/home/ssaraswathy/Documents/ORAN_Uplane/40G_Ethernet_tuser/ORAN_Integration_design/project_1/project_1.ip_user_files/bd/check_40G_sim/sim/check_40G_sim.v" into library xil_defaultlib
INFO: [VRFC 10-311] analyzing module check_40G_sim
INFO: [VRFC 10-311] analyzing module check_40G_sim_ps8_0_axi_periph_0
INFO: [VRFC 10-311] analyzing module s00_couplers_imp_1ETWAOF
INFO: [VRFC 10-2263] Analyzing Verilog file "/home/ssaraswathy/Documents/ORAN_Uplane/40G_Ethernet_tuser/ORAN_Integration_design/project_1/project_1.ip_user_files/bd/check_40G_sim/ip/check_40G_sim_system_ila_1_0/bd_0/ip/ip_0/sim/bd_d90a_ila_lib_0.v" into library xil_defaultlib
INFO: [VRFC 10-311] analyzing module bd_d90a_ila_lib_0
INFO: [VRFC 10-2263] Analyzing Verilog file "/home/ssaraswathy/Documents/ORAN_Uplane/40G_Ethernet_tuser/ORAN_Integration_design/project_1/project_1.ip_user_files/bd/check_40G_sim/ip/check_40G_sim_system_ila_1_0/bd_0/ip/ip_1/bd_d90a_g_inst_0_gigantic_mux.v" into library xil_defaultlib
INFO: [VRFC 10-311] analyzing module bd_d90a_g_inst_0_gigantic_mux
INFO: [VRFC 10-2263] Analyzing Verilog file "/home/ssaraswathy/Documents/ORAN_Uplane/40G_Ethernet_tuser/ORAN_Integration_design/project_1/project_1.ip_user_files/bd/check_40G_sim/ip/check_40G_sim_system_ila_1_0/bd_0/ip/ip_1/sim/bd_d90a_g_inst_0.v" into library xil_defaultlib
INFO: [VRFC 10-311] analyzing module bd_d90a_g_inst_0
INFO: [VRFC 10-2263] Analyzing Verilog file "/home/ssaraswathy/Documents/ORAN_Uplane/40G_Ethernet_tuser/ORAN_Integration_design/project_1/project_1.ip_user_files/bd/check_40G_sim/ip/check_40G_sim_system_ila_1_0/bd_0/sim/bd_d90a.v" into library xil_defaultlib
INFO: [VRFC 10-311] analyzing module bd_d90a
INFO: [VRFC 10-2263] Analyzing Verilog file "/home/ssaraswathy/Documents/ORAN_Uplane/40G_Ethernet_tuser/ORAN_Integration_design/project_1/project_1.ip_user_files/bd/check_40G_sim/ip/check_40G_sim_system_ila_1_0/sim/check_40G_sim_system_ila_1_0.v" into library xil_defaultlib
INFO: [VRFC 10-311] analyzing module check_40G_sim_system_ila_1_0
INFO: [VRFC 10-2263] Analyzing Verilog file "/home/ssaraswathy/Documents/ORAN_Uplane/40G_Ethernet_tuser/ORAN_Integration_design/project_1/project_1.ip_user_files/bd/check_40G_sim/ip/check_40G_sim_auto_ds_0/sim/check_40G_sim_auto_ds_0.v" into library xil_defaultlib
INFO: [VRFC 10-311] analyzing module check_40G_sim_auto_ds_0
INFO: [VRFC 10-2263] Analyzing Verilog file "/home/ssaraswathy/Documents/ORAN_Uplane/40G_Ethernet_tuser/ORAN_Integration_design/project_1/project_1.ip_user_files/bd/check_40G_sim/ip/check_40G_sim_auto_pc_0/sim/check_40G_sim_auto_pc_0.v" into library xil_defaultlib
INFO: [VRFC 10-311] analyzing module check_40G_sim_auto_pc_0
INFO: [VRFC 10-2263] Analyzing Verilog file "/home/ssaraswathy/Documents/ORAN_Uplane/40G_Ethernet_tuser/ORAN_Integration_design/project_1/project_1.srcs/sources_1/bd/check_40G_sim/hdl/check_40G_sim_wrapper.v" into library xil_defaultlib
INFO: [VRFC 10-311] analyzing module check_40G_sim_wrapper
INFO: [VRFC 10-163] Analyzing VHDL file "/home/ssaraswathy/Documents/ORAN_Uplane/40G_Ethernet_tuser/ORAN_Integration_design/project_1/project_1.ip_user_files/bd/check_40G_sim/ip/check_40G_sim_proc_sys_reset_0_0/sim/check_40G_sim_proc_sys_reset_0_0.vhd" into library xil_defaultlib
INFO: [VRFC 10-3107] analyzing entity 'check_40G_sim_proc_sys_reset_0_0'
INFO: [VRFC 10-163] Analyzing VHDL file "/home/ssaraswathy/Documents/ORAN_Uplane/40G_Ethernet_tuser/ORAN_Integration_design/project_1/project_1.ip_user_files/bd/check_40G_sim/ip/check_40G_sim_proc_sys_reset_1_0/sim/check_40G_sim_proc_sys_reset_1_0.vhd" into library xil_defaultlib
INFO: [VRFC 10-3107] analyzing entity 'check_40G_sim_proc_sys_reset_1_0'
INFO: [VRFC 10-163] Analyzing VHDL file "/home/ssaraswathy/Documents/ORAN_Uplane/40G_Ethernet_tuser/ORAN_Integration_design/project_1/project_1.ip_user_files/bd/check_40G_sim/ip/check_40G_sim_proc_sys_reset_2_0/sim/check_40G_sim_proc_sys_reset_2_0.vhd" into library xil_defaultlib
INFO: [VRFC 10-3107] analyzing entity 'check_40G_sim_proc_sys_reset_2_0'
