17:02:04 INFO  : Registering command handlers for SDK TCF services
17:02:05 INFO  : Launching XSCT server: xsct -n -interactive /home/sai/Desktop/Looping_Hardware-design/project_1/project_1.sdk/temp_xsdb_launch_script.tcl
17:02:09 INFO  : XSCT server has started successfully.
17:02:09 INFO  : Successfully done setting XSCT server connection channel  
17:02:09 INFO  : Successfully done setting SDK workspace  
17:02:09 INFO  : Processing command line option -hwspec /home/sai/Desktop/Looping_Hardware-design/project_1/project_1.sdk/check_40G_sim_wrapper.hdf.
17:04:07 INFO  : Connected to target on host '172.17.0.60' and port '3121'.
17:04:07 INFO  : Jtag cable 'Digilent JTAG-HS3 210299A8DA96' is selected.
17:04:07 INFO  : 'jtag frequency' command is executed.
17:04:07 INFO  : Sourcing of '/opt/Xilinx_19.1/SDK/2019.1/scripts/sdk/util/zynqmp_utils.tcl' is done.
17:04:07 INFO  : Context for 'APU' is selected.
17:04:08 INFO  : System reset is completed.
17:04:11 INFO  : 'after 3000' command is executed.
17:04:11 INFO  : Context for 'APU' is selected.
17:04:11 INFO  : Cleared APU and A53 resets
17:04:11 INFO  : 'targets -set -filter {jtag_cable_name =~ "Digilent JTAG-HS3 210299A8DA96" && level==0} -index 0' command is executed.
17:04:42 INFO  : FPGA configured successfully with bitstream "/home/sai/Desktop/Looping_Hardware-design/project_1/project_1.sdk/check_40G_sim_wrapper_hw_platform_0/check_40G_sim_wrapper.bit"
17:04:42 INFO  : Context for 'APU' is selected.
17:04:42 INFO  : Hardware design information is loaded from '/home/sai/Desktop/Looping_Hardware-design/project_1/project_1.sdk/check_40G_sim_wrapper_hw_platform_0/system.hdf'.
17:04:42 INFO  : 'configparams force-mem-access 1' command is executed.
17:04:42 INFO  : Context for 'APU' is selected.
17:04:42 INFO  : Sourcing of '/home/sai/Desktop/Looping_Hardware-design/project_1/project_1.sdk/check_40G_sim_wrapper_hw_platform_0/psu_init.tcl' is done.
17:04:42 INFO  : 'psu_init' command is executed.
17:04:43 INFO  : 'after 1000' command is executed.
17:04:43 INFO  : 'psu_ps_pl_isolation_removal' command is executed.
17:04:44 INFO  : 'after 1000' command is executed.
17:04:44 INFO  : 'psu_ps_pl_reset_config' command is executed.
17:04:44 INFO  : 'catch {psu_protection}' command is executed.
17:04:44 INFO  : Context for processor 'psu_cortexa53_0' is selected.
17:04:44 INFO  : Processor reset is completed for 'psu_cortexa53_0'.
17:04:45 INFO  : The application '/home/sai/Desktop/Looping_Hardware-design/project_1/project_1.sdk/mara/Debug/mara.elf' is downloaded to processor 'psu_cortexa53_0'.
17:04:45 INFO  : 'configparams force-mem-access 0' command is executed.
17:04:45 INFO  : ----------------XSDB Script----------------
connect -url tcp:172.17.0.60:3121
source /opt/Xilinx_19.1/SDK/2019.1/scripts/sdk/util/zynqmp_utils.tcl
targets -set -nocase -filter {name =~"APU*" && jtag_cable_name =~ "Digilent JTAG-HS3 210299A8DA96"} -index 1
rst -system
after 3000
targets -set -nocase -filter {name =~"APU*" && jtag_cable_name =~ "Digilent JTAG-HS3 210299A8DA96"} -index 1
reset_apu
targets -set -filter {jtag_cable_name =~ "Digilent JTAG-HS3 210299A8DA96" && level==0} -index 0
fpga -file /home/sai/Desktop/Looping_Hardware-design/project_1/project_1.sdk/check_40G_sim_wrapper_hw_platform_0/check_40G_sim_wrapper.bit
targets -set -nocase -filter {name =~"APU*" && jtag_cable_name =~ "Digilent JTAG-HS3 210299A8DA96"} -index 1
loadhw -hw /home/sai/Desktop/Looping_Hardware-design/project_1/project_1.sdk/check_40G_sim_wrapper_hw_platform_0/system.hdf -mem-ranges [list {0x80000000 0xbfffffff} {0x400000000 0x5ffffffff} {0x1000000000 0x7fffffffff}]
configparams force-mem-access 1
targets -set -nocase -filter {name =~"APU*" && jtag_cable_name =~ "Digilent JTAG-HS3 210299A8DA96"} -index 1
source /home/sai/Desktop/Looping_Hardware-design/project_1/project_1.sdk/check_40G_sim_wrapper_hw_platform_0/psu_init.tcl
psu_init
after 1000
psu_ps_pl_isolation_removal
after 1000
psu_ps_pl_reset_config
catch {psu_protection}
targets -set -nocase -filter {name =~"*A53*0" && jtag_cable_name =~ "Digilent JTAG-HS3 210299A8DA96"} -index 1
rst -processor
dow /home/sai/Desktop/Looping_Hardware-design/project_1/project_1.sdk/mara/Debug/mara.elf
configparams force-mem-access 0
----------------End of Script----------------

17:04:45 INFO  : Context for processor 'psu_cortexa53_0' is selected.
17:04:45 INFO  : 'con' command is executed.
17:04:45 INFO  : ----------------XSDB Script (After Launch)----------------
targets -set -nocase -filter {name =~"*A53*0" && jtag_cable_name =~ "Digilent JTAG-HS3 210299A8DA96"} -index 1
con
----------------End of Script----------------

17:04:45 INFO  : Disconnected from the channel tcfchan#1.
10:38:40 ERROR : (XSDB Server)Terminated

