#
# An unexpected error has occurred (11)
#
Stack:
/opt/Xilinx_19.1/Vivado/2019.1/tps/lnx64/jre9.0.4/lib//server/libjvm.so(+0xb6aadb) [0x7fa96d492adb]
/opt/Xilinx_19.1/Vivado/2019.1/tps/lnx64/jre9.0.4/lib//server/libjvm.so(JVM_handle_linux_signal+0xbb) [0x7fa96d497e1b]
/opt/Xilinx_19.1/Vivado/2019.1/tps/lnx64/jre9.0.4/lib//server/libjvm.so(+0xb647b8) [0x7fa96d48c7b8]
/lib/x86_64-linux-gnu/libc.so.6(+0x354c0) [0x7fa9b3f534c0]
/lib/x86_64-linux-gnu/libpthread.so.0(pthread_mutex_lock+0x4) [0x7fa9b3d0ad44]
/opt/Xilinx_19.1/Vivado/2019.1/lib/lnx64.o/librdi_wavedata.so(+0x303e78) [0x7fa97b433e78]
/opt/Xilinx_19.1/Vivado/2019.1/lib/lnx64.o/librdi_wavedata.so(SG_Model::WaveformRender::render(SG_Model::WVDataObject const&)+0x2ac) [0x7fa97b42ec4c]
/opt/Xilinx_19.1/Vivado/2019.1/lib/lnx64.o/librdi_wavedata.so(WaveViewer::WVWaveformPanel::WaveformTraverser::drawWaveform(SG_Model::WVDataObject const*, int, int)+0x2eb) [0x7fa97b4aab3b]
/opt/Xilinx_19.1/Vivado/2019.1/lib/lnx64.o/librdi_wavedata.so(WaveViewer::WVWaveformPanel::WaveformTraverser::handleItemSize(WaveViewer::WVNameValueTreeModel::ITraverseHandler::ItemSize const&)+0x4a) [0x7fa97b4aae1a]
/opt/Xilinx_19.1/Vivado/2019.1/lib/lnx64.o/librdi_wavedata.so(WaveViewer::WVNameValueTreeModel::traverseYRange(SG_Model::WVDataObject const*, WaveViewer::WVNameValueTreeModel::ITraverseHandler&, int, int, int&, int&) const+0x268) [0x7fa97b47cce8]
/opt/Xilinx_19.1/Vivado/2019.1/lib/lnx64.o/librdi_wavedata.so(WaveViewer::WVNameValueTreeModel::traverseYRange(SG_Model::WVDataObject const*, WaveViewer::WVNameValueTreeModel::ITraverseHandler&, int, int, int&, int&) const+0x336) [0x7fa97b47cdb6]
/opt/Xilinx_19.1/Vivado/2019.1/lib/lnx64.o/librdi_wavedata.so(WaveViewer::WVNameValueTreeModel::traverseYRange(WaveViewer::WVNameValueTreeModel::ITraverseHandler&, int, int) const+0x57) [0x7fa97b47ddc7]
/opt/Xilinx_19.1/Vivado/2019.1/lib/lnx64.o/librdi_wavedata.so(WaveViewer::WVWaveformPanel::getGraphics(HDGDStringStream&, long&)+0x3c5) [0x7fa97b4aa035]
/opt/Xilinx_19.1/Vivado/2019.1/lib/lnx64.o/librdi_wavedata.so(WVExecutiveImp::getGraphicsDataSize()+0x10a) [0x7fa97b46e26a]
/opt/Xilinx_19.1/Vivado/2019.1/lib/lnx64.o/librdi_wavedata.so(WVExecutive::getGraphicsDataSize()+0xf) [0x7fa97b46e78f]
/opt/Xilinx_19.1/Vivado/2019.1/lib/lnx64.o/librdi_wavedata.so(Java_ui_views_waveform_waveformi_WVExecutive_1getGraphicsDataSize+0x17) [0x7fa97b4b5b37]
[0x7fa95f10db11]
