#-----------------------------------------------------------
# Vivado v2019.1 (64-bit)
# SW Build 2552052 on Fri May 24 14:47:09 MDT 2019
# IP Build 2548770 on Fri May 24 18:01:18 MDT 2019
# Start of session at: Tue May  9 15:46:08 2023
# Process ID: 30889
# Current directory: /home/sai/Desktop/Looping_Hardware-design/project_1
# Command line: vivado project_1.xpr
# Log file: /home/sai/Desktop/Looping_Hardware-design/project_1/vivado.log
# Journal file: /home/sai/Desktop/Looping_Hardware-design/project_1/vivado.jou
#-----------------------------------------------------------
start_gui
open_project project_1.xpr
Scanning sources...
Finished scanning sources
INFO: [IP_Flow 19-234] Refreshing IP repositories
INFO: [IP_Flow 19-1700] Loaded user IP repository '/home/sai/Desktop/Looping_Hardware-design/sim_src'.
INFO: [IP_Flow 19-1700] Loaded user IP repository '/home/sai/Desktop/Looping_Hardware-design/hls_src'.
INFO: [IP_Flow 19-2313] Loaded Vivado IP repository '/opt/Xilinx_19.1/Vivado/2019.1/data/ip'.
WARNING: [IP_Flow 19-1663] Duplicate IP found for 'xilinx.com:hls:Userplane_L1_Data_Gen:1.0'. The one found in IP location '/home/sai/Desktop/Looping_Hardware-design/hls_src/U_plane_src/12_Dummy_L1_to_UPLANE/solution1/impl/ip' will take precedence over the same IP in location /home/sai/Desktop/Looping_Hardware-design/hls_src/other_ips/12_Dummy_L1_to_UPLANE/solution1/impl/ip
open_project: Time (s): cpu = 00:00:23 ; elapsed = 00:00:16 . Memory (MB): peak = 6655.777 ; gain = 294.250 ; free physical = 22382 ; free virtual = 60810
update_compile_order -fileset sources_1
open_bd_design {/home/sai/Desktop/Looping_Hardware-design/project_1/project_1.srcs/sources_1/bd/check_40G_sim/check_40G_sim.bd}
Adding component instance block -- xilinx.com:ip:axis_data_fifo:2.0 - axis_data_fifo_0
Adding component instance block -- xilinx.com:ip:axis_data_fifo:2.0 - axis_data_fifo_11
Adding component instance block -- xilinx.com:ip:axis_data_fifo:2.0 - axis_data_fifo_13
Adding component instance block -- xilinx.com:ip:axis_data_fifo:2.0 - axis_data_fifo_14
Adding component instance block -- xilinx.com:ip:axis_data_fifo:2.0 - axis_data_fifo_1
Adding component instance block -- xilinx.com:ip:axis_data_fifo:2.0 - axis_data_fifo_2
Adding component instance block -- xilinx.com:ip:axis_data_fifo:2.0 - axis_data_fifo_3
Adding component instance block -- xilinx.com:ip:axis_data_fifo:2.0 - axis_data_fifo_6
Adding component instance block -- xilinx.com:ip:axis_data_fifo:2.0 - axis_data_fifo_7
Adding component instance block -- xilinx.com:ip:axis_data_fifo:2.0 - axis_data_fifo_9
Adding component instance block -- xilinx.com:ip:axis_dwidth_converter:1.1 - axis_dwidth_converter_1
Adding component instance block -- xilinx.com:ip:axis_register_slice:1.1 - axis_register_slice_0
Adding component instance block -- xilinx.com:ip:axis_register_slice:1.1 - axis_register_slice_1
Adding component instance block -- xilinx.com:ip:axis_register_slice:1.1 - axis_register_slice_2
Adding component instance block -- xilinx.com:ip:axis_register_slice:1.1 - axis_register_slice_3
Adding component instance block -- xilinx.com:ip:axis_register_slice:1.1 - axis_register_slice_4
Adding component instance block -- xilinx.com:ip:axis_register_slice:1.1 - axis_register_slice_5
Adding component instance block -- xilinx.com:ip:axis_register_slice:1.1 - axis_register_slice_6
Adding component instance block -- xilinx.com:ip:axis_register_slice:1.1 - axis_register_slice_7
Adding component instance block -- xilinx.com:hls:epacket_gen:1.0 - epacket_gen_0
Adding component instance block -- xilinx.com:ip:proc_sys_reset:5.0 - proc_sys_reset_0
Adding component instance block -- xilinx.com:ip:proc_sys_reset:5.0 - proc_sys_reset_1
Adding component instance block -- xilinx.com:ip:proc_sys_reset:5.0 - proc_sys_reset_2
Adding component instance block -- xilinx.com:ip:axi_interconnect:2.1 - ps8_0_axi_periph
Adding component instance block -- xilinx.com:ip:axi_dwidth_converter:2.1 - auto_ds
Adding component instance block -- xilinx.com:ip:axi_protocol_converter:2.1 - auto_pc
Adding component instance block -- xilinx.com:ip:util_vector_logic:2.0 - util_vector_logic_0
Adding component instance block -- xilinx.com:ip:vio:3.0 - vio_0
Adding component instance block -- xilinx.com:ip:vio:3.0 - vio_1
Adding component instance block -- xilinx.com:ip:xlconstant:1.1 - xlconstant_0
Adding component instance block -- xilinx.com:ip:xlconstant:1.1 - xlconstant_3
Adding component instance block -- xilinx.com:ip:xlconstant:1.1 - xlconstant_4
Adding component instance block -- xilinx.com:ip:xlconstant:1.1 - xlconstant_5
Adding component instance block -- xilinx.com:ip:xlconstant:1.1 - xlconstant_6
Adding component instance block -- xilinx.com:ip:zynq_ultra_ps_e:3.3 - zynq_ultra_ps_e_0
WARNING: [BD 41-176] The physical port 'M_AXI_HPM0_FPD_aximm_wr_socket' specified in the portmap, is not found on the block! 
WARNING: [BD 41-176] The physical port 'M_AXI_HPM0_FPD_aximm_rd_socket' specified in the portmap, is not found on the block! 
Adding component instance block -- xilinx.com:hls:BfW_Coeff_Gen:1.0 - BfW_Coeff_Gen_0
Adding component instance block -- xilinx.com:hls:L1_Data_Gen:1.0 - L1_Data_Gen_0
Adding component instance block -- xilinx.com:hls:cplane_packetizer:1.0 - cplane_packetizer_0
Adding component instance block -- xilinx.com:ip:system_ila:1.1 - system_ila_0
Adding component instance block -- xilinx.com:hls:cplane_depacketizer:1.0 - cplane_depacketizer_0
Adding component instance block -- xilinx.com:ip:axis_data_fifo:2.0 - axis_data_fifo_10
Adding component instance block -- xilinx.com:ip:axis_data_fifo:2.0 - axis_data_fifo_12
Adding component instance block -- xilinx.com:ip:xxv_ethernet:3.0 - xxv_ethernet_0
Adding component instance block -- xilinx.com:ip:axis_data_fifo:2.0 - axis_data_fifo_5
Adding component instance block -- xilinx.com:ip:xlconstant:1.1 - xlconstant_2
Adding component instance block -- xilinx.com:ip:axis_dwidth_converter:1.1 - axis_dwidth_converter_0
Adding component instance block -- xilinx.com:ip:axis_data_fifo:2.0 - axis_data_fifo_8
Adding component instance block -- xilinx.com:ip:xlconstant:1.1 - xlconstant_7
Adding component instance block -- xilinx.com:ip:system_ila:1.1 - system_ila_1
Adding component instance block -- xilinx.com:hls:L1toORAN:1.0 - L1toORAN_0
Adding component instance block -- xilinx.com:hls:ecpri_demux:1.0 - ecpri_demux_0
Adding component instance block -- xilinx.com:ip:system_ila:1.1 - system_ila_2
Adding component instance block -- xilinx.com:ip:xlconstant:1.1 - xlconstant_8
Adding component instance block -- xilinx.com:module_ref:tkeep_cleaner_FAPI:1.0 - tkeep_cleaner_FAPI_0
Adding component instance block -- xilinx.com:module_ref:tkeep_cleaner_FAPI:1.0 - tkeep_cleaner_FAPI_1
Adding component instance block -- xilinx.com:ip:axis_data_fifo:2.0 - axis_data_fifo_4
Adding component instance block -- xilinx.com:ip:xlconstant:1.1 - xlconstant_1
Adding component instance block -- xilinx.com:ip:axis_data_fifo:2.0 - axis_data_fifo_15
Adding component instance block -- xilinx.com:hls:Ethernet_demux:1.0 - Ethernet_demux_0
Adding component instance block -- xilinx.com:hls:ethernet_mux:1.0 - ethernet_mux_0
Adding component instance block -- xilinx.com:hls:uplane_depacketiser:1.0 - uplane_depacketiser_0
Adding component instance block -- xilinx.com:hls:Userplane_L1_Data_Gen:1.0 - Userplane_L1_Data_Gen_1
Adding component instance block -- xilinx.com:hls:eCpri_header_config:1.0 - eCpri_header_config_0
Adding component instance block -- xilinx.com:hls:l1tomplane:1.0 - l1tomplane_0
Adding component instance block -- xilinx.com:hls:mparam:1.0 - mparam_0
Adding component instance block -- xilinx.com:hls:Data_Gen:1.0 - Data_Gen_1
Adding component instance block -- xilinx.com:hls:uplane_packetiser:1.0 - uplane_packetiser_0
Adding component instance block -- xilinx.com:ip:vio:3.0 - vio_2
Adding component instance block -- xilinx.com:ip:vio:3.0 - vio_3
WARNING: [BD 41-1731] Type mismatch between connected pins: /vio_1/probe_out0(undef) and /epacket_gen_0/ap_rst_n(rst)
WARNING: [BD 41-1731] Type mismatch between connected pins: /vio_1/probe_out0(undef) and /L1_Data_Gen_0/ap_rst_n(rst)
WARNING: [BD 41-1731] Type mismatch between connected pins: /vio_1/probe_out0(undef) and /cplane_packetizer_0/ap_rst_n(rst)
WARNING: [BD 41-1731] Type mismatch between connected pins: /vio_1/probe_out0(undef) and /tkeep_cleaner_FAPI_0/reset_n(rst)
WARNING: [BD 41-1731] Type mismatch between connected pins: /vio_1/probe_out0(undef) and /l1tomplane_0/ap_rst_n(rst)
WARNING: [BD 41-1731] Type mismatch between connected pins: /vio_1/probe_out0(undef) and /uplane_packetiser_0/ap_rst_n(rst)
Successfully read diagram <check_40G_sim> from BD file </home/sai/Desktop/Looping_Hardware-design/project_1/project_1.srcs/sources_1/bd/check_40G_sim/check_40G_sim.bd>
zynquplus
WARNING: [Boardtcl 53-1] No current board_part set.
ERROR: [Ip 78-125] Tcl Error in evaluating proc can_apply_rule : 
regenerate_bd_layout
validate_bd_design -force
INFO: [xilinx.com:ip:xxv_ethernet:3.0-5910] /xxv_ethernet_0 NOTE : INIT CLK of /xxv_ethernet_0 has input port frequency configured as 100000000 Hz (100.0 MHz).
WARNING: [xilinx.com:ip:axis_dwidth_converter:1.1-1] /axis_dwidth_converter_0Slave interface TUSER_WIDTH (1) is not an integer multiple of number of slave interface TDATA_NUM_BYTES (8). TUSER_BITS_PER_BYTE forced to 0.
WARNING: [BD 41-237] Bus Interface property AWUSER_WIDTH does not match between /ps8_0_axi_periph/s00_couplers/auto_ds/S_AXI(0) and /zynq_ultra_ps_e_0/M_AXI_HPM0_FPD(16)
WARNING: [BD 41-237] Bus Interface property ARUSER_WIDTH does not match between /ps8_0_axi_periph/s00_couplers/auto_ds/S_AXI(0) and /zynq_ultra_ps_e_0/M_AXI_HPM0_FPD(16)
WARNING: [BD 41-927] Following properties on pin /tkeep_cleaner_FAPI_0/clk have been updated from connected ip. They may not be synchronized with cell properties. You can set property on pin directly to confirm the value and resolve the warning.
	CLK_DOMAIN=check_40G_sim_xxv_ethernet_0_0_tx_clk_out_0 
WARNING: [BD 41-927] Following properties on pin /tkeep_cleaner_FAPI_1/clk have been updated from connected ip. They may not be synchronized with cell properties. You can set property on pin directly to confirm the value and resolve the warning.
	CLK_DOMAIN=check_40G_sim_xxv_ethernet_0_0_rx_clk_out_0 
CRITICAL WARNING: [BD 41-759] The input pins (listed below) are either not connected or do not have a source port, and they don't have a tie-off specified. These pins are tied-off to all 0's to avoid error in Implementation flow.
Please check your design and connect them as needed: 
/cplane_packetizer_0/mdata_numCoeff_V
/Ethernet_demux_0/rx_tstamp_in_V
/ethernet_mux_0/sync_data_in_TVALID
/ethernet_mux_0/mgmt_data_in_TVALID
/uplane_depacketiser_0/count_PRBs_V

validate_bd_design: Time (s): cpu = 00:00:16 ; elapsed = 00:00:12 . Memory (MB): peak = 7511.824 ; gain = 0.000 ; free physical = 22208 ; free virtual = 60564
zynquplus
WARNING: [Boardtcl 53-1] No current board_part set.
ERROR: [Ip 78-125] Tcl Error in evaluating proc can_apply_rule : 
save_bd_design
Wrote  : </home/sai/Desktop/Looping_Hardware-design/project_1/project_1.srcs/sources_1/bd/check_40G_sim/check_40G_sim.bd> 
Wrote  : </home/sai/Desktop/Looping_Hardware-design/project_1/project_1.srcs/sources_1/bd/check_40G_sim/ui/bd_18f54cac.ui> 
reset_run synth_2
launch_runs impl_2 -to_step write_bitstream -jobs 10
INFO: [BD 41-1662] The design 'check_40G_sim.bd' is already validated. Therefore parameter propagation will not be re-run.
CRITICAL WARNING: [BD 41-759] The input pins (listed below) are either not connected or do not have a source port, and they don't have a tie-off specified. These pins are tied-off to all 0's to avoid error in Implementation flow.
Please check your design and connect them as needed: 
/cplane_packetizer_0/mdata_numCoeff_V
/Ethernet_demux_0/rx_tstamp_in_V
/ethernet_mux_0/sync_data_in_TVALID
/ethernet_mux_0/mgmt_data_in_TVALID
/uplane_depacketiser_0/count_PRBs_V

WARNING: [BD 41-235] Width mismatch when connecting pin: '/cplane_depacketizer_0/eth_data_TUSER'(70) to net 'axis_data_fifo_10_M_AXIS_TUSER'(1) - Only lower order bits will be connected.
WARNING: [BD 41-235] Width mismatch when connecting pin: '/axis_dwidth_converter_1/s_axis_tuser'(16) to net 'ethernet_mux_0_eth_data_out_TUSER'(1) - Only lower order bits will be connected.
VHDL Output written to : /home/sai/Desktop/Looping_Hardware-design/project_1/project_1.srcs/sources_1/bd/check_40G_sim/synth/check_40G_sim.v
WARNING: [BD 41-235] Width mismatch when connecting pin: '/cplane_depacketizer_0/eth_data_TUSER'(70) to net 'axis_data_fifo_10_M_AXIS_TUSER'(1) - Only lower order bits will be connected.
WARNING: [BD 41-235] Width mismatch when connecting pin: '/axis_dwidth_converter_1/s_axis_tuser'(16) to net 'ethernet_mux_0_eth_data_out_TUSER'(1) - Only lower order bits will be connected.
VHDL Output written to : /home/sai/Desktop/Looping_Hardware-design/project_1/project_1.srcs/sources_1/bd/check_40G_sim/sim/check_40G_sim.v
VHDL Output written to : /home/sai/Desktop/Looping_Hardware-design/project_1/project_1.srcs/sources_1/bd/check_40G_sim/hdl/check_40G_sim_wrapper.v
INFO: [BD 41-1029] Generation completed for the IP Integrator block proc_sys_reset_0 .
INFO: [BD 41-1029] Generation completed for the IP Integrator block proc_sys_reset_1 .
INFO: [BD 41-1029] Generation completed for the IP Integrator block proc_sys_reset_2 .
INFO: [BD 41-1029] Generation completed for the IP Integrator block util_vector_logic_0 .
INFO: [BD 41-1029] Generation completed for the IP Integrator block L1_Data_Gen_0 .
INFO: [BD 41-1029] Generation completed for the IP Integrator block axis_data_fifo_0 .
INFO: [BD 41-1029] Generation completed for the IP Integrator block L1toORAN_0 .
INFO: [BD 41-1029] Generation completed for the IP Integrator block axis_register_slice_0 .
INFO: [BD 41-1029] Generation completed for the IP Integrator block axis_register_slice_1 .
INFO: [BD 41-1029] Generation completed for the IP Integrator block axis_register_slice_2 .
INFO: [BD 41-1029] Generation completed for the IP Integrator block axis_register_slice_3 .
INFO: [BD 41-1029] Generation completed for the IP Integrator block axis_register_slice_4 .
INFO: [BD 41-1029] Generation completed for the IP Integrator block cplane_packetizer_0 .
INFO: [BD 41-1029] Generation completed for the IP Integrator block xlconstant_0 .
INFO: [BD 41-1029] Generation completed for the IP Integrator block xlconstant_3 .
INFO: [BD 41-1029] Generation completed for the IP Integrator block xlconstant_4 .
INFO: [BD 41-1029] Generation completed for the IP Integrator block xlconstant_5 .
INFO: [BD 41-1029] Generation completed for the IP Integrator block BfW_Coeff_Gen_0 .
INFO: [BD 41-1029] Generation completed for the IP Integrator block axis_register_slice_5 .
INFO: [BD 41-1029] Generation completed for the IP Integrator block axis_data_fifo_1 .
INFO: [BD 41-1029] Generation completed for the IP Integrator block uplane_packetiser_0 .
INFO: [BD 41-1029] Generation completed for the IP Integrator block epacket_gen_0 .
INFO: [BD 41-1029] Generation completed for the IP Integrator block xlconstant_6 .
INFO: [BD 41-1029] Generation completed for the IP Integrator block axis_data_fifo_2 .
INFO: [BD 41-1029] Generation completed for the IP Integrator block axis_data_fifo_3 .
INFO: [BD 41-1029] Generation completed for the IP Integrator block vio_0 .
INFO: [BD 41-1029] Generation completed for the IP Integrator block axis_data_fifo_6 .
INFO: [BD 41-1029] Generation completed for the IP Integrator block axis_data_fifo_7 .
INFO: [BD 41-1029] Generation completed for the IP Integrator block ethernet_mux_0 .
INFO: [BD 41-1029] Generation completed for the IP Integrator block axis_dwidth_converter_1 .
INFO: [BD 41-1029] Generation completed for the IP Integrator block axis_data_fifo_9 .
INFO: [BD 41-1029] Generation completed for the IP Integrator block Ethernet_demux_0 .
INFO: [BD 41-1029] Generation completed for the IP Integrator block axis_register_slice_6 .
INFO: [BD 41-1029] Generation completed for the IP Integrator block Userplane_L1_Data_Gen_1 .
INFO: [BD 41-1029] Generation completed for the IP Integrator block Data_Gen_1 .
INFO: [BD 41-1029] Generation completed for the IP Integrator block eCpri_header_config_0 .
INFO: [BD 41-1029] Generation completed for the IP Integrator block axis_data_fifo_13 .
INFO: [BD 41-1029] Generation completed for the IP Integrator block l1tomplane_0 .
INFO: [BD 41-1029] Generation completed for the IP Integrator block mparam_0 .
INFO: [BD 41-1029] Generation completed for the IP Integrator block axis_data_fifo_11 .
INFO: [BD 41-1029] Generation completed for the IP Integrator block axis_register_slice_7 .
INFO: [BD 41-1029] Generation completed for the IP Integrator block axis_data_fifo_14 .
INFO: [BD 41-1029] Generation completed for the IP Integrator block vio_1 .
INFO: [BD 41-1029] Generation completed for the IP Integrator block zynq_ultra_ps_e_0 .
INFO: [BD 41-1029] Generation completed for the IP Integrator block ecpri_demux_0 .
Exporting to file /home/sai/Desktop/Looping_Hardware-design/project_1/project_1.srcs/sources_1/bd/check_40G_sim/ip/check_40G_sim_system_ila_0_0/bd_0/hw_handoff/check_40G_sim_system_ila_0_0.hwh
Generated Block Design Tcl file /home/sai/Desktop/Looping_Hardware-design/project_1/project_1.srcs/sources_1/bd/check_40G_sim/ip/check_40G_sim_system_ila_0_0/bd_0/hw_handoff/check_40G_sim_system_ila_0_0_bd.tcl
Generated Hardware Definition File /home/sai/Desktop/Looping_Hardware-design/project_1/project_1.srcs/sources_1/bd/check_40G_sim/ip/check_40G_sim_system_ila_0_0/bd_0/synth/check_40G_sim_system_ila_0_0.hwdef
INFO: [BD 41-1029] Generation completed for the IP Integrator block system_ila_0 .
INFO: [BD 41-1029] Generation completed for the IP Integrator block cplane_depacketizer_0 .
INFO: [BD 41-1029] Generation completed for the IP Integrator block axis_data_fifo_10 .
INFO: [BD 41-1029] Generation completed for the IP Integrator block axis_data_fifo_12 .
INFO: [BD 41-1029] Generation completed for the IP Integrator block uplane_depacketiser_0 .
INFO: [BD 41-1029] Generation completed for the IP Integrator block xxv_ethernet_0 .
INFO: [BD 41-1029] Generation completed for the IP Integrator block axis_data_fifo_5 .
INFO: [BD 41-1029] Generation completed for the IP Integrator block xlconstant_2 .
INFO: [BD 41-1029] Generation completed for the IP Integrator block axis_dwidth_converter_0 .
INFO: [BD 41-1029] Generation completed for the IP Integrator block axis_data_fifo_8 .
INFO: [BD 41-1029] Generation completed for the IP Integrator block xlconstant_7 .
Exporting to file /home/sai/Desktop/Looping_Hardware-design/project_1/project_1.srcs/sources_1/bd/check_40G_sim/ip/check_40G_sim_system_ila_1_0/bd_0/hw_handoff/check_40G_sim_system_ila_1_0.hwh
Generated Block Design Tcl file /home/sai/Desktop/Looping_Hardware-design/project_1/project_1.srcs/sources_1/bd/check_40G_sim/ip/check_40G_sim_system_ila_1_0/bd_0/hw_handoff/check_40G_sim_system_ila_1_0_bd.tcl
Generated Hardware Definition File /home/sai/Desktop/Looping_Hardware-design/project_1/project_1.srcs/sources_1/bd/check_40G_sim/ip/check_40G_sim_system_ila_1_0/bd_0/synth/check_40G_sim_system_ila_1_0.hwdef
INFO: [BD 41-1029] Generation completed for the IP Integrator block system_ila_1 .
Exporting to file /home/sai/Desktop/Looping_Hardware-design/project_1/project_1.srcs/sources_1/bd/check_40G_sim/ip/check_40G_sim_system_ila_2_0/bd_0/hw_handoff/check_40G_sim_system_ila_2_0.hwh
Generated Block Design Tcl file /home/sai/Desktop/Looping_Hardware-design/project_1/project_1.srcs/sources_1/bd/check_40G_sim/ip/check_40G_sim_system_ila_2_0/bd_0/hw_handoff/check_40G_sim_system_ila_2_0_bd.tcl
Generated Hardware Definition File /home/sai/Desktop/Looping_Hardware-design/project_1/project_1.srcs/sources_1/bd/check_40G_sim/ip/check_40G_sim_system_ila_2_0/bd_0/synth/check_40G_sim_system_ila_2_0.hwdef
INFO: [BD 41-1029] Generation completed for the IP Integrator block system_ila_2 .
INFO: [BD 41-1029] Generation completed for the IP Integrator block xlconstant_8 .
INFO: [BD 41-1029] Generation completed for the IP Integrator block tkeep_cleaner_FAPI_0 .
INFO: [BD 41-1029] Generation completed for the IP Integrator block tkeep_cleaner_FAPI_1 .
INFO: [BD 41-1029] Generation completed for the IP Integrator block axis_data_fifo_4 .
INFO: [BD 41-1029] Generation completed for the IP Integrator block xlconstant_1 .
INFO: [BD 41-1029] Generation completed for the IP Integrator block axis_data_fifo_15 .
INFO: [BD 41-1029] Generation completed for the IP Integrator block vio_2 .
INFO: [BD 41-1029] Generation completed for the IP Integrator block vio_3 .
WARNING: [IP_Flow 19-4994] Overwriting existing constraint file '/home/sai/Desktop/Looping_Hardware-design/project_1/project_1.srcs/sources_1/bd/check_40G_sim/ip/check_40G_sim_auto_ds_0/check_40G_sim_auto_ds_0_ooc.xdc'
INFO: [BD 41-1029] Generation completed for the IP Integrator block ps8_0_axi_periph/s00_couplers/auto_ds .
WARNING: [IP_Flow 19-4994] Overwriting existing constraint file '/home/sai/Desktop/Looping_Hardware-design/project_1/project_1.srcs/sources_1/bd/check_40G_sim/ip/check_40G_sim_auto_pc_0/check_40G_sim_auto_pc_0_ooc.xdc'
INFO: [BD 41-1029] Generation completed for the IP Integrator block ps8_0_axi_periph/s00_couplers/auto_pc .
Exporting to file /home/sai/Desktop/Looping_Hardware-design/project_1/project_1.srcs/sources_1/bd/check_40G_sim/hw_handoff/check_40G_sim.hwh
Generated Block Design Tcl file /home/sai/Desktop/Looping_Hardware-design/project_1/project_1.srcs/sources_1/bd/check_40G_sim/hw_handoff/check_40G_sim_bd.tcl
Generated Hardware Definition File /home/sai/Desktop/Looping_Hardware-design/project_1/project_1.srcs/sources_1/bd/check_40G_sim/synth/check_40G_sim.hwdef
INFO: [IP_Flow 19-4993] Using cached IP synthesis design for IP check_40G_sim_auto_ds_0, cache-ID = ed6afb67854764e9; cache size = 4767.293 MB.
INFO: [IP_Flow 19-4993] Using cached IP synthesis design for IP check_40G_sim_auto_pc_0, cache-ID = c71628547fa39532; cache size = 4767.293 MB.
