#-----------------------------------------------------------
# Vivado v2019.1 (64-bit)
# SW Build 2552052 on Fri May 24 14:47:09 MDT 2019
# IP Build 2548770 on Fri May 24 18:01:18 MDT 2019
# Start of session at: Tue May  9 12:21:19 2023
# Process ID: 9063
# Current directory: /home/sai/Desktop/Looping_Hardware-design/project_1
# Command line: vivado project_1.xpr
# Log file: /home/sai/Desktop/Looping_Hardware-design/project_1/vivado.log
# Journal file: /home/sai/Desktop/Looping_Hardware-design/project_1/vivado.jou
#-----------------------------------------------------------
start_gui
open_project project_1.xpr
Scanning sources...
Finished scanning sources
INFO: [IP_Flow 19-234] Refreshing IP repositories
INFO: [IP_Flow 19-1700] Loaded user IP repository '/home/sai/Desktop/Looping_Hardware-design/sim_src'.
INFO: [IP_Flow 19-1700] Loaded user IP repository '/home/sai/Desktop/Looping_Hardware-design/hls_src'.
INFO: [IP_Flow 19-2313] Loaded Vivado IP repository '/opt/Xilinx_19.1/Vivado/2019.1/data/ip'.
WARNING: [IP_Flow 19-1663] Duplicate IP found for 'xilinx.com:hls:Userplane_L1_Data_Gen:1.0'. The one found in IP location '/home/sai/Desktop/Looping_Hardware-design/hls_src/U_plane_src/12_Dummy_L1_to_UPLANE/solution1/impl/ip' will take precedence over the same IP in location /home/sai/Desktop/Looping_Hardware-design/hls_src/other_ips/12_Dummy_L1_to_UPLANE/solution1/impl/ip
open_project: Time (s): cpu = 00:00:20 ; elapsed = 00:00:20 . Memory (MB): peak = 6648.734 ; gain = 282.250 ; free physical = 23717 ; free virtual = 61177
open_bd_design {/home/sai/Desktop/Looping_Hardware-design/project_1/project_1.srcs/sources_1/bd/check_40G_sim/check_40G_sim.bd}
Adding component instance block -- xilinx.com:ip:axis_data_fifo:2.0 - axis_data_fifo_0
Adding component instance block -- xilinx.com:ip:axis_data_fifo:2.0 - axis_data_fifo_11
Adding component instance block -- xilinx.com:ip:axis_data_fifo:2.0 - axis_data_fifo_13
Adding component instance block -- xilinx.com:ip:axis_data_fifo:2.0 - axis_data_fifo_14
Adding component instance block -- xilinx.com:ip:axis_data_fifo:2.0 - axis_data_fifo_1
Adding component instance block -- xilinx.com:ip:axis_data_fifo:2.0 - axis_data_fifo_2
Adding component instance block -- xilinx.com:ip:axis_data_fifo:2.0 - axis_data_fifo_3
Adding component instance block -- xilinx.com:ip:axis_data_fifo:2.0 - axis_data_fifo_6
Adding component instance block -- xilinx.com:ip:axis_data_fifo:2.0 - axis_data_fifo_7
Adding component instance block -- xilinx.com:ip:axis_data_fifo:2.0 - axis_data_fifo_9
Adding component instance block -- xilinx.com:ip:axis_dwidth_converter:1.1 - axis_dwidth_converter_1
Adding component instance block -- xilinx.com:ip:axis_register_slice:1.1 - axis_register_slice_0
Adding component instance block -- xilinx.com:ip:axis_register_slice:1.1 - axis_register_slice_1
Adding component instance block -- xilinx.com:ip:axis_register_slice:1.1 - axis_register_slice_2
Adding component instance block -- xilinx.com:ip:axis_register_slice:1.1 - axis_register_slice_3
Adding component instance block -- xilinx.com:ip:axis_register_slice:1.1 - axis_register_slice_4
Adding component instance block -- xilinx.com:ip:axis_register_slice:1.1 - axis_register_slice_5
Adding component instance block -- xilinx.com:ip:axis_register_slice:1.1 - axis_register_slice_6
Adding component instance block -- xilinx.com:ip:axis_register_slice:1.1 - axis_register_slice_7
Adding component instance block -- xilinx.com:hls:epacket_gen:1.0 - epacket_gen_0
Adding component instance block -- xilinx.com:ip:proc_sys_reset:5.0 - proc_sys_reset_0
Adding component instance block -- xilinx.com:ip:proc_sys_reset:5.0 - proc_sys_reset_1
Adding component instance block -- xilinx.com:ip:proc_sys_reset:5.0 - proc_sys_reset_2
Adding component instance block -- xilinx.com:ip:axi_interconnect:2.1 - ps8_0_axi_periph
Adding component instance block -- xilinx.com:ip:axi_dwidth_converter:2.1 - auto_ds
INFO: [BD 41-434] Could not find an IP with XCI file by name: check_40G_sim_auto_ds_0 
Adding component instance block -- xilinx.com:ip:axi_protocol_converter:2.1 - auto_pc
INFO: [BD 41-434] Could not find an IP with XCI file by name: check_40G_sim_auto_pc_0 
Adding component instance block -- xilinx.com:ip:util_vector_logic:2.0 - util_vector_logic_0
Adding component instance block -- xilinx.com:ip:vio:3.0 - vio_0
Adding component instance block -- xilinx.com:ip:vio:3.0 - vio_1
Adding component instance block -- xilinx.com:ip:xlconstant:1.1 - xlconstant_0
Adding component instance block -- xilinx.com:ip:xlconstant:1.1 - xlconstant_3
Adding component instance block -- xilinx.com:ip:xlconstant:1.1 - xlconstant_4
Adding component instance block -- xilinx.com:ip:xlconstant:1.1 - xlconstant_5
Adding component instance block -- xilinx.com:ip:xlconstant:1.1 - xlconstant_6
Adding component instance block -- xilinx.com:ip:zynq_ultra_ps_e:3.3 - zynq_ultra_ps_e_0
WARNING: [BD 41-176] The physical port 'M_AXI_HPM0_FPD_aximm_wr_socket' specified in the portmap, is not found on the block! 
WARNING: [BD 41-176] The physical port 'M_AXI_HPM0_FPD_aximm_rd_socket' specified in the portmap, is not found on the block! 
Adding component instance block -- xilinx.com:hls:BfW_Coeff_Gen:1.0 - BfW_Coeff_Gen_0
Adding component instance block -- xilinx.com:hls:L1_Data_Gen:1.0 - L1_Data_Gen_0
Adding component instance block -- xilinx.com:hls:cplane_packetizer:1.0 - cplane_packetizer_0
Adding component instance block -- xilinx.com:ip:system_ila:1.1 - system_ila_0
Adding component instance block -- xilinx.com:hls:cplane_depacketizer:1.0 - cplane_depacketizer_0
Adding component instance block -- xilinx.com:ip:axis_data_fifo:2.0 - axis_data_fifo_10
Adding component instance block -- xilinx.com:ip:axis_data_fifo:2.0 - axis_data_fifo_12
Adding component instance block -- xilinx.com:ip:xxv_ethernet:3.0 - xxv_ethernet_0
Adding component instance block -- xilinx.com:ip:axis_data_fifo:2.0 - axis_data_fifo_5
Adding component instance block -- xilinx.com:ip:xlconstant:1.1 - xlconstant_2
Adding component instance block -- xilinx.com:ip:axis_dwidth_converter:1.1 - axis_dwidth_converter_0
Adding component instance block -- xilinx.com:ip:axis_data_fifo:2.0 - axis_data_fifo_8
Adding component instance block -- xilinx.com:ip:xlconstant:1.1 - xlconstant_7
Adding component instance block -- xilinx.com:ip:system_ila:1.1 - system_ila_1
Adding component instance block -- xilinx.com:hls:L1toORAN:1.0 - L1toORAN_0
Adding component instance block -- xilinx.com:hls:ecpri_demux:1.0 - ecpri_demux_0
Adding component instance block -- xilinx.com:ip:system_ila:1.1 - system_ila_2
Adding component instance block -- xilinx.com:ip:xlconstant:1.1 - xlconstant_8
Adding component instance block -- xilinx.com:module_ref:tkeep_cleaner_FAPI:1.0 - tkeep_cleaner_FAPI_0
Adding component instance block -- xilinx.com:module_ref:tkeep_cleaner_FAPI:1.0 - tkeep_cleaner_FAPI_1
Adding component instance block -- xilinx.com:ip:axis_data_fifo:2.0 - axis_data_fifo_4
Adding component instance block -- xilinx.com:ip:xlconstant:1.1 - xlconstant_1
Adding component instance block -- xilinx.com:ip:axis_data_fifo:2.0 - axis_data_fifo_15
Adding component instance block -- xilinx.com:hls:Ethernet_demux:1.0 - Ethernet_demux_0
Adding component instance block -- xilinx.com:hls:ethernet_mux:1.0 - ethernet_mux_0
Adding component instance block -- xilinx.com:hls:uplane_depacketiser:1.0 - uplane_depacketiser_0
Adding component instance block -- xilinx.com:ip:xlconstant:1.1 - xlconstant_9
Adding component instance block -- xilinx.com:ip:xlconstant:1.1 - xlconstant_10
Adding component instance block -- xilinx.com:hls:Userplane_L1_Data_Gen:1.0 - Userplane_L1_Data_Gen_1
Adding component instance block -- xilinx.com:hls:eCpri_header_config:1.0 - eCpri_header_config_0
Adding component instance block -- xilinx.com:hls:l1tomplane:1.0 - l1tomplane_0
Adding component instance block -- xilinx.com:hls:mparam:1.0 - mparam_0
Adding component instance block -- xilinx.com:hls:Data_Gen:1.0 - Data_Gen_1
Adding component instance block -- xilinx.com:hls:uplane_packetiser:1.0 - uplane_packetiser_0
WARNING: [BD 41-1731] Type mismatch between connected pins: /vio_1/probe_out0(undef) and /epacket_gen_0/ap_rst_n(rst)
WARNING: [BD 41-1731] Type mismatch between connected pins: /vio_1/probe_out0(undef) and /L1_Data_Gen_0/ap_rst_n(rst)
WARNING: [BD 41-1731] Type mismatch between connected pins: /vio_1/probe_out0(undef) and /cplane_packetizer_0/ap_rst_n(rst)
WARNING: [BD 41-1731] Type mismatch between connected pins: /vio_1/probe_out0(undef) and /tkeep_cleaner_FAPI_0/reset_n(rst)
WARNING: [BD 41-1731] Type mismatch between connected pins: /vio_1/probe_out0(undef) and /l1tomplane_0/ap_rst_n(rst)
WARNING: [BD 41-1731] Type mismatch between connected pins: /vio_1/probe_out0(undef) and /uplane_packetiser_0/ap_rst_n(rst)
Successfully read diagram <check_40G_sim> from BD file </home/sai/Desktop/Looping_Hardware-design/project_1/project_1.srcs/sources_1/bd/check_40G_sim/check_40G_sim.bd>
INFO: [BD 41-433] 
Design successfully migrated to use XCI files...
Wrote  : </home/sai/Desktop/Looping_Hardware-design/project_1/project_1.srcs/sources_1/bd/check_40G_sim/ui/bd_18f54cac.ui> 
INFO: [BD 41-433] 
Design successfully migrated to use XCI files...
INFO: [BD 41-433] 
Design successfully migrated to use XCI files...
INFO: [BD 41-433] 
Design successfully migrated to use XCI files...
open_bd_design: Time (s): cpu = 00:00:36 ; elapsed = 00:00:12 . Memory (MB): peak = 7621.316 ; gain = 947.633 ; free physical = 23394 ; free virtual = 60889
zynquplus
WARNING: [Boardtcl 53-1] No current board_part set.
ERROR: [Ip 78-125] Tcl Error in evaluating proc can_apply_rule : 
update_compile_order -fileset sources_1
startgroup
create_bd_cell -type ip -vlnv xilinx.com:ip:vio:3.0 vio_2
endgroup
zynquplus
WARNING: [Boardtcl 53-1] No current board_part set.
ERROR: [Ip 78-125] Tcl Error in evaluating proc can_apply_rule : 
zynquplus
WARNING: [Boardtcl 53-1] No current board_part set.
ERROR: [Ip 78-125] Tcl Error in evaluating proc can_apply_rule : 
set_property location {2 386 1709} [get_bd_cells vio_2]
set_property -dict [list CONFIG.C_PROBE_OUT0_WIDTH {6} CONFIG.C_EN_PROBE_IN_ACTIVITY {0} CONFIG.C_NUM_PROBE_IN {0}] [get_bd_cells vio_2]
zynquplus
WARNING: [Boardtcl 53-1] No current board_part set.
ERROR: [Ip 78-125] Tcl Error in evaluating proc can_apply_rule : 
zynquplus
WARNING: [Boardtcl 53-1] No current board_part set.
ERROR: [Ip 78-125] Tcl Error in evaluating proc can_apply_rule : 
copy_bd_objs /  [get_bd_cells {vio_2}]
zynquplus
WARNING: [Boardtcl 53-1] No current board_part set.
ERROR: [Ip 78-125] Tcl Error in evaluating proc can_apply_rule : 
zynquplus
WARNING: [Boardtcl 53-1] No current board_part set.
ERROR: [Ip 78-125] Tcl Error in evaluating proc can_apply_rule : 
set_property location {1 446 1808} [get_bd_cells vio_3]
set_property -dict [list CONFIG.C_PROBE_OUT0_WIDTH {8}] [get_bd_cells vio_3]
zynquplus
WARNING: [Boardtcl 53-1] No current board_part set.
ERROR: [Ip 78-125] Tcl Error in evaluating proc can_apply_rule : 
zynquplus
WARNING: [Boardtcl 53-1] No current board_part set.
ERROR: [Ip 78-125] Tcl Error in evaluating proc can_apply_rule : 
delete_bd_objs [get_bd_nets xlconstant_10_dout] [get_bd_cells xlconstant_10]
zynquplus
WARNING: [Boardtcl 53-1] No current board_part set.
ERROR: [Ip 78-125] Tcl Error in evaluating proc can_apply_rule : 
zynquplus
WARNING: [Boardtcl 53-1] No current board_part set.
ERROR: [Ip 78-125] Tcl Error in evaluating proc can_apply_rule : 
zynquplus
WARNING: [Boardtcl 53-1] No current board_part set.
ERROR: [Ip 78-125] Tcl Error in evaluating proc can_apply_rule : 
connect_bd_net [get_bd_pins vio_3/probe_out0] [get_bd_pins Userplane_L1_Data_Gen_1/frameID_in_V]
zynquplus
WARNING: [Boardtcl 53-1] No current board_part set.
ERROR: [Ip 78-125] Tcl Error in evaluating proc can_apply_rule : 
zynquplus
WARNING: [Boardtcl 53-1] No current board_part set.
ERROR: [Ip 78-125] Tcl Error in evaluating proc can_apply_rule : 
connect_bd_net [get_bd_pins vio_3/clk] [get_bd_pins zynq_ultra_ps_e_0/pl_clk0]
connect_bd_net [get_bd_pins zynq_ultra_ps_e_0/pl_clk0] [get_bd_pins vio_2/clk]
zynquplus
WARNING: [Boardtcl 53-1] No current board_part set.
ERROR: [Ip 78-125] Tcl Error in evaluating proc can_apply_rule : 
delete_bd_objs [get_bd_nets xlconstant_9_dout] [get_bd_cells xlconstant_9]
zynquplus
WARNING: [Boardtcl 53-1] No current board_part set.
ERROR: [Ip 78-125] Tcl Error in evaluating proc can_apply_rule : 
connect_bd_net [get_bd_pins vio_2/probe_out0] [get_bd_pins Userplane_L1_Data_Gen_1/slot_in_V]
zynquplus
WARNING: [Boardtcl 53-1] No current board_part set.
ERROR: [Ip 78-125] Tcl Error in evaluating proc can_apply_rule : 
regenerate_bd_layout
regenerate_bd_layout
regenerate_bd_layout
regenerate_bd_layout
validate_bd_design
WARNING: [xilinx.com:ip:axis_dwidth_converter:1.1-1] /axis_dwidth_converter_0Slave interface TUSER_WIDTH (1) is not an integer multiple of number of slave interface TDATA_NUM_BYTES (8). TUSER_BITS_PER_BYTE forced to 0.
INFO: [xilinx.com:ip:xxv_ethernet:3.0-5910] /xxv_ethernet_0 NOTE : INIT CLK of /xxv_ethernet_0 has input port frequency configured as 100000000 Hz (100.0 MHz).
WARNING: [BD 41-237] Bus Interface property AWUSER_WIDTH does not match between /ps8_0_axi_periph/s00_couplers/auto_ds/S_AXI(0) and /zynq_ultra_ps_e_0/M_AXI_HPM0_FPD(16)
WARNING: [BD 41-237] Bus Interface property ARUSER_WIDTH does not match between /ps8_0_axi_periph/s00_couplers/auto_ds/S_AXI(0) and /zynq_ultra_ps_e_0/M_AXI_HPM0_FPD(16)
WARNING: [BD 41-927] Following properties on pin /tkeep_cleaner_FAPI_0/clk have been updated from connected ip. They may not be synchronized with cell properties. You can set property on pin directly to confirm the value and resolve the warning.
	CLK_DOMAIN=check_40G_sim_xxv_ethernet_0_0_tx_clk_out_0 
WARNING: [BD 41-927] Following properties on pin /tkeep_cleaner_FAPI_1/clk have been updated from connected ip. They may not be synchronized with cell properties. You can set property on pin directly to confirm the value and resolve the warning.
	CLK_DOMAIN=check_40G_sim_xxv_ethernet_0_0_rx_clk_out_0 
CRITICAL WARNING: [BD 41-759] The input pins (listed below) are either not connected or do not have a source port, and they don't have a tie-off specified. These pins are tied-off to all 0's to avoid error in Implementation flow.
Please check your design and connect them as needed: 
/cplane_packetizer_0/mdata_numCoeff_V
/Ethernet_demux_0/rx_tstamp_in_V
/ethernet_mux_0/sync_data_in_TVALID
/ethernet_mux_0/mgmt_data_in_TVALID
/uplane_depacketiser_0/count_PRBs_V

validate_bd_design: Time (s): cpu = 00:00:14 ; elapsed = 00:00:11 . Memory (MB): peak = 7877.238 ; gain = 0.000 ; free physical = 23403 ; free virtual = 60873
zynquplus
WARNING: [Boardtcl 53-1] No current board_part set.
ERROR: [Ip 78-125] Tcl Error in evaluating proc can_apply_rule : 
save_bd_design
Wrote  : </home/sai/Desktop/Looping_Hardware-design/project_1/project_1.srcs/sources_1/bd/check_40G_sim/check_40G_sim.bd> 
Wrote  : </home/sai/Desktop/Looping_Hardware-design/project_1/project_1.srcs/sources_1/bd/check_40G_sim/ui/bd_18f54cac.ui> 
reset_run synth_2
launch_runs impl_2 -to_step write_bitstream -jobs 10
INFO: [BD 41-1662] The design 'check_40G_sim.bd' is already validated. Therefore parameter propagation will not be re-run.
CRITICAL WARNING: [BD 41-759] The input pins (listed below) are either not connected or do not have a source port, and they don't have a tie-off specified. These pins are tied-off to all 0's to avoid error in Implementation flow.
Please check your design and connect them as needed: 
/cplane_packetizer_0/mdata_numCoeff_V
/Ethernet_demux_0/rx_tstamp_in_V
/ethernet_mux_0/sync_data_in_TVALID
/ethernet_mux_0/mgmt_data_in_TVALID
/uplane_depacketiser_0/count_PRBs_V

WARNING: [BD 41-235] Width mismatch when connecting pin: '/cplane_depacketizer_0/eth_data_TUSER'(70) to net 'axis_data_fifo_10_M_AXIS_TUSER'(1) - Only lower order bits will be connected.
WARNING: [BD 41-235] Width mismatch when connecting pin: '/axis_dwidth_converter_1/s_axis_tuser'(16) to net 'ethernet_mux_0_eth_data_out_TUSER'(1) - Only lower order bits will be connected.
VHDL Output written to : /home/sai/Desktop/Looping_Hardware-design/project_1/project_1.srcs/sources_1/bd/check_40G_sim/synth/check_40G_sim.v
WARNING: [BD 41-235] Width mismatch when connecting pin: '/cplane_depacketizer_0/eth_data_TUSER'(70) to net 'axis_data_fifo_10_M_AXIS_TUSER'(1) - Only lower order bits will be connected.
WARNING: [BD 41-235] Width mismatch when connecting pin: '/axis_dwidth_converter_1/s_axis_tuser'(16) to net 'ethernet_mux_0_eth_data_out_TUSER'(1) - Only lower order bits will be connected.
VHDL Output written to : /home/sai/Desktop/Looping_Hardware-design/project_1/project_1.srcs/sources_1/bd/check_40G_sim/sim/check_40G_sim.v
VHDL Output written to : /home/sai/Desktop/Looping_Hardware-design/project_1/project_1.srcs/sources_1/bd/check_40G_sim/hdl/check_40G_sim_wrapper.v
INFO: [BD 41-1029] Generation completed for the IP Integrator block proc_sys_reset_0 .
INFO: [BD 41-1029] Generation completed for the IP Integrator block proc_sys_reset_1 .
INFO: [BD 41-1029] Generation completed for the IP Integrator block proc_sys_reset_2 .
INFO: [BD 41-1029] Generation completed for the IP Integrator block util_vector_logic_0 .
INFO: [BD 41-1029] Generation completed for the IP Integrator block L1_Data_Gen_0 .
INFO: [BD 41-1029] Generation completed for the IP Integrator block axis_data_fifo_0 .
INFO: [BD 41-1029] Generation completed for the IP Integrator block L1toORAN_0 .
INFO: [BD 41-1029] Generation completed for the IP Integrator block axis_register_slice_0 .
INFO: [BD 41-1029] Generation completed for the IP Integrator block axis_register_slice_1 .
INFO: [BD 41-1029] Generation completed for the IP Integrator block axis_register_slice_2 .
INFO: [BD 41-1029] Generation completed for the IP Integrator block axis_register_slice_3 .
INFO: [BD 41-1029] Generation completed for the IP Integrator block axis_register_slice_4 .
INFO: [BD 41-1029] Generation completed for the IP Integrator block cplane_packetizer_0 .
INFO: [BD 41-1029] Generation completed for the IP Integrator block xlconstant_0 .
INFO: [BD 41-1029] Generation completed for the IP Integrator block xlconstant_3 .
INFO: [BD 41-1029] Generation completed for the IP Integrator block xlconstant_4 .
INFO: [BD 41-1029] Generation completed for the IP Integrator block xlconstant_5 .
INFO: [BD 41-1029] Generation completed for the IP Integrator block BfW_Coeff_Gen_0 .
INFO: [BD 41-1029] Generation completed for the IP Integrator block axis_register_slice_5 .
INFO: [BD 41-1029] Generation completed for the IP Integrator block axis_data_fifo_1 .
INFO: [BD 41-1029] Generation completed for the IP Integrator block uplane_packetiser_0 .
INFO: [BD 41-1029] Generation completed for the IP Integrator block epacket_gen_0 .
INFO: [BD 41-1029] Generation completed for the IP Integrator block xlconstant_6 .
INFO: [BD 41-1029] Generation completed for the IP Integrator block axis_data_fifo_2 .
INFO: [BD 41-1029] Generation completed for the IP Integrator block axis_data_fifo_3 .
INFO: [BD 41-1029] Generation completed for the IP Integrator block vio_0 .
INFO: [BD 41-1029] Generation completed for the IP Integrator block axis_data_fifo_6 .
INFO: [BD 41-1029] Generation completed for the IP Integrator block axis_data_fifo_7 .
INFO: [BD 41-1029] Generation completed for the IP Integrator block ethernet_mux_0 .
INFO: [BD 41-1029] Generation completed for the IP Integrator block axis_dwidth_converter_1 .
INFO: [BD 41-1029] Generation completed for the IP Integrator block axis_data_fifo_9 .
INFO: [BD 41-1029] Generation completed for the IP Integrator block Ethernet_demux_0 .
INFO: [BD 41-1029] Generation completed for the IP Integrator block axis_register_slice_6 .
INFO: [BD 41-1029] Generation completed for the IP Integrator block Userplane_L1_Data_Gen_1 .
INFO: [BD 41-1029] Generation completed for the IP Integrator block Data_Gen_1 .
INFO: [BD 41-1029] Generation completed for the IP Integrator block eCpri_header_config_0 .
INFO: [BD 41-1029] Generation completed for the IP Integrator block axis_data_fifo_13 .
INFO: [BD 41-1029] Generation completed for the IP Integrator block l1tomplane_0 .
INFO: [BD 41-1029] Generation completed for the IP Integrator block mparam_0 .
INFO: [BD 41-1029] Generation completed for the IP Integrator block axis_data_fifo_11 .
INFO: [BD 41-1029] Generation completed for the IP Integrator block axis_register_slice_7 .
INFO: [BD 41-1029] Generation completed for the IP Integrator block axis_data_fifo_14 .
INFO: [BD 41-1029] Generation completed for the IP Integrator block vio_1 .
INFO: [BD 41-1029] Generation completed for the IP Integrator block zynq_ultra_ps_e_0 .
INFO: [BD 41-1029] Generation completed for the IP Integrator block ecpri_demux_0 .
Exporting to file /home/sai/Desktop/Looping_Hardware-design/project_1/project_1.srcs/sources_1/bd/check_40G_sim/ip/check_40G_sim_system_ila_0_0/bd_0/hw_handoff/check_40G_sim_system_ila_0_0.hwh
Generated Block Design Tcl file /home/sai/Desktop/Looping_Hardware-design/project_1/project_1.srcs/sources_1/bd/check_40G_sim/ip/check_40G_sim_system_ila_0_0/bd_0/hw_handoff/check_40G_sim_system_ila_0_0_bd.tcl
Generated Hardware Definition File /home/sai/Desktop/Looping_Hardware-design/project_1/project_1.srcs/sources_1/bd/check_40G_sim/ip/check_40G_sim_system_ila_0_0/bd_0/synth/check_40G_sim_system_ila_0_0.hwdef
INFO: [BD 41-1029] Generation completed for the IP Integrator block system_ila_0 .
INFO: [BD 41-1029] Generation completed for the IP Integrator block cplane_depacketizer_0 .
INFO: [BD 41-1029] Generation completed for the IP Integrator block axis_data_fifo_10 .
INFO: [BD 41-1029] Generation completed for the IP Integrator block axis_data_fifo_12 .
INFO: [BD 41-1029] Generation completed for the IP Integrator block uplane_depacketiser_0 .
INFO: [BD 41-1029] Generation completed for the IP Integrator block xxv_ethernet_0 .
INFO: [BD 41-1029] Generation completed for the IP Integrator block axis_data_fifo_5 .
INFO: [BD 41-1029] Generation completed for the IP Integrator block xlconstant_2 .
INFO: [BD 41-1029] Generation completed for the IP Integrator block axis_dwidth_converter_0 .
INFO: [BD 41-1029] Generation completed for the IP Integrator block axis_data_fifo_8 .
INFO: [BD 41-1029] Generation completed for the IP Integrator block xlconstant_7 .
Exporting to file /home/sai/Desktop/Looping_Hardware-design/project_1/project_1.srcs/sources_1/bd/check_40G_sim/ip/check_40G_sim_system_ila_1_0/bd_0/hw_handoff/check_40G_sim_system_ila_1_0.hwh
Generated Block Design Tcl file /home/sai/Desktop/Looping_Hardware-design/project_1/project_1.srcs/sources_1/bd/check_40G_sim/ip/check_40G_sim_system_ila_1_0/bd_0/hw_handoff/check_40G_sim_system_ila_1_0_bd.tcl
Generated Hardware Definition File /home/sai/Desktop/Looping_Hardware-design/project_1/project_1.srcs/sources_1/bd/check_40G_sim/ip/check_40G_sim_system_ila_1_0/bd_0/synth/check_40G_sim_system_ila_1_0.hwdef
INFO: [BD 41-1029] Generation completed for the IP Integrator block system_ila_1 .
Exporting to file /home/sai/Desktop/Looping_Hardware-design/project_1/project_1.srcs/sources_1/bd/check_40G_sim/ip/check_40G_sim_system_ila_2_0/bd_0/hw_handoff/check_40G_sim_system_ila_2_0.hwh
Generated Block Design Tcl file /home/sai/Desktop/Looping_Hardware-design/project_1/project_1.srcs/sources_1/bd/check_40G_sim/ip/check_40G_sim_system_ila_2_0/bd_0/hw_handoff/check_40G_sim_system_ila_2_0_bd.tcl
Generated Hardware Definition File /home/sai/Desktop/Looping_Hardware-design/project_1/project_1.srcs/sources_1/bd/check_40G_sim/ip/check_40G_sim_system_ila_2_0/bd_0/synth/check_40G_sim_system_ila_2_0.hwdef
INFO: [BD 41-1029] Generation completed for the IP Integrator block system_ila_2 .
INFO: [BD 41-1029] Generation completed for the IP Integrator block xlconstant_8 .
INFO: [BD 41-1029] Generation completed for the IP Integrator block tkeep_cleaner_FAPI_0 .
INFO: [BD 41-1029] Generation completed for the IP Integrator block tkeep_cleaner_FAPI_1 .
INFO: [BD 41-1029] Generation completed for the IP Integrator block axis_data_fifo_4 .
INFO: [BD 41-1029] Generation completed for the IP Integrator block xlconstant_1 .
INFO: [BD 41-1029] Generation completed for the IP Integrator block axis_data_fifo_15 .
WARNING: [IP_Flow 19-4994] Overwriting existing constraint file '/home/sai/Desktop/Looping_Hardware-design/project_1/project_1.srcs/sources_1/bd/check_40G_sim/ip/check_40G_sim_auto_ds_0/check_40G_sim_auto_ds_0_ooc.xdc'
INFO: [BD 41-1029] Generation completed for the IP Integrator block ps8_0_axi_periph/s00_couplers/auto_ds .
WARNING: [IP_Flow 19-4994] Overwriting existing constraint file '/home/sai/Desktop/Looping_Hardware-design/project_1/project_1.srcs/sources_1/bd/check_40G_sim/ip/check_40G_sim_auto_pc_0/check_40G_sim_auto_pc_0_ooc.xdc'
INFO: [BD 41-1029] Generation completed for the IP Integrator block ps8_0_axi_periph/s00_couplers/auto_pc .
INFO: [BD 41-1029] Generation completed for the IP Integrator block vio_2 .
INFO: [BD 41-1029] Generation completed for the IP Integrator block vio_3 .
Exporting to file /home/sai/Desktop/Looping_Hardware-design/project_1/project_1.srcs/sources_1/bd/check_40G_sim/hw_handoff/check_40G_sim.hwh
Generated Block Design Tcl file /home/sai/Desktop/Looping_Hardware-design/project_1/project_1.srcs/sources_1/bd/check_40G_sim/hw_handoff/check_40G_sim_bd.tcl
Generated Hardware Definition File /home/sai/Desktop/Looping_Hardware-design/project_1/project_1.srcs/sources_1/bd/check_40G_sim/synth/check_40G_sim.hwdef
INFO: [IP_Flow 19-4993] Using cached IP synthesis design for IP check_40G_sim_auto_ds_0, cache-ID = ed6afb67854764e9; cache size = 4762.989 MB.
INFO: [IP_Flow 19-4993] Using cached IP synthesis design for IP check_40G_sim_auto_pc_0, cache-ID = c71628547fa39532; cache size = 4762.989 MB.
config_ip_cache: Time (s): cpu = 00:00:03 ; elapsed = 00:00:10 . Memory (MB): peak = 7944.129 ; gain = 0.000 ; free physical = 22870 ; free virtual = 60542
[Tue May  9 12:27:40 2023] Launched check_40G_sim_vio_2_1_synth_1, check_40G_sim_vio_2_0_synth_1, synth_2...
Run output will be captured here:
check_40G_sim_vio_2_1_synth_1: /home/sai/Desktop/Looping_Hardware-design/project_1/project_1.runs/check_40G_sim_vio_2_1_synth_1/runme.log
check_40G_sim_vio_2_0_synth_1: /home/sai/Desktop/Looping_Hardware-design/project_1/project_1.runs/check_40G_sim_vio_2_0_synth_1/runme.log
synth_2: /home/sai/Desktop/Looping_Hardware-design/project_1/project_1.runs/synth_2/runme.log
[Tue May  9 12:27:40 2023] Launched impl_2...
Run output will be captured here: /home/sai/Desktop/Looping_Hardware-design/project_1/project_1.runs/impl_2/runme.log
launch_runs: Time (s): cpu = 00:00:29 ; elapsed = 00:01:10 . Memory (MB): peak = 7946.453 ; gain = 69.215 ; free physical = 22840 ; free virtual = 60517
zynquplus
WARNING: [Boardtcl 53-1] No current board_part set.
ERROR: [Ip 78-125] Tcl Error in evaluating proc can_apply_rule : 
regenerate_bd_layout
save_bd_design
Wrote  : </home/sai/Desktop/Looping_Hardware-design/project_1/project_1.srcs/sources_1/bd/check_40G_sim/ui/bd_18f54cac.ui> 
reset_run impl_2
launch_runs impl_2 -to_step write_bitstream -jobs 10
[Tue May  9 15:25:28 2023] Launched impl_2...
Run output will be captured here: /home/sai/Desktop/Looping_Hardware-design/project_1/project_1.runs/impl_2/runme.log
regenerate_bd_layout
validate_bd_design -force
WARNING: [xilinx.com:ip:axis_dwidth_converter:1.1-1] /axis_dwidth_converter_0Slave interface TUSER_WIDTH (1) is not an integer multiple of number of slave interface TDATA_NUM_BYTES (8). TUSER_BITS_PER_BYTE forced to 0.
INFO: [xilinx.com:ip:xxv_ethernet:3.0-5910] /xxv_ethernet_0 NOTE : INIT CLK of /xxv_ethernet_0 has input port frequency configured as 100000000 Hz (100.0 MHz).
WARNING: [BD 41-237] Bus Interface property AWUSER_WIDTH does not match between /ps8_0_axi_periph/s00_couplers/auto_ds/S_AXI(0) and /zynq_ultra_ps_e_0/M_AXI_HPM0_FPD(16)
WARNING: [BD 41-237] Bus Interface property ARUSER_WIDTH does not match between /ps8_0_axi_periph/s00_couplers/auto_ds/S_AXI(0) and /zynq_ultra_ps_e_0/M_AXI_HPM0_FPD(16)
WARNING: [BD 41-927] Following properties on pin /tkeep_cleaner_FAPI_0/clk have been updated from connected ip. They may not be synchronized with cell properties. You can set property on pin directly to confirm the value and resolve the warning.
	CLK_DOMAIN=check_40G_sim_xxv_ethernet_0_0_tx_clk_out_0 
WARNING: [BD 41-927] Following properties on pin /tkeep_cleaner_FAPI_1/clk have been updated from connected ip. They may not be synchronized with cell properties. You can set property on pin directly to confirm the value and resolve the warning.
	CLK_DOMAIN=check_40G_sim_xxv_ethernet_0_0_rx_clk_out_0 
CRITICAL WARNING: [BD 41-759] The input pins (listed below) are either not connected or do not have a source port, and they don't have a tie-off specified. These pins are tied-off to all 0's to avoid error in Implementation flow.
Please check your design and connect them as needed: 
/cplane_packetizer_0/mdata_numCoeff_V
/Ethernet_demux_0/rx_tstamp_in_V
/ethernet_mux_0/sync_data_in_TVALID
/ethernet_mux_0/mgmt_data_in_TVALID
/uplane_depacketiser_0/count_PRBs_V

validate_bd_design: Time (s): cpu = 00:00:12 ; elapsed = 00:00:12 . Memory (MB): peak = 7946.453 ; gain = 0.000 ; free physical = 21506 ; free virtual = 59985
zynquplus
WARNING: [Boardtcl 53-1] No current board_part set.
ERROR: [Ip 78-125] Tcl Error in evaluating proc can_apply_rule : 
save_bd_design
Wrote  : </home/sai/Desktop/Looping_Hardware-design/project_1/project_1.srcs/sources_1/bd/check_40G_sim/check_40G_sim.bd> 
Wrote  : </home/sai/Desktop/Looping_Hardware-design/project_1/project_1.srcs/sources_1/bd/check_40G_sim/ui/bd_18f54cac.ui> 
reset_run synth_2
launch_runs impl_2 -to_step write_bitstream -jobs 10
INFO: [BD 41-1662] The design 'check_40G_sim.bd' is already validated. Therefore parameter propagation will not be re-run.
CRITICAL WARNING: [BD 41-759] The input pins (listed below) are either not connected or do not have a source port, and they don't have a tie-off specified. These pins are tied-off to all 0's to avoid error in Implementation flow.
Please check your design and connect them as needed: 
/cplane_packetizer_0/mdata_numCoeff_V
/Ethernet_demux_0/rx_tstamp_in_V
/ethernet_mux_0/sync_data_in_TVALID
/ethernet_mux_0/mgmt_data_in_TVALID
/uplane_depacketiser_0/count_PRBs_V

WARNING: [BD 41-235] Width mismatch when connecting pin: '/cplane_depacketizer_0/eth_data_TUSER'(70) to net 'axis_data_fifo_10_M_AXIS_TUSER'(1) - Only lower order bits will be connected.
WARNING: [BD 41-235] Width mismatch when connecting pin: '/axis_dwidth_converter_1/s_axis_tuser'(16) to net 'ethernet_mux_0_eth_data_out_TUSER'(1) - Only lower order bits will be connected.
VHDL Output written to : /home/sai/Desktop/Looping_Hardware-design/project_1/project_1.srcs/sources_1/bd/check_40G_sim/synth/check_40G_sim.v
WARNING: [BD 41-235] Width mismatch when connecting pin: '/cplane_depacketizer_0/eth_data_TUSER'(70) to net 'axis_data_fifo_10_M_AXIS_TUSER'(1) - Only lower order bits will be connected.
WARNING: [BD 41-235] Width mismatch when connecting pin: '/axis_dwidth_converter_1/s_axis_tuser'(16) to net 'ethernet_mux_0_eth_data_out_TUSER'(1) - Only lower order bits will be connected.
VHDL Output written to : /home/sai/Desktop/Looping_Hardware-design/project_1/project_1.srcs/sources_1/bd/check_40G_sim/sim/check_40G_sim.v
VHDL Output written to : /home/sai/Desktop/Looping_Hardware-design/project_1/project_1.srcs/sources_1/bd/check_40G_sim/hdl/check_40G_sim_wrapper.v
INFO: [BD 41-1029] Generation completed for the IP Integrator block proc_sys_reset_0 .
INFO: [BD 41-1029] Generation completed for the IP Integrator block proc_sys_reset_1 .
INFO: [BD 41-1029] Generation completed for the IP Integrator block proc_sys_reset_2 .
INFO: [BD 41-1029] Generation completed for the IP Integrator block util_vector_logic_0 .
INFO: [BD 41-1029] Generation completed for the IP Integrator block L1_Data_Gen_0 .
INFO: [BD 41-1029] Generation completed for the IP Integrator block axis_data_fifo_0 .
INFO: [BD 41-1029] Generation completed for the IP Integrator block L1toORAN_0 .
INFO: [BD 41-1029] Generation completed for the IP Integrator block axis_register_slice_0 .
INFO: [BD 41-1029] Generation completed for the IP Integrator block axis_register_slice_1 .
INFO: [BD 41-1029] Generation completed for the IP Integrator block axis_register_slice_2 .
INFO: [BD 41-1029] Generation completed for the IP Integrator block axis_register_slice_3 .
INFO: [BD 41-1029] Generation completed for the IP Integrator block axis_register_slice_4 .
INFO: [BD 41-1029] Generation completed for the IP Integrator block cplane_packetizer_0 .
INFO: [BD 41-1029] Generation completed for the IP Integrator block xlconstant_0 .
INFO: [BD 41-1029] Generation completed for the IP Integrator block xlconstant_3 .
INFO: [BD 41-1029] Generation completed for the IP Integrator block xlconstant_4 .
INFO: [BD 41-1029] Generation completed for the IP Integrator block xlconstant_5 .
INFO: [BD 41-1029] Generation completed for the IP Integrator block BfW_Coeff_Gen_0 .
INFO: [BD 41-1029] Generation completed for the IP Integrator block axis_register_slice_5 .
INFO: [BD 41-1029] Generation completed for the IP Integrator block axis_data_fifo_1 .
INFO: [BD 41-1029] Generation completed for the IP Integrator block uplane_packetiser_0 .
INFO: [BD 41-1029] Generation completed for the IP Integrator block epacket_gen_0 .
INFO: [BD 41-1029] Generation completed for the IP Integrator block xlconstant_6 .
INFO: [BD 41-1029] Generation completed for the IP Integrator block axis_data_fifo_2 .
INFO: [BD 41-1029] Generation completed for the IP Integrator block axis_data_fifo_3 .
INFO: [BD 41-1029] Generation completed for the IP Integrator block vio_0 .
INFO: [BD 41-1029] Generation completed for the IP Integrator block axis_data_fifo_6 .
INFO: [BD 41-1029] Generation completed for the IP Integrator block axis_data_fifo_7 .
INFO: [BD 41-1029] Generation completed for the IP Integrator block ethernet_mux_0 .
INFO: [BD 41-1029] Generation completed for the IP Integrator block axis_dwidth_converter_1 .
INFO: [BD 41-1029] Generation completed for the IP Integrator block axis_data_fifo_9 .
INFO: [BD 41-1029] Generation completed for the IP Integrator block Ethernet_demux_0 .
INFO: [BD 41-1029] Generation completed for the IP Integrator block axis_register_slice_6 .
INFO: [BD 41-1029] Generation completed for the IP Integrator block Userplane_L1_Data_Gen_1 .
INFO: [BD 41-1029] Generation completed for the IP Integrator block Data_Gen_1 .
INFO: [BD 41-1029] Generation completed for the IP Integrator block eCpri_header_config_0 .
INFO: [BD 41-1029] Generation completed for the IP Integrator block axis_data_fifo_13 .
INFO: [BD 41-1029] Generation completed for the IP Integrator block l1tomplane_0 .
INFO: [BD 41-1029] Generation completed for the IP Integrator block mparam_0 .
INFO: [BD 41-1029] Generation completed for the IP Integrator block axis_data_fifo_11 .
INFO: [BD 41-1029] Generation completed for the IP Integrator block axis_register_slice_7 .
INFO: [BD 41-1029] Generation completed for the IP Integrator block axis_data_fifo_14 .
INFO: [BD 41-1029] Generation completed for the IP Integrator block vio_1 .
INFO: [BD 41-1029] Generation completed for the IP Integrator block zynq_ultra_ps_e_0 .
INFO: [BD 41-1029] Generation completed for the IP Integrator block ecpri_demux_0 .
Exporting to file /home/sai/Desktop/Looping_Hardware-design/project_1/project_1.srcs/sources_1/bd/check_40G_sim/ip/check_40G_sim_system_ila_0_0/bd_0/hw_handoff/check_40G_sim_system_ila_0_0.hwh
Generated Block Design Tcl file /home/sai/Desktop/Looping_Hardware-design/project_1/project_1.srcs/sources_1/bd/check_40G_sim/ip/check_40G_sim_system_ila_0_0/bd_0/hw_handoff/check_40G_sim_system_ila_0_0_bd.tcl
Generated Hardware Definition File /home/sai/Desktop/Looping_Hardware-design/project_1/project_1.srcs/sources_1/bd/check_40G_sim/ip/check_40G_sim_system_ila_0_0/bd_0/synth/check_40G_sim_system_ila_0_0.hwdef
INFO: [BD 41-1029] Generation completed for the IP Integrator block system_ila_0 .
INFO: [BD 41-1029] Generation completed for the IP Integrator block cplane_depacketizer_0 .
INFO: [BD 41-1029] Generation completed for the IP Integrator block axis_data_fifo_10 .
INFO: [BD 41-1029] Generation completed for the IP Integrator block axis_data_fifo_12 .
INFO: [BD 41-1029] Generation completed for the IP Integrator block uplane_depacketiser_0 .
INFO: [BD 41-1029] Generation completed for the IP Integrator block xxv_ethernet_0 .
INFO: [BD 41-1029] Generation completed for the IP Integrator block axis_data_fifo_5 .
INFO: [BD 41-1029] Generation completed for the IP Integrator block xlconstant_2 .
INFO: [BD 41-1029] Generation completed for the IP Integrator block axis_dwidth_converter_0 .
INFO: [BD 41-1029] Generation completed for the IP Integrator block axis_data_fifo_8 .
INFO: [BD 41-1029] Generation completed for the IP Integrator block xlconstant_7 .
Exporting to file /home/sai/Desktop/Looping_Hardware-design/project_1/project_1.srcs/sources_1/bd/check_40G_sim/ip/check_40G_sim_system_ila_1_0/bd_0/hw_handoff/check_40G_sim_system_ila_1_0.hwh
Generated Block Design Tcl file /home/sai/Desktop/Looping_Hardware-design/project_1/project_1.srcs/sources_1/bd/check_40G_sim/ip/check_40G_sim_system_ila_1_0/bd_0/hw_handoff/check_40G_sim_system_ila_1_0_bd.tcl
Generated Hardware Definition File /home/sai/Desktop/Looping_Hardware-design/project_1/project_1.srcs/sources_1/bd/check_40G_sim/ip/check_40G_sim_system_ila_1_0/bd_0/synth/check_40G_sim_system_ila_1_0.hwdef
INFO: [BD 41-1029] Generation completed for the IP Integrator block system_ila_1 .
Exporting to file /home/sai/Desktop/Looping_Hardware-design/project_1/project_1.srcs/sources_1/bd/check_40G_sim/ip/check_40G_sim_system_ila_2_0/bd_0/hw_handoff/check_40G_sim_system_ila_2_0.hwh
Generated Block Design Tcl file /home/sai/Desktop/Looping_Hardware-design/project_1/project_1.srcs/sources_1/bd/check_40G_sim/ip/check_40G_sim_system_ila_2_0/bd_0/hw_handoff/check_40G_sim_system_ila_2_0_bd.tcl
Generated Hardware Definition File /home/sai/Desktop/Looping_Hardware-design/project_1/project_1.srcs/sources_1/bd/check_40G_sim/ip/check_40G_sim_system_ila_2_0/bd_0/synth/check_40G_sim_system_ila_2_0.hwdef
INFO: [BD 41-1029] Generation completed for the IP Integrator block system_ila_2 .
INFO: [BD 41-1029] Generation completed for the IP Integrator block xlconstant_8 .
INFO: [BD 41-1029] Generation completed for the IP Integrator block tkeep_cleaner_FAPI_0 .
INFO: [BD 41-1029] Generation completed for the IP Integrator block tkeep_cleaner_FAPI_1 .
INFO: [BD 41-1029] Generation completed for the IP Integrator block axis_data_fifo_4 .
INFO: [BD 41-1029] Generation completed for the IP Integrator block xlconstant_1 .
INFO: [BD 41-1029] Generation completed for the IP Integrator block axis_data_fifo_15 .
INFO: [BD 41-1029] Generation completed for the IP Integrator block vio_2 .
INFO: [BD 41-1029] Generation completed for the IP Integrator block vio_3 .
WARNING: [IP_Flow 19-4994] Overwriting existing constraint file '/home/sai/Desktop/Looping_Hardware-design/project_1/project_1.srcs/sources_1/bd/check_40G_sim/ip/check_40G_sim_auto_ds_0/check_40G_sim_auto_ds_0_ooc.xdc'
INFO: [BD 41-1029] Generation completed for the IP Integrator block ps8_0_axi_periph/s00_couplers/auto_ds .
WARNING: [IP_Flow 19-4994] Overwriting existing constraint file '/home/sai/Desktop/Looping_Hardware-design/project_1/project_1.srcs/sources_1/bd/check_40G_sim/ip/check_40G_sim_auto_pc_0/check_40G_sim_auto_pc_0_ooc.xdc'
INFO: [BD 41-1029] Generation completed for the IP Integrator block ps8_0_axi_periph/s00_couplers/auto_pc .
Exporting to file /home/sai/Desktop/Looping_Hardware-design/project_1/project_1.srcs/sources_1/bd/check_40G_sim/hw_handoff/check_40G_sim.hwh
Generated Block Design Tcl file /home/sai/Desktop/Looping_Hardware-design/project_1/project_1.srcs/sources_1/bd/check_40G_sim/hw_handoff/check_40G_sim_bd.tcl
Generated Hardware Definition File /home/sai/Desktop/Looping_Hardware-design/project_1/project_1.srcs/sources_1/bd/check_40G_sim/synth/check_40G_sim.hwdef
INFO: [IP_Flow 19-4993] Using cached IP synthesis design for IP check_40G_sim_auto_ds_0, cache-ID = ed6afb67854764e9; cache size = 4767.293 MB.
INFO: [IP_Flow 19-4993] Using cached IP synthesis design for IP check_40G_sim_auto_pc_0, cache-ID = c71628547fa39532; cache size = 4767.293 MB.
[Tue May  9 15:40:46 2023] Launched synth_2...
Run output will be captured here: /home/sai/Desktop/Looping_Hardware-design/project_1/project_1.runs/synth_2/runme.log
[Tue May  9 15:40:46 2023] Launched impl_2...
Run output will be captured here: /home/sai/Desktop/Looping_Hardware-design/project_1/project_1.runs/impl_2/runme.log
launch_runs: Time (s): cpu = 00:00:22 ; elapsed = 00:00:16 . Memory (MB): peak = 8330.352 ; gain = 18.809 ; free physical = 21261 ; free virtual = 59791
zynquplus
WARNING: [Boardtcl 53-1] No current board_part set.
ERROR: [Ip 78-125] Tcl Error in evaluating proc can_apply_rule : 
exit
INFO: [Common 17-206] Exiting Vivado at Tue May  9 15:45:39 2023...
