INFO-FLOW: Workspace /home/admin4/Music/ORAN/o-ran_packetizer_depacketizer-master/hls_src/matrix_id_gen/solution1 opened at Fri Aug 28 00:23:18 IST 2020
Execute     config_clock -quiet -name default -period 10 -default=false 
INFO: [SYN 201-201] Setting up clock 'default' with a period of 10ns.
Execute     open_platform DefaultPlatform 
Execute     import_lib /opt/Xilinx/Vivado/2019.1/common/technology/xilinx/zynquplus/zynquplus 
Execute       source /opt/Xilinx/Vivado/2019.1/common/technology/xilinx/common/xilinx.lib 
Execute         source /opt/Xilinx/Vivado/2019.1/common/technology/xilinx/interface/xilinx_interface.lib 
Execute           source /opt/Xilinx/Vivado/2019.1/common/technology/xilinx/interface/plb46.lib 
Execute           source /opt/Xilinx/Vivado/2019.1/common/technology/xilinx/interface/fsl.lib 
Execute           source /opt/Xilinx/Vivado/2019.1/common/technology/xilinx/interface/axi4.lib 
Execute           source /opt/Xilinx/Vivado/2019.1/common/technology/xilinx/interface/maxi.lib 
Execute           source /opt/Xilinx/Vivado/2019.1/common/technology/xilinx/interface/saxilite.lib 
Execute         source /opt/Xilinx/Vivado/2019.1/common/technology/xilinx/common/dsp48.lib 
Execute         source /opt/Xilinx/Vivado/2019.1/common/technology/xilinx/ip/xfft.lib 
Execute         source /opt/Xilinx/Vivado/2019.1/common/technology/xilinx/ip/xfir.lib 
Execute         source /opt/Xilinx/Vivado/2019.1/common/technology/xilinx/ip/dds_compiler.lib 
Execute       source /opt/Xilinx/Vivado/2019.1/common/technology/xilinx/common/xilinx.hlp 
Execute         source /opt/Xilinx/Vivado/2019.1/common/technology/xilinx/common/target_info.tcl 
Execute         source /opt/Xilinx/Vivado/2019.1/common/technology/xilinx/interface/xilinx_interface.hlp 
Execute           source /opt/Xilinx/Vivado/2019.1/common/technology/xilinx/interface/maxi.hlp 
Execute           source /opt/Xilinx/Vivado/2019.1/common/technology/xilinx/interface/saxilite.hlp 
Execute         source /opt/Xilinx/Vivado/2019.1/common/technology/xilinx/common/dsp48.hlp 
Execute       source /opt/Xilinx/Vivado/2019.1/common/technology/xilinx/zynquplus/dsp48e2.hlp 
Execute       source /opt/Xilinx/Vivado/2019.1/common/technology/xilinx/common/xilinx.hlp 
Execute         source /opt/Xilinx/Vivado/2019.1/common/technology/xilinx/common/target_info.tcl 
Execute         source /opt/Xilinx/Vivado/2019.1/common/technology/xilinx/interface/xilinx_interface.hlp 
Execute           source /opt/Xilinx/Vivado/2019.1/common/technology/xilinx/interface/maxi.hlp 
Execute           source /opt/Xilinx/Vivado/2019.1/common/technology/xilinx/interface/saxilite.hlp 
Execute         source /opt/Xilinx/Vivado/2019.1/common/technology/xilinx/common/dsp48.hlp 
Execute     source /opt/Xilinx/Vivado/2019.1/common/technology/xilinx/zynquplus/zynquplus.gen 
Execute       source /opt/Xilinx/Vivado/2019.1/common/technology/xilinx/common/xilinx.gen 
Execute         source /opt/Xilinx/Vivado/2019.1/common/technology/xilinx/interface/plb46.gen 
Execute         source /opt/Xilinx/Vivado/2019.1/common/technology/xilinx/interface/fsl.gen 
Execute         source /opt/Xilinx/Vivado/2019.1/common/technology/xilinx/interface/axi4.gen 
Execute         source /opt/Xilinx/Vivado/2019.1/common/technology/xilinx/interface/nativeAXI4.gen 
Execute           source /opt/Xilinx/Vivado/2019.1/common/technology/xilinx/interface/saxilite.gen 
Execute           source /opt/Xilinx/Vivado/2019.1/common/technology/xilinx/interface/maxi.gen 
Execute         source /opt/Xilinx/Vivado/2019.1/common/technology/xilinx/scripts/xilinxcoregen.gen 
Execute         source /opt/Xilinx/Vivado/2019.1/common/technology/xilinx/interface/XilEDKCoreGen.gen 
Execute         source /opt/Xilinx/Vivado/2019.1/common/technology/xilinx/ip/dds_compiler.gen 
Execute         source /opt/Xilinx/Vivado/2019.1/common/technology/xilinx/ip/util.gen 
Execute         source /opt/Xilinx/Vivado/2019.1/common/technology/xilinx/ip/xfft.gen 
Execute         source /opt/Xilinx/Vivado/2019.1/common/technology/xilinx/ip/xfir.gen 
Execute         source /opt/Xilinx/Vivado/2019.1/common/technology/xilinx/common/dsp48.gen 
Execute     open_platform DefaultPlatform 
Execute     import_lib /opt/Xilinx/Vivado/2019.1/common/technology/xilinx/zynquplus/zynquplus_fpv7 
Execute       source /opt/Xilinx/Vivado/2019.1/common/technology/xilinx/common/xilinx_fp.lib 
Execute       source /opt/Xilinx/Vivado/2019.1/common/technology/xilinx/common/xilinx_fp.hlp 
Execute         source /opt/Xilinx/Vivado/2019.1/common/technology/xilinx/common/xilinx.hlp 
Execute           source /opt/Xilinx/Vivado/2019.1/common/technology/xilinx/common/target_info.tcl 
Execute           source /opt/Xilinx/Vivado/2019.1/common/technology/xilinx/interface/xilinx_interface.hlp 
Execute             source /opt/Xilinx/Vivado/2019.1/common/technology/xilinx/interface/maxi.hlp 
Execute             source /opt/Xilinx/Vivado/2019.1/common/technology/xilinx/interface/saxilite.hlp 
Execute           source /opt/Xilinx/Vivado/2019.1/common/technology/xilinx/common/dsp48.hlp 
Execute     source /opt/Xilinx/Vivado/2019.1/common/technology/xilinx/zynquplus/zynquplus_fpv7.gen 
Execute       source /opt/Xilinx/Vivado/2019.1/common/technology/xilinx/common/xilinx_fp.gen 
Execute     set_part xczu9eg-ffvb1156-2-e 
Execute       ap_part_info -name xczu9eg-ffvb1156-2-e -data single -quiet 
Command       ap_part_info done; 0.54 sec.
Execute       ap_part_info -name xczu9eg-ffvb1156-2-e -data info 
Execute       add_library xilinx/zynquplus/zynquplus:xczu9eg:-ffvb1156:-2-e 
Execute         get_default_platform 
Execute         license_isbetapart xczu9eg 
Command         license_isbetapart done; error code: 1; 
Execute         ap_part_info -data single -name xczu9eg-ffvb1156-2-e 
Execute         ap_part_info -name xczu9eg-ffvb1156-2-e -data resources 
Execute         ap_part_info -name xczu9eg-ffvb1156-2-e -data info 
Execute         ap_part_info -name xczu9eg-ffvb1156-2-e -data info 
Execute         config_chip_info -quiet -resource {SLICE 34260} {LUT 274080} {FF 548160} {DSP48E 2520} {BRAM 1824} {URAM 0} 
Execute         ap_part_info -name xczu9eg-ffvb1156-2-e -data info 
Execute         config_chip_info -quiet -speed medium 
Execute       add_library xilinx/zynquplus/zynquplus_fpv7 
Execute         get_default_platform 
Execute         open_platform DefaultPlatform 
Execute         import_lib /opt/Xilinx/Vivado/2019.1/common/technology/xilinx/zynquplus/zynquplus_fpv7 
Execute           source /opt/Xilinx/Vivado/2019.1/common/technology/xilinx/common/xilinx_fp.lib 
Execute           source /opt/Xilinx/Vivado/2019.1/common/technology/xilinx/common/xilinx_fp.hlp 
Execute             source /opt/Xilinx/Vivado/2019.1/common/technology/xilinx/common/xilinx.hlp 
Execute               source /opt/Xilinx/Vivado/2019.1/common/technology/xilinx/common/target_info.tcl 
Execute               source /opt/Xilinx/Vivado/2019.1/common/technology/xilinx/interface/xilinx_interface.hlp 
Execute                 source /opt/Xilinx/Vivado/2019.1/common/technology/xilinx/interface/maxi.hlp 
Execute                 source /opt/Xilinx/Vivado/2019.1/common/technology/xilinx/interface/saxilite.hlp 
Execute               source /opt/Xilinx/Vivado/2019.1/common/technology/xilinx/common/dsp48.hlp 
Execute         source /opt/Xilinx/Vivado/2019.1/common/technology/xilinx/zynquplus/zynquplus_fpv7.gen 
Execute           source /opt/Xilinx/Vivado/2019.1/common/technology/xilinx/common/xilinx_fp.gen 
INFO: [HLS 200-10] Setting target device to 'xczu9eg-ffvb1156-2-e'
Execute       ap_part_info -name xczu9eg-ffvb1156-2-e -data info 
Execute       get_default_platform 
Command     set_part done; 0.62 sec.
Execute     ap_part_info -data single -name xczu9eg-ffvb1156-2-e 
Execute     ap_part_info -name xczu9eg-ffvb1156-2-e -data resources 
Execute     ap_part_info -name xczu9eg-ffvb1156-2-e -data info 
Execute     ap_part_info -name xczu9eg-ffvb1156-2-e -data info 
Execute     config_chip_info -quiet -resource {SLICE 34260} {LUT 274080} {FF 548160} {DSP48E 2520} {BRAM 1824} {URAM 0} 
Execute     ap_part_info -name xczu9eg-ffvb1156-2-e -data info 
Execute     config_chip_info -quiet -speed medium 
Command   open_solution done; 0.72 sec.
Execute   set_part xczu9eg-ffvb1156-2-e -tool vivado 
Execute     ap_part_info -name xczu9eg-ffvb1156-2-e -data single -quiet 
Execute     ap_part_info -name xczu9eg-ffvb1156-2-e -data info 
Execute     add_library xilinx/zynquplus/zynquplus:xczu9eg:-ffvb1156:-2-e 
Execute       get_default_platform 
Execute       license_isbetapart xczu9eg 
Command       license_isbetapart done; error code: 1; 
Execute       ap_part_info -data single -name xczu9eg-ffvb1156-2-e 
Execute       ap_part_info -name xczu9eg-ffvb1156-2-e -data resources 
Execute       ap_part_info -name xczu9eg-ffvb1156-2-e -data info 
Execute       ap_part_info -name xczu9eg-ffvb1156-2-e -data info 
Execute       config_chip_info -quiet -resource {SLICE 34260} {LUT 274080} {FF 548160} {DSP48E 2520} {BRAM 1824} {URAM 0} 
Execute       ap_part_info -name xczu9eg-ffvb1156-2-e -data info 
Execute       config_chip_info -quiet -speed medium 
Execute     add_library xilinx/zynquplus/zynquplus_fpv7 
Execute       get_default_platform 
Execute       open_platform DefaultPlatform 
Execute       import_lib /opt/Xilinx/Vivado/2019.1/common/technology/xilinx/zynquplus/zynquplus_fpv7 
Execute         source /opt/Xilinx/Vivado/2019.1/common/technology/xilinx/common/xilinx_fp.lib 
Execute         source /opt/Xilinx/Vivado/2019.1/common/technology/xilinx/common/xilinx_fp.hlp 
Execute           source /opt/Xilinx/Vivado/2019.1/common/technology/xilinx/common/xilinx.hlp 
Execute             source /opt/Xilinx/Vivado/2019.1/common/technology/xilinx/common/target_info.tcl 
Execute             source /opt/Xilinx/Vivado/2019.1/common/technology/xilinx/interface/xilinx_interface.hlp 
Execute               source /opt/Xilinx/Vivado/2019.1/common/technology/xilinx/interface/maxi.hlp 
Execute               source /opt/Xilinx/Vivado/2019.1/common/technology/xilinx/interface/saxilite.hlp 
Execute             source /opt/Xilinx/Vivado/2019.1/common/technology/xilinx/common/dsp48.hlp 
Execute       source /opt/Xilinx/Vivado/2019.1/common/technology/xilinx/zynquplus/zynquplus_fpv7.gen 
Execute         source /opt/Xilinx/Vivado/2019.1/common/technology/xilinx/common/xilinx_fp.gen 
Execute     ap_part_info -name xczu9eg-ffvb1156-2-e -data info 
Execute     get_default_platform 
Execute   create_clock -period 10 -name default 
Execute   csynth_design 
Execute     get_config_compile -dump_cfg 
Execute     get_config_compile -effort 
Execute     get_config_compile -enable_clang39 
Execute     get_config_compile -g 
Execute     get_config_compile -ng 
Execute     get_config_compile -opt_fp 
Execute     get_config_compile -skip_cdt 
Execute     get_config_compile -skip_syncheck 
Execute     get_config_compile -skip_transform 
Execute     get_config_compile -keep_printf 
Execute     elaborate -effort=medium -skip_syncheck=0 -keep_printf=0 -skip_cdt=0 -skip_transform=0 -ng=0 -g=0 -opt_fp=0 -from_csynth_design=1 
Execute       get_config_schedule -relax_ii_for_timing 
INFO: [SCHED 204-61] Option 'relax_ii_for_timing' is enabled, will increase II to preserve clock frequency constraints.
Execute       get_config_schedule -suppress_dependence_error_break 
INFO: [HLS 200-10] Analyzing design file 'matrix_id_gen/matrix_id_gen.cpp' ... 
INFO-FLOW: Compiling one TU...
Execute       is_m_axi_addr64 
INFO-FLOW: Handling matrix_id_gen/matrix_id_gen.cpp as C++
Execute       ap_part_info -name xczu9eg-ffvb1156-2-e -data info 
Execute       is_encrypted matrix_id_gen/matrix_id_gen.cpp 
Execute       ap_part_info -name xczu9eg-ffvb1156-2-e -data info 
INFO-FLOW: Running: GCC PP
INFO-FLOW: Source preprocessing
Execute       clang  -fno-limit-debug-info -gcc-toolchain "/opt/Xilinx/Vivado/2019.1/lnx64/tools/gcc" -hls  -fno-exceptions  -D__llvm__  -E "matrix_id_gen/matrix_id_gen.cpp"     -fno-math-errno -c -emit-llvm -O0  -mllvm -disable-llvm-optzns -fno-threadsafe-statics  -fno-use-cxa-atexit  -fno-threadsafe-statics -fno-use-cxa-atexit -D__CLANG_3_1__ -DAESL_SYN -D__SYNTHESIS__ -D__HLS_SYN__ -I "/opt/Xilinx/Vivado/2019.1/common/technology/autopilot" -I "/opt/Xilinx/Vivado/2019.1/common/technology/autopilot/ap_sysc" -include etc/autopilot_ssdm_op.h -D__DSP48E2__  -o "/home/admin4/Music/ORAN/o-ran_packetizer_depacketizer-master/hls_src/matrix_id_gen/solution1/.autopilot/db/matrix_id_gen.pp.0.cpp" 
INFO-FLOW: exec /opt/Xilinx/Vivado/2019.1/lnx64/tools/clang/bin/clang -fno-limit-debug-info -gcc-toolchain /opt/Xilinx/Vivado/2019.1/lnx64/tools/gcc -hls -fno-exceptions -D__llvm__ -E matrix_id_gen/matrix_id_gen.cpp -fno-math-errno -c -emit-llvm -O0 -mllvm -disable-llvm-optzns -fno-threadsafe-statics -fno-use-cxa-atexit -fno-threadsafe-statics -fno-use-cxa-atexit -D__CLANG_3_1__ -DAESL_SYN -D__SYNTHESIS__ -D__HLS_SYN__ -I /opt/Xilinx/Vivado/2019.1/common/technology/autopilot -I /opt/Xilinx/Vivado/2019.1/common/technology/autopilot/ap_sysc -include etc/autopilot_ssdm_op.h -D__DSP48E2__ -o /home/admin4/Music/ORAN/o-ran_packetizer_depacketizer-master/hls_src/matrix_id_gen/solution1/.autopilot/db/matrix_id_gen.pp.0.cpp
Command       clang done; 1.25 sec.
Execute       tidy_31 xilinx-xfmat-array-geometry /home/admin4/Music/ORAN/o-ran_packetizer_depacketizer-master/hls_src/matrix_id_gen/solution1/.autopilot/db/matrix_id_gen.pp.0.cpp std=gnu++98 
INFO-FLOW: exec /opt/Xilinx/Vivado/2019.1/lnx64/tools/clang-3.9-csynth/bin/tidy-3.1 -header-filter=.* -checks=-*,xilinx-xfmat-array-geometry -quiet -fix /home/admin4/Music/ORAN/o-ran_packetizer_depacketizer-master/hls_src/matrix_id_gen/solution1/.autopilot/db/matrix_id_gen.pp.0.cpp -- -std=gnu++98 -fhls -ferror-limit=0
Command       tidy_31 done; 0.53 sec.
INFO-FLOW: Syntax Checking before pre-processing...
Execute       clang -syntaxcheck -src /home/admin4/Music/ORAN/o-ran_packetizer_depacketizer-master/hls_src/matrix_id_gen/solution1/.autopilot/db/matrix_id_gen.pp.0.cpp  -fno-limit-debug-info -gcc-toolchain "/opt/Xilinx/Vivado/2019.1/lnx64/tools/gcc" -hls    -fno-math-errno -c -emit-llvm -O0  -mllvm -disable-llvm-optzns -fno-threadsafe-statics  -fno-use-cxa-atexit  -fno-threadsafe-statics -fno-use-cxa-atexit -D__CLANG_3_1__ -DAESL_SYN -D__SYNTHESIS__ -D__HLS_SYN__ -I "/opt/Xilinx/Vivado/2019.1/common/technology/autopilot" -I "/opt/Xilinx/Vivado/2019.1/common/technology/autopilot/ap_sysc" -include etc/autopilot_ssdm_op.h -D__DSP48E2__  "/home/admin4/Music/ORAN/o-ran_packetizer_depacketizer-master/hls_src/matrix_id_gen/solution1/.autopilot/db/matrix_id_gen.pp.0.cpp"  -o "/home/admin4/Music/ORAN/o-ran_packetizer_depacketizer-master/hls_src/matrix_id_gen/solution1/.autopilot/db/useless.bc"  
INFO-FLOW: exec /opt/Xilinx/Vivado/2019.1/lnx64/tools/clang/bin/clang -fno-limit-debug-info -gcc-toolchain /opt/Xilinx/Vivado/2019.1/lnx64/tools/gcc -hls -fno-math-errno -c -emit-llvm -O0 -mllvm -disable-llvm-optzns -fno-threadsafe-statics -fno-use-cxa-atexit -fno-threadsafe-statics -fno-use-cxa-atexit -D__CLANG_3_1__ -DAESL_SYN -D__SYNTHESIS__ -D__HLS_SYN__ -I /opt/Xilinx/Vivado/2019.1/common/technology/autopilot -I /opt/Xilinx/Vivado/2019.1/common/technology/autopilot/ap_sysc -include etc/autopilot_ssdm_op.h -D__DSP48E2__ /home/admin4/Music/ORAN/o-ran_packetizer_depacketizer-master/hls_src/matrix_id_gen/solution1/.autopilot/db/matrix_id_gen.pp.0.cpp -o /home/admin4/Music/ORAN/o-ran_packetizer_depacketizer-master/hls_src/matrix_id_gen/solution1/.autopilot/db/useless.bc
ERROR: [HLS 200-70] Compilation errors found: In file included from matrix_id_gen/matrix_id_gen.cpp:1:
matrix_id_gen/matrix_id_gen.cpp:5:15: error: use of undeclared identifier 'matrix_cfg'
  hls::stream<matrix_cfg> matrixID
              ^
matrix_id_gen/matrix_id_gen.cpp:8:2: error: use of undeclared identifier 'matrix_cfg'
 matrix_cfg matrix_out;
 ^
2 errors generated.
Command       clang done; error code: 2; 1.51 sec.
Command     elaborate done; error code: 2; 3.3 sec.
Command   csynth_design done; error code: 2; 3.31 sec.
Command ap_source done; error code: 1; 4.11 sec.
Execute cleanup_all 
