
*** Running vivado
    with args -log check_40G_sim_vio_2_0.vds -m64 -product Vivado -mode batch -messageDb vivado.pb -notrace -source check_40G_sim_vio_2_0.tcl


****** Vivado v2019.1 (64-bit)
  **** SW Build 2552052 on Fri May 24 14:47:09 MDT 2019
  **** IP Build 2548770 on Fri May 24 18:01:18 MDT 2019
    ** Copyright 1986-2019 Xilinx, Inc. All Rights Reserved.

source check_40G_sim_vio_2_0.tcl -notrace
INFO: [IP_Flow 19-234] Refreshing IP repositories
INFO: [IP_Flow 19-1700] Loaded user IP repository '/home/sai/Desktop/Looping_Hardware-design/sim_src'.
INFO: [IP_Flow 19-1700] Loaded user IP repository '/home/sai/Desktop/Looping_Hardware-design/hls_src'.
INFO: [IP_Flow 19-2313] Loaded Vivado IP repository '/opt/Xilinx_19.1/Vivado/2019.1/data/ip'.
WARNING: [IP_Flow 19-1663] Duplicate IP found for 'xilinx.com:hls:Userplane_L1_Data_Gen:1.0'. The one found in IP location '/home/sai/Desktop/Looping_Hardware-design/hls_src/U_plane_src/12_Dummy_L1_to_UPLANE/solution1/impl/ip' will take precedence over the same IP in location /home/sai/Desktop/Looping_Hardware-design/hls_src/other_ips/12_Dummy_L1_to_UPLANE/solution1/impl/ip
Command: synth_design -top check_40G_sim_vio_2_0 -part xczu19eg-ffvd1760-3-e -mode out_of_context
Starting synth_design
Attempting to get a license for feature 'Synthesis' and/or device 'xczu19eg'
INFO: [Common 17-349] Got license for feature 'Synthesis' and/or device 'xczu19eg'
INFO: [Common 17-1540] The version limit for your license is '2021.09' and has expired for new software. A version limit expiration means that, although you may be able to continue to use the current version of tools or IP with this license, you will not be eligible for any updates or new releases.
INFO: [Device 21-403] Loading part xczu19eg-ffvd1760-3-e
INFO: Launching helper process for spawning children vivado processes
INFO: Helper process launched with PID 11361 
---------------------------------------------------------------------------------
Starting RTL Elaboration : Time (s): cpu = 00:00:03 ; elapsed = 00:00:05 . Memory (MB): peak = 2505.953 ; gain = 0.000 ; free physical = 20086 ; free virtual = 57909
---------------------------------------------------------------------------------
INFO: [Synth 8-6157] synthesizing module 'check_40G_sim_vio_2_0' [/home/sai/Desktop/Looping_Hardware-design/project_1/project_1.srcs/sources_1/bd/check_40G_sim/ip/check_40G_sim_vio_2_0/synth/check_40G_sim_vio_2_0.v:59]
WARNING: [Synth 8-3848] Net sl_iport0 in module/entity check_40G_sim_vio_2_0 does not have driver. [/home/sai/Desktop/Looping_Hardware-design/project_1/project_1.srcs/sources_1/bd/check_40G_sim/ip/check_40G_sim_vio_2_0/synth/check_40G_sim_vio_2_0.v:71]
INFO: [Synth 8-6155] done synthesizing module 'check_40G_sim_vio_2_0' (6#1) [/home/sai/Desktop/Looping_Hardware-design/project_1/project_1.srcs/sources_1/bd/check_40G_sim/ip/check_40G_sim_vio_2_0/synth/check_40G_sim_vio_2_0.v:59]
WARNING: [Synth 8-3331] design vio_v3_0_20_probe_out_one has unconnected port Bus_rst
WARNING: [Synth 8-3331] design vio_v3_0_20_probe_out_one has unconnected port Read
WARNING: [Synth 8-3331] design vio_v3_0_20_probe_out_one has unconnected port Bus_Data_in[15]
WARNING: [Synth 8-3331] design vio_v3_0_20_probe_out_one has unconnected port Bus_Data_in[14]
WARNING: [Synth 8-3331] design vio_v3_0_20_probe_out_one has unconnected port Bus_Data_in[13]
WARNING: [Synth 8-3331] design vio_v3_0_20_probe_out_one has unconnected port Bus_Data_in[12]
WARNING: [Synth 8-3331] design vio_v3_0_20_probe_out_one has unconnected port Bus_Data_in[11]
WARNING: [Synth 8-3331] design vio_v3_0_20_probe_out_one has unconnected port Bus_Data_in[10]
WARNING: [Synth 8-3331] design vio_v3_0_20_probe_out_one has unconnected port Bus_Data_in[9]
WARNING: [Synth 8-3331] design vio_v3_0_20_probe_out_one has unconnected port Bus_Data_in[8]
WARNING: [Synth 8-3331] design vio_v3_0_20_probe_out_one has unconnected port Bus_Data_in[7]
WARNING: [Synth 8-3331] design vio_v3_0_20_probe_out_one has unconnected port Bus_Data_in[6]
WARNING: [Synth 8-3331] design vio_v3_0_20_probe_out_one has unconnected port Internal_cnt_rst
WARNING: [Synth 8-3331] design vio_v3_0_20_vio has unconnected port probe_in0[0]
WARNING: [Synth 8-3331] design vio_v3_0_20_vio has unconnected port probe_in1[0]
WARNING: [Synth 8-3331] design vio_v3_0_20_vio has unconnected port probe_in2[0]
WARNING: [Synth 8-3331] design vio_v3_0_20_vio has unconnected port probe_in3[0]
WARNING: [Synth 8-3331] design vio_v3_0_20_vio has unconnected port probe_in4[0]
WARNING: [Synth 8-3331] design vio_v3_0_20_vio has unconnected port probe_in5[0]
WARNING: [Synth 8-3331] design vio_v3_0_20_vio has unconnected port probe_in6[0]
WARNING: [Synth 8-3331] design vio_v3_0_20_vio has unconnected port probe_in7[0]
WARNING: [Synth 8-3331] design vio_v3_0_20_vio has unconnected port probe_in8[0]
WARNING: [Synth 8-3331] design vio_v3_0_20_vio has unconnected port probe_in9[0]
WARNING: [Synth 8-3331] design vio_v3_0_20_vio has unconnected port probe_in10[0]
WARNING: [Synth 8-3331] design vio_v3_0_20_vio has unconnected port probe_in11[0]
WARNING: [Synth 8-3331] design vio_v3_0_20_vio has unconnected port probe_in12[0]
WARNING: [Synth 8-3331] design vio_v3_0_20_vio has unconnected port probe_in13[0]
WARNING: [Synth 8-3331] design vio_v3_0_20_vio has unconnected port probe_in14[0]
WARNING: [Synth 8-3331] design vio_v3_0_20_vio has unconnected port probe_in15[0]
WARNING: [Synth 8-3331] design vio_v3_0_20_vio has unconnected port probe_in16[0]
WARNING: [Synth 8-3331] design vio_v3_0_20_vio has unconnected port probe_in17[0]
WARNING: [Synth 8-3331] design vio_v3_0_20_vio has unconnected port probe_in18[0]
WARNING: [Synth 8-3331] design vio_v3_0_20_vio has unconnected port probe_in19[0]
WARNING: [Synth 8-3331] design vio_v3_0_20_vio has unconnected port probe_in20[0]
WARNING: [Synth 8-3331] design vio_v3_0_20_vio has unconnected port probe_in21[0]
WARNING: [Synth 8-3331] design vio_v3_0_20_vio has unconnected port probe_in22[0]
WARNING: [Synth 8-3331] design vio_v3_0_20_vio has unconnected port probe_in23[0]
WARNING: [Synth 8-3331] design vio_v3_0_20_vio has unconnected port probe_in24[0]
WARNING: [Synth 8-3331] design vio_v3_0_20_vio has unconnected port probe_in25[0]
WARNING: [Synth 8-3331] design vio_v3_0_20_vio has unconnected port probe_in26[0]
WARNING: [Synth 8-3331] design vio_v3_0_20_vio has unconnected port probe_in27[0]
WARNING: [Synth 8-3331] design vio_v3_0_20_vio has unconnected port probe_in28[0]
WARNING: [Synth 8-3331] design vio_v3_0_20_vio has unconnected port probe_in29[0]
WARNING: [Synth 8-3331] design vio_v3_0_20_vio has unconnected port probe_in30[0]
WARNING: [Synth 8-3331] design vio_v3_0_20_vio has unconnected port probe_in31[0]
WARNING: [Synth 8-3331] design vio_v3_0_20_vio has unconnected port probe_in32[0]
WARNING: [Synth 8-3331] design vio_v3_0_20_vio has unconnected port probe_in33[0]
WARNING: [Synth 8-3331] design vio_v3_0_20_vio has unconnected port probe_in34[0]
WARNING: [Synth 8-3331] design vio_v3_0_20_vio has unconnected port probe_in35[0]
WARNING: [Synth 8-3331] design vio_v3_0_20_vio has unconnected port probe_in36[0]
WARNING: [Synth 8-3331] design vio_v3_0_20_vio has unconnected port probe_in37[0]
WARNING: [Synth 8-3331] design vio_v3_0_20_vio has unconnected port probe_in38[0]
WARNING: [Synth 8-3331] design vio_v3_0_20_vio has unconnected port probe_in39[0]
WARNING: [Synth 8-3331] design vio_v3_0_20_vio has unconnected port probe_in40[0]
WARNING: [Synth 8-3331] design vio_v3_0_20_vio has unconnected port probe_in41[0]
WARNING: [Synth 8-3331] design vio_v3_0_20_vio has unconnected port probe_in42[0]
WARNING: [Synth 8-3331] design vio_v3_0_20_vio has unconnected port probe_in43[0]
WARNING: [Synth 8-3331] design vio_v3_0_20_vio has unconnected port probe_in44[0]
WARNING: [Synth 8-3331] design vio_v3_0_20_vio has unconnected port probe_in45[0]
WARNING: [Synth 8-3331] design vio_v3_0_20_vio has unconnected port probe_in46[0]
WARNING: [Synth 8-3331] design vio_v3_0_20_vio has unconnected port probe_in47[0]
WARNING: [Synth 8-3331] design vio_v3_0_20_vio has unconnected port probe_in48[0]
WARNING: [Synth 8-3331] design vio_v3_0_20_vio has unconnected port probe_in49[0]
WARNING: [Synth 8-3331] design vio_v3_0_20_vio has unconnected port probe_in50[0]
WARNING: [Synth 8-3331] design vio_v3_0_20_vio has unconnected port probe_in51[0]
WARNING: [Synth 8-3331] design vio_v3_0_20_vio has unconnected port probe_in52[0]
WARNING: [Synth 8-3331] design vio_v3_0_20_vio has unconnected port probe_in53[0]
WARNING: [Synth 8-3331] design vio_v3_0_20_vio has unconnected port probe_in54[0]
WARNING: [Synth 8-3331] design vio_v3_0_20_vio has unconnected port probe_in55[0]
WARNING: [Synth 8-3331] design vio_v3_0_20_vio has unconnected port probe_in56[0]
WARNING: [Synth 8-3331] design vio_v3_0_20_vio has unconnected port probe_in57[0]
WARNING: [Synth 8-3331] design vio_v3_0_20_vio has unconnected port probe_in58[0]
WARNING: [Synth 8-3331] design vio_v3_0_20_vio has unconnected port probe_in59[0]
WARNING: [Synth 8-3331] design vio_v3_0_20_vio has unconnected port probe_in60[0]
WARNING: [Synth 8-3331] design vio_v3_0_20_vio has unconnected port probe_in61[0]
WARNING: [Synth 8-3331] design vio_v3_0_20_vio has unconnected port probe_in62[0]
WARNING: [Synth 8-3331] design vio_v3_0_20_vio has unconnected port probe_in63[0]
WARNING: [Synth 8-3331] design vio_v3_0_20_vio has unconnected port probe_in64[0]
WARNING: [Synth 8-3331] design vio_v3_0_20_vio has unconnected port probe_in65[0]
WARNING: [Synth 8-3331] design vio_v3_0_20_vio has unconnected port probe_in66[0]
WARNING: [Synth 8-3331] design vio_v3_0_20_vio has unconnected port probe_in67[0]
WARNING: [Synth 8-3331] design vio_v3_0_20_vio has unconnected port probe_in68[0]
WARNING: [Synth 8-3331] design vio_v3_0_20_vio has unconnected port probe_in69[0]
WARNING: [Synth 8-3331] design vio_v3_0_20_vio has unconnected port probe_in70[0]
WARNING: [Synth 8-3331] design vio_v3_0_20_vio has unconnected port probe_in71[0]
WARNING: [Synth 8-3331] design vio_v3_0_20_vio has unconnected port probe_in72[0]
WARNING: [Synth 8-3331] design vio_v3_0_20_vio has unconnected port probe_in73[0]
WARNING: [Synth 8-3331] design vio_v3_0_20_vio has unconnected port probe_in74[0]
WARNING: [Synth 8-3331] design vio_v3_0_20_vio has unconnected port probe_in75[0]
WARNING: [Synth 8-3331] design vio_v3_0_20_vio has unconnected port probe_in76[0]
WARNING: [Synth 8-3331] design vio_v3_0_20_vio has unconnected port probe_in77[0]
WARNING: [Synth 8-3331] design vio_v3_0_20_vio has unconnected port probe_in78[0]
WARNING: [Synth 8-3331] design vio_v3_0_20_vio has unconnected port probe_in79[0]
WARNING: [Synth 8-3331] design vio_v3_0_20_vio has unconnected port probe_in80[0]
WARNING: [Synth 8-3331] design vio_v3_0_20_vio has unconnected port probe_in81[0]
WARNING: [Synth 8-3331] design vio_v3_0_20_vio has unconnected port probe_in82[0]
WARNING: [Synth 8-3331] design vio_v3_0_20_vio has unconnected port probe_in83[0]
WARNING: [Synth 8-3331] design vio_v3_0_20_vio has unconnected port probe_in84[0]
WARNING: [Synth 8-3331] design vio_v3_0_20_vio has unconnected port probe_in85[0]
WARNING: [Synth 8-3331] design vio_v3_0_20_vio has unconnected port probe_in86[0]
INFO: [Common 17-14] Message 'Synth 8-3331' appears 100 times and further instances of the messages will be disabled. Use the Tcl command set_msg_config to change the current settings.
---------------------------------------------------------------------------------
Finished RTL Elaboration : Time (s): cpu = 00:00:05 ; elapsed = 00:00:07 . Memory (MB): peak = 2505.953 ; gain = 0.000 ; free physical = 20130 ; free virtual = 57960
---------------------------------------------------------------------------------

Report Check Netlist: 
+------+------------------+-------+---------+-------+------------------+
|      |Item              |Errors |Warnings |Status |Description       |
+------+------------------+-------+---------+-------+------------------+
|1     |multi_driven_nets |      0|        0|Passed |Multi driven nets |
+------+------------------+-------+---------+-------+------------------+
---------------------------------------------------------------------------------
Start Handling Custom Attributes
---------------------------------------------------------------------------------
---------------------------------------------------------------------------------
Finished Handling Custom Attributes : Time (s): cpu = 00:00:05 ; elapsed = 00:00:08 . Memory (MB): peak = 2505.953 ; gain = 0.000 ; free physical = 20124 ; free virtual = 57952
---------------------------------------------------------------------------------
---------------------------------------------------------------------------------
Finished RTL Optimization Phase 1 : Time (s): cpu = 00:00:05 ; elapsed = 00:00:08 . Memory (MB): peak = 2505.953 ; gain = 0.000 ; free physical = 20124 ; free virtual = 57952
---------------------------------------------------------------------------------
INFO: [Project 1-570] Preparing netlist for logic optimization

Processing XDC Constraints
Initializing timing engine
Parsing XDC File [/home/sai/Desktop/Looping_Hardware-design/project_1/project_1.srcs/sources_1/bd/check_40G_sim/ip/check_40G_sim_vio_2_0/check_40G_sim_vio_2_0_ooc.xdc]
Finished Parsing XDC File [/home/sai/Desktop/Looping_Hardware-design/project_1/project_1.srcs/sources_1/bd/check_40G_sim/ip/check_40G_sim_vio_2_0/check_40G_sim_vio_2_0_ooc.xdc]
Parsing XDC File [/home/sai/Desktop/Looping_Hardware-design/project_1/project_1.srcs/sources_1/bd/check_40G_sim/ip/check_40G_sim_vio_2_0/check_40G_sim_vio_2_0.xdc]
Finished Parsing XDC File [/home/sai/Desktop/Looping_Hardware-design/project_1/project_1.srcs/sources_1/bd/check_40G_sim/ip/check_40G_sim_vio_2_0/check_40G_sim_vio_2_0.xdc]
Completed Processing XDC Constraints

Netlist sorting complete. Time (s): cpu = 00:00:00 ; elapsed = 00:00:00 . Memory (MB): peak = 2684.516 ; gain = 0.000 ; free physical = 19890 ; free virtual = 57733
INFO: [Project 1-111] Unisim Transformation Summary:
No Unisim elements were transformed.

Constraint Validation Runtime : Time (s): cpu = 00:00:00.02 ; elapsed = 00:00:00.06 . Memory (MB): peak = 2684.516 ; gain = 0.000 ; free physical = 19889 ; free virtual = 57732
---------------------------------------------------------------------------------
Finished Constraint Validation : Time (s): cpu = 00:00:14 ; elapsed = 00:00:22 . Memory (MB): peak = 2684.516 ; gain = 178.562 ; free physical = 20064 ; free virtual = 57909
---------------------------------------------------------------------------------
---------------------------------------------------------------------------------
Start Loading Part and Timing Information
---------------------------------------------------------------------------------
Loading part: xczu19eg-ffvd1760-3-e
INFO: [Synth 8-6742] Reading net delay rules and data
---------------------------------------------------------------------------------
Finished Loading Part and Timing Information : Time (s): cpu = 00:00:14 ; elapsed = 00:00:22 . Memory (MB): peak = 2684.516 ; gain = 178.562 ; free physical = 20066 ; free virtual = 57909
---------------------------------------------------------------------------------
---------------------------------------------------------------------------------
Start Applying 'set_property' XDC Constraints
---------------------------------------------------------------------------------
---------------------------------------------------------------------------------
Finished applying 'set_property' XDC Constraints : Time (s): cpu = 00:00:14 ; elapsed = 00:00:22 . Memory (MB): peak = 2684.516 ; gain = 178.562 ; free physical = 20066 ; free virtual = 57909
---------------------------------------------------------------------------------
---------------------------------------------------------------------------------
Finished RTL Optimization Phase 2 : Time (s): cpu = 00:00:15 ; elapsed = 00:00:23 . Memory (MB): peak = 2684.516 ; gain = 178.562 ; free physical = 20050 ; free virtual = 57894
---------------------------------------------------------------------------------

Report RTL Partitions: 
+-+--------------+------------+----------+
| |RTL Partition |Replication |Instances |
+-+--------------+------------+----------+
+-+--------------+------------+----------+
---------------------------------------------------------------------------------
Start RTL Component Statistics 
---------------------------------------------------------------------------------
Detailed RTL Component Info : 
+---Registers : 
	              128 Bit    Registers := 1     
	               16 Bit    Registers := 7     
	                7 Bit    Registers := 1     
	                6 Bit    Registers := 1     
	                5 Bit    Registers := 1     
	                3 Bit    Registers := 2     
	                1 Bit    Registers := 13    
+---Muxes : 
	   2 Input     16 Bit        Muxes := 2     
	   2 Input      1 Bit        Muxes := 7     
---------------------------------------------------------------------------------
Finished RTL Component Statistics 
---------------------------------------------------------------------------------
---------------------------------------------------------------------------------
Start RTL Hierarchical Component Statistics 
---------------------------------------------------------------------------------
Hierarchical RTL Component report 
Module vio_v3_0_20_probe_out_one 
Detailed RTL Component Info : 
+---Registers : 
	               16 Bit    Registers := 1     
	                6 Bit    Registers := 1     
+---Muxes : 
	   2 Input      1 Bit        Muxes := 1     
Module vio_v3_0_20_probe_out_all 
Detailed RTL Component Info : 
+---Registers : 
	               16 Bit    Registers := 1     
	                1 Bit    Registers := 3     
+---Muxes : 
	   2 Input      1 Bit        Muxes := 2     
Module xsdbs_v1_0_2_xsdbs 
Detailed RTL Component Info : 
+---Registers : 
	              128 Bit    Registers := 1     
	               16 Bit    Registers := 2     
	                1 Bit    Registers := 1     
+---Muxes : 
	   2 Input     16 Bit        Muxes := 1     
	   2 Input      1 Bit        Muxes := 1     
Module vio_v3_0_20_decoder 
Detailed RTL Component Info : 
+---Registers : 
	               16 Bit    Registers := 2     
	                7 Bit    Registers := 1     
	                5 Bit    Registers := 1     
	                3 Bit    Registers := 2     
	                1 Bit    Registers := 9     
+---Muxes : 
	   2 Input     16 Bit        Muxes := 1     
	   2 Input      1 Bit        Muxes := 3     
Module vio_v3_0_20_vio 
Detailed RTL Component Info : 
+---Registers : 
	               16 Bit    Registers := 1     
---------------------------------------------------------------------------------
Finished RTL Hierarchical Component Statistics
---------------------------------------------------------------------------------
---------------------------------------------------------------------------------
Start Part Resource Summary
---------------------------------------------------------------------------------
Part Resources:
DSPs: 1968 (col length:264)
BRAMs: 1968 (col length: RAMB18 264 RAMB36 132)
---------------------------------------------------------------------------------
Finished Part Resource Summary
---------------------------------------------------------------------------------
---------------------------------------------------------------------------------
Start Cross Boundary and Area Optimization
---------------------------------------------------------------------------------
Warning: Parallel synthesis criteria is not met 
INFO: [Synth 8-3886] merging instance 'inst/PROBE_OUT_ALL_INST/G_PROBE_OUT[0].PROBE_OUT0_INST/data_int_reg[6]' (FDRE) to 'inst/PROBE_OUT_ALL_INST/G_PROBE_OUT[0].PROBE_OUT0_INST/data_int_reg[7]'
INFO: [Synth 8-3886] merging instance 'inst/PROBE_OUT_ALL_INST/G_PROBE_OUT[0].PROBE_OUT0_INST/data_int_reg[7]' (FDRE) to 'inst/PROBE_OUT_ALL_INST/G_PROBE_OUT[0].PROBE_OUT0_INST/data_int_reg[8]'
INFO: [Synth 8-3886] merging instance 'inst/PROBE_OUT_ALL_INST/G_PROBE_OUT[0].PROBE_OUT0_INST/data_int_reg[8]' (FDRE) to 'inst/PROBE_OUT_ALL_INST/G_PROBE_OUT[0].PROBE_OUT0_INST/data_int_reg[9]'
INFO: [Synth 8-3886] merging instance 'inst/PROBE_OUT_ALL_INST/G_PROBE_OUT[0].PROBE_OUT0_INST/data_int_reg[9]' (FDRE) to 'inst/PROBE_OUT_ALL_INST/G_PROBE_OUT[0].PROBE_OUT0_INST/data_int_reg[10]'
INFO: [Synth 8-3886] merging instance 'inst/PROBE_OUT_ALL_INST/G_PROBE_OUT[0].PROBE_OUT0_INST/data_int_reg[10]' (FDRE) to 'inst/PROBE_OUT_ALL_INST/G_PROBE_OUT[0].PROBE_OUT0_INST/data_int_reg[11]'
INFO: [Synth 8-3886] merging instance 'inst/PROBE_OUT_ALL_INST/G_PROBE_OUT[0].PROBE_OUT0_INST/data_int_reg[11]' (FDRE) to 'inst/PROBE_OUT_ALL_INST/G_PROBE_OUT[0].PROBE_OUT0_INST/data_int_reg[12]'
INFO: [Synth 8-3886] merging instance 'inst/PROBE_OUT_ALL_INST/G_PROBE_OUT[0].PROBE_OUT0_INST/data_int_reg[12]' (FDRE) to 'inst/PROBE_OUT_ALL_INST/G_PROBE_OUT[0].PROBE_OUT0_INST/data_int_reg[13]'
INFO: [Synth 8-3886] merging instance 'inst/PROBE_OUT_ALL_INST/G_PROBE_OUT[0].PROBE_OUT0_INST/data_int_reg[13]' (FDRE) to 'inst/PROBE_OUT_ALL_INST/G_PROBE_OUT[0].PROBE_OUT0_INST/data_int_reg[14]'
INFO: [Synth 8-3886] merging instance 'inst/PROBE_OUT_ALL_INST/G_PROBE_OUT[0].PROBE_OUT0_INST/data_int_reg[14]' (FDRE) to 'inst/PROBE_OUT_ALL_INST/G_PROBE_OUT[0].PROBE_OUT0_INST/data_int_reg[15]'
INFO: [Synth 8-3333] propagating constant 0 across sequential element (inst/\PROBE_OUT_ALL_INST/G_PROBE_OUT[0].PROBE_OUT0_INST/data_int_reg[15] )
INFO: [Synth 8-3886] merging instance 'inst/PROBE_OUT_ALL_INST/Probe_out_reg_int_reg[6]' (FD) to 'inst/PROBE_OUT_ALL_INST/Probe_out_reg_int_reg[15]'
INFO: [Synth 8-3886] merging instance 'inst/PROBE_OUT_ALL_INST/Probe_out_reg_int_reg[7]' (FD) to 'inst/PROBE_OUT_ALL_INST/Probe_out_reg_int_reg[15]'
INFO: [Synth 8-3886] merging instance 'inst/PROBE_OUT_ALL_INST/Probe_out_reg_int_reg[8]' (FD) to 'inst/PROBE_OUT_ALL_INST/Probe_out_reg_int_reg[15]'
INFO: [Synth 8-3886] merging instance 'inst/PROBE_OUT_ALL_INST/Probe_out_reg_int_reg[9]' (FD) to 'inst/PROBE_OUT_ALL_INST/Probe_out_reg_int_reg[15]'
INFO: [Synth 8-3886] merging instance 'inst/PROBE_OUT_ALL_INST/Probe_out_reg_int_reg[10]' (FD) to 'inst/PROBE_OUT_ALL_INST/Probe_out_reg_int_reg[15]'
INFO: [Synth 8-3886] merging instance 'inst/PROBE_OUT_ALL_INST/Probe_out_reg_int_reg[11]' (FD) to 'inst/PROBE_OUT_ALL_INST/Probe_out_reg_int_reg[15]'
INFO: [Synth 8-3886] merging instance 'inst/PROBE_OUT_ALL_INST/Probe_out_reg_int_reg[12]' (FD) to 'inst/PROBE_OUT_ALL_INST/Probe_out_reg_int_reg[15]'
INFO: [Synth 8-3886] merging instance 'inst/PROBE_OUT_ALL_INST/Probe_out_reg_int_reg[13]' (FD) to 'inst/PROBE_OUT_ALL_INST/Probe_out_reg_int_reg[15]'
INFO: [Synth 8-3886] merging instance 'inst/PROBE_OUT_ALL_INST/Probe_out_reg_int_reg[14]' (FD) to 'inst/PROBE_OUT_ALL_INST/Probe_out_reg_int_reg[15]'
INFO: [Synth 8-3333] propagating constant 0 across sequential element (inst/\PROBE_OUT_ALL_INST/Probe_out_reg_int_reg[15] )
---------------------------------------------------------------------------------
Finished Cross Boundary and Area Optimization : Time (s): cpu = 00:00:16 ; elapsed = 00:00:29 . Memory (MB): peak = 2684.516 ; gain = 178.562 ; free physical = 20020 ; free virtual = 57873
---------------------------------------------------------------------------------

Report RTL Partitions: 
+-+--------------+------------+----------+
| |RTL Partition |Replication |Instances |
+-+--------------+------------+----------+
+-+--------------+------------+----------+
---------------------------------------------------------------------------------
Start Applying XDC Timing Constraints
---------------------------------------------------------------------------------
---------------------------------------------------------------------------------
Finished Applying XDC Timing Constraints : Time (s): cpu = 00:00:39 ; elapsed = 00:01:16 . Memory (MB): peak = 3112.469 ; gain = 606.516 ; free physical = 18733 ; free virtual = 56621
---------------------------------------------------------------------------------
---------------------------------------------------------------------------------
Start Timing Optimization
---------------------------------------------------------------------------------
---------------------------------------------------------------------------------
Finished Timing Optimization : Time (s): cpu = 00:00:39 ; elapsed = 00:01:16 . Memory (MB): peak = 3112.469 ; gain = 606.516 ; free physical = 18733 ; free virtual = 56621
---------------------------------------------------------------------------------

Report RTL Partitions: 
+-+--------------+------------+----------+
| |RTL Partition |Replication |Instances |
+-+--------------+------------+----------+
+-+--------------+------------+----------+
---------------------------------------------------------------------------------
Start Technology Mapping
---------------------------------------------------------------------------------
---------------------------------------------------------------------------------
Finished Technology Mapping : Time (s): cpu = 00:00:39 ; elapsed = 00:01:16 . Memory (MB): peak = 3124.500 ; gain = 618.547 ; free physical = 18721 ; free virtual = 56609
---------------------------------------------------------------------------------

Report RTL Partitions: 
+-+--------------+------------+----------+
| |RTL Partition |Replication |Instances |
+-+--------------+------------+----------+
+-+--------------+------------+----------+
---------------------------------------------------------------------------------
Start IO Insertion
---------------------------------------------------------------------------------
---------------------------------------------------------------------------------
Start Flattening Before IO Insertion
---------------------------------------------------------------------------------
---------------------------------------------------------------------------------
Finished Flattening Before IO Insertion
---------------------------------------------------------------------------------
---------------------------------------------------------------------------------
Start Final Netlist Cleanup
---------------------------------------------------------------------------------
---------------------------------------------------------------------------------
Finished Final Netlist Cleanup
---------------------------------------------------------------------------------
WARNING: [Synth 8-3295] tying undriven pin inst:sl_iport0[36] to constant 0
WARNING: [Synth 8-3295] tying undriven pin inst:sl_iport0[35] to constant 0
WARNING: [Synth 8-3295] tying undriven pin inst:sl_iport0[34] to constant 0
WARNING: [Synth 8-3295] tying undriven pin inst:sl_iport0[33] to constant 0
WARNING: [Synth 8-3295] tying undriven pin inst:sl_iport0[32] to constant 0
WARNING: [Synth 8-3295] tying undriven pin inst:sl_iport0[31] to constant 0
WARNING: [Synth 8-3295] tying undriven pin inst:sl_iport0[30] to constant 0
WARNING: [Synth 8-3295] tying undriven pin inst:sl_iport0[29] to constant 0
WARNING: [Synth 8-3295] tying undriven pin inst:sl_iport0[28] to constant 0
WARNING: [Synth 8-3295] tying undriven pin inst:sl_iport0[27] to constant 0
WARNING: [Synth 8-3295] tying undriven pin inst:sl_iport0[26] to constant 0
WARNING: [Synth 8-3295] tying undriven pin inst:sl_iport0[25] to constant 0
WARNING: [Synth 8-3295] tying undriven pin inst:sl_iport0[24] to constant 0
WARNING: [Synth 8-3295] tying undriven pin inst:sl_iport0[23] to constant 0
WARNING: [Synth 8-3295] tying undriven pin inst:sl_iport0[22] to constant 0
WARNING: [Synth 8-3295] tying undriven pin inst:sl_iport0[21] to constant 0
WARNING: [Synth 8-3295] tying undriven pin inst:sl_iport0[20] to constant 0
WARNING: [Synth 8-3295] tying undriven pin inst:sl_iport0[19] to constant 0
WARNING: [Synth 8-3295] tying undriven pin inst:sl_iport0[18] to constant 0
WARNING: [Synth 8-3295] tying undriven pin inst:sl_iport0[17] to constant 0
WARNING: [Synth 8-3295] tying undriven pin inst:sl_iport0[16] to constant 0
WARNING: [Synth 8-3295] tying undriven pin inst:sl_iport0[15] to constant 0
WARNING: [Synth 8-3295] tying undriven pin inst:sl_iport0[14] to constant 0
WARNING: [Synth 8-3295] tying undriven pin inst:sl_iport0[13] to constant 0
WARNING: [Synth 8-3295] tying undriven pin inst:sl_iport0[12] to constant 0
WARNING: [Synth 8-3295] tying undriven pin inst:sl_iport0[11] to constant 0
WARNING: [Synth 8-3295] tying undriven pin inst:sl_iport0[10] to constant 0
WARNING: [Synth 8-3295] tying undriven pin inst:sl_iport0[9] to constant 0
WARNING: [Synth 8-3295] tying undriven pin inst:sl_iport0[8] to constant 0
WARNING: [Synth 8-3295] tying undriven pin inst:sl_iport0[7] to constant 0
WARNING: [Synth 8-3295] tying undriven pin inst:sl_iport0[6] to constant 0
WARNING: [Synth 8-3295] tying undriven pin inst:sl_iport0[5] to constant 0
WARNING: [Synth 8-3295] tying undriven pin inst:sl_iport0[4] to constant 0
WARNING: [Synth 8-3295] tying undriven pin inst:sl_iport0[3] to constant 0
WARNING: [Synth 8-3295] tying undriven pin inst:sl_iport0[2] to constant 0
WARNING: [Synth 8-3295] tying undriven pin inst:sl_iport0[1] to constant 0
WARNING: [Synth 8-3295] tying undriven pin inst:sl_iport0[0] to constant 0
---------------------------------------------------------------------------------
Finished IO Insertion : Time (s): cpu = 00:00:40 ; elapsed = 00:01:17 . Memory (MB): peak = 3138.375 ; gain = 632.422 ; free physical = 18729 ; free virtual = 56617
---------------------------------------------------------------------------------

Report Check Netlist: 
+------+------------------+-------+---------+-------+------------------+
|      |Item              |Errors |Warnings |Status |Description       |
+------+------------------+-------+---------+-------+------------------+
|1     |multi_driven_nets |      0|        0|Passed |Multi driven nets |
+------+------------------+-------+---------+-------+------------------+
---------------------------------------------------------------------------------
Start Renaming Generated Instances
---------------------------------------------------------------------------------
---------------------------------------------------------------------------------
Finished Renaming Generated Instances : Time (s): cpu = 00:00:40 ; elapsed = 00:01:17 . Memory (MB): peak = 3138.375 ; gain = 632.422 ; free physical = 18729 ; free virtual = 56617
---------------------------------------------------------------------------------

Report RTL Partitions: 
+-+--------------+------------+----------+
| |RTL Partition |Replication |Instances |
+-+--------------+------------+----------+
+-+--------------+------------+----------+
---------------------------------------------------------------------------------
Start Rebuilding User Hierarchy
---------------------------------------------------------------------------------
---------------------------------------------------------------------------------
Finished Rebuilding User Hierarchy : Time (s): cpu = 00:00:40 ; elapsed = 00:01:17 . Memory (MB): peak = 3138.375 ; gain = 632.422 ; free physical = 18729 ; free virtual = 56617
---------------------------------------------------------------------------------
---------------------------------------------------------------------------------
Start Renaming Generated Ports
---------------------------------------------------------------------------------
---------------------------------------------------------------------------------
Finished Renaming Generated Ports : Time (s): cpu = 00:00:40 ; elapsed = 00:01:17 . Memory (MB): peak = 3138.375 ; gain = 632.422 ; free physical = 18729 ; free virtual = 56617
---------------------------------------------------------------------------------
---------------------------------------------------------------------------------
Start Handling Custom Attributes
---------------------------------------------------------------------------------
---------------------------------------------------------------------------------
Finished Handling Custom Attributes : Time (s): cpu = 00:00:40 ; elapsed = 00:01:17 . Memory (MB): peak = 3138.375 ; gain = 632.422 ; free physical = 18729 ; free virtual = 56617
---------------------------------------------------------------------------------
---------------------------------------------------------------------------------
Start Renaming Generated Nets
---------------------------------------------------------------------------------
---------------------------------------------------------------------------------
Finished Renaming Generated Nets : Time (s): cpu = 00:00:40 ; elapsed = 00:01:17 . Memory (MB): peak = 3138.375 ; gain = 632.422 ; free physical = 18729 ; free virtual = 56617
---------------------------------------------------------------------------------
---------------------------------------------------------------------------------
Start Writing Synthesis Report
---------------------------------------------------------------------------------

Report BlackBoxes: 
+-+--------------+----------+
| |BlackBox name |Instances |
+-+--------------+----------+
+-+--------------+----------+

Report Cell Usage: 
+------+-----+------+
|      |Cell |Count |
+------+-----+------+
|1     |LUT2 |     3|
|2     |LUT3 |    22|
|3     |LUT4 |    18|
|4     |LUT5 |    13|
|5     |LUT6 |    63|
|6     |FDRE |   246|
+------+-----+------+

Report Instance Areas: 
+------+---------------------------------------+--------------------------+------+
|      |Instance                               |Module                    |Cells |
+------+---------------------------------------+--------------------------+------+
|1     |top                                    |                          |   365|
|2     |  inst                                 |vio_v3_0_20_vio           |   365|
|3     |    U_XSDB_SLAVE                       |xsdbs_v1_0_2_xsdbs        |   248|
|4     |    DECODER_INST                       |vio_v3_0_20_decoder       |    77|
|5     |    PROBE_OUT_ALL_INST                 |vio_v3_0_20_probe_out_all |    24|
|6     |      \G_PROBE_OUT[0].PROBE_OUT0_INST  |vio_v3_0_20_probe_out_one |    12|
+------+---------------------------------------+--------------------------+------+
---------------------------------------------------------------------------------
Finished Writing Synthesis Report : Time (s): cpu = 00:00:40 ; elapsed = 00:01:17 . Memory (MB): peak = 3138.375 ; gain = 632.422 ; free physical = 18729 ; free virtual = 56617
---------------------------------------------------------------------------------
Synthesis finished with 0 errors, 0 critical warnings and 293 warnings.
Synthesis Optimization Runtime : Time (s): cpu = 00:00:33 ; elapsed = 00:01:06 . Memory (MB): peak = 3138.375 ; gain = 453.859 ; free physical = 18802 ; free virtual = 56690
Synthesis Optimization Complete : Time (s): cpu = 00:00:40 ; elapsed = 00:01:17 . Memory (MB): peak = 3138.383 ; gain = 632.422 ; free physical = 18812 ; free virtual = 56700
INFO: [Project 1-571] Translating synthesized netlist
INFO: [Project 1-570] Preparing netlist for logic optimization
INFO: [Opt 31-138] Pushed 0 inverter(s) to 0 load pin(s).
Netlist sorting complete. Time (s): cpu = 00:00:00.01 ; elapsed = 00:00:00 . Memory (MB): peak = 3219.016 ; gain = 0.000 ; free physical = 18661 ; free virtual = 56550
INFO: [Project 1-111] Unisim Transformation Summary:
No Unisim elements were transformed.

INFO: [Common 17-83] Releasing license: Synthesis
38 Infos, 139 Warnings, 0 Critical Warnings and 0 Errors encountered.
synth_design completed successfully
synth_design: Time (s): cpu = 00:00:53 ; elapsed = 00:01:39 . Memory (MB): peak = 3219.016 ; gain = 1797.477 ; free physical = 18854 ; free virtual = 56743
Netlist sorting complete. Time (s): cpu = 00:00:00 ; elapsed = 00:00:00 . Memory (MB): peak = 3219.016 ; gain = 0.000 ; free physical = 18854 ; free virtual = 56743
WARNING: [Constraints 18-5210] No constraints selected for write.
Resolution: This message can indicate that there are no constraints for the design, or it can indicate that the used_in flags are set such that the constraints are ignored. This later case is used when running synth_design to not write synthesis constraints to the resulting checkpoint. Instead, project constraints are read when the synthesized design is opened.
INFO: [Common 17-1381] The checkpoint '/home/sai/Desktop/Looping_Hardware-design/project_1/project_1.runs/check_40G_sim_vio_2_0_synth_1/check_40G_sim_vio_2_0.dcp' has been generated.
WARNING: [Common 17-576] 'use_project_ipc' is deprecated. This option is deprecated and no longer used.
INFO: [Coretcl 2-1648] Added synthesis output to IP cache for IP check_40G_sim_vio_2_0, cache-ID = 5251ae1568488c21
INFO: [Coretcl 2-1174] Renamed 5 cell refs.
Netlist sorting complete. Time (s): cpu = 00:00:00 ; elapsed = 00:00:00 . Memory (MB): peak = 3243.027 ; gain = 0.000 ; free physical = 18847 ; free virtual = 56738
WARNING: [Constraints 18-5210] No constraints selected for write.
Resolution: This message can indicate that there are no constraints for the design, or it can indicate that the used_in flags are set such that the constraints are ignored. This later case is used when running synth_design to not write synthesis constraints to the resulting checkpoint. Instead, project constraints are read when the synthesized design is opened.
INFO: [Common 17-1381] The checkpoint '/home/sai/Desktop/Looping_Hardware-design/project_1/project_1.runs/check_40G_sim_vio_2_0_synth_1/check_40G_sim_vio_2_0.dcp' has been generated.
INFO: [runtcl-4] Executing : report_utilization -file check_40G_sim_vio_2_0_utilization_synth.rpt -pb check_40G_sim_vio_2_0_utilization_synth.pb
INFO: [Common 17-206] Exiting Vivado at Tue May  9 12:29:43 2023...
