INFO: [SIM 2] *************** CSIM start ***************
INFO: [SIM 4] CSIM will launch GCC as the compiler.
   Compiling ../../../CtrlPlanePacketizer_tb.cpp in debug mode
   Generating csim.exe
config_no	1
		Testing config 1
coeff_count:0	0
coeff_count:1	0
coeff_count:2	0
coeff_count:3	0
coeff_count:4	0
coeff_count:5	0
coeff_count:6	0
coeff_count:7	0
coeff_count:8	0
coeff_count:9	0
coeff_count:10	0
coeff_count:11	0
coeff_count:12	0
coeff_count:13	0
coeff_count:14	0
coeff_count:15	0
Last coeff :	1
		 Config 1 done
config_no	2
		Testing config 2
coeff_count:0	0
coeff_count:1	0
coeff_count:2	0
coeff_count:3	0
coeff_count:4	0
coeff_count:5	0
coeff_count:6	0
coeff_count:7	0
coeff_count:8	0
coeff_count:9	0
coeff_count:10	0
coeff_count:11	0
coeff_count:12	0
coeff_count:13	0
coeff_count:14	0
coeff_count:15	0
coeff_count:0	0
coeff_count:1	0
coeff_count:2	0
coeff_count:3	0
coeff_count:4	0
coeff_count:5	0
coeff_count:6	0
coeff_count:7	0
coeff_count:8	0
coeff_count:9	0
coeff_count:10	0
coeff_count:11	0
coeff_count:12	0
coeff_count:13	0
coeff_count:14	0
coeff_count:15	0
Last coeff:	1
		 Config 2 done
config_no	3
		Testing config 3
coeff_count:0	0
coeff_count:1	0
coeff_count:2	0
coeff_count:3	0
coeff_count:4	0
coeff_count:5	0
coeff_count:6	0
coeff_count:7	0
coeff_count:8	0
coeff_count:9	0
coeff_count:10	0
coeff_count:11	0
coeff_count:12	0
coeff_count:13	0
coeff_count:14	0
coeff_count:15	0
coeff_count:0	0
coeff_count:1	0
coeff_count:2	0
coeff_count:3	0
coeff_count:4	0
coeff_count:5	0
coeff_count:6	0
coeff_count:7	0
coeff_count:8	0
coeff_count:9	0
coeff_count:10	0
coeff_count:11	0
coeff_count:12	0
coeff_count:13	0
coeff_count:14	0
coeff_count:15	0
coeff_count:0	0
coeff_count:1	0
coeff_count:2	0
coeff_count:3	0
coeff_count:4	0
coeff_count:5	0
coeff_count:6	0
coeff_count:7	0
coeff_count:8	0
coeff_count:9	0
coeff_count:10	0
coeff_count:11	0
coeff_count:12	0
coeff_count:13	0
coeff_count:14	0
coeff_count:15	0
Last coeff :	1
		 Config 3 done
config_no	4
		Testing config 4
coeff_count:0	0
coeff_count:1	0
coeff_count:2	0
coeff_count:3	0
coeff_count:4	0
coeff_count:5	0
coeff_count:6	0
coeff_count:7	0
coeff_count:8	0
coeff_count:9	0
coeff_count:10	0
coeff_count:11	0
coeff_count:12	0
coeff_count:13	0
coeff_count:14	0
coeff_count:15	0
coeff_count:0	0
coeff_count:1	0
coeff_count:2	0
coeff_count:3	0
coeff_count:4	0
coeff_count:5	0
coeff_count:6	0
coeff_count:7	0
coeff_count:8	0
coeff_count:9	0
coeff_count:10	0
coeff_count:11	0
coeff_count:12	0
coeff_count:13	0
coeff_count:14	0
coeff_count:15	0
coeff_count:0	0
coeff_count:1	0
coeff_count:2	0
coeff_count:3	0
coeff_count:4	0
coeff_count:5	0
coeff_count:6	0
coeff_count:7	0
coeff_count:8	0
coeff_count:9	0
coeff_count:10	0
coeff_count:11	0
coeff_count:12	0
coeff_count:13	0
coeff_count:14	0
coeff_count:15	0
coeff_count:0	0
coeff_count:1	0
coeff_count:2	0
coeff_count:3	0
coeff_count:4	0
coeff_count:5	0
coeff_count:6	0
coeff_count:7	0
coeff_count:8	0
coeff_count:9	0
coeff_count:10	0
coeff_count:11	0
coeff_count:12	0
coeff_count:13	0
coeff_count:14	0
coeff_count:15	0
Last coeff :	1
		 Config 4 done
config_no	5
		Testing config 5
coeff_count:0	0
coeff_count:1	0
coeff_count:2	0
coeff_count:3	0
coeff_count:4	0
coeff_count:5	0
coeff_count:6	0
coeff_count:7	0
coeff_count:8	0
coeff_count:9	0
coeff_count:10	0
coeff_count:11	0
coeff_count:12	0
coeff_count:13	0
coeff_count:14	0
coeff_count:15	0
coeff_count:0	0
coeff_count:1	0
coeff_count:2	0
coeff_count:3	0
coeff_count:4	0
coeff_count:5	0
coeff_count:6	0
coeff_count:7	0
coeff_count:8	0
coeff_count:9	0
coeff_count:10	0
coeff_count:11	0
coeff_count:12	0
coeff_count:13	0
coeff_count:14	0
coeff_count:15	0
coeff_count:0	0
coeff_count:1	0
coeff_count:2	0
coeff_count:3	0
coeff_count:4	0
coeff_count:5	0
coeff_count:6	0
coeff_count:7	0
coeff_count:8	0
coeff_count:9	0
coeff_count:10	0
coeff_count:11	0
coeff_count:12	0
coeff_count:13	0
coeff_count:14	0
coeff_count:15	0
coeff_count:0	0
coeff_count:1	0
coeff_count:2	0
coeff_count:3	0
coeff_count:4	0
coeff_count:5	0
coeff_count:6	0
coeff_count:7	0
coeff_count:8	0
coeff_count:9	0
coeff_count:10	0
coeff_count:11	0
coeff_count:12	0
coeff_count:13	0
coeff_count:14	0
coeff_count:15	0
coeff_count:0	0
coeff_count:1	0
coeff_count:2	0
coeff_count:3	0
coeff_count:4	0
coeff_count:5	0
coeff_count:6	0
coeff_count:7	0
coeff_count:8	0
coeff_count:9	0
coeff_count:10	0
coeff_count:11	0
coeff_count:12	0
coeff_count:13	0
coeff_count:14	0
coeff_count:15	0
Last coeff :	1
		 Config 5 done
INFO: [SIM 1] CSim done with 0 errors.
INFO: [SIM 3] *************** CSIM finish ***************
