INFO: [HLS 200-10] Running '/opt/Xilinx/Vivado/2019.1/bin/unwrapped/lnx64.o/vivado_hls'
INFO: [HLS 200-10] For user 'ssaraswathy' on host 'client70' (Linux_x86_64 version 4.15.0-140-generic) on Wed Apr 07 10:55:25 IST 2021
INFO: [HLS 200-10] On os Ubuntu 18.04.5 LTS
INFO: [HLS 200-10] In directory '/home/ssaraswathy/Documents/ORAN_Uplane/Uplane_without_Compression/Simulation_design/Looping_design/ORAN_INTEG_1/sim_src'
Sourcing Tcl script '/home/ssaraswathy/Documents/ORAN_Uplane/Uplane_without_Compression/Simulation_design/Looping_design/ORAN_INTEG_1/sim_src/L1_Data_Gen/solution1/export.tcl'
INFO: [HLS 200-10] Opening project '/home/ssaraswathy/Documents/ORAN_Uplane/Uplane_without_Compression/Simulation_design/Looping_design/ORAN_INTEG_1/sim_src/L1_Data_Gen'.
INFO: [HLS 200-10] Opening solution '/home/ssaraswathy/Documents/ORAN_Uplane/Uplane_without_Compression/Simulation_design/Looping_design/ORAN_INTEG_1/sim_src/L1_Data_Gen/solution1'.
INFO: [SYN 201-201] Setting up clock 'default' with a period of 10ns.
INFO: [HLS 200-10] Setting target device to 'xczu9eg-ffvb1156-2-e'
WARNING: [IMPL 213-205] Ignored option '-use_netlist' which is only valid for 'pcore'.
INFO: [IMPL 213-8] Exporting RTL as a Vivado IP.

****** Vivado v2019.1 (64-bit)
  **** SW Build 2552052 on Fri May 24 14:47:09 MDT 2019
  **** IP Build 2548770 on Fri May 24 18:01:18 MDT 2019
    ** Copyright 1986-2019 Xilinx, Inc. All Rights Reserved.

source run_ippack.tcl -notrace
INFO: [IP_Flow 19-234] Refreshing IP repositories
INFO: [IP_Flow 19-1704] No user IP repositories specified
INFO: [IP_Flow 19-2313] Loaded Vivado IP repository '/opt/Xilinx/Vivado/2019.1/data/ip'.
INFO: [Common 17-206] Exiting Vivado at Wed Apr  7 10:55:33 2021...
