

================================================================
== Vivado HLS Report for 'uplane_packetiser'
================================================================
* Date:           Sun Mar 26 23:15:27 2023

* Version:        2019.1 (Build 2552052 on Fri May 24 15:28:33 MDT 2019)
* Project:        uplane_packetiser
* Solution:       solution1
* Product family: zynquplus
* Target device:  xczu19eg-ffvd1760-3-e


================================================================
== Performance Estimates
================================================================
+ Timing (ns): 
    * Summary: 
    +--------+-------+----------+------------+
    |  Clock | Target| Estimated| Uncertainty|
    +--------+-------+----------+------------+
    |ap_clk  |   3.20|     2.966|        0.40|
    +--------+-------+----------+------------+

+ Latency (clock cycles): 
    * Summary: 
    +-----+-----+-----+-----+----------+
    |  Latency  |  Interval | Pipeline |
    | min | max | min | max |   Type   |
    +-----+-----+-----+-----+----------+
    |    1|    1|    1|    1| function |
    +-----+-----+-----+-----+----------+

    + Detail: 
        * Instance: 
        N/A

        * Loop: 
        N/A



================================================================
== Utilization Estimates
================================================================
* Summary: 
+-----------------+---------+-------+---------+--------+-----+
|       Name      | BRAM_18K| DSP48E|    FF   |   LUT  | URAM|
+-----------------+---------+-------+---------+--------+-----+
|DSP              |        -|      -|        -|       -|    -|
|Expression       |        -|      -|        0|     114|    -|
|FIFO             |        -|      -|        -|       -|    -|
|Instance         |        -|      -|        -|       -|    -|
|Memory           |        -|      -|        -|       -|    -|
|Multiplexer      |        -|      -|        -|     223|    -|
|Register         |        -|      -|      356|       -|    -|
+-----------------+---------+-------+---------+--------+-----+
|Total            |        0|      0|      356|     337|    0|
+-----------------+---------+-------+---------+--------+-----+
|Available        |     1968|   1968|  1045440|  522720|  128|
+-----------------+---------+-------+---------+--------+-----+
|Utilization (%)  |        0|      0|    ~0   |   ~0   |    0|
+-----------------+---------+-------+---------+--------+-----+

+ Detail: 
    * Instance: 
    N/A

    * DSP48E: 
    N/A

    * Memory: 
    N/A

    * FIFO: 
    N/A

    * Expression: 
    +----------------------------------+----------+-------+---+----+------------+------------+
    |           Variable Name          | Operation| DSP48E| FF| LUT| Bitwidth P0| Bitwidth P1|
    +----------------------------------+----------+-------+---+----+------------+------------+
    |Total_PRB_count_V                 |     +    |      0|  0|  19|          12|          12|
    |add_ln214_fu_602_p2               |     +    |      0|  0|  17|           1|          10|
    |add_ln219_fu_642_p2               |     +    |      0|  0|  39|           1|          32|
    |ap_condition_147                  |    and   |      0|  0|   2|           1|           1|
    |icmp_ln251_fu_610_p2              |   icmp   |      0|  0|  20|          32|           5|
    |icmp_ln879_fu_616_p2              |   icmp   |      0|  0|  13|          10|           9|
    |ap_block_state1_pp0_stage0_iter0  |    or    |      0|  0|   2|           1|           1|
    |ap_block_state2_io                |    or    |      0|  0|   2|           1|           1|
    +----------------------------------+----------+-------+---+----+------------+------------+
    |Total                             |          |      0|  0| 114|          59|          71|
    +----------------------------------+----------+-------+---+----+------------+------------+

    * Multiplexer: 
    +----------------------------------------------+----+-----------+-----+-----------+
    |                     Name                     | LUT| Input Size| Bits| Total Bits|
    +----------------------------------------------+----+-----------+-----+-----------+
    |Ethernet_header_V_TDATA_blk_n                 |   9|          2|    1|          2|
    |IQ_data_V_data_V_TDATA_blk_n                  |   9|          2|    1|          2|
    |PRB_count_V                                   |   9|          2|   12|         24|
    |PRB_fragmentation                             |   9|          2|   32|         64|
    |ap_phi_mux_count_value_V_new_0_phi_fu_324_p6  |  15|          3|   10|         30|
    |ap_phi_mux_storemerge2747_phi_fu_336_p6       |  15|          3|    3|          9|
    |ap_phi_reg_pp0_iter1_tmp_last_V_reg_347       |  15|          3|    1|          3|
    |application_header_V_TDATA_blk_n              |   9|          2|    1|          2|
    |eCPRI_header_V_TDATA_blk_n                    |   9|          2|    1|          2|
    |eth_data_TDATA                                |  38|          7|  128|        896|
    |eth_data_TDATA_blk_n                          |   9|          2|    1|          2|
    |eth_data_TKEEP                                |  15|          3|   16|         48|
    |eth_data_TLAST                                |  15|          3|    1|          3|
    |oran_ctrl_state                               |  38|          7|    3|         21|
    |section_header_V_TDATA_blk_n                  |   9|          2|    1|          2|
    +----------------------------------------------+----+-----------+-----+-----------+
    |Total                                         | 223|         45|  212|       1110|
    +----------------------------------------------+----+-----------+-----+-----------+

    * Register: 
    +-----------------------------------------+----+----+-----+-----------+
    |                   Name                  | FF | LUT| Bits| Const Bits|
    +-----------------------------------------+----+----+-----+-----------+
    |PRB_count_V                              |  12|   0|   12|          0|
    |PRB_fragmentation                        |  32|   0|   32|          0|
    |ap_CS_iter0_fsm                          |   1|   0|    1|          0|
    |ap_CS_iter1_fsm                          |   1|   0|    1|          0|
    |ap_phi_reg_pp0_iter1_tmp_last_V_reg_347  |   1|   0|    1|          0|
    |count_value_V                            |  10|   0|   10|          0|
    |ecpri_header_payload                     |  16|   0|   16|          0|
    |ecpri_header_pcid1_V                     |  16|   0|   16|          0|
    |ecpri_header_seqid_V                     |  16|   0|   16|          0|
    |icmp_ln251_reg_1144                      |   1|   0|    1|          0|
    |icmp_ln879_reg_1148                      |   1|   0|    1|          0|
    |oran_ctrl_state                          |   3|   0|    4|          1|
    |oran_ctrl_state_load_reg_1134            |   3|   0|    4|          1|
    |p_Result_1_reg_1218                      |   8|   0|    8|          0|
    |p_Result_4_reg_1188                      |   4|   0|    4|          0|
    |p_Result_5_reg_1193                      |   2|   0|    2|          0|
    |p_Result_7_reg_1203                      |   8|   0|    8|          0|
    |p_Result_9_reg_1208                      |   2|   0|    2|          0|
    |reg_526                                  |   8|   0|    8|          0|
    |reg_530                                  |   8|   0|    8|          0|
    |reg_534                                  |   8|   0|    8|          0|
    |reg_538                                  |   8|   0|    8|          0|
    |reg_542                                  |   8|   0|    8|          0|
    |reg_546                                  |   8|   0|    8|          0|
    |reg_550                                  |   8|   0|    8|          0|
    |reg_554                                  |   8|   0|    8|          0|
    |reg_558                                  |   8|   0|    8|          0|
    |reg_562                                  |   8|   0|    8|          0|
    |reg_566                                  |   8|   0|    8|          0|
    |reg_570                                  |   8|   0|    8|          0|
    |reg_574                                  |   8|   0|    8|          0|
    |reg_578                                  |   8|   0|    8|          0|
    |reg_582                                  |   8|   0|    8|          0|
    |tmp_5_reg_1223                           |  24|   0|   24|          0|
    |tmp_6_reg_1228                           |   2|   0|    2|          0|
    |tmp_filterIndex_V_lo_reg_1167            |   4|   0|    4|          0|
    |tmp_frameId_V_load_n_reg_1172            |   8|   0|    8|          0|
    |tmp_msg_type_V_load_s_reg_1238           |   8|   0|    8|          0|
    |tmp_numPrbu_V_load_n_reg_1198            |   8|   0|    8|          0|
    |tmp_payloadVersion_V_reg_1162            |   3|   0|    3|          0|
    |tmp_startsymbolId_V_s_reg_1182           |   6|   0|    6|          0|
    |tmp_subframeId_V_loa_reg_1177            |   4|   0|    4|          0|
    |trunc_ln647_3_reg_1213                   |   4|   0|    4|          0|
    |trunc_ln647_4_reg_1157                   |   8|   0|    8|          0|
    |trunc_ln647_5_reg_1152                   |   8|   0|    8|          0|
    |trunc_ln647_6_reg_1139                   |   8|   0|    8|          0|
    |trunc_ln_reg_1233                        |   4|   0|    4|          0|
    +-----------------------------------------+----+----+-----+-----------+
    |Total                                    | 356|   0|  358|          2|
    +-----------------------------------------+----+----+-----+-----------+



================================================================
== Interface
================================================================
* Summary: 
+-----------------------------+-----+-----+--------------+----------------------+--------------+
|          RTL Ports          | Dir | Bits|   Protocol   |     Source Object    |    C Type    |
+-----------------------------+-----+-----+--------------+----------------------+--------------+
|ap_clk                       |  in |    1| ap_ctrl_none |   uplane_packetiser  | return value |
|ap_rst_n                     |  in |    1| ap_ctrl_none |   uplane_packetiser  | return value |
|Ethernet_header_V_TDATA      |  in |  112|     axis     |   Ethernet_header_V  |    pointer   |
|Ethernet_header_V_TVALID     |  in |    1|     axis     |   Ethernet_header_V  |    pointer   |
|Ethernet_header_V_TREADY     | out |    1|     axis     |   Ethernet_header_V  |    pointer   |
|eCPRI_header_V_TDATA         |  in |   64|     axis     |    eCPRI_header_V    |    pointer   |
|eCPRI_header_V_TVALID        |  in |    1|     axis     |    eCPRI_header_V    |    pointer   |
|eCPRI_header_V_TREADY        | out |    1|     axis     |    eCPRI_header_V    |    pointer   |
|application_header_V_TDATA   |  in |   32|     axis     | application_header_V |    pointer   |
|application_header_V_TVALID  |  in |    1|     axis     | application_header_V |    pointer   |
|application_header_V_TREADY  | out |    1|     axis     | application_header_V |    pointer   |
|section_header_V_TDATA       |  in |   48|     axis     |   section_header_V   |    pointer   |
|section_header_V_TVALID      |  in |    1|     axis     |   section_header_V   |    pointer   |
|section_header_V_TREADY      | out |    1|     axis     |   section_header_V   |    pointer   |
|IQ_data_V_data_V_TDATA       |  in |  128|     axis     |   IQ_data_V_data_V   |    pointer   |
|IQ_data_V_data_V_TVALID      |  in |    1|     axis     |   IQ_data_V_data_V   |    pointer   |
|IQ_data_V_data_V_TREADY      | out |    1|     axis     |   IQ_data_V_data_V   |    pointer   |
|eth_data_TDATA               | out |  128|     axis     |   eth_data_V_data_V  |    pointer   |
|eth_data_TREADY              |  in |    1|     axis     |   eth_data_V_data_V  |    pointer   |
|eth_data_TVALID              | out |    1|     axis     |   eth_data_V_last_V  |    pointer   |
|eth_data_TLAST               | out |    1|     axis     |   eth_data_V_last_V  |    pointer   |
|eth_data_TKEEP               | out |   16|     axis     |   eth_data_V_keep_V  |    pointer   |
|state_out                    | out |    8|    ap_none   |       state_out      |    pointer   |
|symbol_number_V              | out |    4|    ap_none   |    symbol_number_V   |    pointer   |
|Total_PRB_count_V            | out |   12|    ap_none   |   Total_PRB_count_V  |    pointer   |
|symbol_id_check_V            | out |    6|    ap_vld    |   symbol_id_check_V  |    pointer   |
|symbol_id_check_V_ap_vld     | out |    1|    ap_vld    |   symbol_id_check_V  |    pointer   |
+-----------------------------+-----+-----+--------------+----------------------+--------------+

