INFO-FLOW: Workspace /home/aswin/Desktop/Vivado_hls_projects/12_Dummy_L1_to_UPLANE/solution1 opened at Wed Mar 17 19:03:39 IST 2021
Execute     config_clock -quiet -name default -period 10 -default=false 
INFO: [SYN 201-201] Setting up clock 'default' with a period of 10ns.
Execute     open_platform DefaultPlatform 
Execute     import_lib /opt/Xilinx/Vivado/2019.1/common/technology/xilinx/zynquplus/zynquplus 
Execute       source /opt/Xilinx/Vivado/2019.1/common/technology/xilinx/common/xilinx.lib 
Execute         source /opt/Xilinx/Vivado/2019.1/common/technology/xilinx/interface/xilinx_interface.lib 
Execute           source /opt/Xilinx/Vivado/2019.1/common/technology/xilinx/interface/plb46.lib 
Execute           source /opt/Xilinx/Vivado/2019.1/common/technology/xilinx/interface/fsl.lib 
Execute           source /opt/Xilinx/Vivado/2019.1/common/technology/xilinx/interface/axi4.lib 
Execute           source /opt/Xilinx/Vivado/2019.1/common/technology/xilinx/interface/maxi.lib 
Execute           source /opt/Xilinx/Vivado/2019.1/common/technology/xilinx/interface/saxilite.lib 
Execute         source /opt/Xilinx/Vivado/2019.1/common/technology/xilinx/common/dsp48.lib 
Execute         source /opt/Xilinx/Vivado/2019.1/common/technology/xilinx/ip/xfir.lib 
Execute         source /opt/Xilinx/Vivado/2019.1/common/technology/xilinx/ip/dds_compiler.lib 
Execute         source /opt/Xilinx/Vivado/2019.1/common/technology/xilinx/ip/xfft.lib 
Execute       source /opt/Xilinx/Vivado/2019.1/common/technology/xilinx/common/xilinx.hlp 
Execute         source /opt/Xilinx/Vivado/2019.1/common/technology/xilinx/common/target_info.tcl 
Execute         source /opt/Xilinx/Vivado/2019.1/common/technology/xilinx/interface/xilinx_interface.hlp 
Execute           source /opt/Xilinx/Vivado/2019.1/common/technology/xilinx/interface/maxi.hlp 
Execute           source /opt/Xilinx/Vivado/2019.1/common/technology/xilinx/interface/saxilite.hlp 
Execute         source /opt/Xilinx/Vivado/2019.1/common/technology/xilinx/common/dsp48.hlp 
Execute       source /opt/Xilinx/Vivado/2019.1/common/technology/xilinx/zynquplus/dsp48e2.hlp 
Execute       source /opt/Xilinx/Vivado/2019.1/common/technology/xilinx/common/xilinx.hlp 
Execute         source /opt/Xilinx/Vivado/2019.1/common/technology/xilinx/common/target_info.tcl 
Execute         source /opt/Xilinx/Vivado/2019.1/common/technology/xilinx/interface/xilinx_interface.hlp 
Execute           source /opt/Xilinx/Vivado/2019.1/common/technology/xilinx/interface/maxi.hlp 
Execute           source /opt/Xilinx/Vivado/2019.1/common/technology/xilinx/interface/saxilite.hlp 
Execute         source /opt/Xilinx/Vivado/2019.1/common/technology/xilinx/common/dsp48.hlp 
Execute     source /opt/Xilinx/Vivado/2019.1/common/technology/xilinx/zynquplus/zynquplus.gen 
Execute       source /opt/Xilinx/Vivado/2019.1/common/technology/xilinx/common/xilinx.gen 
Execute         source /opt/Xilinx/Vivado/2019.1/common/technology/xilinx/interface/plb46.gen 
Execute         source /opt/Xilinx/Vivado/2019.1/common/technology/xilinx/interface/fsl.gen 
Execute         source /opt/Xilinx/Vivado/2019.1/common/technology/xilinx/interface/axi4.gen 
Execute         source /opt/Xilinx/Vivado/2019.1/common/technology/xilinx/interface/nativeAXI4.gen 
Execute           source /opt/Xilinx/Vivado/2019.1/common/technology/xilinx/interface/saxilite.gen 
Execute           source /opt/Xilinx/Vivado/2019.1/common/technology/xilinx/interface/maxi.gen 
Execute         source /opt/Xilinx/Vivado/2019.1/common/technology/xilinx/scripts/xilinxcoregen.gen 
Execute         source /opt/Xilinx/Vivado/2019.1/common/technology/xilinx/interface/XilEDKCoreGen.gen 
Execute         source /opt/Xilinx/Vivado/2019.1/common/technology/xilinx/ip/dds_compiler.gen 
Execute         source /opt/Xilinx/Vivado/2019.1/common/technology/xilinx/ip/util.gen 
Execute         source /opt/Xilinx/Vivado/2019.1/common/technology/xilinx/ip/xfft.gen 
Execute         source /opt/Xilinx/Vivado/2019.1/common/technology/xilinx/ip/xfir.gen 
Execute         source /opt/Xilinx/Vivado/2019.1/common/technology/xilinx/common/dsp48.gen 
Execute     open_platform DefaultPlatform 
Execute     import_lib /opt/Xilinx/Vivado/2019.1/common/technology/xilinx/zynquplus/zynquplus_fpv7 
Execute       source /opt/Xilinx/Vivado/2019.1/common/technology/xilinx/common/xilinx_fp.lib 
Execute       source /opt/Xilinx/Vivado/2019.1/common/technology/xilinx/common/xilinx_fp.hlp 
Execute         source /opt/Xilinx/Vivado/2019.1/common/technology/xilinx/common/xilinx.hlp 
Execute           source /opt/Xilinx/Vivado/2019.1/common/technology/xilinx/common/target_info.tcl 
Execute           source /opt/Xilinx/Vivado/2019.1/common/technology/xilinx/interface/xilinx_interface.hlp 
Execute             source /opt/Xilinx/Vivado/2019.1/common/technology/xilinx/interface/maxi.hlp 
Execute             source /opt/Xilinx/Vivado/2019.1/common/technology/xilinx/interface/saxilite.hlp 
Execute           source /opt/Xilinx/Vivado/2019.1/common/technology/xilinx/common/dsp48.hlp 
Execute     source /opt/Xilinx/Vivado/2019.1/common/technology/xilinx/zynquplus/zynquplus_fpv7.gen 
Execute       source /opt/Xilinx/Vivado/2019.1/common/technology/xilinx/common/xilinx_fp.gen 
Execute     set_part xczu9eg-ffvb1156-2-e 
Execute       ap_part_info -name xczu9eg-ffvb1156-2-e -data single -quiet 
Command       ap_part_info done; 0.47 sec.
Execute       ap_part_info -name xczu9eg-ffvb1156-2-e -data info 
Execute       add_library xilinx/zynquplus/zynquplus:xczu9eg:-ffvb1156:-2-e 
Execute         get_default_platform 
Execute         license_isbetapart xczu9eg 
Command         license_isbetapart done; error code: 1; 
Execute         ap_part_info -data single -name xczu9eg-ffvb1156-2-e 
Execute         ap_part_info -name xczu9eg-ffvb1156-2-e -data resources 
Execute         ap_part_info -name xczu9eg-ffvb1156-2-e -data info 
Execute         ap_part_info -name xczu9eg-ffvb1156-2-e -data info 
Execute         config_chip_info -quiet -resource {SLICE 34260} {LUT 274080} {FF 548160} {DSP48E 2520} {BRAM 1824} {URAM 0} 
Execute         ap_part_info -name xczu9eg-ffvb1156-2-e -data info 
Execute         config_chip_info -quiet -speed medium 
Execute       add_library xilinx/zynquplus/zynquplus_fpv7 
Execute         get_default_platform 
Execute         open_platform DefaultPlatform 
Execute         import_lib /opt/Xilinx/Vivado/2019.1/common/technology/xilinx/zynquplus/zynquplus_fpv7 
Execute           source /opt/Xilinx/Vivado/2019.1/common/technology/xilinx/common/xilinx_fp.lib 
Execute           source /opt/Xilinx/Vivado/2019.1/common/technology/xilinx/common/xilinx_fp.hlp 
Execute             source /opt/Xilinx/Vivado/2019.1/common/technology/xilinx/common/xilinx.hlp 
Execute               source /opt/Xilinx/Vivado/2019.1/common/technology/xilinx/common/target_info.tcl 
Execute               source /opt/Xilinx/Vivado/2019.1/common/technology/xilinx/interface/xilinx_interface.hlp 
Execute                 source /opt/Xilinx/Vivado/2019.1/common/technology/xilinx/interface/maxi.hlp 
Execute                 source /opt/Xilinx/Vivado/2019.1/common/technology/xilinx/interface/saxilite.hlp 
Execute               source /opt/Xilinx/Vivado/2019.1/common/technology/xilinx/common/dsp48.hlp 
Execute         source /opt/Xilinx/Vivado/2019.1/common/technology/xilinx/zynquplus/zynquplus_fpv7.gen 
Execute           source /opt/Xilinx/Vivado/2019.1/common/technology/xilinx/common/xilinx_fp.gen 
INFO: [HLS 200-10] Setting target device to 'xczu9eg-ffvb1156-2-e'
Execute       ap_part_info -name xczu9eg-ffvb1156-2-e -data info 
Execute       get_default_platform 
Command     set_part done; 0.54 sec.
Execute     ap_part_info -data single -name xczu9eg-ffvb1156-2-e 
Execute     ap_part_info -name xczu9eg-ffvb1156-2-e -data resources 
Execute     ap_part_info -name xczu9eg-ffvb1156-2-e -data info 
Execute     ap_part_info -name xczu9eg-ffvb1156-2-e -data info 
Execute     config_chip_info -quiet -resource {SLICE 34260} {LUT 274080} {FF 548160} {DSP48E 2520} {BRAM 1824} {URAM 0} 
Execute     ap_part_info -name xczu9eg-ffvb1156-2-e -data info 
Execute     config_chip_info -quiet -speed medium 
Execute     config_export -format=ip_catalog 
Execute     config_export -rtl=verilog 
Command   open_solution done; 0.65 sec.
Execute   set_part xczu9eg-ffvb1156-2-e -tool vivado 
Execute     ap_part_info -name xczu9eg-ffvb1156-2-e -data single -quiet 
Execute     ap_part_info -name xczu9eg-ffvb1156-2-e -data info 
Execute     add_library xilinx/zynquplus/zynquplus:xczu9eg:-ffvb1156:-2-e 
Execute       get_default_platform 
Execute       license_isbetapart xczu9eg 
Command       license_isbetapart done; error code: 1; 
Execute       ap_part_info -data single -name xczu9eg-ffvb1156-2-e 
Execute       ap_part_info -name xczu9eg-ffvb1156-2-e -data resources 
Execute       ap_part_info -name xczu9eg-ffvb1156-2-e -data info 
Execute       ap_part_info -name xczu9eg-ffvb1156-2-e -data info 
Execute       config_chip_info -quiet -resource {SLICE 34260} {LUT 274080} {FF 548160} {DSP48E 2520} {BRAM 1824} {URAM 0} 
Execute       ap_part_info -name xczu9eg-ffvb1156-2-e -data info 
Execute       config_chip_info -quiet -speed medium 
Execute     add_library xilinx/zynquplus/zynquplus_fpv7 
Execute       get_default_platform 
Execute       open_platform DefaultPlatform 
Execute       import_lib /opt/Xilinx/Vivado/2019.1/common/technology/xilinx/zynquplus/zynquplus_fpv7 
Execute         source /opt/Xilinx/Vivado/2019.1/common/technology/xilinx/common/xilinx_fp.lib 
Execute         source /opt/Xilinx/Vivado/2019.1/common/technology/xilinx/common/xilinx_fp.hlp 
Execute           source /opt/Xilinx/Vivado/2019.1/common/technology/xilinx/common/xilinx.hlp 
Execute             source /opt/Xilinx/Vivado/2019.1/common/technology/xilinx/common/target_info.tcl 
Execute             source /opt/Xilinx/Vivado/2019.1/common/technology/xilinx/interface/xilinx_interface.hlp 
Execute               source /opt/Xilinx/Vivado/2019.1/common/technology/xilinx/interface/maxi.hlp 
Execute               source /opt/Xilinx/Vivado/2019.1/common/technology/xilinx/interface/saxilite.hlp 
Execute             source /opt/Xilinx/Vivado/2019.1/common/technology/xilinx/common/dsp48.hlp 
Execute       source /opt/Xilinx/Vivado/2019.1/common/technology/xilinx/zynquplus/zynquplus_fpv7.gen 
Execute         source /opt/Xilinx/Vivado/2019.1/common/technology/xilinx/common/xilinx_fp.gen 
Execute     ap_part_info -name xczu9eg-ffvb1156-2-e -data info 
Execute     get_default_platform 
Execute   create_clock -period 10 -name default 
Execute     config_clock -quiet -name default -period 10 -default=false 
INFO: [SYN 201-201] Setting up clock 'default' with a period of 10ns.
Execute   config_export -format ip_catalog -rtl verilog 
Execute   csynth_design 
Execute     get_config_compile -dump_cfg 
Execute     get_config_compile -effort 
Execute     get_config_compile -enable_clang39 
Execute     get_config_compile -g 
Execute     get_config_compile -ng 
Execute     get_config_compile -opt_fp 
Execute     get_config_compile -skip_cdt 
Execute     get_config_compile -skip_syncheck 
Execute     get_config_compile -skip_transform 
Execute     get_config_compile -keep_printf 
Execute     elaborate -effort=medium -skip_syncheck=0 -keep_printf=0 -skip_cdt=0 -skip_transform=0 -ng=0 -g=0 -opt_fp=0 -from_csynth_design=1 
Execute       get_config_schedule -relax_ii_for_timing 
INFO: [SCHED 204-61] Option 'relax_ii_for_timing' is enabled, will increase II to preserve clock frequency constraints.
Execute       get_config_schedule -suppress_dependence_error_break 
WARNING: [HLS 200-40] Skipped source file 'section_input.txt'. Source files must have extensions .c, .C, .cc, .cpp, .c++, .cp, or .cxx.
INFO: [HLS 200-10] Analyzing design file '12_Dummy_L1_to_UPLANE/UP_L1_datagen.cpp' ... 
INFO-FLOW: Compiling one TU...
Execute       is_m_axi_addr64 
INFO-FLOW: Handling 12_Dummy_L1_to_UPLANE/UP_L1_datagen.cpp as C++
Execute       ap_part_info -name xczu9eg-ffvb1156-2-e -data info 
Execute       is_encrypted 12_Dummy_L1_to_UPLANE/UP_L1_datagen.cpp 
Execute       ap_part_info -name xczu9eg-ffvb1156-2-e -data info 
INFO-FLOW: Running: GCC PP
INFO-FLOW: Source preprocessing
Execute       clang  -fno-limit-debug-info -gcc-toolchain "/opt/Xilinx/Vivado/2019.1/lnx64/tools/gcc" -hls  -fno-exceptions  -D__llvm__  -E "12_Dummy_L1_to_UPLANE/UP_L1_datagen.cpp"     -fno-math-errno -c -emit-llvm -O0  -mllvm -disable-llvm-optzns -fno-threadsafe-statics  -fno-use-cxa-atexit  -fno-threadsafe-statics -fno-use-cxa-atexit -D__CLANG_3_1__ -DAESL_SYN -D__SYNTHESIS__ -D__HLS_SYN__ -I "/opt/Xilinx/Vivado/2019.1/common/technology/autopilot" -I "/opt/Xilinx/Vivado/2019.1/common/technology/autopilot/ap_sysc" -include etc/autopilot_ssdm_op.h -D__DSP48E2__  -o "/home/aswin/Desktop/Vivado_hls_projects/12_Dummy_L1_to_UPLANE/solution1/.autopilot/db/UP_L1_datagen.pp.0.cpp" 
INFO-FLOW: exec /opt/Xilinx/Vivado/2019.1/lnx64/tools/clang/bin/clang -fno-limit-debug-info -gcc-toolchain /opt/Xilinx/Vivado/2019.1/lnx64/tools/gcc -hls -fno-exceptions -D__llvm__ -E 12_Dummy_L1_to_UPLANE/UP_L1_datagen.cpp -fno-math-errno -c -emit-llvm -O0 -mllvm -disable-llvm-optzns -fno-threadsafe-statics -fno-use-cxa-atexit -fno-threadsafe-statics -fno-use-cxa-atexit -D__CLANG_3_1__ -DAESL_SYN -D__SYNTHESIS__ -D__HLS_SYN__ -I /opt/Xilinx/Vivado/2019.1/common/technology/autopilot -I /opt/Xilinx/Vivado/2019.1/common/technology/autopilot/ap_sysc -include etc/autopilot_ssdm_op.h -D__DSP48E2__ -o /home/aswin/Desktop/Vivado_hls_projects/12_Dummy_L1_to_UPLANE/solution1/.autopilot/db/UP_L1_datagen.pp.0.cpp
Command       clang done; 1.22 sec.
Execute       tidy_31 xilinx-xfmat-array-geometry /home/aswin/Desktop/Vivado_hls_projects/12_Dummy_L1_to_UPLANE/solution1/.autopilot/db/UP_L1_datagen.pp.0.cpp std=gnu++98 
INFO-FLOW: exec /opt/Xilinx/Vivado/2019.1/lnx64/tools/clang-3.9-csynth/bin/tidy-3.1 -header-filter=.* -checks=-*,xilinx-xfmat-array-geometry -quiet -fix /home/aswin/Desktop/Vivado_hls_projects/12_Dummy_L1_to_UPLANE/solution1/.autopilot/db/UP_L1_datagen.pp.0.cpp -- -std=gnu++98 -fhls -ferror-limit=0
Command       tidy_31 done; 0.55 sec.
INFO-FLOW: Syntax Checking before pre-processing...
Execute       clang -syntaxcheck -src /home/aswin/Desktop/Vivado_hls_projects/12_Dummy_L1_to_UPLANE/solution1/.autopilot/db/UP_L1_datagen.pp.0.cpp  -fno-limit-debug-info -gcc-toolchain "/opt/Xilinx/Vivado/2019.1/lnx64/tools/gcc" -hls    -fno-math-errno -c -emit-llvm -O0  -mllvm -disable-llvm-optzns -fno-threadsafe-statics  -fno-use-cxa-atexit  -fno-threadsafe-statics -fno-use-cxa-atexit -D__CLANG_3_1__ -DAESL_SYN -D__SYNTHESIS__ -D__HLS_SYN__ -I "/opt/Xilinx/Vivado/2019.1/common/technology/autopilot" -I "/opt/Xilinx/Vivado/2019.1/common/technology/autopilot/ap_sysc" -include etc/autopilot_ssdm_op.h -D__DSP48E2__  "/home/aswin/Desktop/Vivado_hls_projects/12_Dummy_L1_to_UPLANE/solution1/.autopilot/db/UP_L1_datagen.pp.0.cpp"  -o "/home/aswin/Desktop/Vivado_hls_projects/12_Dummy_L1_to_UPLANE/solution1/.autopilot/db/useless.bc"  
INFO-FLOW: exec /opt/Xilinx/Vivado/2019.1/lnx64/tools/clang/bin/clang -fno-limit-debug-info -gcc-toolchain /opt/Xilinx/Vivado/2019.1/lnx64/tools/gcc -hls -fno-math-errno -c -emit-llvm -O0 -mllvm -disable-llvm-optzns -fno-threadsafe-statics -fno-use-cxa-atexit -fno-threadsafe-statics -fno-use-cxa-atexit -D__CLANG_3_1__ -DAESL_SYN -D__SYNTHESIS__ -D__HLS_SYN__ -I /opt/Xilinx/Vivado/2019.1/common/technology/autopilot -I /opt/Xilinx/Vivado/2019.1/common/technology/autopilot/ap_sysc -include etc/autopilot_ssdm_op.h -D__DSP48E2__ /home/aswin/Desktop/Vivado_hls_projects/12_Dummy_L1_to_UPLANE/solution1/.autopilot/db/UP_L1_datagen.pp.0.cpp -o /home/aswin/Desktop/Vivado_hls_projects/12_Dummy_L1_to_UPLANE/solution1/.autopilot/db/useless.bc
Command       clang done; 1.49 sec.
INFO-FLOW: Done: GCC PP time: 3.3 seconds per iteration
Execute       source /opt/Xilinx/Vivado/2019.1/tps/tcl/tcllib1.11.1/yaml/huddle.tcl 
Execute       source /opt/Xilinx/Vivado/2019.1/tps/tcl/tcllib1.11.1/yaml/json2huddle.tcl 
Execute         source /opt/Xilinx/Vivado/2019.1/tps/tcl/tcllib1.11.1/try/try.tcl 
Execute       list_core -type functional_unit 
Execute       tidy_31 xilinx-systemc-detector /home/aswin/Desktop/Vivado_hls_projects/12_Dummy_L1_to_UPLANE/solution1/.autopilot/db/UP_L1_datagen.pp.0.cpp std=gnu++98 -directive=/home/aswin/Desktop/Vivado_hls_projects/12_Dummy_L1_to_UPLANE/solution1/.autopilot/db/.systemc_flag 
INFO-FLOW: exec /opt/Xilinx/Vivado/2019.1/lnx64/tools/clang-3.9-csynth/bin/tidy-3.1 -header-filter=.* -checks=-*,xilinx-systemc-detector -import-directive=/home/aswin/Desktop/Vivado_hls_projects/12_Dummy_L1_to_UPLANE/solution1/.autopilot/db/.systemc_flag -quiet -fix-errors /home/aswin/Desktop/Vivado_hls_projects/12_Dummy_L1_to_UPLANE/solution1/.autopilot/db/UP_L1_datagen.pp.0.cpp -- -std=gnu++98 -fhls -ferror-limit=0
Command       tidy_31 done; 2.25 sec.
INFO-FLOW: Running: tidy-3.1 CDT preprocess
Execute       tidy_31 xilinx-directive2pragma /home/aswin/Desktop/Vivado_hls_projects/12_Dummy_L1_to_UPLANE/solution1/.autopilot/db/UP_L1_datagen.pp.0.cpp std=gnu++98 -directive=/home/aswin/Desktop/Vivado_hls_projects/12_Dummy_L1_to_UPLANE/solution1/.autopilot/db/all.directive.json 
INFO-FLOW: exec /opt/Xilinx/Vivado/2019.1/lnx64/tools/clang-3.9-csynth/bin/tidy-3.1 -header-filter=.* -checks=-*,xilinx-directive2pragma -import-directive=/home/aswin/Desktop/Vivado_hls_projects/12_Dummy_L1_to_UPLANE/solution1/.autopilot/db/all.directive.json -quiet -fix-errors /home/aswin/Desktop/Vivado_hls_projects/12_Dummy_L1_to_UPLANE/solution1/.autopilot/db/UP_L1_datagen.pp.0.cpp -- -std=gnu++98 -fhls -ferror-limit=0
Command       tidy_31 done; 0.48 sec.
Execute       get_config_dataflow -strict_mode 
Execute       ap_eval exec -ignorestderr /opt/Xilinx/Vivado/2019.1/lnx64/tools/clang-3.9-csynth/bin/xilinx-dataflow-lawyer -export-fixes=/home/aswin/Desktop/Vivado_hls_projects/12_Dummy_L1_to_UPLANE/solution1/.autopilot/db/xilinx-dataflow-lawyer.UP_L1_datagen.pp.0.cpp.diag.yml /home/aswin/Desktop/Vivado_hls_projects/12_Dummy_L1_to_UPLANE/solution1/.autopilot/db/UP_L1_datagen.pp.0.cpp -- -std=gnu++98 -fhls -ferror-limit=0 -fstrict-dataflow > /home/aswin/Desktop/Vivado_hls_projects/12_Dummy_L1_to_UPLANE/solution1/.autopilot/db/xilinx-dataflow-lawyer.UP_L1_datagen.pp.0.cpp.out.log 2> /home/aswin/Desktop/Vivado_hls_projects/12_Dummy_L1_to_UPLANE/solution1/.autopilot/db/xilinx-dataflow-lawyer.UP_L1_datagen.pp.0.cpp.err.log 
Command       ap_eval done; 0.42 sec.
Execute       tidy_31 -errorcheck xilinx-constantarray-param,xilinx-resource-pragma-transformer,xilinx-xfmat-array-geometry /home/aswin/Desktop/Vivado_hls_projects/12_Dummy_L1_to_UPLANE/solution1/.autopilot/db/UP_L1_datagen.pp.0.cpp std=gnu++98 
Execute         ap_eval exec -ignorestderr /opt/Xilinx/Vivado/2019.1/lnx64/tools/clang-3.9-csynth/bin/tidy-3.1 -export-fixes=/home/aswin/Desktop/Vivado_hls_projects/12_Dummy_L1_to_UPLANE/solution1/.autopilot/db/tidy-3.1.UP_L1_datagen.pp.0.cpp.diag.yml -header-filter=.* -checks=-*,xilinx-constantarray-param,xilinx-resource-pragma-transformer,xilinx-xfmat-array-geometry -quiet -fix-errors /home/aswin/Desktop/Vivado_hls_projects/12_Dummy_L1_to_UPLANE/solution1/.autopilot/db/UP_L1_datagen.pp.0.cpp -- -std=gnu++98 -fhls -ferror-limit=0 > /home/aswin/Desktop/Vivado_hls_projects/12_Dummy_L1_to_UPLANE/solution1/.autopilot/db/tidy-3.1.UP_L1_datagen.pp.0.cpp.out.log 2> /home/aswin/Desktop/Vivado_hls_projects/12_Dummy_L1_to_UPLANE/solution1/.autopilot/db/tidy-3.1.UP_L1_datagen.pp.0.cpp.err.log 
Command         ap_eval done; 0.62 sec.
Execute         ap_eval exec -ignorestderr /opt/Xilinx/Vivado/2019.1/lnx64/tools/clang-3.9-csynth/bin/xilinx-legacy-rewriter /home/aswin/Desktop/Vivado_hls_projects/12_Dummy_L1_to_UPLANE/solution1/.autopilot/db/UP_L1_datagen.pp.0.cpp -- -std=gnu++98 -fhls -ferror-limit=0 > /home/aswin/Desktop/Vivado_hls_projects/12_Dummy_L1_to_UPLANE/solution1/.autopilot/db/xilinx-legacy-rewriter.UP_L1_datagen.pp.0.cpp.out.log 2> /home/aswin/Desktop/Vivado_hls_projects/12_Dummy_L1_to_UPLANE/solution1/.autopilot/db/xilinx-legacy-rewriter.UP_L1_datagen.pp.0.cpp.err.log 
Command         ap_eval done; 0.44 sec.
Command       tidy_31 done; 1.06 sec.
INFO-FLOW: Done: tidy-3.1 CDT preprocess time: 2 seconds per iteration
INFO-FLOW: Pragma Handling...
Execute       tidy_31 xilinx-ssdm-intrinsics-arguments /home/aswin/Desktop/Vivado_hls_projects/12_Dummy_L1_to_UPLANE/solution1/.autopilot/db/UP_L1_datagen.pragma.1.cpp std=gnu++98 
INFO-FLOW: exec /opt/Xilinx/Vivado/2019.1/lnx64/tools/clang-3.9-csynth/bin/tidy-3.1 -header-filter=.* -checks=-*,xilinx-ssdm-intrinsics-arguments -quiet -fix-errors /home/aswin/Desktop/Vivado_hls_projects/12_Dummy_L1_to_UPLANE/solution1/.autopilot/db/UP_L1_datagen.pragma.1.cpp -- -std=gnu++98 -fhls -ferror-limit=0
Command       tidy_31 done; 2.66 sec.
Execute       ap_part_info -name xczu9eg-ffvb1156-2-e -data info 
INFO-FLOW: Processing labels
Execute       clang -src /home/aswin/Desktop/Vivado_hls_projects/12_Dummy_L1_to_UPLANE/solution1/.autopilot/db/UP_L1_datagen.pragma.2.cpp  -fno-limit-debug-info -gcc-toolchain /opt/Xilinx/Vivado/2019.1/lnx64/tools/gcc -hls -hls-analyze-label -hls-analyze-pragma -fno-exceptions  -D__llvm__  -w  "/home/aswin/Desktop/Vivado_hls_projects/12_Dummy_L1_to_UPLANE/solution1/.autopilot/db/UP_L1_datagen.pragma.2.cpp"    -fno-math-errno -c -emit-llvm -O0  -mllvm -disable-llvm-optzns -fno-threadsafe-statics  -fno-use-cxa-atexit -DAESL_SYN -D__SYNTHESIS__ -D__HLS_SYN__ -I "/opt/Xilinx/Vivado/2019.1/common/technology/autopilot" -I "/opt/Xilinx/Vivado/2019.1/common/technology/autopilot/ap_sysc" -include etc/autopilot_ssdm_op.h -D__DSP48E2__ -g -o "/home/aswin/Desktop/Vivado_hls_projects/12_Dummy_L1_to_UPLANE/solution1/.autopilot/db/UP_L1_datagen.bc" 
INFO-FLOW: exec /opt/Xilinx/Vivado/2019.1/lnx64/tools/clang/bin/clang -fno-limit-debug-info -gcc-toolchain /opt/Xilinx/Vivado/2019.1/lnx64/tools/gcc -hls -hls-analyze-label -hls-analyze-pragma -fno-exceptions -D__llvm__ -w /home/aswin/Desktop/Vivado_hls_projects/12_Dummy_L1_to_UPLANE/solution1/.autopilot/db/UP_L1_datagen.pragma.2.cpp -fno-math-errno -c -emit-llvm -O0 -mllvm -disable-llvm-optzns -fno-threadsafe-statics -fno-use-cxa-atexit -DAESL_SYN -D__SYNTHESIS__ -D__HLS_SYN__ -I /opt/Xilinx/Vivado/2019.1/common/technology/autopilot -I /opt/Xilinx/Vivado/2019.1/common/technology/autopilot/ap_sysc -include etc/autopilot_ssdm_op.h -D__DSP48E2__ -g -o /home/aswin/Desktop/Vivado_hls_projects/12_Dummy_L1_to_UPLANE/solution1/.autopilot/db/UP_L1_datagen.bc
Command       clang done; 1.51 sec.
INFO-FLOW: Linking Debug ...
Execute       llvm-ld /home/aswin/Desktop/Vivado_hls_projects/12_Dummy_L1_to_UPLANE/solution1/.autopilot/db/UP_L1_datagen.g.bc -hls-opt -except-internalize Userplane_L1_Data_Gen -L/opt/Xilinx/Vivado/2019.1/lnx64/lib -lhlsm -lhlsmc++ -o /home/aswin/Desktop/Vivado_hls_projects/12_Dummy_L1_to_UPLANE/solution1/.autopilot/db/a.g 
Command       llvm-ld done; 0.61 sec.
INFO: [HLS 200-111] Finished Linking Time (s): cpu = 00:00:09 ; elapsed = 00:00:13 . Memory (MB): peak = 888.418 ; gain = 195.176 ; free physical = 3751 ; free virtual = 84518
INFO: [HLS 200-111] Finished Checking Pragmas Time (s): cpu = 00:00:09 ; elapsed = 00:00:13 . Memory (MB): peak = 888.418 ; gain = 195.176 ; free physical = 3751 ; free virtual = 84518
Execute       get_config_sdx -target 
Execute       opt_and_import_c a -opt_level=2 -skip_syncheck=0 -ng=0 -keep_printf=0 
Execute         cleanup_all_models 
INFO: [HLS 200-10] Starting code transformations ...
Execute         transform -promote-dbg-pointer /home/aswin/Desktop/Vivado_hls_projects/12_Dummy_L1_to_UPLANE/solution1/.autopilot/db/a.pp.bc -o /home/aswin/Desktop/Vivado_hls_projects/12_Dummy_L1_to_UPLANE/solution1/.autopilot/db/a.pp.0.bc -f 
Execute         llvm-ld /home/aswin/Desktop/Vivado_hls_projects/12_Dummy_L1_to_UPLANE/solution1/.autopilot/db/a.pp.0.bc -disable-opt -L/opt/Xilinx/Vivado/2019.1/lnx64/lib -lfloatconversion -o /home/aswin/Desktop/Vivado_hls_projects/12_Dummy_L1_to_UPLANE/solution1/.autopilot/db/a.g.0 
Command         llvm-ld done; 0.61 sec.
INFO-FLOW: Running Standard Transforms...
Execute         transform -hls -share-std-xform -demangle-name -inline-byval-memcpy -always-inline -promote-dbg-pointer -interface-preproc -mem2reg -scalarrepl -mem2reg -keep-read-access -instcombine -dce -promote-dbg-pointer -bitop-raise -loop-simplify -indvarspre -indvars -loop-simplify -xunroll -constprop -instcombine -simplifycfg -indvars -simplifycfg -dce -globaldce -basicaa -simplifycfg -mem2reg -globalopt -global-constprop -deadargelim -instcombine -simplifycfg -prune-eh -simplifycfg -scalarrepl -instcombine -reassociate -licm -simplifycfg -loop-simplify -indvars -instcombine -simplifycfg -mem2reg -loop-simplify -indvars -instcombine -gvn -gvn -instcombine -adce -break-crit-edges -simplifycfg -loop-delete -global-array-opt -dce -dse -adce -find-syn-modules -top Userplane_L1_Data_Gen -deadargelim -mem2reg -instcombine -dce -presyn-prepare -auto-rom-infer -interface-preproc -syn-check -check-rec-only -find-region -simplifycfg -func-extr -function-inline -globaldce -mem2reg -instcombine -dce -gvn -globaldce -adce -adse -constprop -instcombine -bit-constprop -instcombine -dce -simplifycfg -bitop-raise -simplifycfg -dce -loop-delete -reassociate -globalopt -global-privatize -mem2reg -dce -global-constprop -pointer-simplify -constprop -dce -func-inst -deadargelim -auto-shift-reg-idiom -promote-dbg-pointer -norm-name /home/aswin/Desktop/Vivado_hls_projects/12_Dummy_L1_to_UPLANE/solution1/.autopilot/db/a.g.0.bc -o /home/aswin/Desktop/Vivado_hls_projects/12_Dummy_L1_to_UPLANE/solution1/.autopilot/db/a.g.1.bc -f -phase std-opt 
INFO: [HLS 200-111] Finished Standard Transforms Time (s): cpu = 00:00:10 ; elapsed = 00:00:14 . Memory (MB): peak = 888.418 ; gain = 195.176 ; free physical = 3739 ; free virtual = 84510
INFO: [HLS 200-10] Checking synthesizability ...
INFO-FLOW: Checking Synthesizability 1/2..
Execute         transform -hls -syn-check -check-rec-only -disaggr -scalarrepl -norm-name -dce -mem2reg -instcombine -function-uniquify -directive-preproc -mem2reg -dse -dce -auto-rom-infer -dce -pag -array-normalize -instcombine -dce -warn-fifo-pointer -array-seg-normalize -instcombine -dce -array-flatten -instcombine -dce -array-burst -dce -deadargelim -promote-global-argument -simplifycfg -mem2reg -globaldce -dce -deadargelim -dce -instcombine -function-inline -globaldce -dce -doublePtrSimplify -doublePtrElim -dce -doublePtrSimplify -promote-dbg-pointer -dce -scalarrepl -dse -adse -instcombine -ptrLegalization -simplifycfg -dce -instcombine -pointer-simplify -ptrArgReplace -dce -instcombine -resolve-double-ptr -disaggr -scalarrepl -norm-name -dce -mem2reg -instcombine -ptrLegalization -simplifycfg -deadargelim -instcombine -dce -inst-simplify -function-uniquify -directive-preproc -mem2reg -dse -dce -globaldce -check-dspbuiltin /home/aswin/Desktop/Vivado_hls_projects/12_Dummy_L1_to_UPLANE/solution1/.autopilot/db/a.g.1.bc -o /home/aswin/Desktop/Vivado_hls_projects/12_Dummy_L1_to_UPLANE/solution1/.autopilot/db/a.g.2.prechk.bc -f 
INFO-FLOW: Checking Synthesizability 2/2..
Execute         transform -syn-check /home/aswin/Desktop/Vivado_hls_projects/12_Dummy_L1_to_UPLANE/solution1/.autopilot/db/a.g.2.prechk.bc -o /home/aswin/Desktop/Vivado_hls_projects/12_Dummy_L1_to_UPLANE/solution1/.autopilot/db/a.g.2.bc -f -phase syn-check 
INFO: [HLS 200-111] Finished Checking Synthesizability Time (s): cpu = 00:00:10 ; elapsed = 00:00:14 . Memory (MB): peak = 888.418 ; gain = 195.176 ; free physical = 3734 ; free virtual = 84506
INFO-FLOW: Compiler optimizing ...
INFO-FLOW: Share syncheck's 1.bc for syn flow: copy /home/aswin/Desktop/Vivado_hls_projects/12_Dummy_L1_to_UPLANE/solution1/.autopilot/db/a.g.1.bc to /home/aswin/Desktop/Vivado_hls_projects/12_Dummy_L1_to_UPLANE/solution1/.autopilot/db/a.o.1.bc
INFO-FLOW: Presyn 1...
Execute         transform -hls -tmp /home/aswin/Desktop/Vivado_hls_projects/12_Dummy_L1_to_UPLANE/solution1/.autopilot/db -interface-port-rename -type-info -function-uniquify -directive-preproc -mem2reg -dse -dce -disaggr -scalarrepl -norm-name -deadargelim -mem2reg -instcombine -dce -simplifycfg -auto-rom-infer -dce -function-uniquify -resource-proc -clib-intrinsic-prepare -dce -func-buffer -dce -pag -array-normalize -func-legal -instcombine -gvn -constprop -dce -simplifycfg -mem2reg -globaldce -resolve-double-ptr -dce -deadargelim -dce -instcombine -ptrArgReplace -mem2reg -dce -array-seg-normalize -deadargelim -instcombine -dce -pointer-simplify -dce -port-alignment -dce -interface-preproc -data-pack -instcombine -dce -basicaa -aggr-aa -aggrmodref-aa -aggr-aa -gvn -gvn -basicaa -aggr-aa -aggrmodref-aa -aggr-aa -dse -adse -adce -loop-simplify -indvars -instcombine -gvn -loop-simplify -mem2reg -dce -find-region -instcombine -auto-loop-pipeline -inst-simplify -interface-preproc -cfgopt -instcombine -indvars -auto-loop-unroll -loop-simplify -loop-bound -xunroll -constprop -instcombine -simplifycfg -indvars -simplifycfg -dce -globaldce -clean-region -attach-range -gvn -inst-simplify -constprop -simplifycfg -dce -pointer-simplify -dce -globalopt -constprop -dce -array-promote -constprop -dce -ptrArgReplace -mem2reg -simplifycfg -dce -auto-par -instcombine -dce -array-transform-check -array-reshape -instcombine -simplifycfg -dce -ptrArgReplace -deadargelim -mem2reg -instcombine -simplifycfg -dce -indvars -loop-simplify -loop-bound -xunroll -constprop -instcombine -simplifycfg -indvars -simplifycfg -dce -globaldce -basicaa -aggr-aa -aggrmodref-aa -aggr-aa -dse -duplicate-dataflow-processes -globaldce -instcombine -array-partition -instcombine -simplifycfg -dce -ptrArgReplace -global-constprop -deadargelim -mem2reg -func-legal -dce -global-constprop -deadargelim -mem2reg -simplifycfg -dce -merge-param -deadargelim -globalopt -constprop -dce -array-promote -constprop -dce -ptrArgReplace -mem2reg -simplifycfg -dce -mem-intrinsic-preproc -dce -global-internalize -global-privatize -mem2reg -globaldce -promote-global-argument -ptrArgReplace -mem2reg -dce -globalopt -mergereturn -simplify-global-access -mem2reg -dce -pointer-simplify -dce -functionattrs -basicaa -aggr-aa -aggrmodref-aa -aggr-aa -gvn -gvn -basicaa -aggr-aa -aggrmodref-aa -aggr-aa -dse -adse -adce -dce -norm-name -function-inline -complex-op-raise -inst-simplify -globaldce -func-inst -constprop -instcombine -simplifycfg -dce -func-legal -dce -loop-bound -arraycheck -bitwidthmin -on-by-dataflow -loop-delete -instcombine -simplifycfg -globaldce -dce -gvn -deadargelim -dce -loop-simplify -clean-region -simplifycfg -propagate-stable-arguments -loop-stream -instcombine -simplifycfg -dce -globaldce -duplicate-dataflow-processes -stream-intrinsic-preproc -dce -check-ap-stream -loop-simplify -eliminate-keepreads -extract-dataflow-in-loop -loop-simplify -dce -gvn -deadargelim -dse -check-dataflow-syntax -legalize-stream-variable -legalize-global -extract-subproc -dce -dead-channel-elimination -canonicalize-gep -globaldce -dce -gvn -deadargelim -annotate-dataflow-channels -scalar-propagation -deadargelim -globaldce -mem2reg -check-dataflow-channels -function-stream -dce -globaldce -prop-fifo-spec -internal-stream-gen -canonicalize-gep -globaldce -dce -gvn -deadargelim -mergereturn -indvars -loop-simplify -instcombine -array-stream -array-seg-normalize -array-partition -func-legal -instcombine -simplifycfg -dce -bundle-memfifo-ops -deadargelim -function-uniquify -directive-preproc -mem2reg -dse -dce -group-axi-access -licm -simplifycfg -dce -loop-delete -norm-name /home/aswin/Desktop/Vivado_hls_projects/12_Dummy_L1_to_UPLANE/solution1/.autopilot/db/a.o.1.bc -o /home/aswin/Desktop/Vivado_hls_projects/12_Dummy_L1_to_UPLANE/solution1/.autopilot/db/a.o.1.tmp.bc -f 
INFO: [XFORM 203-1101] Packing variable 'L1_data_out.V' (12_Dummy_L1_to_UPLANE/UP_L1_datagen.cpp:3) into a 64-bit variable.
INFO: [XFORM 203-101] Partitioning array 'section_hdr'  in dimension 1 completely.
INFO-FLOW: Presyn 2...
Execute         transform -hls -keep-callgraph -scalarrepl -mem2reg -port-alignment -attach-range -dce -pipe-mux-gen -indvars -loop-bound -inst-simplify -instcombine -dce -merge-array-access -mem2reg -dce -clean-region -mergereturn -if-conv -instcombine -dce -constprop -basicaa -aggr-aa -aggrmodref-aa -aggr-aa -gvn -gvn -basicaa -aggr-aa -aggrmodref-aa -aggr-aa -dse -adse -adce -scalarrepl -mem2reg -global-constprop -deadargelim -deadargelim -instcombine -dce -simplifycfg -ptrArgReplace -mem2reg -function-inline -globaldce -mem2reg -instcombine -dce -expr-balance -instcombine -dce -bitwidthmin -interface-preproc -directive-preproc -inst-rectify -instcombine -dce -functionattrs -constprop -instcombine -bit-constprop -simplify-global-access -globalopt -globaldce -inst-simplify -instcombine -elimdeaddata -dce -loop-delete -simplifycfg -loop-simplify -auto-burst -norm-name /home/aswin/Desktop/Vivado_hls_projects/12_Dummy_L1_to_UPLANE/solution1/.autopilot/db/a.o.1.tmp.bc -o /home/aswin/Desktop/Vivado_hls_projects/12_Dummy_L1_to_UPLANE/solution1/.autopilot/db/a.o.2.bc -f -phase presyn 
INFO: [XFORM 203-603] Inlining function 'aesl_mux_load.3[5 x i15]P.i2.i64' into 'Userplane_L1_Data_Gen' (12_Dummy_L1_to_UPLANE/UP_L1_datagen.cpp:54).
INFO: [XFORM 203-603] Inlining function 'aesl_mux_load.3[5 x i15]P.i2.i64' into 'Userplane_L1_Data_Gen' (12_Dummy_L1_to_UPLANE/UP_L1_datagen.cpp:55).
INFO: [XFORM 203-603] Inlining function 'aesl_mux_load.3[5 x i15]P.i2.i64' into 'Userplane_L1_Data_Gen' (12_Dummy_L1_to_UPLANE/UP_L1_datagen.cpp:56).
INFO: [XFORM 203-603] Inlining function 'aesl_mux_load.3[5 x i15]P.i2.i64' into 'Userplane_L1_Data_Gen' (12_Dummy_L1_to_UPLANE/UP_L1_datagen.cpp:57).
INFO: [XFORM 203-603] Inlining function 'aesl_mux_load.3[5 x i15]P.i2.i64' into 'Userplane_L1_Data_Gen' (12_Dummy_L1_to_UPLANE/UP_L1_datagen.cpp:58).
INFO: [HLS 200-111] Finished Pre-synthesis Time (s): cpu = 00:00:10 ; elapsed = 00:00:14 . Memory (MB): peak = 888.418 ; gain = 195.176 ; free physical = 3710 ; free virtual = 84483
INFO-FLOW: Building ssdm...
Execute         transform -hls -function-uniquify -auto-function-inline -globaldce -ptrArgReplace -mem2reg -dce -reset-lda -loop-simplify -indvars -licm -loop-dep -loop-bound -licm -loop-simplify -flattenloopnest -array-flatten -gvn -instcombine -dce -array-map -dce -func-legal -gvn -adce -instcombine -cfgopt -simplifycfg -loop-simplify -array-burst -promote-global-argument -dce -ptrLegalization -axi4-lower -array-seg-normalize -basicaa -aggrmodref-aa -globalsmodref-aa -aggr-aa -gvn -gvn -basicaa -aggrmodref-aa -globalsmodref-aa -aggr-aa -dse -adse -adce -licm -inst-simplify -dce -globaldce -instcombine -array-stream -eliminate-keepreads -instcombine -dce -deadargelim -doublePtrSimplify -doublePtrElim -dce -doublePtrSimplify -promote-dbg-pointer -dce -scalarrepl -mem2reg -disaggr -norm-name -mem2reg -instcombine -dse -adse -adce -ptrLegalization -dce -auto-rom-infer -array-flatten -dce -instcombine -check-doubleptr -loop-rot -constprop -cfgopt -simplifycfg -loop-simplify -indvars -pointer-simplify -dce -loop-bound -loop-simplify -loop-preproc -constprop -global-constprop -gvn -mem2reg -instcombine -dce -loop-bound -loop-merge -dce -bitwidthmin -deadargelim -dce -canonicalize-dataflow -dce -scalar-propagation -deadargelim -globaldce -mem2reg -read-loop-dep -interface-preproc -directive-preproc -interface-gen -bram-byte-enable -deadargelim -inst-simplify -dce -gvn -mem2reg -instcombine -dce -adse -loop-bound -instcombine -cfgopt -simplifycfg -loop-simplify -clean-region -io-protocol -find-region -mem2reg -bitop-raise -complex-op-raise -inst-simplify -inst-rectify -instcombine -adce -deadargelim -loop-simplify -phi-opt -bitop-raise -cfgopt -simplifycfg -strip-dead-prototypes -interface-lower -bitop-lower -intrinsic-lower -auto-function-inline -basicaa -aggrmodref-aa -globalsmodref-aa -aggr-aa -inst-simplify -simplifycfg -loop-simplify -mergereturn -inst-simplify -inst-rectify -dce -load-elim -bitop-lower -loop-rewind -pointer-simplify -dce -cfgopt -dce -loop-bound -loop-dep -read-loop-dep -dce -check-stream -norm-name -legalize -validate-dataflow -inst-clarity -bitwidth -dump-loop-dep-to-ir -check-all-ssdm -cdfg-build /home/aswin/Desktop/Vivado_hls_projects/12_Dummy_L1_to_UPLANE/solution1/.autopilot/db/a.o.2.bc -o /home/aswin/Desktop/Vivado_hls_projects/12_Dummy_L1_to_UPLANE/solution1/.autopilot/db/a.o.3.bc -f -phase build-ssdm 
INFO: [HLS 200-111] Finished Architecture Synthesis Time (s): cpu = 00:00:10 ; elapsed = 00:00:14 . Memory (MB): peak = 888.418 ; gain = 195.176 ; free physical = 3716 ; free virtual = 84489
INFO-FLOW: Finish building internal data model.
Command       opt_and_import_c done; 0.88 sec.
Command     elaborate done; 13.3 sec.
Execute     autosyn -from_csynth_design=1 
INFO: [HLS 200-10] Starting hardware synthesis ...
INFO-FLOW: Synthesizing C/C++ design ...
INFO: [HLS 200-10] Synthesizing 'Userplane_L1_Data_Gen' ...
Execute       ap_set_top_model Userplane_L1_Data_Gen 
Execute       get_model_list Userplane_L1_Data_Gen -filter all-wo-channel -topdown 
Execute       preproc_iomode -model Userplane_L1_Data_Gen 
Execute       get_model_list Userplane_L1_Data_Gen -filter all-wo-channel 
INFO-FLOW: Model list for configure: Userplane_L1_Data_Gen
INFO-FLOW: Configuring Module : Userplane_L1_Data_Gen ...
Execute       set_default_model Userplane_L1_Data_Gen 
Execute       apply_spec_resource_limit Userplane_L1_Data_Gen 
INFO-FLOW: Model list for preprocess: Userplane_L1_Data_Gen
INFO-FLOW: Preprocessing Module: Userplane_L1_Data_Gen ...
Execute       set_default_model Userplane_L1_Data_Gen 
Execute       cdfg_preprocess -model Userplane_L1_Data_Gen 
Execute       rtl_gen_preprocess Userplane_L1_Data_Gen 
INFO-FLOW: Model list for synthesis: Userplane_L1_Data_Gen
INFO: [HLS 200-10] ----------------------------------------------------------------
INFO: [HLS 200-42] -- Implementing module 'Userplane_L1_Data_Gen' 
INFO: [HLS 200-10] ----------------------------------------------------------------
Execute       set_default_model Userplane_L1_Data_Gen 
Execute       schedule -model Userplane_L1_Data_Gen 
INFO: [SCHED 204-11] Starting scheduling ...
INFO: [SCHED 204-61] Pipelining function 'Userplane_L1_Data_Gen'.
INFO: [SCHED 204-61] Pipelining result : Target II = 1, Final II = 1, Depth = 3.
INFO: [SCHED 204-11] Finished scheduling.
INFO: [HLS 200-111]  Elapsed time: 14.2 seconds; current allocated memory: 123.077 MB.
Execute       syn_report -verbosereport -o /home/aswin/Desktop/Vivado_hls_projects/12_Dummy_L1_to_UPLANE/solution1/.autopilot/db/Userplane_L1_Data_Gen.verbose.sched.rpt 
Execute       db_write -o /home/aswin/Desktop/Vivado_hls_projects/12_Dummy_L1_to_UPLANE/solution1/.autopilot/db/Userplane_L1_Data_Gen.sched.adb -f 
INFO-FLOW: Finish scheduling Userplane_L1_Data_Gen.
Execute       set_default_model Userplane_L1_Data_Gen 
Execute       bind -model Userplane_L1_Data_Gen 
BIND OPTION: model=Userplane_L1_Data_Gen
INFO: [BIND 205-100] Starting micro-architecture generation ...
INFO: [BIND 205-101] Performing variable lifetime analysis.
INFO: [BIND 205-101] Exploring resource sharing.
INFO: [BIND 205-101] Binding ...
INFO: [BIND 205-100] Finished micro-architecture generation.
INFO: [HLS 200-111]  Elapsed time: 0.02 seconds; current allocated memory: 123.337 MB.
Execute       syn_report -verbosereport -o /home/aswin/Desktop/Vivado_hls_projects/12_Dummy_L1_to_UPLANE/solution1/.autopilot/db/Userplane_L1_Data_Gen.verbose.bind.rpt 
Execute       db_write -o /home/aswin/Desktop/Vivado_hls_projects/12_Dummy_L1_to_UPLANE/solution1/.autopilot/db/Userplane_L1_Data_Gen.bind.adb -f 
INFO-FLOW: Finish binding Userplane_L1_Data_Gen.
Execute       get_model_list Userplane_L1_Data_Gen -filter all-wo-channel 
INFO-FLOW: Preprocessing for RTLGen ...
Execute       rtl_gen_preprocess Userplane_L1_Data_Gen 
INFO-FLOW: Model list for RTL generation: Userplane_L1_Data_Gen
INFO: [HLS 200-10] ----------------------------------------------------------------
INFO: [HLS 200-10] -- Generating RTL for module 'Userplane_L1_Data_Gen' 
INFO: [HLS 200-10] ----------------------------------------------------------------
Execute       get_config_rtl -module_prefix 
Execute       get_config_rtl -module_auto_prefix 
Execute       create_rtl_model Userplane_L1_Data_Gen -vendor xilinx -mg_file /home/aswin/Desktop/Vivado_hls_projects/12_Dummy_L1_to_UPLANE/solution1/.autopilot/db/Userplane_L1_Data_Gen.compgen.tcl 
INFO: [RTGEN 206-500] Setting interface mode on port 'Userplane_L1_Data_Gen/L1_data_out_V' to 'axis' (register, both mode).
INFO: [RTGEN 206-500] Setting interface mode on port 'Userplane_L1_Data_Gen/st_out_V' to 'ap_none'.
WARNING: [RTGEN 206-101] Port 'st_out_V' with mode 'ap_none' may require an associated data valid signal to correctly communicate with other blocks or a test bench; automatic C/RTL co-simulation may not be able to verify such a port.
INFO: [RTGEN 206-500] Setting interface mode on port 'Userplane_L1_Data_Gen/symbol_number_V' to 'ap_none'.
WARNING: [RTGEN 206-101] Port 'symbol_number_V' with mode 'ap_none' may require an associated data valid signal to correctly communicate with other blocks or a test bench; automatic C/RTL co-simulation may not be able to verify such a port.
INFO: [RTGEN 206-500] Setting interface mode on function 'Userplane_L1_Data_Gen' to 'ap_ctrl_none'.
WARNING: [RTGEN 206-101] Register 'data_src_state' is power-on initialization.
WARNING: [RTGEN 206-101] Register 'sym_count_V' is power-on initialization.
WARNING: [RTGEN 206-101] Register 'section_count_V' is power-on initialization.
INFO: [RTGEN 206-100] Finished creating RTL model for 'Userplane_L1_Data_Gen'.
INFO: [HLS 200-111]  Elapsed time: 0.03 seconds; current allocated memory: 123.953 MB.
Execute       source /home/aswin/Desktop/Vivado_hls_projects/12_Dummy_L1_to_UPLANE/solution1/.autopilot/db/Userplane_L1_Data_Gen.rtl_wrap.cfg.tcl 
Execute       gen_rtl Userplane_L1_Data_Gen -istop -style xilinx -tracefl mytrace -tracefmt vcd -traceopt all -f -lang sc -o /home/aswin/Desktop/Vivado_hls_projects/12_Dummy_L1_to_UPLANE/solution1/syn/systemc/Userplane_L1_Data_Gen -synmodules Userplane_L1_Data_Gen 
Execute       gen_rtl Userplane_L1_Data_Gen -istop -style xilinx -f -lang vhdl -o /home/aswin/Desktop/Vivado_hls_projects/12_Dummy_L1_to_UPLANE/solution1/syn/vhdl/Userplane_L1_Data_Gen 
Execute       gen_rtl Userplane_L1_Data_Gen -istop -style xilinx -f -lang vlog -o /home/aswin/Desktop/Vivado_hls_projects/12_Dummy_L1_to_UPLANE/solution1/syn/verilog/Userplane_L1_Data_Gen 
Execute       syn_report -csynth -model Userplane_L1_Data_Gen -o /home/aswin/Desktop/Vivado_hls_projects/12_Dummy_L1_to_UPLANE/solution1/syn/report/Userplane_L1_Data_Gen_csynth.rpt 
Execute       syn_report -rtlxml -model Userplane_L1_Data_Gen -o /home/aswin/Desktop/Vivado_hls_projects/12_Dummy_L1_to_UPLANE/solution1/syn/report/Userplane_L1_Data_Gen_csynth.xml 
Execute       syn_report -verbosereport -model Userplane_L1_Data_Gen -o /home/aswin/Desktop/Vivado_hls_projects/12_Dummy_L1_to_UPLANE/solution1/.autopilot/db/Userplane_L1_Data_Gen.verbose.rpt 
Execute       db_write -model Userplane_L1_Data_Gen -f -o /home/aswin/Desktop/Vivado_hls_projects/12_Dummy_L1_to_UPLANE/solution1/.autopilot/db/Userplane_L1_Data_Gen.adb 
Execute       gen_tb_info Userplane_L1_Data_Gen -p /home/aswin/Desktop/Vivado_hls_projects/12_Dummy_L1_to_UPLANE/solution1/.autopilot/db -o /home/aswin/Desktop/Vivado_hls_projects/12_Dummy_L1_to_UPLANE/solution1/.autopilot/db/Userplane_L1_Data_Gen 
Execute       export_constraint_db -f -tool general -o /home/aswin/Desktop/Vivado_hls_projects/12_Dummy_L1_to_UPLANE/solution1/.autopilot/db/Userplane_L1_Data_Gen.constraint.tcl 
Execute       syn_report -designview -model Userplane_L1_Data_Gen -o /home/aswin/Desktop/Vivado_hls_projects/12_Dummy_L1_to_UPLANE/solution1/.autopilot/db/Userplane_L1_Data_Gen.design.xml 
Execute       get_config_rtl -disable_wave_debug 
Execute       syn_report -wcfg -model Userplane_L1_Data_Gen -o /home/aswin/Desktop/Vivado_hls_projects/12_Dummy_L1_to_UPLANE/solution1/.autopilot/db/Userplane_L1_Data_Gen_dataflow_ana.wcfg 
Execute       syn_report -protoinst -model Userplane_L1_Data_Gen -o /home/aswin/Desktop/Vivado_hls_projects/12_Dummy_L1_to_UPLANE/solution1/.autopilot/db/Userplane_L1_Data_Gen.protoinst 
Execute       get_config_debug -directory 
Execute       sc_get_clocks Userplane_L1_Data_Gen 
Execute       get_config_export -vivado_clock 
Execute       sc_get_portdomain Userplane_L1_Data_Gen 
INFO-FLOW: Model list for RTL component generation: Userplane_L1_Data_Gen
INFO-FLOW: Handling components in module [Userplane_L1_Data_Gen] ... 
Execute       source /home/aswin/Desktop/Vivado_hls_projects/12_Dummy_L1_to_UPLANE/solution1/.autopilot/db/Userplane_L1_Data_Gen.compgen.tcl 
INFO-FLOW: Append model Userplane_L1_Data_Gen
INFO-FLOW: Generating RTL model list ...
INFO-FLOW: All models in this session: Userplane_L1_Data_Gen
INFO-FLOW: To file: write model Userplane_L1_Data_Gen
INFO-FLOW: Finished generating RTL model list.


INFO-FLOW: RTL Generation done.
INFO-FLOW: CAS Generation done.
INFO-FLOW: CBC Generation done.
INFO-FLOW: DBG:CMD: auto_generate_csynth_design
INFO-FLOW: DBG:CMD:     auto_generate --sim-model -phase csynth_design -d /home/aswin/Desktop/Vivado_hls_projects/12_Dummy_L1_to_UPLANE/solution1
Execute       source /home/aswin/Desktop/Vivado_hls_projects/12_Dummy_L1_to_UPLANE/solution1/.autopilot/db/global.setting.tcl 
INFO-FLOW: DBG:CMD: read_platform_lib /home/aswin/Desktop/Vivado_hls_projects/12_Dummy_L1_to_UPLANE/solution1/.autopilot/db/global.setting.tcl
Execute       source /opt/Xilinx/Vivado/2019.1/common/technology/generic/autopilot/common.gen 
Execute         source /opt/Xilinx/Vivado/2019.1/common/technology/generic/autopilot/APCoreGen.gen 
Execute       source /opt/Xilinx/Vivado/2019.1/common/technology/generic/autopilot/op.gen 
Execute       source /opt/Xilinx/Vivado/2019.1/common/technology/generic/autopilot/op_simcore.gen 
Execute       source /opt/Xilinx/Vivado/2019.1/common/technology/generic/autopilot/interface.gen 
Execute       source /home/aswin/Desktop/Vivado_hls_projects/12_Dummy_L1_to_UPLANE/solution1/.autopilot/db/global.setting.tcl 
Execute       source /opt/Xilinx/Vivado/2019.1/common/technology/xilinx/zynquplus/zynquplus.gen 
Execute         source /opt/Xilinx/Vivado/2019.1/common/technology/xilinx/common/xilinx.gen 
Execute           source /opt/Xilinx/Vivado/2019.1/common/technology/xilinx/interface/plb46.gen 
Execute           source /opt/Xilinx/Vivado/2019.1/common/technology/xilinx/interface/fsl.gen 
Execute           source /opt/Xilinx/Vivado/2019.1/common/technology/xilinx/interface/axi4.gen 
Execute           source /opt/Xilinx/Vivado/2019.1/common/technology/xilinx/interface/nativeAXI4.gen 
Execute             source /opt/Xilinx/Vivado/2019.1/common/technology/xilinx/interface/saxilite.gen 
Execute             source /opt/Xilinx/Vivado/2019.1/common/technology/xilinx/interface/maxi.gen 
Execute           source /opt/Xilinx/Vivado/2019.1/common/technology/xilinx/scripts/xilinxcoregen.gen 
Execute           source /opt/Xilinx/Vivado/2019.1/common/technology/xilinx/interface/XilEDKCoreGen.gen 
Execute           source /opt/Xilinx/Vivado/2019.1/common/technology/xilinx/ip/dds_compiler.gen 
Execute           source /opt/Xilinx/Vivado/2019.1/common/technology/xilinx/ip/util.gen 
Execute           source /opt/Xilinx/Vivado/2019.1/common/technology/xilinx/ip/xfft.gen 
Execute           source /opt/Xilinx/Vivado/2019.1/common/technology/xilinx/ip/xfir.gen 
Execute           source /opt/Xilinx/Vivado/2019.1/common/technology/xilinx/common/dsp48.gen 
Execute       source /opt/Xilinx/Vivado/2019.1/common/technology/xilinx/zynquplus/zynquplus_fpv7.gen 
Execute         source /opt/Xilinx/Vivado/2019.1/common/technology/xilinx/common/xilinx_fp.gen 
INFO-FLOW: DBG:CMD:   using AESL_AUTOCG::g_clock_period=10.000 (was NA)
INFO-FLOW: DBG:CMD:       generate_ip_cores sim=1 export=0 expOnly=0 dstVlogDir=syn/verilog
Execute       source /home/aswin/Desktop/Vivado_hls_projects/12_Dummy_L1_to_UPLANE/solution1/.autopilot/db/global.setting.tcl 
Execute       ap_part_info -name xczu9eg-ffvb1156-2-e -data names -quiet 
Execute       ap_part_info -name xczu9eg-ffvb1156-2-e -data info -quiet 
Execute       source /home/aswin/Desktop/Vivado_hls_projects/12_Dummy_L1_to_UPLANE/solution1/.autopilot/db/global.setting.tcl 
Execute       source /home/aswin/Desktop/Vivado_hls_projects/12_Dummy_L1_to_UPLANE/solution1/.autopilot/db/global.setting.tcl 
Execute       source /home/aswin/Desktop/Vivado_hls_projects/12_Dummy_L1_to_UPLANE/solution1/.autopilot/db/Userplane_L1_Data_Gen.compgen.tcl 
INFO-FLOW: DBG:CMD:     auto_generate -export -impltomg_flag -rtl both -tool Vivado -pcore_version 1.00.a -phase csynth_design -d /home/aswin/Desktop/Vivado_hls_projects/12_Dummy_L1_to_UPLANE/solution1
Execute       source /home/aswin/Desktop/Vivado_hls_projects/12_Dummy_L1_to_UPLANE/solution1/.autopilot/db/global.setting.tcl 
INFO-FLOW: DBG:CMD: read_platform_lib /home/aswin/Desktop/Vivado_hls_projects/12_Dummy_L1_to_UPLANE/solution1/.autopilot/db/global.setting.tcl
Execute       source /opt/Xilinx/Vivado/2019.1/common/technology/generic/autopilot/common.gen 
Execute         source /opt/Xilinx/Vivado/2019.1/common/technology/generic/autopilot/APCoreGen.gen 
Execute       source /opt/Xilinx/Vivado/2019.1/common/technology/generic/autopilot/op.gen 
Execute       source /opt/Xilinx/Vivado/2019.1/common/technology/generic/autopilot/op_simcore.gen 
Execute       source /opt/Xilinx/Vivado/2019.1/common/technology/generic/autopilot/interface.gen 
Execute       source /home/aswin/Desktop/Vivado_hls_projects/12_Dummy_L1_to_UPLANE/solution1/.autopilot/db/global.setting.tcl 
Execute       source /opt/Xilinx/Vivado/2019.1/common/technology/xilinx/zynquplus/zynquplus.gen 
Execute         source /opt/Xilinx/Vivado/2019.1/common/technology/xilinx/common/xilinx.gen 
Execute           source /opt/Xilinx/Vivado/2019.1/common/technology/xilinx/interface/plb46.gen 
Execute           source /opt/Xilinx/Vivado/2019.1/common/technology/xilinx/interface/fsl.gen 
Execute           source /opt/Xilinx/Vivado/2019.1/common/technology/xilinx/interface/axi4.gen 
Execute           source /opt/Xilinx/Vivado/2019.1/common/technology/xilinx/interface/nativeAXI4.gen 
Execute             source /opt/Xilinx/Vivado/2019.1/common/technology/xilinx/interface/saxilite.gen 
Execute             source /opt/Xilinx/Vivado/2019.1/common/technology/xilinx/interface/maxi.gen 
Execute           source /opt/Xilinx/Vivado/2019.1/common/technology/xilinx/scripts/xilinxcoregen.gen 
Execute           source /opt/Xilinx/Vivado/2019.1/common/technology/xilinx/interface/XilEDKCoreGen.gen 
Execute           source /opt/Xilinx/Vivado/2019.1/common/technology/xilinx/ip/dds_compiler.gen 
Execute           source /opt/Xilinx/Vivado/2019.1/common/technology/xilinx/ip/util.gen 
Execute           source /opt/Xilinx/Vivado/2019.1/common/technology/xilinx/ip/xfft.gen 
Execute           source /opt/Xilinx/Vivado/2019.1/common/technology/xilinx/ip/xfir.gen 
Execute           source /opt/Xilinx/Vivado/2019.1/common/technology/xilinx/common/dsp48.gen 
Execute       source /opt/Xilinx/Vivado/2019.1/common/technology/xilinx/zynquplus/zynquplus_fpv7.gen 
Execute         source /opt/Xilinx/Vivado/2019.1/common/technology/xilinx/common/xilinx_fp.gen 
INFO-FLOW: DBG:CMD:       initCTypeInfo top_module=Userplane_L1_Data_Gen xml_exists=0
Execute       source /home/aswin/Desktop/Vivado_hls_projects/12_Dummy_L1_to_UPLANE/solution1/.autopilot/db/Userplane_L1_Data_Gen.rtl_wrap.cfg.tcl 
Execute       source /home/aswin/Desktop/Vivado_hls_projects/12_Dummy_L1_to_UPLANE/solution1/.autopilot/db/Userplane_L1_Data_Gen.rtl_wrap.cfg.tcl 
Execute       source /home/aswin/Desktop/Vivado_hls_projects/12_Dummy_L1_to_UPLANE/solution1/.autopilot/db/Userplane_L1_Data_Gen.rtl_wrap.cfg.tcl 
Execute       source /home/aswin/Desktop/Vivado_hls_projects/12_Dummy_L1_to_UPLANE/solution1/.autopilot/db/Userplane_L1_Data_Gen.tbgen.tcl 
Execute       source /home/aswin/Desktop/Vivado_hls_projects/12_Dummy_L1_to_UPLANE/solution1/.autopilot/db/Userplane_L1_Data_Gen.tbgen.tcl 
INFO-FLOW: DBG:CMD:       export_impl_rtl
INFO-FLOW: DBG:CMD:       generate_ip_cores sim=0 export=0 expOnly=0 dstVlogDir=impl/.verilog
Execute       source /home/aswin/Desktop/Vivado_hls_projects/12_Dummy_L1_to_UPLANE/solution1/.autopilot/db/global.setting.tcl 
Execute       source /home/aswin/Desktop/Vivado_hls_projects/12_Dummy_L1_to_UPLANE/solution1/.autopilot/db/Userplane_L1_Data_Gen.compgen.tcl 
INFO-FLOW: DBG:CMD:       generate_ip_cores sim=0 export=1 expOnly=1 dstVlogDir=impl/.pcores/verilog
Execute       source /home/aswin/Desktop/Vivado_hls_projects/12_Dummy_L1_to_UPLANE/solution1/.autopilot/db/global.setting.tcl 
Execute       source /home/aswin/Desktop/Vivado_hls_projects/12_Dummy_L1_to_UPLANE/solution1/.autopilot/db/Userplane_L1_Data_Gen.compgen.tcl 
Execute         ap_part_info -name xczu9eg-ffvb1156-2-e -data names -quiet 
Execute         ap_part_info -name xczu9eg-ffvb1156-2-e -data info -quiet 
Execute         ap_part_info -name xczu9eg-ffvb1156-2-e -data names -quiet 
Execute         ap_part_info -name xczu9eg-ffvb1156-2-e -data info -quiet 
Execute         ap_part_info -name xczu9eg-ffvb1156-2-e -data names -quiet 
Execute         ap_part_info -name xczu9eg-ffvb1156-2-e -data info -quiet 
Execute         ap_part_info -name xczu9eg-ffvb1156-2-e -data names -quiet 
Execute         ap_part_info -name xczu9eg-ffvb1156-2-e -data info -quiet 
Execute         ap_part_info -name xczu9eg-ffvb1156-2-e -data names -quiet 
Execute         ap_part_info -name xczu9eg-ffvb1156-2-e -data info -quiet 
Execute         ap_part_info -name xczu9eg-ffvb1156-2-e -data names -quiet 
Execute         ap_part_info -name xczu9eg-ffvb1156-2-e -data info -quiet 
Execute         ap_part_info -name xczu9eg-ffvb1156-2-e -data names -quiet 
Execute         ap_part_info -name xczu9eg-ffvb1156-2-e -data info -quiet 
Execute         ap_part_info -name xczu9eg-ffvb1156-2-e -data names -quiet 
Execute         ap_part_info -name xczu9eg-ffvb1156-2-e -data info -quiet 
Execute       ap_part_info -name xczu9eg-ffvb1156-2-e -data names -quiet 
Execute       ap_part_info -name xczu9eg-ffvb1156-2-e -data info -quiet 
INFO-FLOW: DBG:CMD:       generate_ip_cores sim=0 export=0 expOnly=0 dstVlogDir=impl/.pcores/verilog_sim
Execute       source /home/aswin/Desktop/Vivado_hls_projects/12_Dummy_L1_to_UPLANE/solution1/.autopilot/db/global.setting.tcl 
Execute       source /home/aswin/Desktop/Vivado_hls_projects/12_Dummy_L1_to_UPLANE/solution1/.autopilot/db/Userplane_L1_Data_Gen.compgen.tcl 
Execute       ap_part_info -name xczu9eg-ffvb1156-2-e -data names -quiet 
Execute       ap_part_info -name xczu9eg-ffvb1156-2-e -data info -quiet 
Execute       ap_part_info -name xczu9eg-ffvb1156-2-e -data names -quiet 
Execute       ap_part_info -name xczu9eg-ffvb1156-2-e -data info -quiet 
Execute       source /home/aswin/Desktop/Vivado_hls_projects/12_Dummy_L1_to_UPLANE/solution1/.autopilot/db/global.setting.tcl 
Execute       ap_part_info -name xczu9eg-ffvb1156-2-e -data names -quiet 
Execute       ap_part_info -name xczu9eg-ffvb1156-2-e -data info -quiet 
Execute       source /home/aswin/Desktop/Vivado_hls_projects/12_Dummy_L1_to_UPLANE/solution1/.autopilot/db/Userplane_L1_Data_Gen.constraint.tcl 
Execute       source /home/aswin/Desktop/Vivado_hls_projects/12_Dummy_L1_to_UPLANE/solution1/.autopilot/db/Userplane_L1_Data_Gen.tbgen.tcl 
INFO-FLOW: DBG:CMD:       hasPcoreIpAdapter=false #gSsdmPorts=6
INFO-FLOW: DBG:CMD: Skipping loadAnalyze_DB, #g_database=3
INFO-FLOW: DBG:CMD:       generate_json is_phase_csynth=1 g_has_adaptors=false generate_bd_files=1 #modelList=1 #gSsdmPorts=6
Execute       source /opt/Xilinx/Vivado/2019.1/tps/tcl/tcllib1.11.1/fileutil/fileutil.tcl 
Execute         source /opt/Xilinx/Vivado/2019.1/tps/tcl/tcllib1.11.1/cmdline/cmdline.tcl 
Execute       source /home/aswin/Desktop/Vivado_hls_projects/12_Dummy_L1_to_UPLANE/solution1/.autopilot/db/global.setting.tcl 
Execute       source /home/aswin/Desktop/Vivado_hls_projects/12_Dummy_L1_to_UPLANE/solution1/.autopilot/db/global.setting.tcl 
Execute       get_config_export -xo 
Execute       source /home/aswin/Desktop/Vivado_hls_projects/12_Dummy_L1_to_UPLANE/solution1/.autopilot/db/Userplane_L1_Data_Gen.tbgen.tcl 
Execute       source /home/aswin/Desktop/Vivado_hls_projects/12_Dummy_L1_to_UPLANE/solution1/.autopilot/db/Userplane_L1_Data_Gen.tbgen.tcl 
Execute       source /home/aswin/Desktop/Vivado_hls_projects/12_Dummy_L1_to_UPLANE/solution1/.autopilot/db/Userplane_L1_Data_Gen.tbgen.tcl 
Execute       source /home/aswin/Desktop/Vivado_hls_projects/12_Dummy_L1_to_UPLANE/solution1/.autopilot/db/Userplane_L1_Data_Gen.tbgen.tcl 
Execute       source /home/aswin/Desktop/Vivado_hls_projects/12_Dummy_L1_to_UPLANE/solution1/.autopilot/db/global.setting.tcl 
Execute       get_config_sdx -target 
Execute       source /home/aswin/Desktop/Vivado_hls_projects/12_Dummy_L1_to_UPLANE/solution1/.autopilot/db/Userplane_L1_Data_Gen.rtl_wrap.cfg.tcl 
Execute       source /home/aswin/Desktop/Vivado_hls_projects/12_Dummy_L1_to_UPLANE/solution1/.autopilot/db/Userplane_L1_Data_Gen.compgen.dataonly.tcl 
Execute       source /home/aswin/Desktop/Vivado_hls_projects/12_Dummy_L1_to_UPLANE/solution1/.autopilot/db/global.setting.tcl 
Execute       ap_part_info -name xczu9eg-ffvb1156-2-e -data names -quiet 
Execute       ap_part_info -name xczu9eg-ffvb1156-2-e -data info -quiet 
Execute       source /home/aswin/Desktop/Vivado_hls_projects/12_Dummy_L1_to_UPLANE/solution1/.autopilot/db/Userplane_L1_Data_Gen.constraint.tcl 
Execute       sc_get_clocks Userplane_L1_Data_Gen 
Execute       ap_part_info -name xczu9eg-ffvb1156-2-e -data names -quiet 
Execute       ap_part_info -name xczu9eg-ffvb1156-2-e -data info -quiet 
Execute       source /home/aswin/Desktop/Vivado_hls_projects/12_Dummy_L1_to_UPLANE/solution1/.autopilot/db/global.setting.tcl 
Execute       get_config_debug -directory 
Execute       source /home/aswin/Desktop/Vivado_hls_projects/12_Dummy_L1_to_UPLANE/solution1/.autopilot/db/Userplane_L1_Data_Gen.tbgen.tcl 
Execute       get_config_sdx -target 
Execute       get_config_sdx -profile 
Execute       get_config_rtl -kernel_profile 
Execute       get_config_rtl -stall_sig_gen 
Execute       get_config_rtl -profile 
INFO-FLOW: DBG:CMD: add_json_sdx_info kernel file does not exist, skipping opencl info: /home/aswin/Desktop/Vivado_hls_projects/12_Dummy_L1_to_UPLANE/solution1/.autopilot/db/kernel.internal.xml
INFO-FLOW: DBG:CMD:       delete-temp-dirs (skipped for debug)
INFO: [HLS 200-111] Finished generating all RTL models Time (s): cpu = 00:00:11 ; elapsed = 00:00:15 . Memory (MB): peak = 888.418 ; gain = 195.176 ; free physical = 3707 ; free virtual = 84482
INFO: [VHDL 208-304] Generating VHDL RTL for Userplane_L1_Data_Gen.
INFO: [VLOG 209-307] Generating Verilog RTL for Userplane_L1_Data_Gen.
Command     autosyn done; 0.41 sec.
Command   csynth_design done; 13.71 sec.
Command ap_source done; 14.43 sec.
Execute cleanup_all 
INFO-FLOW: Workspace /home/aswin/Desktop/Vivado_hls_projects/12_Dummy_L1_to_UPLANE/solution1 opened at Wed Mar 17 19:04:33 IST 2021
Execute     config_clock -quiet -name default -period 10 -default=false 
INFO: [SYN 201-201] Setting up clock 'default' with a period of 10ns.
Execute     open_platform DefaultPlatform 
Execute     import_lib /opt/Xilinx/Vivado/2019.1/common/technology/xilinx/zynquplus/zynquplus 
Execute       source /opt/Xilinx/Vivado/2019.1/common/technology/xilinx/common/xilinx.lib 
Execute         source /opt/Xilinx/Vivado/2019.1/common/technology/xilinx/interface/xilinx_interface.lib 
Execute           source /opt/Xilinx/Vivado/2019.1/common/technology/xilinx/interface/plb46.lib 
Execute           source /opt/Xilinx/Vivado/2019.1/common/technology/xilinx/interface/fsl.lib 
Execute           source /opt/Xilinx/Vivado/2019.1/common/technology/xilinx/interface/axi4.lib 
Execute           source /opt/Xilinx/Vivado/2019.1/common/technology/xilinx/interface/maxi.lib 
Execute           source /opt/Xilinx/Vivado/2019.1/common/technology/xilinx/interface/saxilite.lib 
Execute         source /opt/Xilinx/Vivado/2019.1/common/technology/xilinx/common/dsp48.lib 
Execute         source /opt/Xilinx/Vivado/2019.1/common/technology/xilinx/ip/xfir.lib 
Execute         source /opt/Xilinx/Vivado/2019.1/common/technology/xilinx/ip/dds_compiler.lib 
Execute         source /opt/Xilinx/Vivado/2019.1/common/technology/xilinx/ip/xfft.lib 
Execute       source /opt/Xilinx/Vivado/2019.1/common/technology/xilinx/common/xilinx.hlp 
Execute         source /opt/Xilinx/Vivado/2019.1/common/technology/xilinx/common/target_info.tcl 
Execute         source /opt/Xilinx/Vivado/2019.1/common/technology/xilinx/interface/xilinx_interface.hlp 
Execute           source /opt/Xilinx/Vivado/2019.1/common/technology/xilinx/interface/maxi.hlp 
Execute           source /opt/Xilinx/Vivado/2019.1/common/technology/xilinx/interface/saxilite.hlp 
Execute         source /opt/Xilinx/Vivado/2019.1/common/technology/xilinx/common/dsp48.hlp 
Execute       source /opt/Xilinx/Vivado/2019.1/common/technology/xilinx/zynquplus/dsp48e2.hlp 
Execute       source /opt/Xilinx/Vivado/2019.1/common/technology/xilinx/common/xilinx.hlp 
Execute         source /opt/Xilinx/Vivado/2019.1/common/technology/xilinx/common/target_info.tcl 
Execute         source /opt/Xilinx/Vivado/2019.1/common/technology/xilinx/interface/xilinx_interface.hlp 
Execute           source /opt/Xilinx/Vivado/2019.1/common/technology/xilinx/interface/maxi.hlp 
Execute           source /opt/Xilinx/Vivado/2019.1/common/technology/xilinx/interface/saxilite.hlp 
Execute         source /opt/Xilinx/Vivado/2019.1/common/technology/xilinx/common/dsp48.hlp 
Execute     source /opt/Xilinx/Vivado/2019.1/common/technology/xilinx/zynquplus/zynquplus.gen 
Execute       source /opt/Xilinx/Vivado/2019.1/common/technology/xilinx/common/xilinx.gen 
Execute         source /opt/Xilinx/Vivado/2019.1/common/technology/xilinx/interface/plb46.gen 
Execute         source /opt/Xilinx/Vivado/2019.1/common/technology/xilinx/interface/fsl.gen 
Execute         source /opt/Xilinx/Vivado/2019.1/common/technology/xilinx/interface/axi4.gen 
Execute         source /opt/Xilinx/Vivado/2019.1/common/technology/xilinx/interface/nativeAXI4.gen 
Execute           source /opt/Xilinx/Vivado/2019.1/common/technology/xilinx/interface/saxilite.gen 
Execute           source /opt/Xilinx/Vivado/2019.1/common/technology/xilinx/interface/maxi.gen 
Execute         source /opt/Xilinx/Vivado/2019.1/common/technology/xilinx/scripts/xilinxcoregen.gen 
Execute         source /opt/Xilinx/Vivado/2019.1/common/technology/xilinx/interface/XilEDKCoreGen.gen 
Execute         source /opt/Xilinx/Vivado/2019.1/common/technology/xilinx/ip/dds_compiler.gen 
Execute         source /opt/Xilinx/Vivado/2019.1/common/technology/xilinx/ip/util.gen 
Execute         source /opt/Xilinx/Vivado/2019.1/common/technology/xilinx/ip/xfft.gen 
Execute         source /opt/Xilinx/Vivado/2019.1/common/technology/xilinx/ip/xfir.gen 
Execute         source /opt/Xilinx/Vivado/2019.1/common/technology/xilinx/common/dsp48.gen 
Execute     set_part xczu9eg-ffvb1156-2-e 
Execute       ap_part_info -name xczu9eg-ffvb1156-2-e -data single -quiet 
Command       ap_part_info done; 0.44 sec.
Execute       ap_part_info -name xczu9eg-ffvb1156-2-e -data info 
Execute       add_library xilinx/zynquplus/zynquplus:xczu9eg:-ffvb1156:-2-e 
Execute         get_default_platform 
Execute         license_isbetapart xczu9eg 
Command         license_isbetapart done; error code: 1; 
Execute         ap_part_info -data single -name xczu9eg-ffvb1156-2-e 
Execute         ap_part_info -name xczu9eg-ffvb1156-2-e -data resources 
Execute         ap_part_info -name xczu9eg-ffvb1156-2-e -data info 
Execute         ap_part_info -name xczu9eg-ffvb1156-2-e -data info 
Execute         config_chip_info -quiet -resource {SLICE 34260} {LUT 274080} {FF 548160} {DSP48E 2520} {BRAM 1824} {URAM 0} 
Execute         ap_part_info -name xczu9eg-ffvb1156-2-e -data info 
Execute         config_chip_info -quiet -speed medium 
Execute       add_library xilinx/zynquplus/zynquplus_fpv7 
Execute         get_default_platform 
Execute         open_platform DefaultPlatform 
Execute         import_lib /opt/Xilinx/Vivado/2019.1/common/technology/xilinx/zynquplus/zynquplus_fpv7 
Execute           source /opt/Xilinx/Vivado/2019.1/common/technology/xilinx/common/xilinx_fp.lib 
Execute           source /opt/Xilinx/Vivado/2019.1/common/technology/xilinx/common/xilinx_fp.hlp 
Execute             source /opt/Xilinx/Vivado/2019.1/common/technology/xilinx/common/xilinx.hlp 
Execute               source /opt/Xilinx/Vivado/2019.1/common/technology/xilinx/common/target_info.tcl 
Execute               source /opt/Xilinx/Vivado/2019.1/common/technology/xilinx/interface/xilinx_interface.hlp 
Execute                 source /opt/Xilinx/Vivado/2019.1/common/technology/xilinx/interface/maxi.hlp 
Execute                 source /opt/Xilinx/Vivado/2019.1/common/technology/xilinx/interface/saxilite.hlp 
Execute               source /opt/Xilinx/Vivado/2019.1/common/technology/xilinx/common/dsp48.hlp 
Execute         source /opt/Xilinx/Vivado/2019.1/common/technology/xilinx/zynquplus/zynquplus_fpv7.gen 
Execute           source /opt/Xilinx/Vivado/2019.1/common/technology/xilinx/common/xilinx_fp.gen 
INFO: [HLS 200-10] Setting target device to 'xczu9eg-ffvb1156-2-e'
Execute       ap_part_info -name xczu9eg-ffvb1156-2-e -data info 
Execute       get_default_platform 
Command     set_part done; 0.51 sec.
Execute     ap_part_info -data single -name xczu9eg-ffvb1156-2-e 
Execute     ap_part_info -name xczu9eg-ffvb1156-2-e -data resources 
Execute     ap_part_info -name xczu9eg-ffvb1156-2-e -data info 
Execute     ap_part_info -name xczu9eg-ffvb1156-2-e -data info 
Execute     config_chip_info -quiet -resource {SLICE 34260} {LUT 274080} {FF 548160} {DSP48E 2520} {BRAM 1824} {URAM 0} 
Execute     ap_part_info -name xczu9eg-ffvb1156-2-e -data info 
Execute     config_chip_info -quiet -speed medium 
Execute     config_export -format=ip_catalog 
Execute     config_export -rtl=verilog 
Command   open_solution done; 0.6 sec.
Execute   export_design -rtl verilog -format ip_catalog 
Execute     get_config_export -acc 
Execute     get_config_export -clock_margin 
Execute     get_config_export -custom_script 
Execute     get_config_export -description 
Execute     get_config_export -display_name 
Execute     get_config_export -driver_input_dir 
Execute     get_config_export -ipname 
Execute     get_config_export -kernel_drc 
Execute     get_config_export -library 
Execute     get_config_export -qor_test 
Execute     get_config_export -sdaccel 
Execute     get_config_export -sim 
Execute     get_config_export -taxonomy 
Execute     get_config_export -use_ip 
Execute     get_config_export -use_netlist 
Execute     get_config_export -vendor 
Execute     get_config_export -version 
Execute     get_config_export -xo 
Execute     config_export -format=ip_catalog -rtl=verilog 
INFO-FLOW: DBG:CMD: export_design_wrap: -format ip_catalog -rtl verilog
Execute     source /home/aswin/Desktop/Vivado_hls_projects/12_Dummy_L1_to_UPLANE/solution1/.autopilot/db/global.setting.tcl 
Execute     get_config_export -vivado_clock 
Execute     get_top 
Execute     get_config_sdx -target 
Execute     get_config_rtl -module_auto_prefix 
Execute     get_config_sdx -target 
Execute     get_config_sdx -target 
INFO-FLOW: DBG:CMD:   auto_impl: pack: -export -tool vivado -rtl verilog -sdx-target none
Execute     source /home/aswin/Desktop/Vivado_hls_projects/12_Dummy_L1_to_UPLANE/solution1/.autopilot/db/global.setting.tcl 
INFO-FLOW: DBG:CMD: read_platform_lib /home/aswin/Desktop/Vivado_hls_projects/12_Dummy_L1_to_UPLANE/solution1/.autopilot/db/global.setting.tcl
Execute     source /opt/Xilinx/Vivado/2019.1/common/technology/generic/autopilot/common.gen 
Execute       source /opt/Xilinx/Vivado/2019.1/common/technology/generic/autopilot/APCoreGen.gen 
Execute     source /opt/Xilinx/Vivado/2019.1/common/technology/generic/autopilot/op.gen 
Execute     source /opt/Xilinx/Vivado/2019.1/common/technology/generic/autopilot/op_simcore.gen 
Execute     source /opt/Xilinx/Vivado/2019.1/common/technology/generic/autopilot/interface.gen 
Execute     source /home/aswin/Desktop/Vivado_hls_projects/12_Dummy_L1_to_UPLANE/solution1/.autopilot/db/global.setting.tcl 
Execute     source /opt/Xilinx/Vivado/2019.1/common/technology/xilinx/zynquplus/zynquplus.gen 
Execute       source /opt/Xilinx/Vivado/2019.1/common/technology/xilinx/common/xilinx.gen 
Execute         source /opt/Xilinx/Vivado/2019.1/common/technology/xilinx/interface/plb46.gen 
Execute         source /opt/Xilinx/Vivado/2019.1/common/technology/xilinx/interface/fsl.gen 
Execute         source /opt/Xilinx/Vivado/2019.1/common/technology/xilinx/interface/axi4.gen 
Execute         source /opt/Xilinx/Vivado/2019.1/common/technology/xilinx/interface/nativeAXI4.gen 
Execute           source /opt/Xilinx/Vivado/2019.1/common/technology/xilinx/interface/saxilite.gen 
Execute           source /opt/Xilinx/Vivado/2019.1/common/technology/xilinx/interface/maxi.gen 
Execute         source /opt/Xilinx/Vivado/2019.1/common/technology/xilinx/scripts/xilinxcoregen.gen 
Execute         source /opt/Xilinx/Vivado/2019.1/common/technology/xilinx/interface/XilEDKCoreGen.gen 
Execute         source /opt/Xilinx/Vivado/2019.1/common/technology/xilinx/ip/dds_compiler.gen 
Execute         source /opt/Xilinx/Vivado/2019.1/common/technology/xilinx/ip/util.gen 
Execute         source /opt/Xilinx/Vivado/2019.1/common/technology/xilinx/ip/xfft.gen 
Execute         source /opt/Xilinx/Vivado/2019.1/common/technology/xilinx/ip/xfir.gen 
Execute         source /opt/Xilinx/Vivado/2019.1/common/technology/xilinx/common/dsp48.gen 
Execute     source /opt/Xilinx/Vivado/2019.1/common/technology/xilinx/zynquplus/zynquplus_fpv7.gen 
Execute       source /opt/Xilinx/Vivado/2019.1/common/technology/xilinx/common/xilinx_fp.gen 
INFO-FLOW: DBG:CMD:   using AESL_AUTOCG::g_clock_period=10.000 (was NA)
Execute     ap_part_info -name xczu9eg-ffvb1156-2-e -data names -quiet 
Execute     ap_part_info -name xczu9eg-ffvb1156-2-e -data info -quiet 
Execute     source /home/aswin/Desktop/Vivado_hls_projects/12_Dummy_L1_to_UPLANE/solution1/.autopilot/db/global.setting.tcl 
INFO: [IMPL 213-8] Exporting RTL as a Vivado IP.
Execute     source /home/aswin/Desktop/Vivado_hls_projects/12_Dummy_L1_to_UPLANE/solution1/.autopilot/db/global.setting.tcl 
INFO-FLOW: DBG:CMD: automg_wrap -export -pcore_version 1.00.a -rtl vlog -sdx-target none -tool Vivado -impltomg_flag
INFO-FLOW: DBG:CMD:     auto_generate -export -pcore_version 1.00.a -rtl vlog -sdx-target none -tool Vivado -impltomg_flag
Execute     source /home/aswin/Desktop/Vivado_hls_projects/12_Dummy_L1_to_UPLANE/solution1/.autopilot/db/global.setting.tcl 
INFO-FLOW: DBG:CMD: read_platform_lib /home/aswin/Desktop/Vivado_hls_projects/12_Dummy_L1_to_UPLANE/solution1/.autopilot/db/global.setting.tcl
Execute     source /opt/Xilinx/Vivado/2019.1/common/technology/generic/autopilot/common.gen 
Execute       source /opt/Xilinx/Vivado/2019.1/common/technology/generic/autopilot/APCoreGen.gen 
Execute     source /opt/Xilinx/Vivado/2019.1/common/technology/generic/autopilot/op.gen 
Execute     source /opt/Xilinx/Vivado/2019.1/common/technology/generic/autopilot/op_simcore.gen 
Execute     source /opt/Xilinx/Vivado/2019.1/common/technology/generic/autopilot/interface.gen 
Execute     source /home/aswin/Desktop/Vivado_hls_projects/12_Dummy_L1_to_UPLANE/solution1/.autopilot/db/global.setting.tcl 
Execute     source /opt/Xilinx/Vivado/2019.1/common/technology/xilinx/zynquplus/zynquplus.gen 
Execute       source /opt/Xilinx/Vivado/2019.1/common/technology/xilinx/common/xilinx.gen 
Execute         source /opt/Xilinx/Vivado/2019.1/common/technology/xilinx/interface/plb46.gen 
Execute         source /opt/Xilinx/Vivado/2019.1/common/technology/xilinx/interface/fsl.gen 
Execute         source /opt/Xilinx/Vivado/2019.1/common/technology/xilinx/interface/axi4.gen 
Execute         source /opt/Xilinx/Vivado/2019.1/common/technology/xilinx/interface/nativeAXI4.gen 
Execute           source /opt/Xilinx/Vivado/2019.1/common/technology/xilinx/interface/saxilite.gen 
Execute           source /opt/Xilinx/Vivado/2019.1/common/technology/xilinx/interface/maxi.gen 
Execute         source /opt/Xilinx/Vivado/2019.1/common/technology/xilinx/scripts/xilinxcoregen.gen 
Execute         source /opt/Xilinx/Vivado/2019.1/common/technology/xilinx/interface/XilEDKCoreGen.gen 
Execute         source /opt/Xilinx/Vivado/2019.1/common/technology/xilinx/ip/dds_compiler.gen 
Execute         source /opt/Xilinx/Vivado/2019.1/common/technology/xilinx/ip/util.gen 
Execute         source /opt/Xilinx/Vivado/2019.1/common/technology/xilinx/ip/xfft.gen 
Execute         source /opt/Xilinx/Vivado/2019.1/common/technology/xilinx/ip/xfir.gen 
Execute         source /opt/Xilinx/Vivado/2019.1/common/technology/xilinx/common/dsp48.gen 
Execute     source /opt/Xilinx/Vivado/2019.1/common/technology/xilinx/zynquplus/zynquplus_fpv7.gen 
Execute       source /opt/Xilinx/Vivado/2019.1/common/technology/xilinx/common/xilinx_fp.gen 
INFO-FLOW: DBG:CMD:       initCTypeInfo top_module=Userplane_L1_Data_Gen xml_exists=1
Execute     source /home/aswin/Desktop/Vivado_hls_projects/12_Dummy_L1_to_UPLANE/solution1/.autopilot/db/Userplane_L1_Data_Gen.rtl_wrap.cfg.tcl 
Execute     source /home/aswin/Desktop/Vivado_hls_projects/12_Dummy_L1_to_UPLANE/solution1/.autopilot/db/Userplane_L1_Data_Gen.rtl_wrap.cfg.tcl 
Execute     source /home/aswin/Desktop/Vivado_hls_projects/12_Dummy_L1_to_UPLANE/solution1/.autopilot/db/Userplane_L1_Data_Gen.rtl_wrap.cfg.tcl 
Execute     source /home/aswin/Desktop/Vivado_hls_projects/12_Dummy_L1_to_UPLANE/solution1/.autopilot/db/Userplane_L1_Data_Gen.tbgen.tcl 
Execute     source /home/aswin/Desktop/Vivado_hls_projects/12_Dummy_L1_to_UPLANE/solution1/.autopilot/db/Userplane_L1_Data_Gen.tbgen.tcl 
INFO-FLOW: DBG:CMD:       export_impl_rtl
INFO-FLOW: DBG:CMD:       generate_ip_cores sim=0 export=0 expOnly=0 dstVlogDir=impl/.verilog
Execute     source /home/aswin/Desktop/Vivado_hls_projects/12_Dummy_L1_to_UPLANE/solution1/.autopilot/db/global.setting.tcl 
Execute     source /home/aswin/Desktop/Vivado_hls_projects/12_Dummy_L1_to_UPLANE/solution1/.autopilot/db/Userplane_L1_Data_Gen.compgen.tcl 
INFO-FLOW: DBG:CMD:       generate_ip_cores sim=0 export=1 expOnly=1 dstVlogDir=impl/.pcores/verilog
Execute     source /home/aswin/Desktop/Vivado_hls_projects/12_Dummy_L1_to_UPLANE/solution1/.autopilot/db/global.setting.tcl 
Execute     source /home/aswin/Desktop/Vivado_hls_projects/12_Dummy_L1_to_UPLANE/solution1/.autopilot/db/Userplane_L1_Data_Gen.compgen.tcl 
Execute       ap_part_info -name xczu9eg-ffvb1156-2-e -data names -quiet 
Execute       ap_part_info -name xczu9eg-ffvb1156-2-e -data info -quiet 
Execute       ap_part_info -name xczu9eg-ffvb1156-2-e -data names -quiet 
Execute       ap_part_info -name xczu9eg-ffvb1156-2-e -data info -quiet 
Execute       ap_part_info -name xczu9eg-ffvb1156-2-e -data names -quiet 
Execute       ap_part_info -name xczu9eg-ffvb1156-2-e -data info -quiet 
Execute       ap_part_info -name xczu9eg-ffvb1156-2-e -data names -quiet 
Execute       ap_part_info -name xczu9eg-ffvb1156-2-e -data info -quiet 
Execute       ap_part_info -name xczu9eg-ffvb1156-2-e -data names -quiet 
Execute       ap_part_info -name xczu9eg-ffvb1156-2-e -data info -quiet 
Execute       ap_part_info -name xczu9eg-ffvb1156-2-e -data names -quiet 
Execute       ap_part_info -name xczu9eg-ffvb1156-2-e -data info -quiet 
Execute       ap_part_info -name xczu9eg-ffvb1156-2-e -data names -quiet 
Execute       ap_part_info -name xczu9eg-ffvb1156-2-e -data info -quiet 
Execute       ap_part_info -name xczu9eg-ffvb1156-2-e -data names -quiet 
Execute       ap_part_info -name xczu9eg-ffvb1156-2-e -data info -quiet 
Execute     ap_part_info -name xczu9eg-ffvb1156-2-e -data names -quiet 
Execute     ap_part_info -name xczu9eg-ffvb1156-2-e -data info -quiet 
INFO-FLOW: DBG:CMD:       generate_ip_cores sim=0 export=0 expOnly=0 dstVlogDir=impl/.pcores/verilog_sim
Execute     source /home/aswin/Desktop/Vivado_hls_projects/12_Dummy_L1_to_UPLANE/solution1/.autopilot/db/global.setting.tcl 
Execute     source /home/aswin/Desktop/Vivado_hls_projects/12_Dummy_L1_to_UPLANE/solution1/.autopilot/db/Userplane_L1_Data_Gen.compgen.tcl 
Execute     ap_part_info -name xczu9eg-ffvb1156-2-e -data names -quiet 
Execute     ap_part_info -name xczu9eg-ffvb1156-2-e -data info -quiet 
Execute     ap_part_info -name xczu9eg-ffvb1156-2-e -data names -quiet 
Execute     ap_part_info -name xczu9eg-ffvb1156-2-e -data info -quiet 
Execute     source /home/aswin/Desktop/Vivado_hls_projects/12_Dummy_L1_to_UPLANE/solution1/.autopilot/db/global.setting.tcl 
Execute     ap_part_info -name xczu9eg-ffvb1156-2-e -data names -quiet 
Execute     ap_part_info -name xczu9eg-ffvb1156-2-e -data info -quiet 
Execute     source /home/aswin/Desktop/Vivado_hls_projects/12_Dummy_L1_to_UPLANE/solution1/.autopilot/db/Userplane_L1_Data_Gen.constraint.tcl 
Execute     source /home/aswin/Desktop/Vivado_hls_projects/12_Dummy_L1_to_UPLANE/solution1/.autopilot/db/Userplane_L1_Data_Gen.tbgen.tcl 
INFO-FLOW: DBG:CMD:       hasPcoreIpAdapter=false #gSsdmPorts=6
INFO-FLOW: DBG:CMD:       copying IP vlog from /home/aswin/Desktop/Vivado_hls_projects/12_Dummy_L1_to_UPLANE/solution1/impl/verilog
INFO-FLOW: DBG:CMD:       copying IP vhdl from /home/aswin/Desktop/Vivado_hls_projects/12_Dummy_L1_to_UPLANE/solution1/impl/vhdl
INFO-FLOW: DBG:CMD:       generate_ip_script #gSsdmPorts=6
Execute     ap_part_info -name xczu9eg-ffvb1156-2-e -data names -quiet 
Execute     ap_part_info -name xczu9eg-ffvb1156-2-e -data info -quiet 
Execute     ap_part_info -name xczu9eg-ffvb1156-2-e -data names -quiet 
Execute     ap_part_info -name xczu9eg-ffvb1156-2-e -data info -quiet 
Execute     source /home/aswin/Desktop/Vivado_hls_projects/12_Dummy_L1_to_UPLANE/solution1/.autopilot/db/Userplane_L1_Data_Gen.tbgen.tcl 
Execute     source /home/aswin/Desktop/Vivado_hls_projects/12_Dummy_L1_to_UPLANE/solution1/.autopilot/db/Userplane_L1_Data_Gen.tbgen.tcl 
Execute     source /home/aswin/Desktop/Vivado_hls_projects/12_Dummy_L1_to_UPLANE/solution1/.autopilot/db/Userplane_L1_Data_Gen.tbgen.tcl 
Execute     source /home/aswin/Desktop/Vivado_hls_projects/12_Dummy_L1_to_UPLANE/solution1/.autopilot/db/global.setting.tcl 
Execute     get_config_sdx -target 
Execute     get_config_debug -directory 
INFO-FLOW: DBG:CMD:       generate_ip_auxiliary
Execute     ap_part_info -name xczu9eg-ffvb1156-2-e -data names -quiet 
Execute     ap_part_info -name xczu9eg-ffvb1156-2-e -data info -quiet 
Execute     source /home/aswin/Desktop/Vivado_hls_projects/12_Dummy_L1_to_UPLANE/solution1/.autopilot/db/global.setting.tcl 
INFO-FLOW: DBG:CMD:       prepArgInfo -> loadAnalyze_DB top_module=Userplane_L1_Data_Gen
Execute     source /home/aswin/Desktop/Vivado_hls_projects/12_Dummy_L1_to_UPLANE/solution1/.autopilot/db/Userplane_L1_Data_Gen.rtl_wrap.cfg.tcl 
Execute     source /home/aswin/Desktop/Vivado_hls_projects/12_Dummy_L1_to_UPLANE/solution1/.autopilot/db/Userplane_L1_Data_Gen.rtl_wrap.cfg.tcl 
Execute     source /home/aswin/Desktop/Vivado_hls_projects/12_Dummy_L1_to_UPLANE/solution1/.autopilot/db/Userplane_L1_Data_Gen.rtl_wrap.cfg.tcl 
Execute     source /home/aswin/Desktop/Vivado_hls_projects/12_Dummy_L1_to_UPLANE/solution1/.autopilot/db/Userplane_L1_Data_Gen.tbgen.tcl 
Execute     source /home/aswin/Desktop/Vivado_hls_projects/12_Dummy_L1_to_UPLANE/solution1/.autopilot/db/Userplane_L1_Data_Gen.tbgen.tcl 
Execute     source /home/aswin/Desktop/Vivado_hls_projects/12_Dummy_L1_to_UPLANE/solution1/.autopilot/db/Userplane_L1_Data_Gen.tbgen.tcl 
INFO-FLOW: DBG:CMD:       generate_top_info
INFO-FLOW: DBG:CMD:       prepArgInfo -> loadAnalyze_DB top_module=Userplane_L1_Data_Gen
Execute     source /home/aswin/Desktop/Vivado_hls_projects/12_Dummy_L1_to_UPLANE/solution1/.autopilot/db/Userplane_L1_Data_Gen.rtl_wrap.cfg.tcl 
Execute     source /home/aswin/Desktop/Vivado_hls_projects/12_Dummy_L1_to_UPLANE/solution1/.autopilot/db/Userplane_L1_Data_Gen.rtl_wrap.cfg.tcl 
Execute     source /home/aswin/Desktop/Vivado_hls_projects/12_Dummy_L1_to_UPLANE/solution1/.autopilot/db/Userplane_L1_Data_Gen.rtl_wrap.cfg.tcl 
Execute     source /home/aswin/Desktop/Vivado_hls_projects/12_Dummy_L1_to_UPLANE/solution1/.autopilot/db/Userplane_L1_Data_Gen.tbgen.tcl 
Execute     source /home/aswin/Desktop/Vivado_hls_projects/12_Dummy_L1_to_UPLANE/solution1/.autopilot/db/Userplane_L1_Data_Gen.tbgen.tcl 
Execute     ap_part_info -name xczu9eg-ffvb1156-2-e -data names -quiet 
Execute     ap_part_info -name xczu9eg-ffvb1156-2-e -data info -quiet 
INFO-FLOW: DBG:CMD:       generate_ip_bd_script
Execute     ap_part_info -name xczu9eg-ffvb1156-2-e -data names -quiet 
Execute     ap_part_info -name xczu9eg-ffvb1156-2-e -data info -quiet 
Execute     ap_part_info -name xczu9eg-ffvb1156-2-e -data names -quiet 
Execute     ap_part_info -name xczu9eg-ffvb1156-2-e -data info -quiet 
Execute     source /home/aswin/Desktop/Vivado_hls_projects/12_Dummy_L1_to_UPLANE/solution1/.autopilot/db/Userplane_L1_Data_Gen.tbgen.tcl 
Execute     source /home/aswin/Desktop/Vivado_hls_projects/12_Dummy_L1_to_UPLANE/solution1/.autopilot/db/global.setting.tcl 
Execute     source /home/aswin/Desktop/Vivado_hls_projects/12_Dummy_L1_to_UPLANE/solution1/.autopilot/db/Userplane_L1_Data_Gen.constraint.tcl 
INFO-FLOW: DBG:CMD:       generate_ipi_example_script
Execute     ap_part_info -name xczu9eg-ffvb1156-2-e -data names -quiet 
Execute     ap_part_info -name xczu9eg-ffvb1156-2-e -data info -quiet 
Execute     ap_part_info -name xczu9eg-ffvb1156-2-e -data names -quiet 
Execute     ap_part_info -name xczu9eg-ffvb1156-2-e -data info -quiet 
INFO-FLOW: DBG:CMD:       generate_syn_sh
Execute     ap_part_info -name xczu9eg-ffvb1156-2-e -data names -quiet 
Execute     ap_part_info -name xczu9eg-ffvb1156-2-e -data info -quiet 
Execute     source /home/aswin/Desktop/Vivado_hls_projects/12_Dummy_L1_to_UPLANE/solution1/.autopilot/db/global.setting.tcl 
INFO-FLOW: DBG:CMD:       generate_imp_constraints
Execute     ap_part_info -name xczu9eg-ffvb1156-2-e -data names -quiet 
Execute     ap_part_info -name xczu9eg-ffvb1156-2-e -data info -quiet 
Execute     source /home/aswin/Desktop/Vivado_hls_projects/12_Dummy_L1_to_UPLANE/solution1/.autopilot/db/Userplane_L1_Data_Gen.constraint.tcl 
Execute     source /home/aswin/Desktop/Vivado_hls_projects/12_Dummy_L1_to_UPLANE/solution1/.autopilot/db/Userplane_L1_Data_Gen.tbgen.tcl 
INFO-FLOW: DBG:CMD:       delete-temp-dirs (skipped for debug)
Execute     ap_part_info -name xczu9eg-ffvb1156-2-e -data names -quiet 
Execute     ap_part_info -name xczu9eg-ffvb1156-2-e -data info -quiet 
INFO-FLOW: DBG:CMD: read_platform_lib /home/aswin/Desktop/Vivado_hls_projects/12_Dummy_L1_to_UPLANE/solution1/.autopilot/db/global.setting.tcl
Execute     source /opt/Xilinx/Vivado/2019.1/common/technology/generic/autopilot/common.gen 
Execute       source /opt/Xilinx/Vivado/2019.1/common/technology/generic/autopilot/APCoreGen.gen 
Execute     source /opt/Xilinx/Vivado/2019.1/common/technology/generic/autopilot/op.gen 
Execute     source /opt/Xilinx/Vivado/2019.1/common/technology/generic/autopilot/op_simcore.gen 
Execute     source /opt/Xilinx/Vivado/2019.1/common/technology/generic/autopilot/interface.gen 
Execute     source /home/aswin/Desktop/Vivado_hls_projects/12_Dummy_L1_to_UPLANE/solution1/.autopilot/db/global.setting.tcl 
Execute     source /opt/Xilinx/Vivado/2019.1/common/technology/xilinx/zynquplus/zynquplus.gen 
Execute       source /opt/Xilinx/Vivado/2019.1/common/technology/xilinx/common/xilinx.gen 
Execute         source /opt/Xilinx/Vivado/2019.1/common/technology/xilinx/interface/plb46.gen 
Execute         source /opt/Xilinx/Vivado/2019.1/common/technology/xilinx/interface/fsl.gen 
Execute         source /opt/Xilinx/Vivado/2019.1/common/technology/xilinx/interface/axi4.gen 
Execute         source /opt/Xilinx/Vivado/2019.1/common/technology/xilinx/interface/nativeAXI4.gen 
Execute           source /opt/Xilinx/Vivado/2019.1/common/technology/xilinx/interface/saxilite.gen 
Execute           source /opt/Xilinx/Vivado/2019.1/common/technology/xilinx/interface/maxi.gen 
Execute         source /opt/Xilinx/Vivado/2019.1/common/technology/xilinx/scripts/xilinxcoregen.gen 
Execute         source /opt/Xilinx/Vivado/2019.1/common/technology/xilinx/interface/XilEDKCoreGen.gen 
Execute         source /opt/Xilinx/Vivado/2019.1/common/technology/xilinx/ip/dds_compiler.gen 
Execute         source /opt/Xilinx/Vivado/2019.1/common/technology/xilinx/ip/util.gen 
Execute         source /opt/Xilinx/Vivado/2019.1/common/technology/xilinx/ip/xfft.gen 
Execute         source /opt/Xilinx/Vivado/2019.1/common/technology/xilinx/ip/xfir.gen 
Execute         source /opt/Xilinx/Vivado/2019.1/common/technology/xilinx/common/dsp48.gen 
Execute     source /opt/Xilinx/Vivado/2019.1/common/technology/xilinx/zynquplus/zynquplus_fpv7.gen 
Execute       source /opt/Xilinx/Vivado/2019.1/common/technology/xilinx/common/xilinx_fp.gen 
Execute     ap_part_info -name xczu9eg-ffvb1156-2-e -data names -quiet 
Execute     ap_part_info -name xczu9eg-ffvb1156-2-e -data info -quiet 
INFO-FLOW: DBG:CMD:     exec /home/aswin/Desktop/Vivado_hls_projects/12_Dummy_L1_to_UPLANE/solution1/impl/ip/pack.sh
Command   export_design done; 13.86 sec.
Command ap_source done; 14.46 sec.
Execute cleanup_all 
