
*** Running vivado
    with args -log check_40G_sim_Data_Gen_1_0.vds -m64 -product Vivado -mode batch -messageDb vivado.pb -notrace -source check_40G_sim_Data_Gen_1_0.tcl


****** Vivado v2019.1 (64-bit)
  **** SW Build 2552052 on Fri May 24 14:47:09 MDT 2019
  **** IP Build 2548770 on Fri May 24 18:01:18 MDT 2019
    ** Copyright 1986-2019 Xilinx, Inc. All Rights Reserved.

source check_40G_sim_Data_Gen_1_0.tcl -notrace
INFO: [IP_Flow 19-234] Refreshing IP repositories
INFO: [IP_Flow 19-1700] Loaded user IP repository '/home/sai/Desktop/Looping_Hardware-design/sim_src'.
INFO: [IP_Flow 19-1700] Loaded user IP repository '/home/sai/Desktop/Looping_Hardware-design/hls_src'.
INFO: [IP_Flow 19-2313] Loaded Vivado IP repository '/opt/Xilinx_19.1/Vivado/2019.1/data/ip'.
WARNING: [IP_Flow 19-1663] Duplicate IP found for 'xilinx.com:hls:Userplane_L1_Data_Gen:1.0'. The one found in IP location '/home/sai/Desktop/Looping_Hardware-design/hls_src/U_plane_src/12_Dummy_L1_to_UPLANE/solution1/impl/ip' will take precedence over the same IP in location /home/sai/Desktop/Looping_Hardware-design/hls_src/other_ips/12_Dummy_L1_to_UPLANE/solution1/impl/ip
Command: synth_design -top check_40G_sim_Data_Gen_1_0 -part xczu19eg-ffvd1760-3-e -mode out_of_context
Starting synth_design
Attempting to get a license for feature 'Synthesis' and/or device 'xczu19eg'
INFO: [Common 17-349] Got license for feature 'Synthesis' and/or device 'xczu19eg'
INFO: [Common 17-1540] The version limit for your license is '2021.09' and has expired for new software. A version limit expiration means that, although you may be able to continue to use the current version of tools or IP with this license, you will not be eligible for any updates or new releases.
INFO: [Device 21-403] Loading part xczu19eg-ffvd1760-3-e
INFO: Launching helper process for spawning children vivado processes
INFO: Helper process launched with PID 6761 
---------------------------------------------------------------------------------
Starting RTL Elaboration : Time (s): cpu = 00:00:03 ; elapsed = 00:00:04 . Memory (MB): peak = 2500.324 ; gain = 0.000 ; free physical = 17195 ; free virtual = 53749
---------------------------------------------------------------------------------
INFO: [Synth 8-6157] synthesizing module 'check_40G_sim_Data_Gen_1_0' [/home/sai/Desktop/Looping_Hardware-design/project_1/project_1.srcs/sources_1/bd/check_40G_sim/ip/check_40G_sim_Data_Gen_1_0/synth/check_40G_sim_Data_Gen_1_0.v:58]
INFO: [Synth 8-6157] synthesizing module 'Data_Gen' [/home/sai/Desktop/Looping_Hardware-design/project_1/project_1.srcs/sources_1/bd/check_40G_sim/ipshared/1bb7/hdl/verilog/Data_Gen.v:12]
	Parameter ap_ST_iter0_fsm_state1 bound to: 1'b0 
	Parameter ap_ST_iter1_fsm_state2 bound to: 1'b0 
	Parameter ap_ST_iter1_fsm_state0 bound to: 1'b1 
INFO: [Synth 8-226] default block is never used [/home/sai/Desktop/Looping_Hardware-design/project_1/project_1.srcs/sources_1/bd/check_40G_sim/ipshared/1bb7/hdl/verilog/Data_Gen.v:217]
INFO: [Synth 8-6155] done synthesizing module 'Data_Gen' (1#1) [/home/sai/Desktop/Looping_Hardware-design/project_1/project_1.srcs/sources_1/bd/check_40G_sim/ipshared/1bb7/hdl/verilog/Data_Gen.v:12]
INFO: [Synth 8-6155] done synthesizing module 'check_40G_sim_Data_Gen_1_0' (2#1) [/home/sai/Desktop/Looping_Hardware-design/project_1/project_1.srcs/sources_1/bd/check_40G_sim/ip/check_40G_sim_Data_Gen_1_0/synth/check_40G_sim_Data_Gen_1_0.v:58]
---------------------------------------------------------------------------------
Finished RTL Elaboration : Time (s): cpu = 00:00:04 ; elapsed = 00:00:06 . Memory (MB): peak = 2500.324 ; gain = 0.000 ; free physical = 17181 ; free virtual = 53736
---------------------------------------------------------------------------------

Report Check Netlist: 
+------+------------------+-------+---------+-------+------------------+
|      |Item              |Errors |Warnings |Status |Description       |
+------+------------------+-------+---------+-------+------------------+
|1     |multi_driven_nets |      0|        0|Passed |Multi driven nets |
+------+------------------+-------+---------+-------+------------------+
---------------------------------------------------------------------------------
Start Handling Custom Attributes
---------------------------------------------------------------------------------
---------------------------------------------------------------------------------
Finished Handling Custom Attributes : Time (s): cpu = 00:00:05 ; elapsed = 00:00:06 . Memory (MB): peak = 2500.324 ; gain = 0.000 ; free physical = 17272 ; free virtual = 53830
---------------------------------------------------------------------------------
---------------------------------------------------------------------------------
Finished RTL Optimization Phase 1 : Time (s): cpu = 00:00:05 ; elapsed = 00:00:06 . Memory (MB): peak = 2500.324 ; gain = 0.000 ; free physical = 17272 ; free virtual = 53830
---------------------------------------------------------------------------------
INFO: [Project 1-570] Preparing netlist for logic optimization

Processing XDC Constraints
Initializing timing engine
Parsing XDC File [/home/sai/Desktop/Looping_Hardware-design/project_1/project_1.srcs/sources_1/bd/check_40G_sim/ip/check_40G_sim_Data_Gen_1_0/constraints/Data_Gen_ooc.xdc] for cell 'inst'
create_clock: Time (s): cpu = 00:00:04 ; elapsed = 00:00:05 . Memory (MB): peak = 2686.887 ; gain = 8.906 ; free physical = 16976 ; free virtual = 53543
Finished Parsing XDC File [/home/sai/Desktop/Looping_Hardware-design/project_1/project_1.srcs/sources_1/bd/check_40G_sim/ip/check_40G_sim_Data_Gen_1_0/constraints/Data_Gen_ooc.xdc] for cell 'inst'
Parsing XDC File [/home/sai/Desktop/Looping_Hardware-design/project_1/project_1.runs/check_40G_sim_Data_Gen_1_0_synth_1/dont_touch.xdc]
Finished Parsing XDC File [/home/sai/Desktop/Looping_Hardware-design/project_1/project_1.runs/check_40G_sim_Data_Gen_1_0_synth_1/dont_touch.xdc]
Completed Processing XDC Constraints

Netlist sorting complete. Time (s): cpu = 00:00:00 ; elapsed = 00:00:00 . Memory (MB): peak = 2686.887 ; gain = 0.000 ; free physical = 16977 ; free virtual = 53544
INFO: [Project 1-111] Unisim Transformation Summary:
No Unisim elements were transformed.

Constraint Validation Runtime : Time (s): cpu = 00:00:00.03 ; elapsed = 00:00:00.03 . Memory (MB): peak = 2686.887 ; gain = 0.000 ; free physical = 16977 ; free virtual = 53543
---------------------------------------------------------------------------------
Finished Constraint Validation : Time (s): cpu = 00:00:15 ; elapsed = 00:00:21 . Memory (MB): peak = 2686.887 ; gain = 186.562 ; free physical = 17103 ; free virtual = 53681
---------------------------------------------------------------------------------
---------------------------------------------------------------------------------
Start Loading Part and Timing Information
---------------------------------------------------------------------------------
Loading part: xczu19eg-ffvd1760-3-e
INFO: [Synth 8-6742] Reading net delay rules and data
---------------------------------------------------------------------------------
Finished Loading Part and Timing Information : Time (s): cpu = 00:00:15 ; elapsed = 00:00:21 . Memory (MB): peak = 2686.887 ; gain = 186.562 ; free physical = 17100 ; free virtual = 53677
---------------------------------------------------------------------------------
---------------------------------------------------------------------------------
Start Applying 'set_property' XDC Constraints
---------------------------------------------------------------------------------
Applied set_property DONT_TOUCH = true for inst. (constraint file  /home/sai/Desktop/Looping_Hardware-design/project_1/project_1.runs/check_40G_sim_Data_Gen_1_0_synth_1/dont_touch.xdc, line 9).
---------------------------------------------------------------------------------
Finished applying 'set_property' XDC Constraints : Time (s): cpu = 00:00:15 ; elapsed = 00:00:21 . Memory (MB): peak = 2686.887 ; gain = 186.562 ; free physical = 17095 ; free virtual = 53671
---------------------------------------------------------------------------------
WARNING: [Synth 8-3936] Found unconnected internal register 'tmp1_reg_322_reg' and it is trimmed from '64' to '52' bits. [/home/sai/Desktop/Looping_Hardware-design/project_1/project_1.srcs/sources_1/bd/check_40G_sim/ipshared/1bb7/hdl/verilog/Data_Gen.v:125]
---------------------------------------------------------------------------------
Finished RTL Optimization Phase 2 : Time (s): cpu = 00:00:15 ; elapsed = 00:00:21 . Memory (MB): peak = 2686.887 ; gain = 186.562 ; free physical = 17098 ; free virtual = 53675
---------------------------------------------------------------------------------

Report RTL Partitions: 
+-+--------------+------------+----------+
| |RTL Partition |Replication |Instances |
+-+--------------+------------+----------+
+-+--------------+------------+----------+
---------------------------------------------------------------------------------
Start RTL Component Statistics 
---------------------------------------------------------------------------------
Detailed RTL Component Info : 
+---Registers : 
	               52 Bit    Registers := 1     
	                2 Bit    Registers := 2     
	                1 Bit    Registers := 4     
+---Muxes : 
	   2 Input      1 Bit        Muxes := 1     
---------------------------------------------------------------------------------
Finished RTL Component Statistics 
---------------------------------------------------------------------------------
---------------------------------------------------------------------------------
Start RTL Hierarchical Component Statistics 
---------------------------------------------------------------------------------
Hierarchical RTL Component report 
Module Data_Gen 
Detailed RTL Component Info : 
+---Registers : 
	               52 Bit    Registers := 1     
	                2 Bit    Registers := 2     
	                1 Bit    Registers := 4     
+---Muxes : 
	   2 Input      1 Bit        Muxes := 1     
---------------------------------------------------------------------------------
Finished RTL Hierarchical Component Statistics
---------------------------------------------------------------------------------
---------------------------------------------------------------------------------
Start Part Resource Summary
---------------------------------------------------------------------------------
Part Resources:
DSPs: 1968 (col length:264)
BRAMs: 1968 (col length: RAMB18 264 RAMB36 132)
---------------------------------------------------------------------------------
Finished Part Resource Summary
---------------------------------------------------------------------------------
---------------------------------------------------------------------------------
Start Cross Boundary and Area Optimization
---------------------------------------------------------------------------------
Warning: Parallel synthesis criteria is not met 
INFO: [Synth 8-3333] propagating constant 0 across sequential element (inst/\ap_CS_iter0_fsm_reg[0] )
---------------------------------------------------------------------------------
Finished Cross Boundary and Area Optimization : Time (s): cpu = 00:00:15 ; elapsed = 00:00:22 . Memory (MB): peak = 2686.887 ; gain = 186.562 ; free physical = 17043 ; free virtual = 53627
---------------------------------------------------------------------------------

Report RTL Partitions: 
+-+--------------+------------+----------+
| |RTL Partition |Replication |Instances |
+-+--------------+------------+----------+
+-+--------------+------------+----------+
---------------------------------------------------------------------------------
Start Applying XDC Timing Constraints
---------------------------------------------------------------------------------
---------------------------------------------------------------------------------
Finished Applying XDC Timing Constraints : Time (s): cpu = 00:00:40 ; elapsed = 00:01:10 . Memory (MB): peak = 3104.832 ; gain = 604.508 ; free physical = 14899 ; free virtual = 51525
---------------------------------------------------------------------------------
---------------------------------------------------------------------------------
Start Timing Optimization
---------------------------------------------------------------------------------
---------------------------------------------------------------------------------
Finished Timing Optimization : Time (s): cpu = 00:00:40 ; elapsed = 00:01:10 . Memory (MB): peak = 3124.863 ; gain = 624.539 ; free physical = 14892 ; free virtual = 51518
---------------------------------------------------------------------------------

Report RTL Partitions: 
+-+--------------+------------+----------+
| |RTL Partition |Replication |Instances |
+-+--------------+------------+----------+
+-+--------------+------------+----------+
---------------------------------------------------------------------------------
Start Technology Mapping
---------------------------------------------------------------------------------
---------------------------------------------------------------------------------
Finished Technology Mapping : Time (s): cpu = 00:00:40 ; elapsed = 00:01:10 . Memory (MB): peak = 3124.863 ; gain = 624.539 ; free physical = 14888 ; free virtual = 51513
---------------------------------------------------------------------------------

Report RTL Partitions: 
+-+--------------+------------+----------+
| |RTL Partition |Replication |Instances |
+-+--------------+------------+----------+
+-+--------------+------------+----------+
---------------------------------------------------------------------------------
Start IO Insertion
---------------------------------------------------------------------------------
---------------------------------------------------------------------------------
Start Flattening Before IO Insertion
---------------------------------------------------------------------------------
---------------------------------------------------------------------------------
Finished Flattening Before IO Insertion
---------------------------------------------------------------------------------
---------------------------------------------------------------------------------
Start Final Netlist Cleanup
---------------------------------------------------------------------------------
---------------------------------------------------------------------------------
Finished Final Netlist Cleanup
---------------------------------------------------------------------------------
---------------------------------------------------------------------------------
Finished IO Insertion : Time (s): cpu = 00:00:41 ; elapsed = 00:01:11 . Memory (MB): peak = 3130.801 ; gain = 630.477 ; free physical = 14753 ; free virtual = 51379
---------------------------------------------------------------------------------

Report Check Netlist: 
+------+------------------+-------+---------+-------+------------------+
|      |Item              |Errors |Warnings |Status |Description       |
+------+------------------+-------+---------+-------+------------------+
|1     |multi_driven_nets |      0|        0|Passed |Multi driven nets |
+------+------------------+-------+---------+-------+------------------+
---------------------------------------------------------------------------------
Start Renaming Generated Instances
---------------------------------------------------------------------------------
---------------------------------------------------------------------------------
Finished Renaming Generated Instances : Time (s): cpu = 00:00:41 ; elapsed = 00:01:11 . Memory (MB): peak = 3130.801 ; gain = 630.477 ; free physical = 14753 ; free virtual = 51378
---------------------------------------------------------------------------------

Report RTL Partitions: 
+-+--------------+------------+----------+
| |RTL Partition |Replication |Instances |
+-+--------------+------------+----------+
+-+--------------+------------+----------+
---------------------------------------------------------------------------------
Start Rebuilding User Hierarchy
---------------------------------------------------------------------------------
---------------------------------------------------------------------------------
Finished Rebuilding User Hierarchy : Time (s): cpu = 00:00:41 ; elapsed = 00:01:11 . Memory (MB): peak = 3130.801 ; gain = 630.477 ; free physical = 14752 ; free virtual = 51378
---------------------------------------------------------------------------------
---------------------------------------------------------------------------------
Start Renaming Generated Ports
---------------------------------------------------------------------------------
---------------------------------------------------------------------------------
Finished Renaming Generated Ports : Time (s): cpu = 00:00:41 ; elapsed = 00:01:11 . Memory (MB): peak = 3130.801 ; gain = 630.477 ; free physical = 14752 ; free virtual = 51378
---------------------------------------------------------------------------------
---------------------------------------------------------------------------------
Start Handling Custom Attributes
---------------------------------------------------------------------------------
---------------------------------------------------------------------------------
Finished Handling Custom Attributes : Time (s): cpu = 00:00:41 ; elapsed = 00:01:11 . Memory (MB): peak = 3130.801 ; gain = 630.477 ; free physical = 14752 ; free virtual = 51378
---------------------------------------------------------------------------------
---------------------------------------------------------------------------------
Start Renaming Generated Nets
---------------------------------------------------------------------------------
---------------------------------------------------------------------------------
Finished Renaming Generated Nets : Time (s): cpu = 00:00:41 ; elapsed = 00:01:11 . Memory (MB): peak = 3130.801 ; gain = 630.477 ; free physical = 14752 ; free virtual = 51378
---------------------------------------------------------------------------------
---------------------------------------------------------------------------------
Start Writing Synthesis Report
---------------------------------------------------------------------------------

Report BlackBoxes: 
+-+--------------+----------+
| |BlackBox name |Instances |
+-+--------------+----------+
+-+--------------+----------+

Report Cell Usage: 
+------+-----+------+
|      |Cell |Count |
+------+-----+------+
|1     |LUT1 |     1|
|2     |LUT3 |     1|
|3     |LUT4 |     5|
|4     |LUT5 |     4|
|5     |LUT6 |     1|
|6     |FDRE |    39|
+------+-----+------+

Report Instance Areas: 
+------+---------+---------+------+
|      |Instance |Module   |Cells |
+------+---------+---------+------+
|1     |top      |         |    51|
|2     |  inst   |Data_Gen |    51|
+------+---------+---------+------+
---------------------------------------------------------------------------------
Finished Writing Synthesis Report : Time (s): cpu = 00:00:41 ; elapsed = 00:01:11 . Memory (MB): peak = 3130.801 ; gain = 630.477 ; free physical = 14752 ; free virtual = 51377
---------------------------------------------------------------------------------
Synthesis finished with 0 errors, 0 critical warnings and 1 warnings.
Synthesis Optimization Runtime : Time (s): cpu = 00:00:34 ; elapsed = 00:01:01 . Memory (MB): peak = 3130.801 ; gain = 443.914 ; free physical = 14791 ; free virtual = 51417
Synthesis Optimization Complete : Time (s): cpu = 00:00:41 ; elapsed = 00:01:12 . Memory (MB): peak = 3130.809 ; gain = 630.477 ; free physical = 14792 ; free virtual = 51418
INFO: [Project 1-571] Translating synthesized netlist
INFO: [Project 1-570] Preparing netlist for logic optimization
INFO: [Opt 31-138] Pushed 0 inverter(s) to 0 load pin(s).
Netlist sorting complete. Time (s): cpu = 00:00:00 ; elapsed = 00:00:00 . Memory (MB): peak = 3208.504 ; gain = 0.000 ; free physical = 14599 ; free virtual = 51225
INFO: [Project 1-111] Unisim Transformation Summary:
No Unisim elements were transformed.

INFO: [Common 17-83] Releasing license: Synthesis
21 Infos, 2 Warnings, 0 Critical Warnings and 0 Errors encountered.
synth_design completed successfully
synth_design: Time (s): cpu = 00:00:55 ; elapsed = 00:01:33 . Memory (MB): peak = 3208.504 ; gain = 1789.898 ; free physical = 14697 ; free virtual = 51323
Netlist sorting complete. Time (s): cpu = 00:00:00 ; elapsed = 00:00:00 . Memory (MB): peak = 3208.504 ; gain = 0.000 ; free physical = 14697 ; free virtual = 51323
WARNING: [Constraints 18-5210] No constraints selected for write.
Resolution: This message can indicate that there are no constraints for the design, or it can indicate that the used_in flags are set such that the constraints are ignored. This later case is used when running synth_design to not write synthesis constraints to the resulting checkpoint. Instead, project constraints are read when the synthesized design is opened.
INFO: [Common 17-1381] The checkpoint '/home/sai/Desktop/Looping_Hardware-design/project_1/project_1.runs/check_40G_sim_Data_Gen_1_0_synth_1/check_40G_sim_Data_Gen_1_0.dcp' has been generated.
WARNING: [Common 17-576] 'use_project_ipc' is deprecated. This option is deprecated and no longer used.
INFO: [Coretcl 2-1648] Added synthesis output to IP cache for IP check_40G_sim_Data_Gen_1_0, cache-ID = 62c9a44e6f33f9fe
Netlist sorting complete. Time (s): cpu = 00:00:00 ; elapsed = 00:00:00 . Memory (MB): peak = 3232.516 ; gain = 0.000 ; free physical = 14738 ; free virtual = 51364
WARNING: [Constraints 18-5210] No constraints selected for write.
Resolution: This message can indicate that there are no constraints for the design, or it can indicate that the used_in flags are set such that the constraints are ignored. This later case is used when running synth_design to not write synthesis constraints to the resulting checkpoint. Instead, project constraints are read when the synthesized design is opened.
INFO: [Common 17-1381] The checkpoint '/home/sai/Desktop/Looping_Hardware-design/project_1/project_1.runs/check_40G_sim_Data_Gen_1_0_synth_1/check_40G_sim_Data_Gen_1_0.dcp' has been generated.
INFO: [runtcl-4] Executing : report_utilization -file check_40G_sim_Data_Gen_1_0_utilization_synth.rpt -pb check_40G_sim_Data_Gen_1_0_utilization_synth.pb
INFO: [Common 17-206] Exiting Vivado at Mon Mar 27 11:31:54 2023...
