

================================================================
== Vivado HLS Report for 'Userplane_L1_Data_Gen'
================================================================
* Date:           Tue Mar 21 13:07:12 2023

* Version:        2019.1 (Build 2552052 on Fri May 24 15:28:33 MDT 2019)
* Project:        12_Dummy_L1_to_UPLANE
* Solution:       solution1
* Product family: zynquplus
* Target device:  xczu9eg-ffvb1156-2-e


================================================================
== Performance Estimates
================================================================
+ Timing (ns): 
    * Summary: 
    +--------+-------+----------+------------+
    |  Clock | Target| Estimated| Uncertainty|
    +--------+-------+----------+------------+
    |ap_clk  |  10.00|     3.281|        1.25|
    +--------+-------+----------+------------+

+ Latency (clock cycles): 
    * Summary: 
    +-----+-----+-----+-----+----------+
    |  Latency  |  Interval | Pipeline |
    | min | max | min | max |   Type   |
    +-----+-----+-----+-----+----------+
    |    2|    2|    1|    1| function |
    +-----+-----+-----+-----+----------+

    + Detail: 
        * Instance: 
        N/A

        * Loop: 
        N/A



================================================================
== Utilization Estimates
================================================================
* Summary: 
+-----------------+---------+-------+--------+--------+-----+
|       Name      | BRAM_18K| DSP48E|   FF   |   LUT  | URAM|
+-----------------+---------+-------+--------+--------+-----+
|DSP              |        -|      -|       -|       -|    -|
|Expression       |        -|      -|       0|     286|    -|
|FIFO             |        -|      -|       -|       -|    -|
|Instance         |        -|      -|       -|       -|    -|
|Memory           |        -|      -|       -|       -|    -|
|Multiplexer      |        -|      -|       -|     147|    -|
|Register         |        -|      -|     185|       -|    -|
+-----------------+---------+-------+--------+--------+-----+
|Total            |        0|      0|     185|     433|    0|
+-----------------+---------+-------+--------+--------+-----+
|Available        |     1824|   2520|  548160|  274080|    0|
+-----------------+---------+-------+--------+--------+-----+
|Utilization (%)  |        0|      0|   ~0   |   ~0   |    0|
+-----------------+---------+-------+--------+--------+-----+

+ Detail: 
    * Instance: 
    N/A

    * DSP48E: 
    N/A

    * Memory: 
    N/A

    * FIFO: 
    N/A

    * Expression: 
    +----------------------------------+----------+-------+---+----+------------+------------+
    |           Variable Name          | Operation| DSP48E| FF| LUT| Bitwidth P0| Bitwidth P1|
    +----------------------------------+----------+-------+---+----+------------+------------+
    |add_ln700_1_fu_281_p2             |     +    |      0|  0|  12|           4|           1|
    |add_ln700_fu_299_p2               |     +    |      0|  0|  15|           6|           1|
    |L1_data_out_V_1_load_A            |    and   |      0|  0|   2|           1|           1|
    |L1_data_out_V_1_load_B            |    and   |      0|  0|   2|           1|           1|
    |ap_condition_152                  |    and   |      0|  0|   2|           1|           1|
    |ap_condition_166                  |    and   |      0|  0|   2|           1|           1|
    |ap_condition_227                  |    and   |      0|  0|   2|           1|           1|
    |L1_data_out_V_1_state_cmp_full    |   icmp   |      0|  0|   8|           2|           1|
    |icmp_ln31_1_fu_352_p2             |   icmp   |      0|  0|   9|           4|           1|
    |icmp_ln31_2_fu_357_p2             |   icmp   |      0|  0|   9|           4|           2|
    |icmp_ln31_3_fu_362_p2             |   icmp   |      0|  0|   9|           4|           2|
    |icmp_ln31_4_fu_367_p2             |   icmp   |      0|  0|   9|           4|           3|
    |icmp_ln31_5_fu_372_p2             |   icmp   |      0|  0|   9|           4|           3|
    |icmp_ln31_6_fu_377_p2             |   icmp   |      0|  0|   9|           4|           3|
    |icmp_ln31_7_fu_382_p2             |   icmp   |      0|  0|   9|           4|           3|
    |icmp_ln31_8_fu_387_p2             |   icmp   |      0|  0|  11|           4|           5|
    |icmp_ln31_fu_347_p2               |   icmp   |      0|  0|   9|           4|           1|
    |icmp_ln879_1_fu_305_p2            |   icmp   |      0|  0|  11|           6|           4|
    |icmp_ln879_fu_275_p2              |   icmp   |      0|  0|   9|           4|           4|
    |ap_block_state2_io                |    or    |      0|  0|   2|           1|           1|
    |ap_block_state3_io                |    or    |      0|  0|   2|           1|           1|
    |ap_block_state3_pp0_stage0_iter2  |    or    |      0|  0|   2|           1|           1|
    |or_ln215_1_fu_414_p2              |    or    |      0|  0|   2|           1|           1|
    |or_ln215_2_fu_428_p2              |    or    |      0|  0|   2|           1|           1|
    |or_ln215_3_fu_442_p2              |    or    |      0|  0|   2|           1|           1|
    |or_ln215_4_fu_464_p2              |    or    |      0|  0|   2|           1|           1|
    |or_ln215_5_fu_482_p2              |    or    |      0|  0|   2|           1|           1|
    |or_ln215_6_fu_496_p2              |    or    |      0|  0|   2|           1|           1|
    |or_ln215_7_fu_598_p2              |    or    |      0|  0|   2|           1|           1|
    |or_ln215_fu_400_p2                |    or    |      0|  0|   2|           1|           1|
    |select_ln215_10_fu_522_p3         |  select  |      0|  0|   8|           1|           8|
    |select_ln215_11_fu_530_p3         |  select  |      0|  0|   7|           1|           5|
    |select_ln215_12_fu_538_p3         |  select  |      0|  0|   6|           1|           6|
    |select_ln215_13_fu_546_p3         |  select  |      0|  0|   9|           1|           1|
    |select_ln215_14_fu_554_p3         |  select  |      0|  0|   8|           1|           8|
    |select_ln215_15_fu_562_p3         |  select  |      0|  0|   7|           1|           7|
    |select_ln215_16_fu_574_p3         |  select  |      0|  0|   8|           1|           8|
    |select_ln215_17_fu_586_p3         |  select  |      0|  0|   9|           1|           9|
    |select_ln215_18_fu_604_p3         |  select  |      0|  0|   5|           1|           5|
    |select_ln215_1_fu_406_p3          |  select  |      0|  0|   3|           1|           3|
    |select_ln215_2_fu_420_p3          |  select  |      0|  0|   4|           1|           3|
    |select_ln215_3_fu_434_p3          |  select  |      0|  0|   2|           1|           2|
    |select_ln215_4_fu_448_p3          |  select  |      0|  0|   4|           1|           1|
    |select_ln215_5_fu_456_p3          |  select  |      0|  0|   4|           1|           4|
    |select_ln215_6_fu_470_p3          |  select  |      0|  0|   3|           1|           3|
    |select_ln215_7_fu_488_p3          |  select  |      0|  0|   4|           1|           4|
    |select_ln215_8_fu_502_p3          |  select  |      0|  0|   4|           1|           4|
    |select_ln215_9_fu_514_p3          |  select  |      0|  0|   7|           1|           6|
    |select_ln215_fu_392_p3            |  select  |      0|  0|   5|           1|           4|
    |select_ln70_1_fu_320_p3           |  select  |      0|  0|   3|           1|           3|
    |select_ln70_fu_311_p3             |  select  |      0|  0|   6|           1|           1|
    +----------------------------------+----------+-------+---+----+------------+------------+
    |Total                             |          |      0|  0| 286|          95|         145|
    +----------------------------------+----------+-------+---+----+------------+------------+

    * Multiplexer: 
    +---------------------------------------------+----+-----------+-----+-----------+
    |                     Name                    | LUT| Input Size| Bits| Total Bits|
    +---------------------------------------------+----+-----------+-----+-----------+
    |L1_data_out_V_1_data_in                      |  15|          3|   64|        192|
    |L1_data_out_V_1_data_out                     |   9|          2|   64|        128|
    |L1_data_out_V_1_state                        |  15|          3|    2|          6|
    |L1_data_out_V_TDATA_blk_n                    |   9|          2|    1|          2|
    |ap_phi_mux_storemerge576_phi_fu_199_p4       |  15|          3|    2|          6|
    |ap_phi_mux_sym_count_V_flag_0_phi_fu_178_p4  |  15|          3|    1|          3|
    |ap_phi_mux_sym_count_V_flag_1_phi_fu_209_p8  |  21|          4|    1|          4|
    |ap_phi_mux_sym_count_V_new_0_phi_fu_189_p4   |   9|          2|    6|         12|
    |ap_phi_mux_sym_count_V_new_1_phi_fu_227_p8   |  15|          3|    6|         18|
    |data_src_state                               |  15|          3|    2|          6|
    |section_count_V                              |   9|          2|    4|          8|
    +---------------------------------------------+----+-----------+-----+-----------+
    |Total                                        | 147|         30|  153|        385|
    +---------------------------------------------+----+-----------+-----+-----------+

    * Register: 
    +-------------------------------------------+----+----+-----+-----------+
    |                    Name                   | FF | LUT| Bits| Const Bits|
    +-------------------------------------------+----+----+-----+-----------+
    |L1_data_out_V_1_payload_A                  |  64|   0|   64|          0|
    |L1_data_out_V_1_payload_B                  |  64|   0|   64|          0|
    |L1_data_out_V_1_sel_rd                     |   1|   0|    1|          0|
    |L1_data_out_V_1_sel_wr                     |   1|   0|    1|          0|
    |L1_data_out_V_1_state                      |   2|   0|    2|          0|
    |ap_CS_iter0_fsm                            |   1|   0|    1|          0|
    |ap_CS_iter1_fsm                            |   1|   0|    1|          0|
    |ap_CS_iter2_fsm                            |   1|   0|    1|          0|
    |data_src_state                             |   2|   0|    2|          0|
    |data_src_state_load_reg_651                |   2|   0|    2|          0|
    |data_src_state_load_reg_651_pp0_iter1_reg  |   2|   0|    2|          0|
    |frameID_in_V_read_reg_683                  |   8|   0|    8|          0|
    |sec_count_V_reg_667                        |   4|   0|    4|          0|
    |section_count_V                            |   4|   0|    4|          0|
    |slot_in_V_read_reg_662                     |   6|   0|    6|          0|
    |subframeID_val_V                           |   4|   0|    4|          0|
    |sym_count_V                                |   6|   0|    6|          0|
    |t_V_reg_656                                |   6|   0|    6|          0|
    |t_V_reg_656_pp0_iter1_reg                  |   6|   0|    6|          0|
    +-------------------------------------------+----+----+-----+-----------+
    |Total                                      | 185|   0|  185|          0|
    +-------------------------------------------+----+----+-----+-----------+



================================================================
== Interface
================================================================
* Summary: 
+----------------------+-----+-----+--------------+-----------------------+--------------+
|       RTL Ports      | Dir | Bits|   Protocol   |     Source Object     |    C Type    |
+----------------------+-----+-----+--------------+-----------------------+--------------+
|ap_clk                |  in |    1| ap_ctrl_none | Userplane_L1_Data_Gen | return value |
|ap_rst_n              |  in |    1| ap_ctrl_none | Userplane_L1_Data_Gen | return value |
|L1_data_out_V_TDATA   | out |   64|     axis     |     L1_data_out_V     |    pointer   |
|L1_data_out_V_TVALID  | out |    1|     axis     |     L1_data_out_V     |    pointer   |
|L1_data_out_V_TREADY  |  in |    1|     axis     |     L1_data_out_V     |    pointer   |
|slot_in_V             |  in |    6|    ap_none   |       slot_in_V       |    pointer   |
|frameID_in_V          |  in |    8|    ap_none   |      frameID_in_V     |    pointer   |
|st_out_V              | out |    4|    ap_none   |        st_out_V       |    pointer   |
|symbol_number_V       | out |    6|    ap_none   |    symbol_number_V    |    pointer   |
+----------------------+-----+-----+--------------+-----------------------+--------------+

