INFO-FLOW: Workspace /home/sai/petalinux/dummy_iisc/siso_oran_dl/ORAN_INTEG_1/hls_src/U_plane_src/uplane_packetiser/solution1 opened at Sun Mar 26 23:15:05 IST 2023
Execute     config_clock -quiet -name default -period 3.2 -default=false 
INFO: [SYN 201-201] Setting up clock 'default' with a period of 3.2ns.
Execute     open_platform DefaultPlatform 
Execute     import_lib /opt/Xilinx_19.1/Vivado/2019.1/common/technology/xilinx/zynquplus/zynquplus 
Execute       source /opt/Xilinx_19.1/Vivado/2019.1/common/technology/xilinx/common/xilinx.lib 
Execute         source /opt/Xilinx_19.1/Vivado/2019.1/common/technology/xilinx/interface/xilinx_interface.lib 
Execute           source /opt/Xilinx_19.1/Vivado/2019.1/common/technology/xilinx/interface/plb46.lib 
Execute           source /opt/Xilinx_19.1/Vivado/2019.1/common/technology/xilinx/interface/fsl.lib 
Execute           source /opt/Xilinx_19.1/Vivado/2019.1/common/technology/xilinx/interface/axi4.lib 
Execute           source /opt/Xilinx_19.1/Vivado/2019.1/common/technology/xilinx/interface/maxi.lib 
Execute           source /opt/Xilinx_19.1/Vivado/2019.1/common/technology/xilinx/interface/saxilite.lib 
Execute         source /opt/Xilinx_19.1/Vivado/2019.1/common/technology/xilinx/common/dsp48.lib 
Execute         source /opt/Xilinx_19.1/Vivado/2019.1/common/technology/xilinx/ip/dds_compiler.lib 
Execute         source /opt/Xilinx_19.1/Vivado/2019.1/common/technology/xilinx/ip/xfft.lib 
Execute         source /opt/Xilinx_19.1/Vivado/2019.1/common/technology/xilinx/ip/xfir.lib 
Command       ap_source done; 0.11 sec.
Execute       source /opt/Xilinx_19.1/Vivado/2019.1/common/technology/xilinx/common/xilinx.hlp 
Execute         source /opt/Xilinx_19.1/Vivado/2019.1/common/technology/xilinx/common/target_info.tcl 
Execute         source /opt/Xilinx_19.1/Vivado/2019.1/common/technology/xilinx/interface/xilinx_interface.hlp 
Execute           source /opt/Xilinx_19.1/Vivado/2019.1/common/technology/xilinx/interface/maxi.hlp 
Execute           source /opt/Xilinx_19.1/Vivado/2019.1/common/technology/xilinx/interface/saxilite.hlp 
Execute         source /opt/Xilinx_19.1/Vivado/2019.1/common/technology/xilinx/common/dsp48.hlp 
Execute       source /opt/Xilinx_19.1/Vivado/2019.1/common/technology/xilinx/zynquplus/dsp48e2.hlp 
Execute       source /opt/Xilinx_19.1/Vivado/2019.1/common/technology/xilinx/common/xilinx.hlp 
Execute         source /opt/Xilinx_19.1/Vivado/2019.1/common/technology/xilinx/common/target_info.tcl 
Execute         source /opt/Xilinx_19.1/Vivado/2019.1/common/technology/xilinx/interface/xilinx_interface.hlp 
Execute           source /opt/Xilinx_19.1/Vivado/2019.1/common/technology/xilinx/interface/maxi.hlp 
Execute           source /opt/Xilinx_19.1/Vivado/2019.1/common/technology/xilinx/interface/saxilite.hlp 
Execute         source /opt/Xilinx_19.1/Vivado/2019.1/common/technology/xilinx/common/dsp48.hlp 
Command     import_lib done; 0.14 sec.
Execute     source /opt/Xilinx_19.1/Vivado/2019.1/common/technology/xilinx/zynquplus/zynquplus.gen 
Execute       source /opt/Xilinx_19.1/Vivado/2019.1/common/technology/xilinx/common/xilinx.gen 
Execute         source /opt/Xilinx_19.1/Vivado/2019.1/common/technology/xilinx/interface/plb46.gen 
Execute         source /opt/Xilinx_19.1/Vivado/2019.1/common/technology/xilinx/interface/fsl.gen 
Execute         source /opt/Xilinx_19.1/Vivado/2019.1/common/technology/xilinx/interface/axi4.gen 
Execute         source /opt/Xilinx_19.1/Vivado/2019.1/common/technology/xilinx/interface/nativeAXI4.gen 
Execute           source /opt/Xilinx_19.1/Vivado/2019.1/common/technology/xilinx/interface/saxilite.gen 
Execute           source /opt/Xilinx_19.1/Vivado/2019.1/common/technology/xilinx/interface/maxi.gen 
Execute         source /opt/Xilinx_19.1/Vivado/2019.1/common/technology/xilinx/scripts/xilinxcoregen.gen 
Execute         source /opt/Xilinx_19.1/Vivado/2019.1/common/technology/xilinx/interface/XilEDKCoreGen.gen 
Execute         source /opt/Xilinx_19.1/Vivado/2019.1/common/technology/xilinx/ip/dds_compiler.gen 
Execute         source /opt/Xilinx_19.1/Vivado/2019.1/common/technology/xilinx/ip/util.gen 
Execute         source /opt/Xilinx_19.1/Vivado/2019.1/common/technology/xilinx/ip/xfft.gen 
Execute         source /opt/Xilinx_19.1/Vivado/2019.1/common/technology/xilinx/ip/xfir.gen 
Execute         source /opt/Xilinx_19.1/Vivado/2019.1/common/technology/xilinx/common/dsp48.gen 
Command       ap_source done; 0.18 sec.
Command     ap_source done; 0.19 sec.
Execute     open_platform DefaultPlatform 
Execute     import_lib /opt/Xilinx_19.1/Vivado/2019.1/common/technology/xilinx/zynquplus/zynquplus_fpv7 
Execute       source /opt/Xilinx_19.1/Vivado/2019.1/common/technology/xilinx/common/xilinx_fp.lib 
Execute       source /opt/Xilinx_19.1/Vivado/2019.1/common/technology/xilinx/common/xilinx_fp.hlp 
Execute         source /opt/Xilinx_19.1/Vivado/2019.1/common/technology/xilinx/common/xilinx.hlp 
Execute           source /opt/Xilinx_19.1/Vivado/2019.1/common/technology/xilinx/common/target_info.tcl 
Execute           source /opt/Xilinx_19.1/Vivado/2019.1/common/technology/xilinx/interface/xilinx_interface.hlp 
Execute             source /opt/Xilinx_19.1/Vivado/2019.1/common/technology/xilinx/interface/maxi.hlp 
Execute             source /opt/Xilinx_19.1/Vivado/2019.1/common/technology/xilinx/interface/saxilite.hlp 
Execute           source /opt/Xilinx_19.1/Vivado/2019.1/common/technology/xilinx/common/dsp48.hlp 
Execute     source /opt/Xilinx_19.1/Vivado/2019.1/common/technology/xilinx/zynquplus/zynquplus_fpv7.gen 
Execute       source /opt/Xilinx_19.1/Vivado/2019.1/common/technology/xilinx/common/xilinx_fp.gen 
Execute     set_part xczu19eg-ffvd1760-3-e 
Execute       ap_part_info -name xczu19eg-ffvd1760-3-e -data single -quiet 
Command       ap_part_info done; 0.78 sec.
Execute       ap_part_info -name xczu19eg-ffvd1760-3-e -data info 
Execute       add_library xilinx/zynquplus/zynquplus:xczu19eg:-ffvd1760:-3-e 
Execute         get_default_platform 
Execute         license_isbetapart xczu19eg 
Command         license_isbetapart done; error code: 1; 
Execute         ap_part_info -data single -name xczu19eg-ffvd1760-3-e 
Execute         ap_part_info -name xczu19eg-ffvd1760-3-e -data resources 
Execute         ap_part_info -name xczu19eg-ffvd1760-3-e -data info 
Execute         ap_part_info -name xczu19eg-ffvd1760-3-e -data info 
Execute         config_chip_info -quiet -resource {SLICE 65340} {LUT 522720} {FF 1045440} {DSP48E 1968} {BRAM 1968} {URAM 128} 
Execute         ap_part_info -name xczu19eg-ffvd1760-3-e -data info 
Execute         config_chip_info -quiet -speed fast 
Execute       add_library xilinx/zynquplus/zynquplus_fpv7 
Execute         get_default_platform 
INFO: [HLS 200-10] Setting target device to 'xczu19eg-ffvd1760-3-e'
Execute       ap_part_info -name xczu19eg-ffvd1760-3-e -data info 
Execute       get_default_platform 
Command     set_part done; 0.88 sec.
Execute     ap_part_info -data single -name xczu19eg-ffvd1760-3-e 
Execute     ap_part_info -name xczu19eg-ffvd1760-3-e -data resources 
Execute     ap_part_info -name xczu19eg-ffvd1760-3-e -data info 
Execute     ap_part_info -name xczu19eg-ffvd1760-3-e -data info 
Execute     config_chip_info -quiet -resource {SLICE 65340} {LUT 522720} {FF 1045440} {DSP48E 1968} {BRAM 1968} {URAM 128} 
Execute     ap_part_info -name xczu19eg-ffvd1760-3-e -data info 
Execute     config_chip_info -quiet -speed fast 
Execute     config_rtl -encoding=auto 
Execute     config_rtl -kernel_profile=0 
Execute     config_rtl -module_auto_prefix=0 
Execute     config_rtl -mult_keep_attribute=0 
Execute     config_rtl -reset=state 
Execute     config_rtl -reset_async=0 
Execute     config_rtl -reset_level=low 
Execute     config_rtl -verbose=0 
Execute     config_export -format=ip_catalog 
Execute     config_export -rtl=verilog 
Execute     config_export -vivado_optimization_level=2 
Execute       get_config_export -vivado_impl_strategy 
Execute       get_config_export -vivado_phys_opt 
Execute     config_export -vivado_phys_opt=place 
Execute     config_export -vivado_report_level=0 
Command   open_solution done; 1.31 sec.
Execute   set_part xczu19eg-ffvd1760-3-e -tool vivado 
Execute     ap_part_info -name xczu19eg-ffvd1760-3-e -data single -quiet 
Execute     ap_part_info -name xczu19eg-ffvd1760-3-e -data info 
Execute     add_library xilinx/zynquplus/zynquplus:xczu19eg:-ffvd1760:-3-e 
Execute       get_default_platform 
Execute       license_isbetapart xczu19eg 
Command       license_isbetapart done; error code: 1; 
Execute       ap_part_info -data single -name xczu19eg-ffvd1760-3-e 
Execute       ap_part_info -name xczu19eg-ffvd1760-3-e -data resources 
Execute       ap_part_info -name xczu19eg-ffvd1760-3-e -data info 
Execute       ap_part_info -name xczu19eg-ffvd1760-3-e -data info 
Execute       config_chip_info -quiet -resource {SLICE 65340} {LUT 522720} {FF 1045440} {DSP48E 1968} {BRAM 1968} {URAM 128} 
Execute       ap_part_info -name xczu19eg-ffvd1760-3-e -data info 
Execute       config_chip_info -quiet -speed fast 
Execute     add_library xilinx/zynquplus/zynquplus_fpv7 
Execute       get_default_platform 
Execute     ap_part_info -name xczu19eg-ffvd1760-3-e -data info 
Execute     get_default_platform 
Execute   create_clock -period 3.2 -name default 
Execute   config_rtl -encoding auto -kernel_profile=0 -module_auto_prefix=0 -mult_keep_attribute=0 -reset state -reset_async=0 -reset_level low -verbose=0 
Execute   config_export -format ip_catalog -rtl verilog -vivado_optimization_level 2 -vivado_phys_opt place -vivado_report_level 0 
Execute     get_config_export -vivado_impl_strategy 
Execute   csynth_design 
Execute     get_config_compile -dump_cfg 
Execute     get_config_compile -effort 
Execute     get_config_compile -enable_clang39 
Execute     get_config_compile -g 
Execute     get_config_compile -ng 
Execute     get_config_compile -opt_fp 
Execute     get_config_compile -skip_cdt 
Execute     get_config_compile -skip_syncheck 
Execute     get_config_compile -skip_transform 
Execute     get_config_compile -keep_printf 
Execute     elaborate -effort=medium -skip_syncheck=0 -keep_printf=0 -skip_cdt=0 -skip_transform=0 -ng=0 -g=0 -opt_fp=0 -from_csynth_design=1 
Execute       get_config_schedule -relax_ii_for_timing 
INFO: [SCHED 204-61] Option 'relax_ii_for_timing' is enabled, will increase II to preserve clock frequency constraints.
Execute       get_config_schedule -suppress_dependence_error_break 
INFO: [HLS 200-10] Analyzing design file 'uplane_packetiser/uplane_packetizer.cpp' ... 
INFO-FLOW: Compiling one TU...
Execute       is_m_axi_addr64 
INFO-FLOW: Handling uplane_packetiser/uplane_packetizer.cpp as C++
Execute       ap_part_info -name xczu19eg-ffvd1760-3-e -data info 
Execute       is_encrypted uplane_packetiser/uplane_packetizer.cpp 
Execute       ap_part_info -name xczu19eg-ffvd1760-3-e -data info 
INFO-FLOW: Running: GCC PP
INFO-FLOW: Source preprocessing
Execute       clang  -fno-limit-debug-info -gcc-toolchain "/opt/Xilinx_19.1/Vivado/2019.1/lnx64/tools/gcc" -hls  -fno-exceptions  -D__llvm__  -E "uplane_packetiser/uplane_packetizer.cpp"     -fno-math-errno -c -emit-llvm -O0  -mllvm -disable-llvm-optzns -fno-threadsafe-statics  -fno-use-cxa-atexit  -fno-threadsafe-statics -fno-use-cxa-atexit -D__CLANG_3_1__ -DAESL_SYN -D__SYNTHESIS__ -D__HLS_SYN__ -I "/opt/Xilinx_19.1/Vivado/2019.1/common/technology/autopilot" -I "/opt/Xilinx_19.1/Vivado/2019.1/common/technology/autopilot/ap_sysc" -include etc/autopilot_ssdm_op.h -D__DSP48E2__  -o "/home/sai/petalinux/dummy_iisc/siso_oran_dl/ORAN_INTEG_1/hls_src/U_plane_src/uplane_packetiser/solution1/.autopilot/db/uplane_packetizer.pp.0.cpp" 
INFO-FLOW: exec /opt/Xilinx_19.1/Vivado/2019.1/lnx64/tools/clang/bin/clang -fno-limit-debug-info -gcc-toolchain /opt/Xilinx_19.1/Vivado/2019.1/lnx64/tools/gcc -hls -fno-exceptions -D__llvm__ -E uplane_packetiser/uplane_packetizer.cpp -fno-math-errno -c -emit-llvm -O0 -mllvm -disable-llvm-optzns -fno-threadsafe-statics -fno-use-cxa-atexit -fno-threadsafe-statics -fno-use-cxa-atexit -D__CLANG_3_1__ -DAESL_SYN -D__SYNTHESIS__ -D__HLS_SYN__ -I /opt/Xilinx_19.1/Vivado/2019.1/common/technology/autopilot -I /opt/Xilinx_19.1/Vivado/2019.1/common/technology/autopilot/ap_sysc -include etc/autopilot_ssdm_op.h -D__DSP48E2__ -o /home/sai/petalinux/dummy_iisc/siso_oran_dl/ORAN_INTEG_1/hls_src/U_plane_src/uplane_packetiser/solution1/.autopilot/db/uplane_packetizer.pp.0.cpp
Command       clang done; 2.55 sec.
Execute       tidy_31 xilinx-xfmat-array-geometry /home/sai/petalinux/dummy_iisc/siso_oran_dl/ORAN_INTEG_1/hls_src/U_plane_src/uplane_packetiser/solution1/.autopilot/db/uplane_packetizer.pp.0.cpp std=gnu++98 
INFO-FLOW: exec /opt/Xilinx_19.1/Vivado/2019.1/lnx64/tools/clang-3.9-csynth/bin/tidy-3.1 -header-filter=.* -checks=-*,xilinx-xfmat-array-geometry -quiet -fix /home/sai/petalinux/dummy_iisc/siso_oran_dl/ORAN_INTEG_1/hls_src/U_plane_src/uplane_packetiser/solution1/.autopilot/db/uplane_packetizer.pp.0.cpp -- -std=gnu++98 -fhls -ferror-limit=0
Command       tidy_31 done; 1.42 sec.
INFO-FLOW: Syntax Checking before pre-processing...
Execute       clang -syntaxcheck -src /home/sai/petalinux/dummy_iisc/siso_oran_dl/ORAN_INTEG_1/hls_src/U_plane_src/uplane_packetiser/solution1/.autopilot/db/uplane_packetizer.pp.0.cpp  -fno-limit-debug-info -gcc-toolchain "/opt/Xilinx_19.1/Vivado/2019.1/lnx64/tools/gcc" -hls    -fno-math-errno -c -emit-llvm -O0  -mllvm -disable-llvm-optzns -fno-threadsafe-statics  -fno-use-cxa-atexit  -fno-threadsafe-statics -fno-use-cxa-atexit -D__CLANG_3_1__ -DAESL_SYN -D__SYNTHESIS__ -D__HLS_SYN__ -I "/opt/Xilinx_19.1/Vivado/2019.1/common/technology/autopilot" -I "/opt/Xilinx_19.1/Vivado/2019.1/common/technology/autopilot/ap_sysc" -include etc/autopilot_ssdm_op.h -D__DSP48E2__  "/home/sai/petalinux/dummy_iisc/siso_oran_dl/ORAN_INTEG_1/hls_src/U_plane_src/uplane_packetiser/solution1/.autopilot/db/uplane_packetizer.pp.0.cpp"  -o "/home/sai/petalinux/dummy_iisc/siso_oran_dl/ORAN_INTEG_1/hls_src/U_plane_src/uplane_packetiser/solution1/.autopilot/db/useless.bc"  
INFO-FLOW: exec /opt/Xilinx_19.1/Vivado/2019.1/lnx64/tools/clang/bin/clang -fno-limit-debug-info -gcc-toolchain /opt/Xilinx_19.1/Vivado/2019.1/lnx64/tools/gcc -hls -fno-math-errno -c -emit-llvm -O0 -mllvm -disable-llvm-optzns -fno-threadsafe-statics -fno-use-cxa-atexit -fno-threadsafe-statics -fno-use-cxa-atexit -D__CLANG_3_1__ -DAESL_SYN -D__SYNTHESIS__ -D__HLS_SYN__ -I /opt/Xilinx_19.1/Vivado/2019.1/common/technology/autopilot -I /opt/Xilinx_19.1/Vivado/2019.1/common/technology/autopilot/ap_sysc -include etc/autopilot_ssdm_op.h -D__DSP48E2__ /home/sai/petalinux/dummy_iisc/siso_oran_dl/ORAN_INTEG_1/hls_src/U_plane_src/uplane_packetiser/solution1/.autopilot/db/uplane_packetizer.pp.0.cpp -o /home/sai/petalinux/dummy_iisc/siso_oran_dl/ORAN_INTEG_1/hls_src/U_plane_src/uplane_packetiser/solution1/.autopilot/db/useless.bc
WARNING: [HLS 200-40] In file included from uplane_packetiser/uplane_packetizer.cpp:1:
uplane_packetiser/uplane_packetizer.cpp:57:8: warning: enumeration values 'IDLEs' and 'SECTIONDATA' not handled in switch [-Wswitch]
switch(oran_ctrl_state)
       ^
1 warning generated.
Command       clang done; 2.58 sec.
INFO-FLOW: Done: GCC PP time: 6.6 seconds per iteration
Execute       source /opt/Xilinx_19.1/Vivado/2019.1/tps/tcl/tcllib1.11.1/yaml/huddle.tcl 
Execute       source /opt/Xilinx_19.1/Vivado/2019.1/tps/tcl/tcllib1.11.1/yaml/json2huddle.tcl 
Execute         source /opt/Xilinx_19.1/Vivado/2019.1/tps/tcl/tcllib1.11.1/try/try.tcl 
Execute       list_core -type functional_unit 
Execute       tidy_31 xilinx-systemc-detector /home/sai/petalinux/dummy_iisc/siso_oran_dl/ORAN_INTEG_1/hls_src/U_plane_src/uplane_packetiser/solution1/.autopilot/db/uplane_packetizer.pp.0.cpp std=gnu++98 -directive=/home/sai/petalinux/dummy_iisc/siso_oran_dl/ORAN_INTEG_1/hls_src/U_plane_src/uplane_packetiser/solution1/.autopilot/db/.systemc_flag 
INFO-FLOW: exec /opt/Xilinx_19.1/Vivado/2019.1/lnx64/tools/clang-3.9-csynth/bin/tidy-3.1 -header-filter=.* -checks=-*,xilinx-systemc-detector -import-directive=/home/sai/petalinux/dummy_iisc/siso_oran_dl/ORAN_INTEG_1/hls_src/U_plane_src/uplane_packetiser/solution1/.autopilot/db/.systemc_flag -quiet -fix-errors /home/sai/petalinux/dummy_iisc/siso_oran_dl/ORAN_INTEG_1/hls_src/U_plane_src/uplane_packetiser/solution1/.autopilot/db/uplane_packetizer.pp.0.cpp -- -std=gnu++98 -fhls -ferror-limit=0
Command       tidy_31 done; 0.94 sec.
INFO-FLOW: Running: tidy-3.1 CDT preprocess
Execute       tidy_31 xilinx-directive2pragma /home/sai/petalinux/dummy_iisc/siso_oran_dl/ORAN_INTEG_1/hls_src/U_plane_src/uplane_packetiser/solution1/.autopilot/db/uplane_packetizer.pp.0.cpp std=gnu++98 -directive=/home/sai/petalinux/dummy_iisc/siso_oran_dl/ORAN_INTEG_1/hls_src/U_plane_src/uplane_packetiser/solution1/.autopilot/db/all.directive.json 
INFO-FLOW: exec /opt/Xilinx_19.1/Vivado/2019.1/lnx64/tools/clang-3.9-csynth/bin/tidy-3.1 -header-filter=.* -checks=-*,xilinx-directive2pragma -import-directive=/home/sai/petalinux/dummy_iisc/siso_oran_dl/ORAN_INTEG_1/hls_src/U_plane_src/uplane_packetiser/solution1/.autopilot/db/all.directive.json -quiet -fix-errors /home/sai/petalinux/dummy_iisc/siso_oran_dl/ORAN_INTEG_1/hls_src/U_plane_src/uplane_packetiser/solution1/.autopilot/db/uplane_packetizer.pp.0.cpp -- -std=gnu++98 -fhls -ferror-limit=0
Command       tidy_31 done; 0.91 sec.
Execute       get_config_dataflow -strict_mode 
Execute       ap_eval exec -ignorestderr /opt/Xilinx_19.1/Vivado/2019.1/lnx64/tools/clang-3.9-csynth/bin/xilinx-dataflow-lawyer -export-fixes=/home/sai/petalinux/dummy_iisc/siso_oran_dl/ORAN_INTEG_1/hls_src/U_plane_src/uplane_packetiser/solution1/.autopilot/db/xilinx-dataflow-lawyer.uplane_packetizer.pp.0.cpp.diag.yml /home/sai/petalinux/dummy_iisc/siso_oran_dl/ORAN_INTEG_1/hls_src/U_plane_src/uplane_packetiser/solution1/.autopilot/db/uplane_packetizer.pp.0.cpp -- -std=gnu++98 -fhls -ferror-limit=0 -fstrict-dataflow > /home/sai/petalinux/dummy_iisc/siso_oran_dl/ORAN_INTEG_1/hls_src/U_plane_src/uplane_packetiser/solution1/.autopilot/db/xilinx-dataflow-lawyer.uplane_packetizer.pp.0.cpp.out.log 2> /home/sai/petalinux/dummy_iisc/siso_oran_dl/ORAN_INTEG_1/hls_src/U_plane_src/uplane_packetiser/solution1/.autopilot/db/xilinx-dataflow-lawyer.uplane_packetizer.pp.0.cpp.err.log 
Command       ap_eval done; 1.06 sec.
Execute       tidy_31 -errorcheck xilinx-constantarray-param,xilinx-resource-pragma-transformer,xilinx-xfmat-array-geometry /home/sai/petalinux/dummy_iisc/siso_oran_dl/ORAN_INTEG_1/hls_src/U_plane_src/uplane_packetiser/solution1/.autopilot/db/uplane_packetizer.pp.0.cpp std=gnu++98 
Execute         ap_eval exec -ignorestderr /opt/Xilinx_19.1/Vivado/2019.1/lnx64/tools/clang-3.9-csynth/bin/tidy-3.1 -export-fixes=/home/sai/petalinux/dummy_iisc/siso_oran_dl/ORAN_INTEG_1/hls_src/U_plane_src/uplane_packetiser/solution1/.autopilot/db/tidy-3.1.uplane_packetizer.pp.0.cpp.diag.yml -header-filter=.* -checks=-*,xilinx-constantarray-param,xilinx-resource-pragma-transformer,xilinx-xfmat-array-geometry -quiet -fix-errors /home/sai/petalinux/dummy_iisc/siso_oran_dl/ORAN_INTEG_1/hls_src/U_plane_src/uplane_packetiser/solution1/.autopilot/db/uplane_packetizer.pp.0.cpp -- -std=gnu++98 -fhls -ferror-limit=0 > /home/sai/petalinux/dummy_iisc/siso_oran_dl/ORAN_INTEG_1/hls_src/U_plane_src/uplane_packetiser/solution1/.autopilot/db/tidy-3.1.uplane_packetizer.pp.0.cpp.out.log 2> /home/sai/petalinux/dummy_iisc/siso_oran_dl/ORAN_INTEG_1/hls_src/U_plane_src/uplane_packetiser/solution1/.autopilot/db/tidy-3.1.uplane_packetizer.pp.0.cpp.err.log 
Command         ap_eval done; 1.08 sec.
Execute         ap_eval exec -ignorestderr /opt/Xilinx_19.1/Vivado/2019.1/lnx64/tools/clang-3.9-csynth/bin/xilinx-legacy-rewriter /home/sai/petalinux/dummy_iisc/siso_oran_dl/ORAN_INTEG_1/hls_src/U_plane_src/uplane_packetiser/solution1/.autopilot/db/uplane_packetizer.pp.0.cpp -- -std=gnu++98 -fhls -ferror-limit=0 > /home/sai/petalinux/dummy_iisc/siso_oran_dl/ORAN_INTEG_1/hls_src/U_plane_src/uplane_packetiser/solution1/.autopilot/db/xilinx-legacy-rewriter.uplane_packetizer.pp.0.cpp.out.log 2> /home/sai/petalinux/dummy_iisc/siso_oran_dl/ORAN_INTEG_1/hls_src/U_plane_src/uplane_packetiser/solution1/.autopilot/db/xilinx-legacy-rewriter.uplane_packetizer.pp.0.cpp.err.log 
Command         ap_eval done; 1.02 sec.
Command       tidy_31 done; 2.1 sec.
INFO-FLOW: Done: tidy-3.1 CDT preprocess time: 4.1 seconds per iteration
INFO-FLOW: Pragma Handling...
Execute       tidy_31 xilinx-ssdm-intrinsics-arguments /home/sai/petalinux/dummy_iisc/siso_oran_dl/ORAN_INTEG_1/hls_src/U_plane_src/uplane_packetiser/solution1/.autopilot/db/uplane_packetizer.pragma.1.cpp std=gnu++98 
INFO-FLOW: exec /opt/Xilinx_19.1/Vivado/2019.1/lnx64/tools/clang-3.9-csynth/bin/tidy-3.1 -header-filter=.* -checks=-*,xilinx-ssdm-intrinsics-arguments -quiet -fix-errors /home/sai/petalinux/dummy_iisc/siso_oran_dl/ORAN_INTEG_1/hls_src/U_plane_src/uplane_packetiser/solution1/.autopilot/db/uplane_packetizer.pragma.1.cpp -- -std=gnu++98 -fhls -ferror-limit=0
Command       tidy_31 done; 1.51 sec.
Execute       ap_part_info -name xczu19eg-ffvd1760-3-e -data info 
INFO-FLOW: Processing labels
Execute       clang -src /home/sai/petalinux/dummy_iisc/siso_oran_dl/ORAN_INTEG_1/hls_src/U_plane_src/uplane_packetiser/solution1/.autopilot/db/uplane_packetizer.pragma.2.cpp  -fno-limit-debug-info -gcc-toolchain /opt/Xilinx_19.1/Vivado/2019.1/lnx64/tools/gcc -hls -hls-analyze-label -hls-analyze-pragma -fno-exceptions  -D__llvm__  -w  "/home/sai/petalinux/dummy_iisc/siso_oran_dl/ORAN_INTEG_1/hls_src/U_plane_src/uplane_packetiser/solution1/.autopilot/db/uplane_packetizer.pragma.2.cpp"    -fno-math-errno -c -emit-llvm -O0  -mllvm -disable-llvm-optzns -fno-threadsafe-statics  -fno-use-cxa-atexit -DAESL_SYN -D__SYNTHESIS__ -D__HLS_SYN__ -I "/opt/Xilinx_19.1/Vivado/2019.1/common/technology/autopilot" -I "/opt/Xilinx_19.1/Vivado/2019.1/common/technology/autopilot/ap_sysc" -include etc/autopilot_ssdm_op.h -D__DSP48E2__ -g -o "/home/sai/petalinux/dummy_iisc/siso_oran_dl/ORAN_INTEG_1/hls_src/U_plane_src/uplane_packetiser/solution1/.autopilot/db/uplane_packetizer.bc" 
INFO-FLOW: exec /opt/Xilinx_19.1/Vivado/2019.1/lnx64/tools/clang/bin/clang -fno-limit-debug-info -gcc-toolchain /opt/Xilinx_19.1/Vivado/2019.1/lnx64/tools/gcc -hls -hls-analyze-label -hls-analyze-pragma -fno-exceptions -D__llvm__ -w /home/sai/petalinux/dummy_iisc/siso_oran_dl/ORAN_INTEG_1/hls_src/U_plane_src/uplane_packetiser/solution1/.autopilot/db/uplane_packetizer.pragma.2.cpp -fno-math-errno -c -emit-llvm -O0 -mllvm -disable-llvm-optzns -fno-threadsafe-statics -fno-use-cxa-atexit -DAESL_SYN -D__SYNTHESIS__ -D__HLS_SYN__ -I /opt/Xilinx_19.1/Vivado/2019.1/common/technology/autopilot -I /opt/Xilinx_19.1/Vivado/2019.1/common/technology/autopilot/ap_sysc -include etc/autopilot_ssdm_op.h -D__DSP48E2__ -g -o /home/sai/petalinux/dummy_iisc/siso_oran_dl/ORAN_INTEG_1/hls_src/U_plane_src/uplane_packetiser/solution1/.autopilot/db/uplane_packetizer.bc
Command       clang done; 2.3 sec.
INFO-FLOW: Linking Debug ...
Execute       llvm-ld /home/sai/petalinux/dummy_iisc/siso_oran_dl/ORAN_INTEG_1/hls_src/U_plane_src/uplane_packetiser/solution1/.autopilot/db/uplane_packetizer.g.bc -hls-opt -except-internalize uplane_packetiser -L/opt/Xilinx_19.1/Vivado/2019.1/lnx64/lib -lhlsm -lhlsmc++ -o /home/sai/petalinux/dummy_iisc/siso_oran_dl/ORAN_INTEG_1/hls_src/U_plane_src/uplane_packetiser/solution1/.autopilot/db/a.g 
Command       llvm-ld done; 1.08 sec.
INFO: [HLS 200-111] Finished Linking Time (s): cpu = 00:00:15 ; elapsed = 00:00:19 . Memory (MB): peak = 882.488 ; gain = 192.207 ; free physical = 19388 ; free virtual = 57459
INFO: [HLS 200-111] Finished Checking Pragmas Time (s): cpu = 00:00:15 ; elapsed = 00:00:19 . Memory (MB): peak = 882.488 ; gain = 192.207 ; free physical = 19388 ; free virtual = 57459
Execute       get_config_sdx -target 
Execute       opt_and_import_c a -opt_level=2 -skip_syncheck=0 -ng=0 -keep_printf=0 
Execute         cleanup_all_models 
INFO: [HLS 200-10] Starting code transformations ...
Execute         transform -promote-dbg-pointer /home/sai/petalinux/dummy_iisc/siso_oran_dl/ORAN_INTEG_1/hls_src/U_plane_src/uplane_packetiser/solution1/.autopilot/db/a.pp.bc -o /home/sai/petalinux/dummy_iisc/siso_oran_dl/ORAN_INTEG_1/hls_src/U_plane_src/uplane_packetiser/solution1/.autopilot/db/a.pp.0.bc -f 
Command         transform done; 0.16 sec.
Execute         llvm-ld /home/sai/petalinux/dummy_iisc/siso_oran_dl/ORAN_INTEG_1/hls_src/U_plane_src/uplane_packetiser/solution1/.autopilot/db/a.pp.0.bc -disable-opt -L/opt/Xilinx_19.1/Vivado/2019.1/lnx64/lib -lfloatconversion -o /home/sai/petalinux/dummy_iisc/siso_oran_dl/ORAN_INTEG_1/hls_src/U_plane_src/uplane_packetiser/solution1/.autopilot/db/a.g.0 
Command         llvm-ld done; 0.92 sec.
INFO-FLOW: Running Standard Transforms...
Execute         transform -hls -share-std-xform -demangle-name -inline-byval-memcpy -always-inline -promote-dbg-pointer -interface-preproc -mem2reg -scalarrepl -mem2reg -keep-read-access -instcombine -dce -promote-dbg-pointer -bitop-raise -loop-simplify -indvarspre -indvars -loop-simplify -xunroll -constprop -instcombine -simplifycfg -indvars -simplifycfg -dce -globaldce -basicaa -simplifycfg -mem2reg -globalopt -global-constprop -deadargelim -instcombine -simplifycfg -prune-eh -simplifycfg -scalarrepl -instcombine -reassociate -licm -simplifycfg -loop-simplify -indvars -instcombine -simplifycfg -mem2reg -loop-simplify -indvars -instcombine -gvn -gvn -instcombine -adce -break-crit-edges -simplifycfg -loop-delete -global-array-opt -dce -dse -adce -find-syn-modules -top uplane_packetiser -deadargelim -mem2reg -instcombine -dce -presyn-prepare -auto-rom-infer -interface-preproc -syn-check -check-rec-only -find-region -simplifycfg -func-extr -function-inline -globaldce -mem2reg -instcombine -dce -gvn -globaldce -adce -adse -constprop -instcombine -bit-constprop -instcombine -dce -simplifycfg -bitop-raise -simplifycfg -dce -loop-delete -reassociate -globalopt -global-privatize -mem2reg -dce -global-constprop -pointer-simplify -constprop -dce -func-inst -deadargelim -auto-shift-reg-idiom -promote-dbg-pointer -norm-name /home/sai/petalinux/dummy_iisc/siso_oran_dl/ORAN_INTEG_1/hls_src/U_plane_src/uplane_packetiser/solution1/.autopilot/db/a.g.0.bc -o /home/sai/petalinux/dummy_iisc/siso_oran_dl/ORAN_INTEG_1/hls_src/U_plane_src/uplane_packetiser/solution1/.autopilot/db/a.g.1.bc -f -phase std-opt 
Command         transform done; 0.38 sec.
INFO: [HLS 200-111] Finished Standard Transforms Time (s): cpu = 00:00:17 ; elapsed = 00:00:20 . Memory (MB): peak = 882.488 ; gain = 192.207 ; free physical = 19363 ; free virtual = 57443
INFO: [HLS 200-10] Checking synthesizability ...
INFO-FLOW: Checking Synthesizability 1/2..
Execute         transform -hls -syn-check -check-rec-only -disaggr -scalarrepl -norm-name -dce -mem2reg -instcombine -function-uniquify -directive-preproc -mem2reg -dse -dce -auto-rom-infer -dce -pag -array-normalize -instcombine -dce -warn-fifo-pointer -array-seg-normalize -instcombine -dce -array-flatten -instcombine -dce -array-burst -dce -deadargelim -promote-global-argument -simplifycfg -mem2reg -globaldce -dce -deadargelim -dce -instcombine -function-inline -globaldce -dce -doublePtrSimplify -doublePtrElim -dce -doublePtrSimplify -promote-dbg-pointer -dce -scalarrepl -dse -adse -instcombine -ptrLegalization -simplifycfg -dce -instcombine -pointer-simplify -ptrArgReplace -dce -instcombine -resolve-double-ptr -disaggr -scalarrepl -norm-name -dce -mem2reg -instcombine -ptrLegalization -simplifycfg -deadargelim -instcombine -dce -inst-simplify -function-uniquify -directive-preproc -mem2reg -dse -dce -globaldce -check-dspbuiltin /home/sai/petalinux/dummy_iisc/siso_oran_dl/ORAN_INTEG_1/hls_src/U_plane_src/uplane_packetiser/solution1/.autopilot/db/a.g.1.bc -o /home/sai/petalinux/dummy_iisc/siso_oran_dl/ORAN_INTEG_1/hls_src/U_plane_src/uplane_packetiser/solution1/.autopilot/db/a.g.2.prechk.bc -f 
Command         transform done; 0.2 sec.
INFO-FLOW: Checking Synthesizability 2/2..
Execute         transform -syn-check /home/sai/petalinux/dummy_iisc/siso_oran_dl/ORAN_INTEG_1/hls_src/U_plane_src/uplane_packetiser/solution1/.autopilot/db/a.g.2.prechk.bc -o /home/sai/petalinux/dummy_iisc/siso_oran_dl/ORAN_INTEG_1/hls_src/U_plane_src/uplane_packetiser/solution1/.autopilot/db/a.g.2.bc -f -phase syn-check 
INFO: [HLS 200-111] Finished Checking Synthesizability Time (s): cpu = 00:00:17 ; elapsed = 00:00:21 . Memory (MB): peak = 882.488 ; gain = 192.207 ; free physical = 19357 ; free virtual = 57435
INFO-FLOW: Compiler optimizing ...
INFO-FLOW: Share syncheck's 1.bc for syn flow: copy /home/sai/petalinux/dummy_iisc/siso_oran_dl/ORAN_INTEG_1/hls_src/U_plane_src/uplane_packetiser/solution1/.autopilot/db/a.g.1.bc to /home/sai/petalinux/dummy_iisc/siso_oran_dl/ORAN_INTEG_1/hls_src/U_plane_src/uplane_packetiser/solution1/.autopilot/db/a.o.1.bc
INFO-FLOW: Presyn 1...
Execute         transform -hls -tmp /home/sai/petalinux/dummy_iisc/siso_oran_dl/ORAN_INTEG_1/hls_src/U_plane_src/uplane_packetiser/solution1/.autopilot/db -interface-port-rename -type-info -function-uniquify -directive-preproc -mem2reg -dse -dce -disaggr -scalarrepl -norm-name -deadargelim -mem2reg -instcombine -dce -simplifycfg -auto-rom-infer -dce -function-uniquify -resource-proc -clib-intrinsic-prepare -dce -func-buffer -dce -pag -array-normalize -func-legal -instcombine -gvn -constprop -dce -simplifycfg -mem2reg -globaldce -resolve-double-ptr -dce -deadargelim -dce -instcombine -ptrArgReplace -mem2reg -dce -array-seg-normalize -deadargelim -instcombine -dce -pointer-simplify -dce -port-alignment -dce -interface-preproc -data-pack -instcombine -dce -basicaa -aggr-aa -aggrmodref-aa -aggr-aa -gvn -gvn -basicaa -aggr-aa -aggrmodref-aa -aggr-aa -dse -adse -adce -loop-simplify -indvars -instcombine -gvn -loop-simplify -mem2reg -dce -find-region -instcombine -auto-loop-pipeline -inst-simplify -interface-preproc -cfgopt -instcombine -indvars -auto-loop-unroll -loop-simplify -loop-bound -xunroll -constprop -instcombine -simplifycfg -indvars -simplifycfg -dce -globaldce -clean-region -attach-range -gvn -inst-simplify -constprop -simplifycfg -dce -pointer-simplify -dce -globalopt -constprop -dce -array-promote -constprop -dce -ptrArgReplace -mem2reg -simplifycfg -dce -auto-par -instcombine -dce -array-transform-check -array-reshape -instcombine -simplifycfg -dce -ptrArgReplace -deadargelim -mem2reg -instcombine -simplifycfg -dce -indvars -loop-simplify -loop-bound -xunroll -constprop -instcombine -simplifycfg -indvars -simplifycfg -dce -globaldce -basicaa -aggr-aa -aggrmodref-aa -aggr-aa -dse -duplicate-dataflow-processes -globaldce -instcombine -array-partition -instcombine -simplifycfg -dce -ptrArgReplace -global-constprop -deadargelim -mem2reg -func-legal -dce -global-constprop -deadargelim -mem2reg -simplifycfg -dce -merge-param -deadargelim -globalopt -constprop -dce -array-promote -constprop -dce -ptrArgReplace -mem2reg -simplifycfg -dce -mem-intrinsic-preproc -dce -global-internalize -global-privatize -mem2reg -globaldce -promote-global-argument -ptrArgReplace -mem2reg -dce -globalopt -mergereturn -simplify-global-access -mem2reg -dce -pointer-simplify -dce -functionattrs -basicaa -aggr-aa -aggrmodref-aa -aggr-aa -gvn -gvn -basicaa -aggr-aa -aggrmodref-aa -aggr-aa -dse -adse -adce -dce -norm-name -function-inline -complex-op-raise -inst-simplify -globaldce -func-inst -constprop -instcombine -simplifycfg -dce -func-legal -dce -loop-bound -arraycheck -bitwidthmin -on-by-dataflow -loop-delete -instcombine -simplifycfg -globaldce -dce -gvn -deadargelim -dce -loop-simplify -clean-region -simplifycfg -propagate-stable-arguments -loop-stream -instcombine -simplifycfg -dce -globaldce -duplicate-dataflow-processes -stream-intrinsic-preproc -dce -check-ap-stream -loop-simplify -eliminate-keepreads -extract-dataflow-in-loop -loop-simplify -dce -gvn -deadargelim -dse -check-dataflow-syntax -legalize-stream-variable -legalize-global -extract-subproc -dce -dead-channel-elimination -canonicalize-gep -globaldce -dce -gvn -deadargelim -annotate-dataflow-channels -scalar-propagation -deadargelim -globaldce -mem2reg -check-dataflow-channels -function-stream -dce -globaldce -prop-fifo-spec -internal-stream-gen -canonicalize-gep -globaldce -dce -gvn -deadargelim -mergereturn -indvars -loop-simplify -instcombine -array-stream -array-seg-normalize -array-partition -func-legal -instcombine -simplifycfg -dce -bundle-memfifo-ops -deadargelim -function-uniquify -directive-preproc -mem2reg -dse -dce -group-axi-access -licm -simplifycfg -dce -loop-delete -norm-name /home/sai/petalinux/dummy_iisc/siso_oran_dl/ORAN_INTEG_1/hls_src/U_plane_src/uplane_packetiser/solution1/.autopilot/db/a.o.1.bc -o /home/sai/petalinux/dummy_iisc/siso_oran_dl/ORAN_INTEG_1/hls_src/U_plane_src/uplane_packetiser/solution1/.autopilot/db/a.o.1.tmp.bc -f 
WARNING: [XFORM 203-1103] Ignored data pack directive on non-struct variable 'IQ_data.V.data.V' (uplane_packetiser/uplane_packetizer.cpp:8).
INFO: [XFORM 203-1101] Packing variable 'application_header.V' (uplane_packetiser/uplane_packetizer.cpp:6) into a 32-bit variable.
INFO: [XFORM 203-1101] Packing variable 'section_header.V' (uplane_packetiser/uplane_packetizer.cpp:7) into a 48-bit variable.
INFO: [XFORM 203-1101] Packing variable 'eCPRI_header.V' (uplane_packetiser/uplane_packetizer.cpp:5) into a 64-bit variable.
INFO: [XFORM 203-1101] Packing variable 'Ethernet_header.V' (uplane_packetiser/uplane_packetizer.cpp:4) into a 112-bit variable.
Command         transform done; 0.5 sec.
INFO-FLOW: Presyn 2...
Execute         transform -hls -keep-callgraph -scalarrepl -mem2reg -port-alignment -attach-range -dce -pipe-mux-gen -indvars -loop-bound -inst-simplify -instcombine -dce -merge-array-access -mem2reg -dce -clean-region -mergereturn -if-conv -instcombine -dce -constprop -basicaa -aggr-aa -aggrmodref-aa -aggr-aa -gvn -gvn -basicaa -aggr-aa -aggrmodref-aa -aggr-aa -dse -adse -adce -scalarrepl -mem2reg -global-constprop -deadargelim -deadargelim -instcombine -dce -simplifycfg -ptrArgReplace -mem2reg -function-inline -globaldce -mem2reg -instcombine -dce -expr-balance -instcombine -dce -bitwidthmin -interface-preproc -directive-preproc -inst-rectify -instcombine -dce -functionattrs -constprop -instcombine -bit-constprop -simplify-global-access -globalopt -globaldce -inst-simplify -instcombine -elimdeaddata -dce -loop-delete -simplifycfg -loop-simplify -auto-burst -norm-name /home/sai/petalinux/dummy_iisc/siso_oran_dl/ORAN_INTEG_1/hls_src/U_plane_src/uplane_packetiser/solution1/.autopilot/db/a.o.1.tmp.bc -o /home/sai/petalinux/dummy_iisc/siso_oran_dl/ORAN_INTEG_1/hls_src/U_plane_src/uplane_packetiser/solution1/.autopilot/db/a.o.2.bc -f -phase presyn 
Command         transform done; 0.22 sec.
INFO: [HLS 200-111] Finished Pre-synthesis Time (s): cpu = 00:00:18 ; elapsed = 00:00:21 . Memory (MB): peak = 882.969 ; gain = 192.688 ; free physical = 19316 ; free virtual = 57396
INFO-FLOW: Building ssdm...
Execute         transform -hls -function-uniquify -auto-function-inline -globaldce -ptrArgReplace -mem2reg -dce -reset-lda -loop-simplify -indvars -licm -loop-dep -loop-bound -licm -loop-simplify -flattenloopnest -array-flatten -gvn -instcombine -dce -array-map -dce -func-legal -gvn -adce -instcombine -cfgopt -simplifycfg -loop-simplify -array-burst -promote-global-argument -dce -ptrLegalization -axi4-lower -array-seg-normalize -basicaa -aggrmodref-aa -globalsmodref-aa -aggr-aa -gvn -gvn -basicaa -aggrmodref-aa -globalsmodref-aa -aggr-aa -dse -adse -adce -licm -inst-simplify -dce -globaldce -instcombine -array-stream -eliminate-keepreads -instcombine -dce -deadargelim -doublePtrSimplify -doublePtrElim -dce -doublePtrSimplify -promote-dbg-pointer -dce -scalarrepl -mem2reg -disaggr -norm-name -mem2reg -instcombine -dse -adse -adce -ptrLegalization -dce -auto-rom-infer -array-flatten -dce -instcombine -check-doubleptr -loop-rot -constprop -cfgopt -simplifycfg -loop-simplify -indvars -pointer-simplify -dce -loop-bound -loop-simplify -loop-preproc -constprop -global-constprop -gvn -mem2reg -instcombine -dce -loop-bound -loop-merge -dce -bitwidthmin -deadargelim -dce -canonicalize-dataflow -dce -scalar-propagation -deadargelim -globaldce -mem2reg -read-loop-dep -interface-preproc -directive-preproc -interface-gen -bram-byte-enable -deadargelim -inst-simplify -dce -gvn -mem2reg -instcombine -dce -adse -loop-bound -instcombine -cfgopt -simplifycfg -loop-simplify -clean-region -io-protocol -find-region -mem2reg -bitop-raise -complex-op-raise -inst-simplify -inst-rectify -instcombine -adce -deadargelim -loop-simplify -phi-opt -bitop-raise -cfgopt -simplifycfg -strip-dead-prototypes -interface-lower -bitop-lower -intrinsic-lower -auto-function-inline -basicaa -aggrmodref-aa -globalsmodref-aa -aggr-aa -inst-simplify -simplifycfg -loop-simplify -mergereturn -inst-simplify -inst-rectify -dce -load-elim -bitop-lower -loop-rewind -pointer-simplify -dce -cfgopt -dce -loop-bound -loop-dep -read-loop-dep -dce -check-stream -norm-name -legalize -validate-dataflow -inst-clarity -bitwidth -dump-loop-dep-to-ir -check-all-ssdm -cdfg-build /home/sai/petalinux/dummy_iisc/siso_oran_dl/ORAN_INTEG_1/hls_src/U_plane_src/uplane_packetiser/solution1/.autopilot/db/a.o.2.bc -o /home/sai/petalinux/dummy_iisc/siso_oran_dl/ORAN_INTEG_1/hls_src/U_plane_src/uplane_packetiser/solution1/.autopilot/db/a.o.3.bc -f -phase build-ssdm 
Command         transform done; 0.39 sec.
INFO: [HLS 200-111] Finished Architecture Synthesis Time (s): cpu = 00:00:18 ; elapsed = 00:00:22 . Memory (MB): peak = 882.969 ; gain = 192.688 ; free physical = 19308 ; free virtual = 57395
INFO-FLOW: Finish building internal data model.
Command       opt_and_import_c done; 2.83 sec.
Command     elaborate done; 19.64 sec.
Execute     autosyn -from_csynth_design=1 
INFO: [HLS 200-10] Starting hardware synthesis ...
INFO-FLOW: Synthesizing C/C++ design ...
INFO: [HLS 200-10] Synthesizing 'uplane_packetiser' ...
Execute       ap_set_top_model uplane_packetiser 
Execute       get_model_list uplane_packetiser -filter all-wo-channel -topdown 
Execute       preproc_iomode -model uplane_packetiser 
Execute       get_model_list uplane_packetiser -filter all-wo-channel 
INFO-FLOW: Model list for configure: uplane_packetiser
INFO-FLOW: Configuring Module : uplane_packetiser ...
Execute       set_default_model uplane_packetiser 
Execute       apply_spec_resource_limit uplane_packetiser 
INFO-FLOW: Model list for preprocess: uplane_packetiser
INFO-FLOW: Preprocessing Module: uplane_packetiser ...
Execute       set_default_model uplane_packetiser 
Execute       cdfg_preprocess -model uplane_packetiser 
Execute       rtl_gen_preprocess uplane_packetiser 
INFO-FLOW: Model list for synthesis: uplane_packetiser
INFO: [HLS 200-10] ----------------------------------------------------------------
INFO: [HLS 200-42] -- Implementing module 'uplane_packetiser' 
INFO: [HLS 200-10] ----------------------------------------------------------------
Execute       set_default_model uplane_packetiser 
Execute       schedule -model uplane_packetiser 
INFO: [SCHED 204-11] Starting scheduling ...
INFO: [SCHED 204-61] Pipelining function 'uplane_packetiser'.
INFO: [SCHED 204-61] Pipelining result : Target II = 1, Final II = 1, Depth = 2.
WARNING: [SCHED 204-21] Estimated clock period (2.96585ns) exceeds the target (target clock period: 3.2ns, clock uncertainty: 0.4ns, effective delay budget: 2.8ns).
WARNING: [SCHED 204-21] The critical path in module 'uplane_packetiser' consists of the following:
	'load' operation ('count_value_V_load', uplane_packetiser/uplane_packetizer.cpp:249) on static variable 'count_value_V' [69]  (0 ns)
	'add' operation ('add_ln214', uplane_packetiser/uplane_packetizer.cpp:249) [70]  (0.736 ns)
	'icmp' operation ('icmp_ln879', uplane_packetiser/uplane_packetizer.cpp:257) [74]  (0.829 ns)
	multiplexor before 'phi' operation ('storemerge2747') [86]  (0.605 ns)
	'phi' operation ('storemerge2747') [86]  (0 ns)
	'store' operation ('oran_ctrl_state_write_ln255', uplane_packetiser/uplane_packetizer.cpp:255) of variable 'zext_ln255', uplane_packetiser/uplane_packetizer.cpp:255 on static variable 'oran_ctrl_state' [88]  (0.796 ns)
INFO: [SCHED 204-11] Finished scheduling.
Command       schedule done; 0.14 sec.
INFO: [HLS 200-111]  Elapsed time: 21.88 seconds; current allocated memory: 140.920 MB.
Execute       syn_report -verbosereport -o /home/sai/petalinux/dummy_iisc/siso_oran_dl/ORAN_INTEG_1/hls_src/U_plane_src/uplane_packetiser/solution1/.autopilot/db/uplane_packetiser.verbose.sched.rpt 
Execute       db_write -o /home/sai/petalinux/dummy_iisc/siso_oran_dl/ORAN_INTEG_1/hls_src/U_plane_src/uplane_packetiser/solution1/.autopilot/db/uplane_packetiser.sched.adb -f 
INFO-FLOW: Finish scheduling uplane_packetiser.
Execute       set_default_model uplane_packetiser 
Execute       bind -model uplane_packetiser 
BIND OPTION: model=uplane_packetiser
INFO: [BIND 205-100] Starting micro-architecture generation ...
INFO: [BIND 205-101] Performing variable lifetime analysis.
INFO: [BIND 205-101] Exploring resource sharing.
INFO: [BIND 205-101] Binding ...
INFO: [BIND 205-100] Finished micro-architecture generation.
INFO: [HLS 200-111]  Elapsed time: 0.08 seconds; current allocated memory: 141.765 MB.
Execute       syn_report -verbosereport -o /home/sai/petalinux/dummy_iisc/siso_oran_dl/ORAN_INTEG_1/hls_src/U_plane_src/uplane_packetiser/solution1/.autopilot/db/uplane_packetiser.verbose.bind.rpt 
Execute       db_write -o /home/sai/petalinux/dummy_iisc/siso_oran_dl/ORAN_INTEG_1/hls_src/U_plane_src/uplane_packetiser/solution1/.autopilot/db/uplane_packetiser.bind.adb -f 
INFO-FLOW: Finish binding uplane_packetiser.
Execute       get_model_list uplane_packetiser -filter all-wo-channel 
INFO-FLOW: Preprocessing for RTLGen ...
Execute       rtl_gen_preprocess uplane_packetiser 
INFO-FLOW: Model list for RTL generation: uplane_packetiser
INFO: [HLS 200-10] ----------------------------------------------------------------
INFO: [HLS 200-10] -- Generating RTL for module 'uplane_packetiser' 
INFO: [HLS 200-10] ----------------------------------------------------------------
Execute       get_config_rtl -module_prefix 
Execute       get_config_rtl -module_auto_prefix 
Execute       create_rtl_model uplane_packetiser -vendor xilinx -mg_file /home/sai/petalinux/dummy_iisc/siso_oran_dl/ORAN_INTEG_1/hls_src/U_plane_src/uplane_packetiser/solution1/.autopilot/db/uplane_packetiser.compgen.tcl 
INFO: [RTGEN 206-500] Setting interface mode on port 'uplane_packetiser/Ethernet_header_V' to 'axis'.
INFO: [RTGEN 206-500] Setting interface mode on port 'uplane_packetiser/eCPRI_header_V' to 'axis'.
INFO: [RTGEN 206-500] Setting interface mode on port 'uplane_packetiser/application_header_V' to 'axis'.
INFO: [RTGEN 206-500] Setting interface mode on port 'uplane_packetiser/section_header_V' to 'axis'.
INFO: [RTGEN 206-500] Setting interface mode on port 'uplane_packetiser/IQ_data_V_data_V' to 'axis'.
INFO: [RTGEN 206-500] Setting interface mode on port 'uplane_packetiser/eth_data_V_data_V' to 'axis'.
INFO: [RTGEN 206-500] Setting interface mode on port 'uplane_packetiser/eth_data_V_keep_V' to 'axis'.
INFO: [RTGEN 206-500] Setting interface mode on port 'uplane_packetiser/eth_data_V_last_V' to 'axis'.
INFO: [RTGEN 206-500] Setting interface mode on port 'uplane_packetiser/state_out' to 'ap_none'.
WARNING: [RTGEN 206-101] Port 'state_out' with mode 'ap_none' may require an associated data valid signal to correctly communicate with other blocks or a test bench; automatic C/RTL co-simulation may not be able to verify such a port.
INFO: [RTGEN 206-500] Setting interface mode on port 'uplane_packetiser/symbol_number_V' to 'ap_none'.
WARNING: [RTGEN 206-101] Port 'symbol_number_V' with mode 'ap_none' may require an associated data valid signal to correctly communicate with other blocks or a test bench; automatic C/RTL co-simulation may not be able to verify such a port.
INFO: [RTGEN 206-500] Setting interface mode on port 'uplane_packetiser/Total_PRB_count_V' to 'ap_none'.
WARNING: [RTGEN 206-101] Port 'Total_PRB_count_V' with mode 'ap_none' may require an associated data valid signal to correctly communicate with other blocks or a test bench; automatic C/RTL co-simulation may not be able to verify such a port.
INFO: [RTGEN 206-500] Setting interface mode on port 'uplane_packetiser/symbol_id_check_V' to 'ap_vld'.
INFO: [RTGEN 206-500] Setting interface mode on function 'uplane_packetiser' to 'ap_ctrl_none'.
INFO: [RTGEN 206-100] Finished creating RTL model for 'uplane_packetiser'.
INFO: [HLS 200-111]  Elapsed time: 0.14 seconds; current allocated memory: 143.065 MB.
Execute       source /home/sai/petalinux/dummy_iisc/siso_oran_dl/ORAN_INTEG_1/hls_src/U_plane_src/uplane_packetiser/solution1/.autopilot/db/uplane_packetiser.rtl_wrap.cfg.tcl 
Execute       gen_rtl uplane_packetiser -istop -style xilinx -tracefl mytrace -tracefmt vcd -traceopt all -f -lang sc -o /home/sai/petalinux/dummy_iisc/siso_oran_dl/ORAN_INTEG_1/hls_src/U_plane_src/uplane_packetiser/solution1/syn/systemc/uplane_packetiser -synmodules uplane_packetiser 
Execute       gen_rtl uplane_packetiser -istop -style xilinx -f -lang vhdl -o /home/sai/petalinux/dummy_iisc/siso_oran_dl/ORAN_INTEG_1/hls_src/U_plane_src/uplane_packetiser/solution1/syn/vhdl/uplane_packetiser 
Execute       gen_rtl uplane_packetiser -istop -style xilinx -f -lang vlog -o /home/sai/petalinux/dummy_iisc/siso_oran_dl/ORAN_INTEG_1/hls_src/U_plane_src/uplane_packetiser/solution1/syn/verilog/uplane_packetiser 
Execute       syn_report -csynth -model uplane_packetiser -o /home/sai/petalinux/dummy_iisc/siso_oran_dl/ORAN_INTEG_1/hls_src/U_plane_src/uplane_packetiser/solution1/syn/report/uplane_packetiser_csynth.rpt 
Execute       syn_report -rtlxml -model uplane_packetiser -o /home/sai/petalinux/dummy_iisc/siso_oran_dl/ORAN_INTEG_1/hls_src/U_plane_src/uplane_packetiser/solution1/syn/report/uplane_packetiser_csynth.xml 
Execute       syn_report -verbosereport -model uplane_packetiser -o /home/sai/petalinux/dummy_iisc/siso_oran_dl/ORAN_INTEG_1/hls_src/U_plane_src/uplane_packetiser/solution1/.autopilot/db/uplane_packetiser.verbose.rpt 
Execute       db_write -model uplane_packetiser -f -o /home/sai/petalinux/dummy_iisc/siso_oran_dl/ORAN_INTEG_1/hls_src/U_plane_src/uplane_packetiser/solution1/.autopilot/db/uplane_packetiser.adb 
Execute       gen_tb_info uplane_packetiser -p /home/sai/petalinux/dummy_iisc/siso_oran_dl/ORAN_INTEG_1/hls_src/U_plane_src/uplane_packetiser/solution1/.autopilot/db -o /home/sai/petalinux/dummy_iisc/siso_oran_dl/ORAN_INTEG_1/hls_src/U_plane_src/uplane_packetiser/solution1/.autopilot/db/uplane_packetiser 
Execute       export_constraint_db -f -tool general -o /home/sai/petalinux/dummy_iisc/siso_oran_dl/ORAN_INTEG_1/hls_src/U_plane_src/uplane_packetiser/solution1/.autopilot/db/uplane_packetiser.constraint.tcl 
Execute       syn_report -designview -model uplane_packetiser -o /home/sai/petalinux/dummy_iisc/siso_oran_dl/ORAN_INTEG_1/hls_src/U_plane_src/uplane_packetiser/solution1/.autopilot/db/uplane_packetiser.design.xml 
Execute       get_config_rtl -disable_wave_debug 
Execute       syn_report -wcfg -model uplane_packetiser -o /home/sai/petalinux/dummy_iisc/siso_oran_dl/ORAN_INTEG_1/hls_src/U_plane_src/uplane_packetiser/solution1/.autopilot/db/uplane_packetiser_dataflow_ana.wcfg 
Execute       syn_report -protoinst -model uplane_packetiser -o /home/sai/petalinux/dummy_iisc/siso_oran_dl/ORAN_INTEG_1/hls_src/U_plane_src/uplane_packetiser/solution1/.autopilot/db/uplane_packetiser.protoinst 
Execute       get_config_debug -directory 
Execute       sc_get_clocks uplane_packetiser 
Execute       get_config_export -vivado_clock 
Execute       sc_get_portdomain uplane_packetiser 
INFO-FLOW: Model list for RTL component generation: uplane_packetiser
INFO-FLOW: Handling components in module [uplane_packetiser] ... 
Execute       source /home/sai/petalinux/dummy_iisc/siso_oran_dl/ORAN_INTEG_1/hls_src/U_plane_src/uplane_packetiser/solution1/.autopilot/db/uplane_packetiser.compgen.tcl 
INFO-FLOW: Append model uplane_packetiser
INFO-FLOW: Generating RTL model list ...
INFO-FLOW: All models in this session: uplane_packetiser
INFO-FLOW: To file: write model uplane_packetiser
INFO-FLOW: Finished generating RTL model list.


INFO-FLOW: RTL Generation done.
INFO-FLOW: CAS Generation done.
INFO-FLOW: CBC Generation done.
INFO-FLOW: DBG:CMD: auto_generate_csynth_design
INFO-FLOW: DBG:CMD:     auto_generate --sim-model -phase csynth_design -d /home/sai/petalinux/dummy_iisc/siso_oran_dl/ORAN_INTEG_1/hls_src/U_plane_src/uplane_packetiser/solution1
Execute       source /home/sai/petalinux/dummy_iisc/siso_oran_dl/ORAN_INTEG_1/hls_src/U_plane_src/uplane_packetiser/solution1/.autopilot/db/global.setting.tcl 
INFO-FLOW: DBG:CMD: read_platform_lib /home/sai/petalinux/dummy_iisc/siso_oran_dl/ORAN_INTEG_1/hls_src/U_plane_src/uplane_packetiser/solution1/.autopilot/db/global.setting.tcl
Execute       source /opt/Xilinx_19.1/Vivado/2019.1/common/technology/generic/autopilot/common.gen 
Execute         source /opt/Xilinx_19.1/Vivado/2019.1/common/technology/generic/autopilot/APCoreGen.gen 
Execute       source /opt/Xilinx_19.1/Vivado/2019.1/common/technology/generic/autopilot/op.gen 
Execute       source /opt/Xilinx_19.1/Vivado/2019.1/common/technology/generic/autopilot/op_simcore.gen 
Execute       source /opt/Xilinx_19.1/Vivado/2019.1/common/technology/generic/autopilot/interface.gen 
Execute       source /home/sai/petalinux/dummy_iisc/siso_oran_dl/ORAN_INTEG_1/hls_src/U_plane_src/uplane_packetiser/solution1/.autopilot/db/global.setting.tcl 
Execute       source /opt/Xilinx_19.1/Vivado/2019.1/common/technology/xilinx/zynquplus/zynquplus.gen 
Execute         source /opt/Xilinx_19.1/Vivado/2019.1/common/technology/xilinx/common/xilinx.gen 
Execute           source /opt/Xilinx_19.1/Vivado/2019.1/common/technology/xilinx/interface/plb46.gen 
Execute           source /opt/Xilinx_19.1/Vivado/2019.1/common/technology/xilinx/interface/fsl.gen 
Execute           source /opt/Xilinx_19.1/Vivado/2019.1/common/technology/xilinx/interface/axi4.gen 
Execute           source /opt/Xilinx_19.1/Vivado/2019.1/common/technology/xilinx/interface/nativeAXI4.gen 
Execute             source /opt/Xilinx_19.1/Vivado/2019.1/common/technology/xilinx/interface/saxilite.gen 
Execute             source /opt/Xilinx_19.1/Vivado/2019.1/common/technology/xilinx/interface/maxi.gen 
Execute           source /opt/Xilinx_19.1/Vivado/2019.1/common/technology/xilinx/scripts/xilinxcoregen.gen 
Execute           source /opt/Xilinx_19.1/Vivado/2019.1/common/technology/xilinx/interface/XilEDKCoreGen.gen 
Execute           source /opt/Xilinx_19.1/Vivado/2019.1/common/technology/xilinx/ip/dds_compiler.gen 
Execute           source /opt/Xilinx_19.1/Vivado/2019.1/common/technology/xilinx/ip/util.gen 
Execute           source /opt/Xilinx_19.1/Vivado/2019.1/common/technology/xilinx/ip/xfft.gen 
Execute           source /opt/Xilinx_19.1/Vivado/2019.1/common/technology/xilinx/ip/xfir.gen 
Execute           source /opt/Xilinx_19.1/Vivado/2019.1/common/technology/xilinx/common/dsp48.gen 
Execute       source /opt/Xilinx_19.1/Vivado/2019.1/common/technology/xilinx/zynquplus/zynquplus_fpv7.gen 
Execute         source /opt/Xilinx_19.1/Vivado/2019.1/common/technology/xilinx/common/xilinx_fp.gen 
INFO-FLOW: DBG:CMD:   using AESL_AUTOCG::g_clock_period=3.200 (was NA)
INFO-FLOW: DBG:CMD:       generate_ip_cores sim=1 export=0 expOnly=0 dstVlogDir=syn/verilog
Execute       source /home/sai/petalinux/dummy_iisc/siso_oran_dl/ORAN_INTEG_1/hls_src/U_plane_src/uplane_packetiser/solution1/.autopilot/db/global.setting.tcl 
Execute       ap_part_info -name xczu19eg-ffvd1760-3-e -data names -quiet 
Execute       ap_part_info -name xczu19eg-ffvd1760-3-e -data info -quiet 
Execute       source /home/sai/petalinux/dummy_iisc/siso_oran_dl/ORAN_INTEG_1/hls_src/U_plane_src/uplane_packetiser/solution1/.autopilot/db/global.setting.tcl 
Execute       source /home/sai/petalinux/dummy_iisc/siso_oran_dl/ORAN_INTEG_1/hls_src/U_plane_src/uplane_packetiser/solution1/.autopilot/db/global.setting.tcl 
Execute       source /home/sai/petalinux/dummy_iisc/siso_oran_dl/ORAN_INTEG_1/hls_src/U_plane_src/uplane_packetiser/solution1/.autopilot/db/uplane_packetiser.compgen.tcl 
INFO-FLOW: DBG:CMD:     auto_generate -export -impltomg_flag -rtl both -tool Vivado -pcore_version 1.00.a -phase csynth_design -d /home/sai/petalinux/dummy_iisc/siso_oran_dl/ORAN_INTEG_1/hls_src/U_plane_src/uplane_packetiser/solution1
Execute       source /home/sai/petalinux/dummy_iisc/siso_oran_dl/ORAN_INTEG_1/hls_src/U_plane_src/uplane_packetiser/solution1/.autopilot/db/global.setting.tcl 
INFO-FLOW: DBG:CMD: read_platform_lib /home/sai/petalinux/dummy_iisc/siso_oran_dl/ORAN_INTEG_1/hls_src/U_plane_src/uplane_packetiser/solution1/.autopilot/db/global.setting.tcl
Execute       source /opt/Xilinx_19.1/Vivado/2019.1/common/technology/generic/autopilot/common.gen 
Execute         source /opt/Xilinx_19.1/Vivado/2019.1/common/technology/generic/autopilot/APCoreGen.gen 
Execute       source /opt/Xilinx_19.1/Vivado/2019.1/common/technology/generic/autopilot/op.gen 
Execute       source /opt/Xilinx_19.1/Vivado/2019.1/common/technology/generic/autopilot/op_simcore.gen 
Execute       source /opt/Xilinx_19.1/Vivado/2019.1/common/technology/generic/autopilot/interface.gen 
Execute       source /home/sai/petalinux/dummy_iisc/siso_oran_dl/ORAN_INTEG_1/hls_src/U_plane_src/uplane_packetiser/solution1/.autopilot/db/global.setting.tcl 
Execute       source /opt/Xilinx_19.1/Vivado/2019.1/common/technology/xilinx/zynquplus/zynquplus.gen 
Execute         source /opt/Xilinx_19.1/Vivado/2019.1/common/technology/xilinx/common/xilinx.gen 
Execute           source /opt/Xilinx_19.1/Vivado/2019.1/common/technology/xilinx/interface/plb46.gen 
Execute           source /opt/Xilinx_19.1/Vivado/2019.1/common/technology/xilinx/interface/fsl.gen 
Execute           source /opt/Xilinx_19.1/Vivado/2019.1/common/technology/xilinx/interface/axi4.gen 
Execute           source /opt/Xilinx_19.1/Vivado/2019.1/common/technology/xilinx/interface/nativeAXI4.gen 
Execute             source /opt/Xilinx_19.1/Vivado/2019.1/common/technology/xilinx/interface/saxilite.gen 
Execute             source /opt/Xilinx_19.1/Vivado/2019.1/common/technology/xilinx/interface/maxi.gen 
Execute           source /opt/Xilinx_19.1/Vivado/2019.1/common/technology/xilinx/scripts/xilinxcoregen.gen 
Execute           source /opt/Xilinx_19.1/Vivado/2019.1/common/technology/xilinx/interface/XilEDKCoreGen.gen 
Execute           source /opt/Xilinx_19.1/Vivado/2019.1/common/technology/xilinx/ip/dds_compiler.gen 
Execute           source /opt/Xilinx_19.1/Vivado/2019.1/common/technology/xilinx/ip/util.gen 
Execute           source /opt/Xilinx_19.1/Vivado/2019.1/common/technology/xilinx/ip/xfft.gen 
Execute           source /opt/Xilinx_19.1/Vivado/2019.1/common/technology/xilinx/ip/xfir.gen 
Execute           source /opt/Xilinx_19.1/Vivado/2019.1/common/technology/xilinx/common/dsp48.gen 
Execute       source /opt/Xilinx_19.1/Vivado/2019.1/common/technology/xilinx/zynquplus/zynquplus_fpv7.gen 
Execute         source /opt/Xilinx_19.1/Vivado/2019.1/common/technology/xilinx/common/xilinx_fp.gen 
INFO-FLOW: DBG:CMD:       initCTypeInfo top_module=uplane_packetiser xml_exists=0
Execute       source /home/sai/petalinux/dummy_iisc/siso_oran_dl/ORAN_INTEG_1/hls_src/U_plane_src/uplane_packetiser/solution1/.autopilot/db/uplane_packetiser.rtl_wrap.cfg.tcl 
Execute       source /home/sai/petalinux/dummy_iisc/siso_oran_dl/ORAN_INTEG_1/hls_src/U_plane_src/uplane_packetiser/solution1/.autopilot/db/uplane_packetiser.rtl_wrap.cfg.tcl 
Execute       source /home/sai/petalinux/dummy_iisc/siso_oran_dl/ORAN_INTEG_1/hls_src/U_plane_src/uplane_packetiser/solution1/.autopilot/db/uplane_packetiser.rtl_wrap.cfg.tcl 
Execute       source /home/sai/petalinux/dummy_iisc/siso_oran_dl/ORAN_INTEG_1/hls_src/U_plane_src/uplane_packetiser/solution1/.autopilot/db/uplane_packetiser.tbgen.tcl 
Execute       source /home/sai/petalinux/dummy_iisc/siso_oran_dl/ORAN_INTEG_1/hls_src/U_plane_src/uplane_packetiser/solution1/.autopilot/db/uplane_packetiser.tbgen.tcl 
INFO-FLOW: DBG:CMD:       export_impl_rtl
INFO-FLOW: DBG:CMD:       generate_ip_cores sim=0 export=0 expOnly=0 dstVlogDir=impl/.verilog
Execute       source /home/sai/petalinux/dummy_iisc/siso_oran_dl/ORAN_INTEG_1/hls_src/U_plane_src/uplane_packetiser/solution1/.autopilot/db/global.setting.tcl 
Execute       source /home/sai/petalinux/dummy_iisc/siso_oran_dl/ORAN_INTEG_1/hls_src/U_plane_src/uplane_packetiser/solution1/.autopilot/db/uplane_packetiser.compgen.tcl 
INFO-FLOW: DBG:CMD:       generate_ip_cores sim=0 export=1 expOnly=1 dstVlogDir=impl/.pcores/verilog
Execute       source /home/sai/petalinux/dummy_iisc/siso_oran_dl/ORAN_INTEG_1/hls_src/U_plane_src/uplane_packetiser/solution1/.autopilot/db/global.setting.tcl 
Execute       source /home/sai/petalinux/dummy_iisc/siso_oran_dl/ORAN_INTEG_1/hls_src/U_plane_src/uplane_packetiser/solution1/.autopilot/db/uplane_packetiser.compgen.tcl 
Execute         ap_part_info -name xczu19eg-ffvd1760-3-e -data names -quiet 
Execute         ap_part_info -name xczu19eg-ffvd1760-3-e -data info -quiet 
Execute         ap_part_info -name xczu19eg-ffvd1760-3-e -data names -quiet 
Execute         ap_part_info -name xczu19eg-ffvd1760-3-e -data info -quiet 
Execute         ap_part_info -name xczu19eg-ffvd1760-3-e -data names -quiet 
Execute         ap_part_info -name xczu19eg-ffvd1760-3-e -data info -quiet 
Execute         ap_part_info -name xczu19eg-ffvd1760-3-e -data names -quiet 
Execute         ap_part_info -name xczu19eg-ffvd1760-3-e -data info -quiet 
Execute         ap_part_info -name xczu19eg-ffvd1760-3-e -data names -quiet 
Execute         ap_part_info -name xczu19eg-ffvd1760-3-e -data info -quiet 
Execute         ap_part_info -name xczu19eg-ffvd1760-3-e -data names -quiet 
Execute         ap_part_info -name xczu19eg-ffvd1760-3-e -data info -quiet 
Execute         ap_part_info -name xczu19eg-ffvd1760-3-e -data names -quiet 
Execute         ap_part_info -name xczu19eg-ffvd1760-3-e -data info -quiet 
Execute         ap_part_info -name xczu19eg-ffvd1760-3-e -data names -quiet 
Execute         ap_part_info -name xczu19eg-ffvd1760-3-e -data info -quiet 
Execute         ap_part_info -name xczu19eg-ffvd1760-3-e -data names -quiet 
Execute         ap_part_info -name xczu19eg-ffvd1760-3-e -data info -quiet 
Execute         ap_part_info -name xczu19eg-ffvd1760-3-e -data names -quiet 
Execute         ap_part_info -name xczu19eg-ffvd1760-3-e -data info -quiet 
Execute       ap_part_info -name xczu19eg-ffvd1760-3-e -data names -quiet 
Execute       ap_part_info -name xczu19eg-ffvd1760-3-e -data info -quiet 
INFO-FLOW: DBG:CMD:       generate_ip_cores sim=0 export=0 expOnly=0 dstVlogDir=impl/.pcores/verilog_sim
Execute       source /home/sai/petalinux/dummy_iisc/siso_oran_dl/ORAN_INTEG_1/hls_src/U_plane_src/uplane_packetiser/solution1/.autopilot/db/global.setting.tcl 
Execute       source /home/sai/petalinux/dummy_iisc/siso_oran_dl/ORAN_INTEG_1/hls_src/U_plane_src/uplane_packetiser/solution1/.autopilot/db/uplane_packetiser.compgen.tcl 
Execute       ap_part_info -name xczu19eg-ffvd1760-3-e -data names -quiet 
Execute       ap_part_info -name xczu19eg-ffvd1760-3-e -data info -quiet 
Execute       ap_part_info -name xczu19eg-ffvd1760-3-e -data names -quiet 
Execute       ap_part_info -name xczu19eg-ffvd1760-3-e -data info -quiet 
Execute       source /home/sai/petalinux/dummy_iisc/siso_oran_dl/ORAN_INTEG_1/hls_src/U_plane_src/uplane_packetiser/solution1/.autopilot/db/global.setting.tcl 
Execute       ap_part_info -name xczu19eg-ffvd1760-3-e -data names -quiet 
Execute       ap_part_info -name xczu19eg-ffvd1760-3-e -data info -quiet 
Execute       source /home/sai/petalinux/dummy_iisc/siso_oran_dl/ORAN_INTEG_1/hls_src/U_plane_src/uplane_packetiser/solution1/.autopilot/db/uplane_packetiser.constraint.tcl 
Execute       source /home/sai/petalinux/dummy_iisc/siso_oran_dl/ORAN_INTEG_1/hls_src/U_plane_src/uplane_packetiser/solution1/.autopilot/db/uplane_packetiser.tbgen.tcl 
INFO-FLOW: DBG:CMD:       hasPcoreIpAdapter=false #gSsdmPorts=24
INFO-FLOW: DBG:CMD: Skipping loadAnalyze_DB, #g_database=12
INFO-FLOW: DBG:CMD:       generate_json is_phase_csynth=1 g_has_adaptors=false generate_bd_files=1 #modelList=1 #gSsdmPorts=24
Execute       source /opt/Xilinx_19.1/Vivado/2019.1/tps/tcl/tcllib1.11.1/fileutil/fileutil.tcl 
Execute         source /opt/Xilinx_19.1/Vivado/2019.1/tps/tcl/tcllib1.11.1/cmdline/cmdline.tcl 
Execute       source /home/sai/petalinux/dummy_iisc/siso_oran_dl/ORAN_INTEG_1/hls_src/U_plane_src/uplane_packetiser/solution1/.autopilot/db/global.setting.tcl 
Execute       source /home/sai/petalinux/dummy_iisc/siso_oran_dl/ORAN_INTEG_1/hls_src/U_plane_src/uplane_packetiser/solution1/.autopilot/db/global.setting.tcl 
Execute       get_config_export -xo 
Execute       source /home/sai/petalinux/dummy_iisc/siso_oran_dl/ORAN_INTEG_1/hls_src/U_plane_src/uplane_packetiser/solution1/.autopilot/db/uplane_packetiser.tbgen.tcl 
Execute       source /home/sai/petalinux/dummy_iisc/siso_oran_dl/ORAN_INTEG_1/hls_src/U_plane_src/uplane_packetiser/solution1/.autopilot/db/uplane_packetiser.tbgen.tcl 
Execute       source /home/sai/petalinux/dummy_iisc/siso_oran_dl/ORAN_INTEG_1/hls_src/U_plane_src/uplane_packetiser/solution1/.autopilot/db/uplane_packetiser.tbgen.tcl 
Execute       source /home/sai/petalinux/dummy_iisc/siso_oran_dl/ORAN_INTEG_1/hls_src/U_plane_src/uplane_packetiser/solution1/.autopilot/db/uplane_packetiser.tbgen.tcl 
Execute       source /home/sai/petalinux/dummy_iisc/siso_oran_dl/ORAN_INTEG_1/hls_src/U_plane_src/uplane_packetiser/solution1/.autopilot/db/uplane_packetiser.tbgen.tcl 
Execute       source /home/sai/petalinux/dummy_iisc/siso_oran_dl/ORAN_INTEG_1/hls_src/U_plane_src/uplane_packetiser/solution1/.autopilot/db/uplane_packetiser.tbgen.tcl 
Execute       source /home/sai/petalinux/dummy_iisc/siso_oran_dl/ORAN_INTEG_1/hls_src/U_plane_src/uplane_packetiser/solution1/.autopilot/db/uplane_packetiser.tbgen.tcl 
Execute       source /home/sai/petalinux/dummy_iisc/siso_oran_dl/ORAN_INTEG_1/hls_src/U_plane_src/uplane_packetiser/solution1/.autopilot/db/uplane_packetiser.tbgen.tcl 
Execute       source /home/sai/petalinux/dummy_iisc/siso_oran_dl/ORAN_INTEG_1/hls_src/U_plane_src/uplane_packetiser/solution1/.autopilot/db/global.setting.tcl 
Execute       get_config_sdx -target 
Execute       source /home/sai/petalinux/dummy_iisc/siso_oran_dl/ORAN_INTEG_1/hls_src/U_plane_src/uplane_packetiser/solution1/.autopilot/db/uplane_packetiser.rtl_wrap.cfg.tcl 
Execute       source /home/sai/petalinux/dummy_iisc/siso_oran_dl/ORAN_INTEG_1/hls_src/U_plane_src/uplane_packetiser/solution1/.autopilot/db/uplane_packetiser.compgen.dataonly.tcl 
Execute       source /home/sai/petalinux/dummy_iisc/siso_oran_dl/ORAN_INTEG_1/hls_src/U_plane_src/uplane_packetiser/solution1/.autopilot/db/global.setting.tcl 
Execute       ap_part_info -name xczu19eg-ffvd1760-3-e -data names -quiet 
Execute       ap_part_info -name xczu19eg-ffvd1760-3-e -data info -quiet 
Execute       source /home/sai/petalinux/dummy_iisc/siso_oran_dl/ORAN_INTEG_1/hls_src/U_plane_src/uplane_packetiser/solution1/.autopilot/db/uplane_packetiser.constraint.tcl 
Execute       sc_get_clocks uplane_packetiser 
Execute       ap_part_info -name xczu19eg-ffvd1760-3-e -data names -quiet 
Execute       ap_part_info -name xczu19eg-ffvd1760-3-e -data info -quiet 
Execute       source /home/sai/petalinux/dummy_iisc/siso_oran_dl/ORAN_INTEG_1/hls_src/U_plane_src/uplane_packetiser/solution1/.autopilot/db/global.setting.tcl 
Execute       get_config_debug -directory 
Execute       source /home/sai/petalinux/dummy_iisc/siso_oran_dl/ORAN_INTEG_1/hls_src/U_plane_src/uplane_packetiser/solution1/.autopilot/db/uplane_packetiser.tbgen.tcl 
Execute       get_config_sdx -target 
Execute       get_config_sdx -profile 
Execute       get_config_rtl -kernel_profile 
Execute       get_config_rtl -stall_sig_gen 
Execute       get_config_rtl -profile 
INFO-FLOW: DBG:CMD: add_json_sdx_info kernel file does not exist, skipping opencl info: /home/sai/petalinux/dummy_iisc/siso_oran_dl/ORAN_INTEG_1/hls_src/U_plane_src/uplane_packetiser/solution1/.autopilot/db/kernel.internal.xml
INFO-FLOW: DBG:CMD:       delete-temp-dirs (skipped for debug)
INFO: [HLS 200-111] Finished generating all RTL models Time (s): cpu = 00:00:19 ; elapsed = 00:00:23 . Memory (MB): peak = 882.969 ; gain = 192.688 ; free physical = 19287 ; free virtual = 57388
INFO: [VHDL 208-304] Generating VHDL RTL for uplane_packetiser.
INFO: [VLOG 209-307] Generating Verilog RTL for uplane_packetiser.
Command     autosyn done; 1.14 sec.
Command   csynth_design done; 20.78 sec.
Command ap_source done; 22.62 sec.
Execute cleanup_all 
INFO-FLOW: Workspace /home/sai/petalinux/dummy_iisc/siso_oran_dl/ORAN_INTEG_1/hls_src/U_plane_src/uplane_packetiser/solution1 opened at Sun Mar 26 23:16:02 IST 2023
Execute     config_clock -quiet -name default -period 3.2 -default=false 
INFO: [SYN 201-201] Setting up clock 'default' with a period of 3.2ns.
Execute     open_platform DefaultPlatform 
Execute     import_lib /opt/Xilinx_19.1/Vivado/2019.1/common/technology/xilinx/zynquplus/zynquplus 
Execute       source /opt/Xilinx_19.1/Vivado/2019.1/common/technology/xilinx/common/xilinx.lib 
Execute         source /opt/Xilinx_19.1/Vivado/2019.1/common/technology/xilinx/interface/xilinx_interface.lib 
Execute           source /opt/Xilinx_19.1/Vivado/2019.1/common/technology/xilinx/interface/plb46.lib 
Execute           source /opt/Xilinx_19.1/Vivado/2019.1/common/technology/xilinx/interface/fsl.lib 
Execute           source /opt/Xilinx_19.1/Vivado/2019.1/common/technology/xilinx/interface/axi4.lib 
Execute           source /opt/Xilinx_19.1/Vivado/2019.1/common/technology/xilinx/interface/maxi.lib 
Execute           source /opt/Xilinx_19.1/Vivado/2019.1/common/technology/xilinx/interface/saxilite.lib 
Execute         source /opt/Xilinx_19.1/Vivado/2019.1/common/technology/xilinx/common/dsp48.lib 
Execute         source /opt/Xilinx_19.1/Vivado/2019.1/common/technology/xilinx/ip/dds_compiler.lib 
Execute         source /opt/Xilinx_19.1/Vivado/2019.1/common/technology/xilinx/ip/xfft.lib 
Execute         source /opt/Xilinx_19.1/Vivado/2019.1/common/technology/xilinx/ip/xfir.lib 
Execute       source /opt/Xilinx_19.1/Vivado/2019.1/common/technology/xilinx/common/xilinx.hlp 
Execute         source /opt/Xilinx_19.1/Vivado/2019.1/common/technology/xilinx/common/target_info.tcl 
Execute         source /opt/Xilinx_19.1/Vivado/2019.1/common/technology/xilinx/interface/xilinx_interface.hlp 
Execute           source /opt/Xilinx_19.1/Vivado/2019.1/common/technology/xilinx/interface/maxi.hlp 
Execute           source /opt/Xilinx_19.1/Vivado/2019.1/common/technology/xilinx/interface/saxilite.hlp 
Execute         source /opt/Xilinx_19.1/Vivado/2019.1/common/technology/xilinx/common/dsp48.hlp 
Execute       source /opt/Xilinx_19.1/Vivado/2019.1/common/technology/xilinx/zynquplus/dsp48e2.hlp 
Execute       source /opt/Xilinx_19.1/Vivado/2019.1/common/technology/xilinx/common/xilinx.hlp 
Execute         source /opt/Xilinx_19.1/Vivado/2019.1/common/technology/xilinx/common/target_info.tcl 
Execute         source /opt/Xilinx_19.1/Vivado/2019.1/common/technology/xilinx/interface/xilinx_interface.hlp 
Execute           source /opt/Xilinx_19.1/Vivado/2019.1/common/technology/xilinx/interface/maxi.hlp 
Execute           source /opt/Xilinx_19.1/Vivado/2019.1/common/technology/xilinx/interface/saxilite.hlp 
Execute         source /opt/Xilinx_19.1/Vivado/2019.1/common/technology/xilinx/common/dsp48.hlp 
Execute     source /opt/Xilinx_19.1/Vivado/2019.1/common/technology/xilinx/zynquplus/zynquplus.gen 
Execute       source /opt/Xilinx_19.1/Vivado/2019.1/common/technology/xilinx/common/xilinx.gen 
Execute         source /opt/Xilinx_19.1/Vivado/2019.1/common/technology/xilinx/interface/plb46.gen 
Execute         source /opt/Xilinx_19.1/Vivado/2019.1/common/technology/xilinx/interface/fsl.gen 
Execute         source /opt/Xilinx_19.1/Vivado/2019.1/common/technology/xilinx/interface/axi4.gen 
Execute         source /opt/Xilinx_19.1/Vivado/2019.1/common/technology/xilinx/interface/nativeAXI4.gen 
Execute           source /opt/Xilinx_19.1/Vivado/2019.1/common/technology/xilinx/interface/saxilite.gen 
Execute           source /opt/Xilinx_19.1/Vivado/2019.1/common/technology/xilinx/interface/maxi.gen 
Execute         source /opt/Xilinx_19.1/Vivado/2019.1/common/technology/xilinx/scripts/xilinxcoregen.gen 
Execute         source /opt/Xilinx_19.1/Vivado/2019.1/common/technology/xilinx/interface/XilEDKCoreGen.gen 
Execute         source /opt/Xilinx_19.1/Vivado/2019.1/common/technology/xilinx/ip/dds_compiler.gen 
Execute         source /opt/Xilinx_19.1/Vivado/2019.1/common/technology/xilinx/ip/util.gen 
Execute         source /opt/Xilinx_19.1/Vivado/2019.1/common/technology/xilinx/ip/xfft.gen 
Execute         source /opt/Xilinx_19.1/Vivado/2019.1/common/technology/xilinx/ip/xfir.gen 
Execute         source /opt/Xilinx_19.1/Vivado/2019.1/common/technology/xilinx/common/dsp48.gen 
Command       ap_source done; 0.12 sec.
Command     ap_source done; 0.12 sec.
Execute     open_platform DefaultPlatform 
Execute     import_lib /opt/Xilinx_19.1/Vivado/2019.1/common/technology/xilinx/zynquplus/zynquplus_fpv7 
Execute       source /opt/Xilinx_19.1/Vivado/2019.1/common/technology/xilinx/common/xilinx_fp.lib 
Execute       source /opt/Xilinx_19.1/Vivado/2019.1/common/technology/xilinx/common/xilinx_fp.hlp 
Execute         source /opt/Xilinx_19.1/Vivado/2019.1/common/technology/xilinx/common/xilinx.hlp 
Execute           source /opt/Xilinx_19.1/Vivado/2019.1/common/technology/xilinx/common/target_info.tcl 
Execute           source /opt/Xilinx_19.1/Vivado/2019.1/common/technology/xilinx/interface/xilinx_interface.hlp 
Execute             source /opt/Xilinx_19.1/Vivado/2019.1/common/technology/xilinx/interface/maxi.hlp 
Execute             source /opt/Xilinx_19.1/Vivado/2019.1/common/technology/xilinx/interface/saxilite.hlp 
Execute           source /opt/Xilinx_19.1/Vivado/2019.1/common/technology/xilinx/common/dsp48.hlp 
Execute     source /opt/Xilinx_19.1/Vivado/2019.1/common/technology/xilinx/zynquplus/zynquplus_fpv7.gen 
Execute       source /opt/Xilinx_19.1/Vivado/2019.1/common/technology/xilinx/common/xilinx_fp.gen 
Execute     set_part xczu19eg-ffvd1760-3-e 
Execute       ap_part_info -name xczu19eg-ffvd1760-3-e -data single -quiet 
Command       ap_part_info done; 0.75 sec.
Execute       ap_part_info -name xczu19eg-ffvd1760-3-e -data info 
Execute       add_library xilinx/zynquplus/zynquplus:xczu19eg:-ffvd1760:-3-e 
Execute         get_default_platform 
Execute         license_isbetapart xczu19eg 
Command         license_isbetapart done; error code: 1; 
Execute         ap_part_info -data single -name xczu19eg-ffvd1760-3-e 
Execute         ap_part_info -name xczu19eg-ffvd1760-3-e -data resources 
Execute         ap_part_info -name xczu19eg-ffvd1760-3-e -data info 
Execute         ap_part_info -name xczu19eg-ffvd1760-3-e -data info 
Execute         config_chip_info -quiet -resource {SLICE 65340} {LUT 522720} {FF 1045440} {DSP48E 1968} {BRAM 1968} {URAM 128} 
Execute         ap_part_info -name xczu19eg-ffvd1760-3-e -data info 
Execute         config_chip_info -quiet -speed fast 
Execute       add_library xilinx/zynquplus/zynquplus_fpv7 
Execute         get_default_platform 
INFO: [HLS 200-10] Setting target device to 'xczu19eg-ffvd1760-3-e'
Execute       ap_part_info -name xczu19eg-ffvd1760-3-e -data info 
Execute       get_default_platform 
Command     set_part done; 0.84 sec.
Execute     ap_part_info -data single -name xczu19eg-ffvd1760-3-e 
Execute     ap_part_info -name xczu19eg-ffvd1760-3-e -data resources 
Execute     ap_part_info -name xczu19eg-ffvd1760-3-e -data info 
Execute     ap_part_info -name xczu19eg-ffvd1760-3-e -data info 
Execute     config_chip_info -quiet -resource {SLICE 65340} {LUT 522720} {FF 1045440} {DSP48E 1968} {BRAM 1968} {URAM 128} 
Execute     ap_part_info -name xczu19eg-ffvd1760-3-e -data info 
Execute     config_chip_info -quiet -speed fast 
Execute     config_rtl -encoding=auto 
Execute     config_rtl -kernel_profile=0 
Execute     config_rtl -module_auto_prefix=0 
Execute     config_rtl -mult_keep_attribute=0 
Execute     config_rtl -reset=state 
Execute     config_rtl -reset_async=0 
Execute     config_rtl -reset_level=low 
Execute     config_rtl -verbose=0 
Execute     config_export -format=ip_catalog 
Execute     config_export -rtl=verilog 
Execute     config_export -vivado_optimization_level=2 
Execute       get_config_export -vivado_impl_strategy 
Execute       get_config_export -vivado_phys_opt 
Execute     config_export -vivado_phys_opt=place 
Execute     config_export -vivado_report_level=0 
Command   open_solution done; 1.02 sec.
Execute   export_design -rtl verilog -format ip_catalog 
Execute     get_config_export -acc 
Execute     get_config_export -clock_margin 
Execute     get_config_export -custom_script 
Execute     get_config_export -description 
Execute     get_config_export -display_name 
Execute     get_config_export -driver_input_dir 
Execute     get_config_export -ipname 
Execute     get_config_export -kernel_drc 
Execute     get_config_export -library 
Execute     get_config_export -qor_test 
Execute     get_config_export -sdaccel 
Execute     get_config_export -sim 
Execute     get_config_export -taxonomy 
Execute     get_config_export -use_ip 
Execute     get_config_export -use_netlist 
Execute     get_config_export -vendor 
Execute     get_config_export -version 
Execute     get_config_export -xo 
Execute     config_export -format=ip_catalog -rtl=verilog 
INFO-FLOW: DBG:CMD: export_design_wrap: -format ip_catalog -rtl verilog
Execute     source /home/sai/petalinux/dummy_iisc/siso_oran_dl/ORAN_INTEG_1/hls_src/U_plane_src/uplane_packetiser/solution1/.autopilot/db/global.setting.tcl 
Execute     get_config_export -vivado_clock 
Execute     get_top 
Execute     get_config_sdx -target 
Execute     get_config_rtl -module_auto_prefix 
Execute     get_config_sdx -target 
Execute     get_config_sdx -target 
INFO-FLOW: DBG:CMD:   auto_impl: pack: -export -tool vivado -rtl verilog -sdx-target none
Execute     source /home/sai/petalinux/dummy_iisc/siso_oran_dl/ORAN_INTEG_1/hls_src/U_plane_src/uplane_packetiser/solution1/.autopilot/db/global.setting.tcl 
INFO-FLOW: DBG:CMD: read_platform_lib /home/sai/petalinux/dummy_iisc/siso_oran_dl/ORAN_INTEG_1/hls_src/U_plane_src/uplane_packetiser/solution1/.autopilot/db/global.setting.tcl
Execute     source /opt/Xilinx_19.1/Vivado/2019.1/common/technology/generic/autopilot/common.gen 
Execute       source /opt/Xilinx_19.1/Vivado/2019.1/common/technology/generic/autopilot/APCoreGen.gen 
Execute     source /opt/Xilinx_19.1/Vivado/2019.1/common/technology/generic/autopilot/op.gen 
Execute     source /opt/Xilinx_19.1/Vivado/2019.1/common/technology/generic/autopilot/op_simcore.gen 
Execute     source /opt/Xilinx_19.1/Vivado/2019.1/common/technology/generic/autopilot/interface.gen 
Execute     source /home/sai/petalinux/dummy_iisc/siso_oran_dl/ORAN_INTEG_1/hls_src/U_plane_src/uplane_packetiser/solution1/.autopilot/db/global.setting.tcl 
Execute     source /opt/Xilinx_19.1/Vivado/2019.1/common/technology/xilinx/zynquplus/zynquplus.gen 
Execute       source /opt/Xilinx_19.1/Vivado/2019.1/common/technology/xilinx/common/xilinx.gen 
Execute         source /opt/Xilinx_19.1/Vivado/2019.1/common/technology/xilinx/interface/plb46.gen 
Execute         source /opt/Xilinx_19.1/Vivado/2019.1/common/technology/xilinx/interface/fsl.gen 
Execute         source /opt/Xilinx_19.1/Vivado/2019.1/common/technology/xilinx/interface/axi4.gen 
Execute         source /opt/Xilinx_19.1/Vivado/2019.1/common/technology/xilinx/interface/nativeAXI4.gen 
Execute           source /opt/Xilinx_19.1/Vivado/2019.1/common/technology/xilinx/interface/saxilite.gen 
Execute           source /opt/Xilinx_19.1/Vivado/2019.1/common/technology/xilinx/interface/maxi.gen 
Execute         source /opt/Xilinx_19.1/Vivado/2019.1/common/technology/xilinx/scripts/xilinxcoregen.gen 
Execute         source /opt/Xilinx_19.1/Vivado/2019.1/common/technology/xilinx/interface/XilEDKCoreGen.gen 
Execute         source /opt/Xilinx_19.1/Vivado/2019.1/common/technology/xilinx/ip/dds_compiler.gen 
Execute         source /opt/Xilinx_19.1/Vivado/2019.1/common/technology/xilinx/ip/util.gen 
Execute         source /opt/Xilinx_19.1/Vivado/2019.1/common/technology/xilinx/ip/xfft.gen 
Execute         source /opt/Xilinx_19.1/Vivado/2019.1/common/technology/xilinx/ip/xfir.gen 
Execute         source /opt/Xilinx_19.1/Vivado/2019.1/common/technology/xilinx/common/dsp48.gen 
Execute     source /opt/Xilinx_19.1/Vivado/2019.1/common/technology/xilinx/zynquplus/zynquplus_fpv7.gen 
Execute       source /opt/Xilinx_19.1/Vivado/2019.1/common/technology/xilinx/common/xilinx_fp.gen 
INFO-FLOW: DBG:CMD:   using AESL_AUTOCG::g_clock_period=3.200 (was NA)
Execute     ap_part_info -name xczu19eg-ffvd1760-3-e -data names -quiet 
Execute     ap_part_info -name xczu19eg-ffvd1760-3-e -data info -quiet 
Execute     source /home/sai/petalinux/dummy_iisc/siso_oran_dl/ORAN_INTEG_1/hls_src/U_plane_src/uplane_packetiser/solution1/.autopilot/db/global.setting.tcl 
INFO: [IMPL 213-8] Exporting RTL as a Vivado IP.
Execute     source /home/sai/petalinux/dummy_iisc/siso_oran_dl/ORAN_INTEG_1/hls_src/U_plane_src/uplane_packetiser/solution1/.autopilot/db/global.setting.tcl 
INFO-FLOW: DBG:CMD: automg_wrap -export -pcore_version 1.00.a -rtl vlog -sdx-target none -tool Vivado -impltomg_flag
INFO-FLOW: DBG:CMD:     auto_generate -export -pcore_version 1.00.a -rtl vlog -sdx-target none -tool Vivado -impltomg_flag
Execute     source /home/sai/petalinux/dummy_iisc/siso_oran_dl/ORAN_INTEG_1/hls_src/U_plane_src/uplane_packetiser/solution1/.autopilot/db/global.setting.tcl 
INFO-FLOW: DBG:CMD: read_platform_lib /home/sai/petalinux/dummy_iisc/siso_oran_dl/ORAN_INTEG_1/hls_src/U_plane_src/uplane_packetiser/solution1/.autopilot/db/global.setting.tcl
Execute     source /opt/Xilinx_19.1/Vivado/2019.1/common/technology/generic/autopilot/common.gen 
Execute       source /opt/Xilinx_19.1/Vivado/2019.1/common/technology/generic/autopilot/APCoreGen.gen 
Execute     source /opt/Xilinx_19.1/Vivado/2019.1/common/technology/generic/autopilot/op.gen 
Execute     source /opt/Xilinx_19.1/Vivado/2019.1/common/technology/generic/autopilot/op_simcore.gen 
Execute     source /opt/Xilinx_19.1/Vivado/2019.1/common/technology/generic/autopilot/interface.gen 
Execute     source /home/sai/petalinux/dummy_iisc/siso_oran_dl/ORAN_INTEG_1/hls_src/U_plane_src/uplane_packetiser/solution1/.autopilot/db/global.setting.tcl 
Execute     source /opt/Xilinx_19.1/Vivado/2019.1/common/technology/xilinx/zynquplus/zynquplus.gen 
Execute       source /opt/Xilinx_19.1/Vivado/2019.1/common/technology/xilinx/common/xilinx.gen 
Execute         source /opt/Xilinx_19.1/Vivado/2019.1/common/technology/xilinx/interface/plb46.gen 
Execute         source /opt/Xilinx_19.1/Vivado/2019.1/common/technology/xilinx/interface/fsl.gen 
Execute         source /opt/Xilinx_19.1/Vivado/2019.1/common/technology/xilinx/interface/axi4.gen 
Execute         source /opt/Xilinx_19.1/Vivado/2019.1/common/technology/xilinx/interface/nativeAXI4.gen 
Execute           source /opt/Xilinx_19.1/Vivado/2019.1/common/technology/xilinx/interface/saxilite.gen 
Execute           source /opt/Xilinx_19.1/Vivado/2019.1/common/technology/xilinx/interface/maxi.gen 
Execute         source /opt/Xilinx_19.1/Vivado/2019.1/common/technology/xilinx/scripts/xilinxcoregen.gen 
Execute         source /opt/Xilinx_19.1/Vivado/2019.1/common/technology/xilinx/interface/XilEDKCoreGen.gen 
Execute         source /opt/Xilinx_19.1/Vivado/2019.1/common/technology/xilinx/ip/dds_compiler.gen 
Execute         source /opt/Xilinx_19.1/Vivado/2019.1/common/technology/xilinx/ip/util.gen 
Execute         source /opt/Xilinx_19.1/Vivado/2019.1/common/technology/xilinx/ip/xfft.gen 
Execute         source /opt/Xilinx_19.1/Vivado/2019.1/common/technology/xilinx/ip/xfir.gen 
Execute         source /opt/Xilinx_19.1/Vivado/2019.1/common/technology/xilinx/common/dsp48.gen 
Execute     source /opt/Xilinx_19.1/Vivado/2019.1/common/technology/xilinx/zynquplus/zynquplus_fpv7.gen 
Execute       source /opt/Xilinx_19.1/Vivado/2019.1/common/technology/xilinx/common/xilinx_fp.gen 
INFO-FLOW: DBG:CMD:       initCTypeInfo top_module=uplane_packetiser xml_exists=1
Execute     source /home/sai/petalinux/dummy_iisc/siso_oran_dl/ORAN_INTEG_1/hls_src/U_plane_src/uplane_packetiser/solution1/.autopilot/db/uplane_packetiser.rtl_wrap.cfg.tcl 
Execute     source /home/sai/petalinux/dummy_iisc/siso_oran_dl/ORAN_INTEG_1/hls_src/U_plane_src/uplane_packetiser/solution1/.autopilot/db/uplane_packetiser.rtl_wrap.cfg.tcl 
Execute     source /home/sai/petalinux/dummy_iisc/siso_oran_dl/ORAN_INTEG_1/hls_src/U_plane_src/uplane_packetiser/solution1/.autopilot/db/uplane_packetiser.rtl_wrap.cfg.tcl 
Execute     source /home/sai/petalinux/dummy_iisc/siso_oran_dl/ORAN_INTEG_1/hls_src/U_plane_src/uplane_packetiser/solution1/.autopilot/db/uplane_packetiser.tbgen.tcl 
Execute     source /home/sai/petalinux/dummy_iisc/siso_oran_dl/ORAN_INTEG_1/hls_src/U_plane_src/uplane_packetiser/solution1/.autopilot/db/uplane_packetiser.tbgen.tcl 
INFO-FLOW: DBG:CMD:       export_impl_rtl
INFO-FLOW: DBG:CMD:       generate_ip_cores sim=0 export=0 expOnly=0 dstVlogDir=impl/.verilog
Execute     source /home/sai/petalinux/dummy_iisc/siso_oran_dl/ORAN_INTEG_1/hls_src/U_plane_src/uplane_packetiser/solution1/.autopilot/db/global.setting.tcl 
Execute     source /home/sai/petalinux/dummy_iisc/siso_oran_dl/ORAN_INTEG_1/hls_src/U_plane_src/uplane_packetiser/solution1/.autopilot/db/uplane_packetiser.compgen.tcl 
INFO-FLOW: DBG:CMD:       generate_ip_cores sim=0 export=1 expOnly=1 dstVlogDir=impl/.pcores/verilog
Execute     source /home/sai/petalinux/dummy_iisc/siso_oran_dl/ORAN_INTEG_1/hls_src/U_plane_src/uplane_packetiser/solution1/.autopilot/db/global.setting.tcl 
Execute     source /home/sai/petalinux/dummy_iisc/siso_oran_dl/ORAN_INTEG_1/hls_src/U_plane_src/uplane_packetiser/solution1/.autopilot/db/uplane_packetiser.compgen.tcl 
Execute       ap_part_info -name xczu19eg-ffvd1760-3-e -data names -quiet 
Execute       ap_part_info -name xczu19eg-ffvd1760-3-e -data info -quiet 
Execute       ap_part_info -name xczu19eg-ffvd1760-3-e -data names -quiet 
Execute       ap_part_info -name xczu19eg-ffvd1760-3-e -data info -quiet 
Execute       ap_part_info -name xczu19eg-ffvd1760-3-e -data names -quiet 
Execute       ap_part_info -name xczu19eg-ffvd1760-3-e -data info -quiet 
Execute       ap_part_info -name xczu19eg-ffvd1760-3-e -data names -quiet 
Execute       ap_part_info -name xczu19eg-ffvd1760-3-e -data info -quiet 
Execute       ap_part_info -name xczu19eg-ffvd1760-3-e -data names -quiet 
Execute       ap_part_info -name xczu19eg-ffvd1760-3-e -data info -quiet 
Execute       ap_part_info -name xczu19eg-ffvd1760-3-e -data names -quiet 
Execute       ap_part_info -name xczu19eg-ffvd1760-3-e -data info -quiet 
Execute       ap_part_info -name xczu19eg-ffvd1760-3-e -data names -quiet 
Execute       ap_part_info -name xczu19eg-ffvd1760-3-e -data info -quiet 
Execute       ap_part_info -name xczu19eg-ffvd1760-3-e -data names -quiet 
Execute       ap_part_info -name xczu19eg-ffvd1760-3-e -data info -quiet 
Execute       ap_part_info -name xczu19eg-ffvd1760-3-e -data names -quiet 
Execute       ap_part_info -name xczu19eg-ffvd1760-3-e -data info -quiet 
Execute       ap_part_info -name xczu19eg-ffvd1760-3-e -data names -quiet 
Execute       ap_part_info -name xczu19eg-ffvd1760-3-e -data info -quiet 
Execute     ap_part_info -name xczu19eg-ffvd1760-3-e -data names -quiet 
Execute     ap_part_info -name xczu19eg-ffvd1760-3-e -data info -quiet 
INFO-FLOW: DBG:CMD:       generate_ip_cores sim=0 export=0 expOnly=0 dstVlogDir=impl/.pcores/verilog_sim
Execute     source /home/sai/petalinux/dummy_iisc/siso_oran_dl/ORAN_INTEG_1/hls_src/U_plane_src/uplane_packetiser/solution1/.autopilot/db/global.setting.tcl 
Execute     source /home/sai/petalinux/dummy_iisc/siso_oran_dl/ORAN_INTEG_1/hls_src/U_plane_src/uplane_packetiser/solution1/.autopilot/db/uplane_packetiser.compgen.tcl 
Execute     ap_part_info -name xczu19eg-ffvd1760-3-e -data names -quiet 
Execute     ap_part_info -name xczu19eg-ffvd1760-3-e -data info -quiet 
Execute     ap_part_info -name xczu19eg-ffvd1760-3-e -data names -quiet 
Execute     ap_part_info -name xczu19eg-ffvd1760-3-e -data info -quiet 
Execute     source /home/sai/petalinux/dummy_iisc/siso_oran_dl/ORAN_INTEG_1/hls_src/U_plane_src/uplane_packetiser/solution1/.autopilot/db/global.setting.tcl 
Execute     ap_part_info -name xczu19eg-ffvd1760-3-e -data names -quiet 
Execute     ap_part_info -name xczu19eg-ffvd1760-3-e -data info -quiet 
Execute     source /home/sai/petalinux/dummy_iisc/siso_oran_dl/ORAN_INTEG_1/hls_src/U_plane_src/uplane_packetiser/solution1/.autopilot/db/uplane_packetiser.constraint.tcl 
Execute     source /home/sai/petalinux/dummy_iisc/siso_oran_dl/ORAN_INTEG_1/hls_src/U_plane_src/uplane_packetiser/solution1/.autopilot/db/uplane_packetiser.tbgen.tcl 
INFO-FLOW: DBG:CMD:       hasPcoreIpAdapter=false #gSsdmPorts=24
INFO-FLOW: DBG:CMD:       copying IP vlog from /home/sai/petalinux/dummy_iisc/siso_oran_dl/ORAN_INTEG_1/hls_src/U_plane_src/uplane_packetiser/solution1/impl/verilog
INFO-FLOW: DBG:CMD:       copying IP vhdl from /home/sai/petalinux/dummy_iisc/siso_oran_dl/ORAN_INTEG_1/hls_src/U_plane_src/uplane_packetiser/solution1/impl/vhdl
INFO-FLOW: DBG:CMD:       generate_ip_script #gSsdmPorts=24
Execute     ap_part_info -name xczu19eg-ffvd1760-3-e -data names -quiet 
Execute     ap_part_info -name xczu19eg-ffvd1760-3-e -data info -quiet 
Execute     ap_part_info -name xczu19eg-ffvd1760-3-e -data names -quiet 
Execute     ap_part_info -name xczu19eg-ffvd1760-3-e -data info -quiet 
Execute     source /home/sai/petalinux/dummy_iisc/siso_oran_dl/ORAN_INTEG_1/hls_src/U_plane_src/uplane_packetiser/solution1/.autopilot/db/uplane_packetiser.tbgen.tcl 
Execute     source /home/sai/petalinux/dummy_iisc/siso_oran_dl/ORAN_INTEG_1/hls_src/U_plane_src/uplane_packetiser/solution1/.autopilot/db/uplane_packetiser.tbgen.tcl 
Execute     source /home/sai/petalinux/dummy_iisc/siso_oran_dl/ORAN_INTEG_1/hls_src/U_plane_src/uplane_packetiser/solution1/.autopilot/db/uplane_packetiser.tbgen.tcl 
Execute     source /home/sai/petalinux/dummy_iisc/siso_oran_dl/ORAN_INTEG_1/hls_src/U_plane_src/uplane_packetiser/solution1/.autopilot/db/uplane_packetiser.tbgen.tcl 
Execute     source /home/sai/petalinux/dummy_iisc/siso_oran_dl/ORAN_INTEG_1/hls_src/U_plane_src/uplane_packetiser/solution1/.autopilot/db/uplane_packetiser.tbgen.tcl 
Execute     source /home/sai/petalinux/dummy_iisc/siso_oran_dl/ORAN_INTEG_1/hls_src/U_plane_src/uplane_packetiser/solution1/.autopilot/db/uplane_packetiser.tbgen.tcl 
Execute     source /home/sai/petalinux/dummy_iisc/siso_oran_dl/ORAN_INTEG_1/hls_src/U_plane_src/uplane_packetiser/solution1/.autopilot/db/uplane_packetiser.tbgen.tcl 
Execute     source /home/sai/petalinux/dummy_iisc/siso_oran_dl/ORAN_INTEG_1/hls_src/U_plane_src/uplane_packetiser/solution1/.autopilot/db/global.setting.tcl 
Execute     get_config_sdx -target 
Execute     get_config_debug -directory 
INFO-FLOW: DBG:CMD:       generate_ip_auxiliary
Execute     ap_part_info -name xczu19eg-ffvd1760-3-e -data names -quiet 
Execute     ap_part_info -name xczu19eg-ffvd1760-3-e -data info -quiet 
Execute     source /home/sai/petalinux/dummy_iisc/siso_oran_dl/ORAN_INTEG_1/hls_src/U_plane_src/uplane_packetiser/solution1/.autopilot/db/global.setting.tcl 
INFO-FLOW: DBG:CMD:       prepArgInfo -> loadAnalyze_DB top_module=uplane_packetiser
Execute     source /home/sai/petalinux/dummy_iisc/siso_oran_dl/ORAN_INTEG_1/hls_src/U_plane_src/uplane_packetiser/solution1/.autopilot/db/uplane_packetiser.rtl_wrap.cfg.tcl 
Execute     source /home/sai/petalinux/dummy_iisc/siso_oran_dl/ORAN_INTEG_1/hls_src/U_plane_src/uplane_packetiser/solution1/.autopilot/db/uplane_packetiser.rtl_wrap.cfg.tcl 
Execute     source /home/sai/petalinux/dummy_iisc/siso_oran_dl/ORAN_INTEG_1/hls_src/U_plane_src/uplane_packetiser/solution1/.autopilot/db/uplane_packetiser.rtl_wrap.cfg.tcl 
Execute     source /home/sai/petalinux/dummy_iisc/siso_oran_dl/ORAN_INTEG_1/hls_src/U_plane_src/uplane_packetiser/solution1/.autopilot/db/uplane_packetiser.tbgen.tcl 
Execute     source /home/sai/petalinux/dummy_iisc/siso_oran_dl/ORAN_INTEG_1/hls_src/U_plane_src/uplane_packetiser/solution1/.autopilot/db/uplane_packetiser.tbgen.tcl 
Execute     source /home/sai/petalinux/dummy_iisc/siso_oran_dl/ORAN_INTEG_1/hls_src/U_plane_src/uplane_packetiser/solution1/.autopilot/db/uplane_packetiser.tbgen.tcl 
INFO-FLOW: DBG:CMD:       generate_top_info
INFO-FLOW: DBG:CMD:       prepArgInfo -> loadAnalyze_DB top_module=uplane_packetiser
Execute     source /home/sai/petalinux/dummy_iisc/siso_oran_dl/ORAN_INTEG_1/hls_src/U_plane_src/uplane_packetiser/solution1/.autopilot/db/uplane_packetiser.rtl_wrap.cfg.tcl 
Execute     source /home/sai/petalinux/dummy_iisc/siso_oran_dl/ORAN_INTEG_1/hls_src/U_plane_src/uplane_packetiser/solution1/.autopilot/db/uplane_packetiser.rtl_wrap.cfg.tcl 
Execute     source /home/sai/petalinux/dummy_iisc/siso_oran_dl/ORAN_INTEG_1/hls_src/U_plane_src/uplane_packetiser/solution1/.autopilot/db/uplane_packetiser.rtl_wrap.cfg.tcl 
Execute     source /home/sai/petalinux/dummy_iisc/siso_oran_dl/ORAN_INTEG_1/hls_src/U_plane_src/uplane_packetiser/solution1/.autopilot/db/uplane_packetiser.tbgen.tcl 
Execute     source /home/sai/petalinux/dummy_iisc/siso_oran_dl/ORAN_INTEG_1/hls_src/U_plane_src/uplane_packetiser/solution1/.autopilot/db/uplane_packetiser.tbgen.tcl 
Execute     ap_part_info -name xczu19eg-ffvd1760-3-e -data names -quiet 
Execute     ap_part_info -name xczu19eg-ffvd1760-3-e -data info -quiet 
INFO-FLOW: DBG:CMD:       generate_ip_bd_script
Execute     ap_part_info -name xczu19eg-ffvd1760-3-e -data names -quiet 
Execute     ap_part_info -name xczu19eg-ffvd1760-3-e -data info -quiet 
Execute     ap_part_info -name xczu19eg-ffvd1760-3-e -data names -quiet 
Execute     ap_part_info -name xczu19eg-ffvd1760-3-e -data info -quiet 
Execute     source /home/sai/petalinux/dummy_iisc/siso_oran_dl/ORAN_INTEG_1/hls_src/U_plane_src/uplane_packetiser/solution1/.autopilot/db/uplane_packetiser.tbgen.tcl 
Execute     source /home/sai/petalinux/dummy_iisc/siso_oran_dl/ORAN_INTEG_1/hls_src/U_plane_src/uplane_packetiser/solution1/.autopilot/db/global.setting.tcl 
Execute     source /home/sai/petalinux/dummy_iisc/siso_oran_dl/ORAN_INTEG_1/hls_src/U_plane_src/uplane_packetiser/solution1/.autopilot/db/uplane_packetiser.constraint.tcl 
INFO-FLOW: DBG:CMD:       generate_ipi_example_script
Execute     ap_part_info -name xczu19eg-ffvd1760-3-e -data names -quiet 
Execute     ap_part_info -name xczu19eg-ffvd1760-3-e -data info -quiet 
Execute     ap_part_info -name xczu19eg-ffvd1760-3-e -data names -quiet 
Execute     ap_part_info -name xczu19eg-ffvd1760-3-e -data info -quiet 
INFO-FLOW: DBG:CMD:       generate_syn_sh
Execute     ap_part_info -name xczu19eg-ffvd1760-3-e -data names -quiet 
Execute     ap_part_info -name xczu19eg-ffvd1760-3-e -data info -quiet 
Execute     source /home/sai/petalinux/dummy_iisc/siso_oran_dl/ORAN_INTEG_1/hls_src/U_plane_src/uplane_packetiser/solution1/.autopilot/db/global.setting.tcl 
INFO-FLOW: DBG:CMD:       generate_imp_constraints
Execute     ap_part_info -name xczu19eg-ffvd1760-3-e -data names -quiet 
Execute     ap_part_info -name xczu19eg-ffvd1760-3-e -data info -quiet 
Execute     source /home/sai/petalinux/dummy_iisc/siso_oran_dl/ORAN_INTEG_1/hls_src/U_plane_src/uplane_packetiser/solution1/.autopilot/db/uplane_packetiser.constraint.tcl 
Execute     source /home/sai/petalinux/dummy_iisc/siso_oran_dl/ORAN_INTEG_1/hls_src/U_plane_src/uplane_packetiser/solution1/.autopilot/db/uplane_packetiser.tbgen.tcl 
INFO-FLOW: DBG:CMD:       delete-temp-dirs (skipped for debug)
Execute     ap_part_info -name xczu19eg-ffvd1760-3-e -data names -quiet 
Execute     ap_part_info -name xczu19eg-ffvd1760-3-e -data info -quiet 
INFO-FLOW: DBG:CMD: read_platform_lib /home/sai/petalinux/dummy_iisc/siso_oran_dl/ORAN_INTEG_1/hls_src/U_plane_src/uplane_packetiser/solution1/.autopilot/db/global.setting.tcl
Execute     source /opt/Xilinx_19.1/Vivado/2019.1/common/technology/generic/autopilot/common.gen 
Execute       source /opt/Xilinx_19.1/Vivado/2019.1/common/technology/generic/autopilot/APCoreGen.gen 
Execute     source /opt/Xilinx_19.1/Vivado/2019.1/common/technology/generic/autopilot/op.gen 
Execute     source /opt/Xilinx_19.1/Vivado/2019.1/common/technology/generic/autopilot/op_simcore.gen 
Execute     source /opt/Xilinx_19.1/Vivado/2019.1/common/technology/generic/autopilot/interface.gen 
Execute     source /home/sai/petalinux/dummy_iisc/siso_oran_dl/ORAN_INTEG_1/hls_src/U_plane_src/uplane_packetiser/solution1/.autopilot/db/global.setting.tcl 
Execute     source /opt/Xilinx_19.1/Vivado/2019.1/common/technology/xilinx/zynquplus/zynquplus.gen 
Execute       source /opt/Xilinx_19.1/Vivado/2019.1/common/technology/xilinx/common/xilinx.gen 
Execute         source /opt/Xilinx_19.1/Vivado/2019.1/common/technology/xilinx/interface/plb46.gen 
Execute         source /opt/Xilinx_19.1/Vivado/2019.1/common/technology/xilinx/interface/fsl.gen 
Execute         source /opt/Xilinx_19.1/Vivado/2019.1/common/technology/xilinx/interface/axi4.gen 
Execute         source /opt/Xilinx_19.1/Vivado/2019.1/common/technology/xilinx/interface/nativeAXI4.gen 
Execute           source /opt/Xilinx_19.1/Vivado/2019.1/common/technology/xilinx/interface/saxilite.gen 
Execute           source /opt/Xilinx_19.1/Vivado/2019.1/common/technology/xilinx/interface/maxi.gen 
Execute         source /opt/Xilinx_19.1/Vivado/2019.1/common/technology/xilinx/scripts/xilinxcoregen.gen 
Execute         source /opt/Xilinx_19.1/Vivado/2019.1/common/technology/xilinx/interface/XilEDKCoreGen.gen 
Execute         source /opt/Xilinx_19.1/Vivado/2019.1/common/technology/xilinx/ip/dds_compiler.gen 
Execute         source /opt/Xilinx_19.1/Vivado/2019.1/common/technology/xilinx/ip/util.gen 
Execute         source /opt/Xilinx_19.1/Vivado/2019.1/common/technology/xilinx/ip/xfft.gen 
Execute         source /opt/Xilinx_19.1/Vivado/2019.1/common/technology/xilinx/ip/xfir.gen 
Execute         source /opt/Xilinx_19.1/Vivado/2019.1/common/technology/xilinx/common/dsp48.gen 
Execute     source /opt/Xilinx_19.1/Vivado/2019.1/common/technology/xilinx/zynquplus/zynquplus_fpv7.gen 
Execute       source /opt/Xilinx_19.1/Vivado/2019.1/common/technology/xilinx/common/xilinx_fp.gen 
Execute     ap_part_info -name xczu19eg-ffvd1760-3-e -data names -quiet 
Execute     ap_part_info -name xczu19eg-ffvd1760-3-e -data info -quiet 
INFO-FLOW: DBG:CMD:     exec /home/sai/petalinux/dummy_iisc/siso_oran_dl/ORAN_INTEG_1/hls_src/U_plane_src/uplane_packetiser/solution1/impl/ip/pack.sh
Command   export_design done; 12.53 sec.
Command ap_source done; 13.55 sec.
Execute cleanup_all 
