INFO-FLOW: Workspace /home/sai/Desktop/Looping_Hardware-design/hls_src/U_plane_src/Uplane_depacketiser/solution1 opened at Mon Mar 06 10:28:28 IST 2023
Execute     config_clock -quiet -name default -period 3.2 -default=false 
INFO: [SYN 201-201] Setting up clock 'default' with a period of 3.2ns.
Execute     open_platform DefaultPlatform 
Execute     import_lib /opt/Xilinx_19.1/Vivado/2019.1/common/technology/xilinx/zynquplus/zynquplus 
Execute       source /opt/Xilinx_19.1/Vivado/2019.1/common/technology/xilinx/common/xilinx.lib 
Execute         source /opt/Xilinx_19.1/Vivado/2019.1/common/technology/xilinx/interface/xilinx_interface.lib 
Execute           source /opt/Xilinx_19.1/Vivado/2019.1/common/technology/xilinx/interface/plb46.lib 
Execute           source /opt/Xilinx_19.1/Vivado/2019.1/common/technology/xilinx/interface/fsl.lib 
Execute           source /opt/Xilinx_19.1/Vivado/2019.1/common/technology/xilinx/interface/axi4.lib 
Execute           source /opt/Xilinx_19.1/Vivado/2019.1/common/technology/xilinx/interface/maxi.lib 
Execute           source /opt/Xilinx_19.1/Vivado/2019.1/common/technology/xilinx/interface/saxilite.lib 
Execute         source /opt/Xilinx_19.1/Vivado/2019.1/common/technology/xilinx/common/dsp48.lib 
Execute         source /opt/Xilinx_19.1/Vivado/2019.1/common/technology/xilinx/ip/dds_compiler.lib 
Execute         source /opt/Xilinx_19.1/Vivado/2019.1/common/technology/xilinx/ip/xfft.lib 
Execute         source /opt/Xilinx_19.1/Vivado/2019.1/common/technology/xilinx/ip/xfir.lib 
Execute       source /opt/Xilinx_19.1/Vivado/2019.1/common/technology/xilinx/common/xilinx.hlp 
Execute         source /opt/Xilinx_19.1/Vivado/2019.1/common/technology/xilinx/common/target_info.tcl 
Execute         source /opt/Xilinx_19.1/Vivado/2019.1/common/technology/xilinx/interface/xilinx_interface.hlp 
Execute           source /opt/Xilinx_19.1/Vivado/2019.1/common/technology/xilinx/interface/maxi.hlp 
Execute           source /opt/Xilinx_19.1/Vivado/2019.1/common/technology/xilinx/interface/saxilite.hlp 
Execute         source /opt/Xilinx_19.1/Vivado/2019.1/common/technology/xilinx/common/dsp48.hlp 
Execute       source /opt/Xilinx_19.1/Vivado/2019.1/common/technology/xilinx/zynquplus/dsp48e2.hlp 
Execute       source /opt/Xilinx_19.1/Vivado/2019.1/common/technology/xilinx/common/xilinx.hlp 
Execute         source /opt/Xilinx_19.1/Vivado/2019.1/common/technology/xilinx/common/target_info.tcl 
Execute         source /opt/Xilinx_19.1/Vivado/2019.1/common/technology/xilinx/interface/xilinx_interface.hlp 
Execute           source /opt/Xilinx_19.1/Vivado/2019.1/common/technology/xilinx/interface/maxi.hlp 
Execute           source /opt/Xilinx_19.1/Vivado/2019.1/common/technology/xilinx/interface/saxilite.hlp 
Execute         source /opt/Xilinx_19.1/Vivado/2019.1/common/technology/xilinx/common/dsp48.hlp 
Execute     source /opt/Xilinx_19.1/Vivado/2019.1/common/technology/xilinx/zynquplus/zynquplus.gen 
Execute       source /opt/Xilinx_19.1/Vivado/2019.1/common/technology/xilinx/common/xilinx.gen 
Execute         source /opt/Xilinx_19.1/Vivado/2019.1/common/technology/xilinx/interface/plb46.gen 
Execute         source /opt/Xilinx_19.1/Vivado/2019.1/common/technology/xilinx/interface/fsl.gen 
Execute         source /opt/Xilinx_19.1/Vivado/2019.1/common/technology/xilinx/interface/axi4.gen 
Execute         source /opt/Xilinx_19.1/Vivado/2019.1/common/technology/xilinx/interface/nativeAXI4.gen 
Execute           source /opt/Xilinx_19.1/Vivado/2019.1/common/technology/xilinx/interface/saxilite.gen 
Execute           source /opt/Xilinx_19.1/Vivado/2019.1/common/technology/xilinx/interface/maxi.gen 
Execute         source /opt/Xilinx_19.1/Vivado/2019.1/common/technology/xilinx/scripts/xilinxcoregen.gen 
Execute         source /opt/Xilinx_19.1/Vivado/2019.1/common/technology/xilinx/interface/XilEDKCoreGen.gen 
Execute         source /opt/Xilinx_19.1/Vivado/2019.1/common/technology/xilinx/ip/dds_compiler.gen 
Execute         source /opt/Xilinx_19.1/Vivado/2019.1/common/technology/xilinx/ip/util.gen 
Execute         source /opt/Xilinx_19.1/Vivado/2019.1/common/technology/xilinx/ip/xfft.gen 
Execute         source /opt/Xilinx_19.1/Vivado/2019.1/common/technology/xilinx/ip/xfir.gen 
Execute         source /opt/Xilinx_19.1/Vivado/2019.1/common/technology/xilinx/common/dsp48.gen 
Command       ap_source done; 0.11 sec.
Command     ap_source done; 0.11 sec.
Execute     open_platform DefaultPlatform 
Execute     import_lib /opt/Xilinx_19.1/Vivado/2019.1/common/technology/xilinx/zynquplus/zynquplus_fpv7 
Execute       source /opt/Xilinx_19.1/Vivado/2019.1/common/technology/xilinx/common/xilinx_fp.lib 
Execute       source /opt/Xilinx_19.1/Vivado/2019.1/common/technology/xilinx/common/xilinx_fp.hlp 
Execute         source /opt/Xilinx_19.1/Vivado/2019.1/common/technology/xilinx/common/xilinx.hlp 
Execute           source /opt/Xilinx_19.1/Vivado/2019.1/common/technology/xilinx/common/target_info.tcl 
Execute           source /opt/Xilinx_19.1/Vivado/2019.1/common/technology/xilinx/interface/xilinx_interface.hlp 
Execute             source /opt/Xilinx_19.1/Vivado/2019.1/common/technology/xilinx/interface/maxi.hlp 
Execute             source /opt/Xilinx_19.1/Vivado/2019.1/common/technology/xilinx/interface/saxilite.hlp 
Execute           source /opt/Xilinx_19.1/Vivado/2019.1/common/technology/xilinx/common/dsp48.hlp 
Execute     source /opt/Xilinx_19.1/Vivado/2019.1/common/technology/xilinx/zynquplus/zynquplus_fpv7.gen 
Execute       source /opt/Xilinx_19.1/Vivado/2019.1/common/technology/xilinx/common/xilinx_fp.gen 
Execute     set_part xczu19eg-ffvd1760-3-e 
Execute       ap_part_info -name xczu19eg-ffvd1760-3-e -data single -quiet 
Command       ap_part_info done; 1.02 sec.
Execute       ap_part_info -name xczu19eg-ffvd1760-3-e -data info 
Execute       add_library xilinx/zynquplus/zynquplus:xczu19eg:-ffvd1760:-3-e 
Execute         get_default_platform 
Execute         license_isbetapart xczu19eg 
Command         license_isbetapart done; error code: 1; 
Execute         ap_part_info -data single -name xczu19eg-ffvd1760-3-e 
Execute         ap_part_info -name xczu19eg-ffvd1760-3-e -data resources 
Execute         ap_part_info -name xczu19eg-ffvd1760-3-e -data info 
Execute         ap_part_info -name xczu19eg-ffvd1760-3-e -data info 
Execute         config_chip_info -quiet -resource {SLICE 65340} {LUT 522720} {FF 1045440} {DSP48E 1968} {BRAM 1968} {URAM 128} 
Execute         ap_part_info -name xczu19eg-ffvd1760-3-e -data info 
Execute         config_chip_info -quiet -speed fast 
Execute       add_library xilinx/zynquplus/zynquplus_fpv7 
Execute         get_default_platform 
INFO: [HLS 200-10] Setting target device to 'xczu19eg-ffvd1760-3-e'
Execute       ap_part_info -name xczu19eg-ffvd1760-3-e -data info 
Execute       get_default_platform 
Command     set_part done; 1.12 sec.
Execute     ap_part_info -data single -name xczu19eg-ffvd1760-3-e 
Execute     ap_part_info -name xczu19eg-ffvd1760-3-e -data resources 
Execute     ap_part_info -name xczu19eg-ffvd1760-3-e -data info 
Execute     ap_part_info -name xczu19eg-ffvd1760-3-e -data info 
Execute     config_chip_info -quiet -resource {SLICE 65340} {LUT 522720} {FF 1045440} {DSP48E 1968} {BRAM 1968} {URAM 128} 
Execute     ap_part_info -name xczu19eg-ffvd1760-3-e -data info 
Execute     config_chip_info -quiet -speed fast 
Execute     config_rtl -encoding=auto 
Execute     config_rtl -kernel_profile=false 
Execute     config_rtl -module_auto_prefix=false 
Execute     config_rtl -mult_keep_attribute=false 
Execute     config_rtl -reset=state 
Execute     config_rtl -reset_async=false 
Execute     config_rtl -reset_level=low 
Execute     config_rtl -verbose=false 
Command   open_solution done; 1.28 sec.
Execute   set_part xczu19eg-ffvd1760-3-e -tool vivado 
Execute     ap_part_info -name xczu19eg-ffvd1760-3-e -data single -quiet 
Execute     ap_part_info -name xczu19eg-ffvd1760-3-e -data info 
Execute     add_library xilinx/zynquplus/zynquplus:xczu19eg:-ffvd1760:-3-e 
Execute       get_default_platform 
Execute       license_isbetapart xczu19eg 
Command       license_isbetapart done; error code: 1; 
Execute       ap_part_info -data single -name xczu19eg-ffvd1760-3-e 
Execute       ap_part_info -name xczu19eg-ffvd1760-3-e -data resources 
Execute       ap_part_info -name xczu19eg-ffvd1760-3-e -data info 
Execute       ap_part_info -name xczu19eg-ffvd1760-3-e -data info 
Execute       config_chip_info -quiet -resource {SLICE 65340} {LUT 522720} {FF 1045440} {DSP48E 1968} {BRAM 1968} {URAM 128} 
Execute       ap_part_info -name xczu19eg-ffvd1760-3-e -data info 
Execute       config_chip_info -quiet -speed fast 
Execute     add_library xilinx/zynquplus/zynquplus_fpv7 
Execute       get_default_platform 
Execute     ap_part_info -name xczu19eg-ffvd1760-3-e -data info 
Execute     get_default_platform 
Execute   create_clock -period 3.2 -name default 
Execute   config_rtl -encoding auto -reset state -reset_level low 
Execute   csynth_design 
Execute     get_config_compile -dump_cfg 
Execute     get_config_compile -effort 
Execute     get_config_compile -enable_clang39 
Execute     get_config_compile -g 
Execute     get_config_compile -ng 
Execute     get_config_compile -opt_fp 
Execute     get_config_compile -skip_cdt 
Execute     get_config_compile -skip_syncheck 
Execute     get_config_compile -skip_transform 
Execute     get_config_compile -keep_printf 
Execute     elaborate -effort=medium -skip_syncheck=0 -keep_printf=0 -skip_cdt=0 -skip_transform=0 -ng=0 -g=0 -opt_fp=0 -from_csynth_design=1 
Execute       get_config_schedule -relax_ii_for_timing 
INFO: [SCHED 204-61] Option 'relax_ii_for_timing' is enabled, will increase II to preserve clock frequency constraints.
Execute       get_config_schedule -suppress_dependence_error_break 
INFO: [HLS 200-10] Analyzing design file 'Uplane_depacketiser/uplane_depacketiser.cpp' ... 
INFO-FLOW: Compiling one TU...
Execute       is_m_axi_addr64 
INFO-FLOW: Handling Uplane_depacketiser/uplane_depacketiser.cpp as C++
Execute       ap_part_info -name xczu19eg-ffvd1760-3-e -data info 
Execute       is_encrypted Uplane_depacketiser/uplane_depacketiser.cpp 
Execute       ap_part_info -name xczu19eg-ffvd1760-3-e -data info 
INFO-FLOW: Running: GCC PP
INFO-FLOW: Source preprocessing
Execute       clang  -fno-limit-debug-info -gcc-toolchain "/opt/Xilinx_19.1/Vivado/2019.1/lnx64/tools/gcc" -hls  -fno-exceptions  -D__llvm__  -E "Uplane_depacketiser/uplane_depacketiser.cpp"     -fno-math-errno -c -emit-llvm -O0  -mllvm -disable-llvm-optzns -fno-threadsafe-statics  -fno-use-cxa-atexit  -fno-threadsafe-statics -fno-use-cxa-atexit -D__CLANG_3_1__ -DAESL_SYN -D__SYNTHESIS__ -D__HLS_SYN__ -I "/opt/Xilinx_19.1/Vivado/2019.1/common/technology/autopilot" -I "/opt/Xilinx_19.1/Vivado/2019.1/common/technology/autopilot/ap_sysc" -include etc/autopilot_ssdm_op.h -D__DSP48E2__  -o "/home/sai/Desktop/Looping_Hardware-design/hls_src/U_plane_src/Uplane_depacketiser/solution1/.autopilot/db/uplane_depacketiser.pp.0.cpp" 
INFO-FLOW: exec /opt/Xilinx_19.1/Vivado/2019.1/lnx64/tools/clang/bin/clang -fno-limit-debug-info -gcc-toolchain /opt/Xilinx_19.1/Vivado/2019.1/lnx64/tools/gcc -hls -fno-exceptions -D__llvm__ -E Uplane_depacketiser/uplane_depacketiser.cpp -fno-math-errno -c -emit-llvm -O0 -mllvm -disable-llvm-optzns -fno-threadsafe-statics -fno-use-cxa-atexit -fno-threadsafe-statics -fno-use-cxa-atexit -D__CLANG_3_1__ -DAESL_SYN -D__SYNTHESIS__ -D__HLS_SYN__ -I /opt/Xilinx_19.1/Vivado/2019.1/common/technology/autopilot -I /opt/Xilinx_19.1/Vivado/2019.1/common/technology/autopilot/ap_sysc -include etc/autopilot_ssdm_op.h -D__DSP48E2__ -o /home/sai/Desktop/Looping_Hardware-design/hls_src/U_plane_src/Uplane_depacketiser/solution1/.autopilot/db/uplane_depacketiser.pp.0.cpp
Command       clang done; 1.68 sec.
Execute       tidy_31 xilinx-xfmat-array-geometry /home/sai/Desktop/Looping_Hardware-design/hls_src/U_plane_src/Uplane_depacketiser/solution1/.autopilot/db/uplane_depacketiser.pp.0.cpp std=gnu++98 
INFO-FLOW: exec /opt/Xilinx_19.1/Vivado/2019.1/lnx64/tools/clang-3.9-csynth/bin/tidy-3.1 -header-filter=.* -checks=-*,xilinx-xfmat-array-geometry -quiet -fix /home/sai/Desktop/Looping_Hardware-design/hls_src/U_plane_src/Uplane_depacketiser/solution1/.autopilot/db/uplane_depacketiser.pp.0.cpp -- -std=gnu++98 -fhls -ferror-limit=0
Command       tidy_31 done; 0.9 sec.
INFO-FLOW: Syntax Checking before pre-processing...
Execute       clang -syntaxcheck -src /home/sai/Desktop/Looping_Hardware-design/hls_src/U_plane_src/Uplane_depacketiser/solution1/.autopilot/db/uplane_depacketiser.pp.0.cpp  -fno-limit-debug-info -gcc-toolchain "/opt/Xilinx_19.1/Vivado/2019.1/lnx64/tools/gcc" -hls    -fno-math-errno -c -emit-llvm -O0  -mllvm -disable-llvm-optzns -fno-threadsafe-statics  -fno-use-cxa-atexit  -fno-threadsafe-statics -fno-use-cxa-atexit -D__CLANG_3_1__ -DAESL_SYN -D__SYNTHESIS__ -D__HLS_SYN__ -I "/opt/Xilinx_19.1/Vivado/2019.1/common/technology/autopilot" -I "/opt/Xilinx_19.1/Vivado/2019.1/common/technology/autopilot/ap_sysc" -include etc/autopilot_ssdm_op.h -D__DSP48E2__  "/home/sai/Desktop/Looping_Hardware-design/hls_src/U_plane_src/Uplane_depacketiser/solution1/.autopilot/db/uplane_depacketiser.pp.0.cpp"  -o "/home/sai/Desktop/Looping_Hardware-design/hls_src/U_plane_src/Uplane_depacketiser/solution1/.autopilot/db/useless.bc"  
INFO-FLOW: exec /opt/Xilinx_19.1/Vivado/2019.1/lnx64/tools/clang/bin/clang -fno-limit-debug-info -gcc-toolchain /opt/Xilinx_19.1/Vivado/2019.1/lnx64/tools/gcc -hls -fno-math-errno -c -emit-llvm -O0 -mllvm -disable-llvm-optzns -fno-threadsafe-statics -fno-use-cxa-atexit -fno-threadsafe-statics -fno-use-cxa-atexit -D__CLANG_3_1__ -DAESL_SYN -D__SYNTHESIS__ -D__HLS_SYN__ -I /opt/Xilinx_19.1/Vivado/2019.1/common/technology/autopilot -I /opt/Xilinx_19.1/Vivado/2019.1/common/technology/autopilot/ap_sysc -include etc/autopilot_ssdm_op.h -D__DSP48E2__ /home/sai/Desktop/Looping_Hardware-design/hls_src/U_plane_src/Uplane_depacketiser/solution1/.autopilot/db/uplane_depacketiser.pp.0.cpp -o /home/sai/Desktop/Looping_Hardware-design/hls_src/U_plane_src/Uplane_depacketiser/solution1/.autopilot/db/useless.bc
WARNING: [HLS 200-40] In file included from Uplane_depacketiser/uplane_depacketiser.cpp:1:
Uplane_depacketiser/uplane_depacketiser.cpp:41:8: warning: enumeration value 'IDLE' not handled in switch [-Wswitch]
switch(ecpri_msg_state){
       ^
1 warning generated.
Command       clang done; 2.13 sec.
INFO-FLOW: Done: GCC PP time: 4.7 seconds per iteration
Execute       source /opt/Xilinx_19.1/Vivado/2019.1/tps/tcl/tcllib1.11.1/yaml/huddle.tcl 
Execute       source /opt/Xilinx_19.1/Vivado/2019.1/tps/tcl/tcllib1.11.1/yaml/json2huddle.tcl 
Execute         source /opt/Xilinx_19.1/Vivado/2019.1/tps/tcl/tcllib1.11.1/try/try.tcl 
Execute       list_core -type functional_unit 
Execute       tidy_31 xilinx-systemc-detector /home/sai/Desktop/Looping_Hardware-design/hls_src/U_plane_src/Uplane_depacketiser/solution1/.autopilot/db/uplane_depacketiser.pp.0.cpp std=gnu++98 -directive=/home/sai/Desktop/Looping_Hardware-design/hls_src/U_plane_src/Uplane_depacketiser/solution1/.autopilot/db/.systemc_flag 
INFO-FLOW: exec /opt/Xilinx_19.1/Vivado/2019.1/lnx64/tools/clang-3.9-csynth/bin/tidy-3.1 -header-filter=.* -checks=-*,xilinx-systemc-detector -import-directive=/home/sai/Desktop/Looping_Hardware-design/hls_src/U_plane_src/Uplane_depacketiser/solution1/.autopilot/db/.systemc_flag -quiet -fix-errors /home/sai/Desktop/Looping_Hardware-design/hls_src/U_plane_src/Uplane_depacketiser/solution1/.autopilot/db/uplane_depacketiser.pp.0.cpp -- -std=gnu++98 -fhls -ferror-limit=0
Command       tidy_31 done; 0.79 sec.
INFO-FLOW: Running: tidy-3.1 CDT preprocess
Execute       tidy_31 xilinx-directive2pragma /home/sai/Desktop/Looping_Hardware-design/hls_src/U_plane_src/Uplane_depacketiser/solution1/.autopilot/db/uplane_depacketiser.pp.0.cpp std=gnu++98 -directive=/home/sai/Desktop/Looping_Hardware-design/hls_src/U_plane_src/Uplane_depacketiser/solution1/.autopilot/db/all.directive.json 
INFO-FLOW: exec /opt/Xilinx_19.1/Vivado/2019.1/lnx64/tools/clang-3.9-csynth/bin/tidy-3.1 -header-filter=.* -checks=-*,xilinx-directive2pragma -import-directive=/home/sai/Desktop/Looping_Hardware-design/hls_src/U_plane_src/Uplane_depacketiser/solution1/.autopilot/db/all.directive.json -quiet -fix-errors /home/sai/Desktop/Looping_Hardware-design/hls_src/U_plane_src/Uplane_depacketiser/solution1/.autopilot/db/uplane_depacketiser.pp.0.cpp -- -std=gnu++98 -fhls -ferror-limit=0
Command       tidy_31 done; 0.78 sec.
Execute       get_config_dataflow -strict_mode 
Execute       ap_eval exec -ignorestderr /opt/Xilinx_19.1/Vivado/2019.1/lnx64/tools/clang-3.9-csynth/bin/xilinx-dataflow-lawyer -export-fixes=/home/sai/Desktop/Looping_Hardware-design/hls_src/U_plane_src/Uplane_depacketiser/solution1/.autopilot/db/xilinx-dataflow-lawyer.uplane_depacketiser.pp.0.cpp.diag.yml /home/sai/Desktop/Looping_Hardware-design/hls_src/U_plane_src/Uplane_depacketiser/solution1/.autopilot/db/uplane_depacketiser.pp.0.cpp -- -std=gnu++98 -fhls -ferror-limit=0 -fstrict-dataflow > /home/sai/Desktop/Looping_Hardware-design/hls_src/U_plane_src/Uplane_depacketiser/solution1/.autopilot/db/xilinx-dataflow-lawyer.uplane_depacketiser.pp.0.cpp.out.log 2> /home/sai/Desktop/Looping_Hardware-design/hls_src/U_plane_src/Uplane_depacketiser/solution1/.autopilot/db/xilinx-dataflow-lawyer.uplane_depacketiser.pp.0.cpp.err.log 
Command       ap_eval done; 0.68 sec.
Execute       tidy_31 -errorcheck xilinx-constantarray-param,xilinx-resource-pragma-transformer,xilinx-xfmat-array-geometry /home/sai/Desktop/Looping_Hardware-design/hls_src/U_plane_src/Uplane_depacketiser/solution1/.autopilot/db/uplane_depacketiser.pp.0.cpp std=gnu++98 
Execute         ap_eval exec -ignorestderr /opt/Xilinx_19.1/Vivado/2019.1/lnx64/tools/clang-3.9-csynth/bin/tidy-3.1 -export-fixes=/home/sai/Desktop/Looping_Hardware-design/hls_src/U_plane_src/Uplane_depacketiser/solution1/.autopilot/db/tidy-3.1.uplane_depacketiser.pp.0.cpp.diag.yml -header-filter=.* -checks=-*,xilinx-constantarray-param,xilinx-resource-pragma-transformer,xilinx-xfmat-array-geometry -quiet -fix-errors /home/sai/Desktop/Looping_Hardware-design/hls_src/U_plane_src/Uplane_depacketiser/solution1/.autopilot/db/uplane_depacketiser.pp.0.cpp -- -std=gnu++98 -fhls -ferror-limit=0 > /home/sai/Desktop/Looping_Hardware-design/hls_src/U_plane_src/Uplane_depacketiser/solution1/.autopilot/db/tidy-3.1.uplane_depacketiser.pp.0.cpp.out.log 2> /home/sai/Desktop/Looping_Hardware-design/hls_src/U_plane_src/Uplane_depacketiser/solution1/.autopilot/db/tidy-3.1.uplane_depacketiser.pp.0.cpp.err.log 
Command         ap_eval done; 0.96 sec.
Execute         ap_eval exec -ignorestderr /opt/Xilinx_19.1/Vivado/2019.1/lnx64/tools/clang-3.9-csynth/bin/xilinx-legacy-rewriter /home/sai/Desktop/Looping_Hardware-design/hls_src/U_plane_src/Uplane_depacketiser/solution1/.autopilot/db/uplane_depacketiser.pp.0.cpp -- -std=gnu++98 -fhls -ferror-limit=0 > /home/sai/Desktop/Looping_Hardware-design/hls_src/U_plane_src/Uplane_depacketiser/solution1/.autopilot/db/xilinx-legacy-rewriter.uplane_depacketiser.pp.0.cpp.out.log 2> /home/sai/Desktop/Looping_Hardware-design/hls_src/U_plane_src/Uplane_depacketiser/solution1/.autopilot/db/xilinx-legacy-rewriter.uplane_depacketiser.pp.0.cpp.err.log 
Command         ap_eval done; 0.67 sec.
Command       tidy_31 done; 1.63 sec.
INFO-FLOW: Done: tidy-3.1 CDT preprocess time: 3.1 seconds per iteration
INFO-FLOW: Pragma Handling...
Execute       tidy_31 xilinx-ssdm-intrinsics-arguments /home/sai/Desktop/Looping_Hardware-design/hls_src/U_plane_src/Uplane_depacketiser/solution1/.autopilot/db/uplane_depacketiser.pragma.1.cpp std=gnu++98 
INFO-FLOW: exec /opt/Xilinx_19.1/Vivado/2019.1/lnx64/tools/clang-3.9-csynth/bin/tidy-3.1 -header-filter=.* -checks=-*,xilinx-ssdm-intrinsics-arguments -quiet -fix-errors /home/sai/Desktop/Looping_Hardware-design/hls_src/U_plane_src/Uplane_depacketiser/solution1/.autopilot/db/uplane_depacketiser.pragma.1.cpp -- -std=gnu++98 -fhls -ferror-limit=0
Command       tidy_31 done; 1 sec.
Execute       ap_part_info -name xczu19eg-ffvd1760-3-e -data info 
INFO-FLOW: Processing labels
Execute       clang -src /home/sai/Desktop/Looping_Hardware-design/hls_src/U_plane_src/Uplane_depacketiser/solution1/.autopilot/db/uplane_depacketiser.pragma.2.cpp  -fno-limit-debug-info -gcc-toolchain /opt/Xilinx_19.1/Vivado/2019.1/lnx64/tools/gcc -hls -hls-analyze-label -hls-analyze-pragma -fno-exceptions  -D__llvm__  -w  "/home/sai/Desktop/Looping_Hardware-design/hls_src/U_plane_src/Uplane_depacketiser/solution1/.autopilot/db/uplane_depacketiser.pragma.2.cpp"    -fno-math-errno -c -emit-llvm -O0  -mllvm -disable-llvm-optzns -fno-threadsafe-statics  -fno-use-cxa-atexit -DAESL_SYN -D__SYNTHESIS__ -D__HLS_SYN__ -I "/opt/Xilinx_19.1/Vivado/2019.1/common/technology/autopilot" -I "/opt/Xilinx_19.1/Vivado/2019.1/common/technology/autopilot/ap_sysc" -include etc/autopilot_ssdm_op.h -D__DSP48E2__ -g -o "/home/sai/Desktop/Looping_Hardware-design/hls_src/U_plane_src/Uplane_depacketiser/solution1/.autopilot/db/uplane_depacketiser.bc" 
INFO-FLOW: exec /opt/Xilinx_19.1/Vivado/2019.1/lnx64/tools/clang/bin/clang -fno-limit-debug-info -gcc-toolchain /opt/Xilinx_19.1/Vivado/2019.1/lnx64/tools/gcc -hls -hls-analyze-label -hls-analyze-pragma -fno-exceptions -D__llvm__ -w /home/sai/Desktop/Looping_Hardware-design/hls_src/U_plane_src/Uplane_depacketiser/solution1/.autopilot/db/uplane_depacketiser.pragma.2.cpp -fno-math-errno -c -emit-llvm -O0 -mllvm -disable-llvm-optzns -fno-threadsafe-statics -fno-use-cxa-atexit -DAESL_SYN -D__SYNTHESIS__ -D__HLS_SYN__ -I /opt/Xilinx_19.1/Vivado/2019.1/common/technology/autopilot -I /opt/Xilinx_19.1/Vivado/2019.1/common/technology/autopilot/ap_sysc -include etc/autopilot_ssdm_op.h -D__DSP48E2__ -g -o /home/sai/Desktop/Looping_Hardware-design/hls_src/U_plane_src/Uplane_depacketiser/solution1/.autopilot/db/uplane_depacketiser.bc
Command       clang done; 2.2 sec.
INFO-FLOW: Linking Debug ...
Execute       llvm-ld /home/sai/Desktop/Looping_Hardware-design/hls_src/U_plane_src/Uplane_depacketiser/solution1/.autopilot/db/uplane_depacketiser.g.bc -hls-opt -except-internalize uplane_depacketiser -L/opt/Xilinx_19.1/Vivado/2019.1/lnx64/lib -lhlsm -lhlsmc++ -o /home/sai/Desktop/Looping_Hardware-design/hls_src/U_plane_src/Uplane_depacketiser/solution1/.autopilot/db/a.g 
Command       llvm-ld done; 0.97 sec.
INFO: [HLS 200-111] Finished Linking Time (s): cpu = 00:00:14 ; elapsed = 00:00:15 . Memory (MB): peak = 885.453 ; gain = 195.176 ; free physical = 403 ; free virtual = 41310
INFO: [HLS 200-111] Finished Checking Pragmas Time (s): cpu = 00:00:14 ; elapsed = 00:00:15 . Memory (MB): peak = 885.453 ; gain = 195.176 ; free physical = 403 ; free virtual = 41310
Execute       get_config_sdx -target 
Execute       opt_and_import_c a -opt_level=2 -skip_syncheck=0 -ng=0 -keep_printf=0 
Execute         cleanup_all_models 
INFO: [HLS 200-10] Starting code transformations ...
Execute         transform -promote-dbg-pointer /home/sai/Desktop/Looping_Hardware-design/hls_src/U_plane_src/Uplane_depacketiser/solution1/.autopilot/db/a.pp.bc -o /home/sai/Desktop/Looping_Hardware-design/hls_src/U_plane_src/Uplane_depacketiser/solution1/.autopilot/db/a.pp.0.bc -f 
Execute         llvm-ld /home/sai/Desktop/Looping_Hardware-design/hls_src/U_plane_src/Uplane_depacketiser/solution1/.autopilot/db/a.pp.0.bc -disable-opt -L/opt/Xilinx_19.1/Vivado/2019.1/lnx64/lib -lfloatconversion -o /home/sai/Desktop/Looping_Hardware-design/hls_src/U_plane_src/Uplane_depacketiser/solution1/.autopilot/db/a.g.0 
Command         llvm-ld done; 0.96 sec.
INFO-FLOW: Running Standard Transforms...
Execute         transform -hls -share-std-xform -demangle-name -inline-byval-memcpy -always-inline -promote-dbg-pointer -interface-preproc -mem2reg -scalarrepl -mem2reg -keep-read-access -instcombine -dce -promote-dbg-pointer -bitop-raise -loop-simplify -indvarspre -indvars -loop-simplify -xunroll -constprop -instcombine -simplifycfg -indvars -simplifycfg -dce -globaldce -basicaa -simplifycfg -mem2reg -globalopt -global-constprop -deadargelim -instcombine -simplifycfg -prune-eh -simplifycfg -scalarrepl -instcombine -reassociate -licm -simplifycfg -loop-simplify -indvars -instcombine -simplifycfg -mem2reg -loop-simplify -indvars -instcombine -gvn -gvn -instcombine -adce -break-crit-edges -simplifycfg -loop-delete -global-array-opt -dce -dse -adce -find-syn-modules -top uplane_depacketiser -deadargelim -mem2reg -instcombine -dce -presyn-prepare -auto-rom-infer -interface-preproc -syn-check -check-rec-only -find-region -simplifycfg -func-extr -function-inline -globaldce -mem2reg -instcombine -dce -gvn -globaldce -adce -adse -constprop -instcombine -bit-constprop -instcombine -dce -simplifycfg -bitop-raise -simplifycfg -dce -loop-delete -reassociate -globalopt -global-privatize -mem2reg -dce -global-constprop -pointer-simplify -constprop -dce -func-inst -deadargelim -auto-shift-reg-idiom -promote-dbg-pointer -norm-name /home/sai/Desktop/Looping_Hardware-design/hls_src/U_plane_src/Uplane_depacketiser/solution1/.autopilot/db/a.g.0.bc -o /home/sai/Desktop/Looping_Hardware-design/hls_src/U_plane_src/Uplane_depacketiser/solution1/.autopilot/db/a.g.1.bc -f -phase std-opt 
Command         transform done; 0.32 sec.
INFO: [HLS 200-111] Finished Standard Transforms Time (s): cpu = 00:00:15 ; elapsed = 00:00:16 . Memory (MB): peak = 885.453 ; gain = 195.176 ; free physical = 382 ; free virtual = 41295
INFO: [HLS 200-10] Checking synthesizability ...
INFO-FLOW: Checking Synthesizability 1/2..
Execute         transform -hls -syn-check -check-rec-only -disaggr -scalarrepl -norm-name -dce -mem2reg -instcombine -function-uniquify -directive-preproc -mem2reg -dse -dce -auto-rom-infer -dce -pag -array-normalize -instcombine -dce -warn-fifo-pointer -array-seg-normalize -instcombine -dce -array-flatten -instcombine -dce -array-burst -dce -deadargelim -promote-global-argument -simplifycfg -mem2reg -globaldce -dce -deadargelim -dce -instcombine -function-inline -globaldce -dce -doublePtrSimplify -doublePtrElim -dce -doublePtrSimplify -promote-dbg-pointer -dce -scalarrepl -dse -adse -instcombine -ptrLegalization -simplifycfg -dce -instcombine -pointer-simplify -ptrArgReplace -dce -instcombine -resolve-double-ptr -disaggr -scalarrepl -norm-name -dce -mem2reg -instcombine -ptrLegalization -simplifycfg -deadargelim -instcombine -dce -inst-simplify -function-uniquify -directive-preproc -mem2reg -dse -dce -globaldce -check-dspbuiltin /home/sai/Desktop/Looping_Hardware-design/hls_src/U_plane_src/Uplane_depacketiser/solution1/.autopilot/db/a.g.1.bc -o /home/sai/Desktop/Looping_Hardware-design/hls_src/U_plane_src/Uplane_depacketiser/solution1/.autopilot/db/a.g.2.prechk.bc -f 
Command         transform done; 0.14 sec.
INFO-FLOW: Checking Synthesizability 2/2..
Execute         transform -syn-check /home/sai/Desktop/Looping_Hardware-design/hls_src/U_plane_src/Uplane_depacketiser/solution1/.autopilot/db/a.g.2.prechk.bc -o /home/sai/Desktop/Looping_Hardware-design/hls_src/U_plane_src/Uplane_depacketiser/solution1/.autopilot/db/a.g.2.bc -f -phase syn-check 
INFO: [HLS 200-111] Finished Checking Synthesizability Time (s): cpu = 00:00:15 ; elapsed = 00:00:16 . Memory (MB): peak = 885.453 ; gain = 195.176 ; free physical = 376 ; free virtual = 41290
INFO-FLOW: Compiler optimizing ...
INFO-FLOW: Share syncheck's 1.bc for syn flow: copy /home/sai/Desktop/Looping_Hardware-design/hls_src/U_plane_src/Uplane_depacketiser/solution1/.autopilot/db/a.g.1.bc to /home/sai/Desktop/Looping_Hardware-design/hls_src/U_plane_src/Uplane_depacketiser/solution1/.autopilot/db/a.o.1.bc
INFO-FLOW: Presyn 1...
Execute         transform -hls -tmp /home/sai/Desktop/Looping_Hardware-design/hls_src/U_plane_src/Uplane_depacketiser/solution1/.autopilot/db -interface-port-rename -type-info -function-uniquify -directive-preproc -mem2reg -dse -dce -disaggr -scalarrepl -norm-name -deadargelim -mem2reg -instcombine -dce -simplifycfg -auto-rom-infer -dce -function-uniquify -resource-proc -clib-intrinsic-prepare -dce -func-buffer -dce -pag -array-normalize -func-legal -instcombine -gvn -constprop -dce -simplifycfg -mem2reg -globaldce -resolve-double-ptr -dce -deadargelim -dce -instcombine -ptrArgReplace -mem2reg -dce -array-seg-normalize -deadargelim -instcombine -dce -pointer-simplify -dce -port-alignment -dce -interface-preproc -data-pack -instcombine -dce -basicaa -aggr-aa -aggrmodref-aa -aggr-aa -gvn -gvn -basicaa -aggr-aa -aggrmodref-aa -aggr-aa -dse -adse -adce -loop-simplify -indvars -instcombine -gvn -loop-simplify -mem2reg -dce -find-region -instcombine -auto-loop-pipeline -inst-simplify -interface-preproc -cfgopt -instcombine -indvars -auto-loop-unroll -loop-simplify -loop-bound -xunroll -constprop -instcombine -simplifycfg -indvars -simplifycfg -dce -globaldce -clean-region -attach-range -gvn -inst-simplify -constprop -simplifycfg -dce -pointer-simplify -dce -globalopt -constprop -dce -array-promote -constprop -dce -ptrArgReplace -mem2reg -simplifycfg -dce -auto-par -instcombine -dce -array-transform-check -array-reshape -instcombine -simplifycfg -dce -ptrArgReplace -deadargelim -mem2reg -instcombine -simplifycfg -dce -indvars -loop-simplify -loop-bound -xunroll -constprop -instcombine -simplifycfg -indvars -simplifycfg -dce -globaldce -basicaa -aggr-aa -aggrmodref-aa -aggr-aa -dse -duplicate-dataflow-processes -globaldce -instcombine -array-partition -instcombine -simplifycfg -dce -ptrArgReplace -global-constprop -deadargelim -mem2reg -func-legal -dce -global-constprop -deadargelim -mem2reg -simplifycfg -dce -merge-param -deadargelim -globalopt -constprop -dce -array-promote -constprop -dce -ptrArgReplace -mem2reg -simplifycfg -dce -mem-intrinsic-preproc -dce -global-internalize -global-privatize -mem2reg -globaldce -promote-global-argument -ptrArgReplace -mem2reg -dce -globalopt -mergereturn -simplify-global-access -mem2reg -dce -pointer-simplify -dce -functionattrs -basicaa -aggr-aa -aggrmodref-aa -aggr-aa -gvn -gvn -basicaa -aggr-aa -aggrmodref-aa -aggr-aa -dse -adse -adce -dce -norm-name -function-inline -complex-op-raise -inst-simplify -globaldce -func-inst -constprop -instcombine -simplifycfg -dce -func-legal -dce -loop-bound -arraycheck -bitwidthmin -on-by-dataflow -loop-delete -instcombine -simplifycfg -globaldce -dce -gvn -deadargelim -dce -loop-simplify -clean-region -simplifycfg -propagate-stable-arguments -loop-stream -instcombine -simplifycfg -dce -globaldce -duplicate-dataflow-processes -stream-intrinsic-preproc -dce -check-ap-stream -loop-simplify -eliminate-keepreads -extract-dataflow-in-loop -loop-simplify -dce -gvn -deadargelim -dse -check-dataflow-syntax -legalize-stream-variable -legalize-global -extract-subproc -dce -dead-channel-elimination -canonicalize-gep -globaldce -dce -gvn -deadargelim -annotate-dataflow-channels -scalar-propagation -deadargelim -globaldce -mem2reg -check-dataflow-channels -function-stream -dce -globaldce -prop-fifo-spec -internal-stream-gen -canonicalize-gep -globaldce -dce -gvn -deadargelim -mergereturn -indvars -loop-simplify -instcombine -array-stream -array-seg-normalize -array-partition -func-legal -instcombine -simplifycfg -dce -bundle-memfifo-ops -deadargelim -function-uniquify -directive-preproc -mem2reg -dse -dce -group-axi-access -licm -simplifycfg -dce -loop-delete -norm-name /home/sai/Desktop/Looping_Hardware-design/hls_src/U_plane_src/Uplane_depacketiser/solution1/.autopilot/db/a.o.1.bc -o /home/sai/Desktop/Looping_Hardware-design/hls_src/U_plane_src/Uplane_depacketiser/solution1/.autopilot/db/a.o.1.tmp.bc -f 
Command         transform done; 0.31 sec.
INFO-FLOW: Presyn 2...
Execute         transform -hls -keep-callgraph -scalarrepl -mem2reg -port-alignment -attach-range -dce -pipe-mux-gen -indvars -loop-bound -inst-simplify -instcombine -dce -merge-array-access -mem2reg -dce -clean-region -mergereturn -if-conv -instcombine -dce -constprop -basicaa -aggr-aa -aggrmodref-aa -aggr-aa -gvn -gvn -basicaa -aggr-aa -aggrmodref-aa -aggr-aa -dse -adse -adce -scalarrepl -mem2reg -global-constprop -deadargelim -deadargelim -instcombine -dce -simplifycfg -ptrArgReplace -mem2reg -function-inline -globaldce -mem2reg -instcombine -dce -expr-balance -instcombine -dce -bitwidthmin -interface-preproc -directive-preproc -inst-rectify -instcombine -dce -functionattrs -constprop -instcombine -bit-constprop -simplify-global-access -globalopt -globaldce -inst-simplify -instcombine -elimdeaddata -dce -loop-delete -simplifycfg -loop-simplify -auto-burst -norm-name /home/sai/Desktop/Looping_Hardware-design/hls_src/U_plane_src/Uplane_depacketiser/solution1/.autopilot/db/a.o.1.tmp.bc -o /home/sai/Desktop/Looping_Hardware-design/hls_src/U_plane_src/Uplane_depacketiser/solution1/.autopilot/db/a.o.2.bc -f -phase presyn 
INFO: [XFORM 203-401] Performing if-conversion on hyperblock from (Uplane_depacketiser/uplane_depacketiser.cpp:176:12) to (Uplane_depacketiser/uplane_depacketiser.cpp:217:3) in function 'uplane_depacketiser'... converting 4 basic blocks.
Command         transform done; 0.17 sec.
INFO: [HLS 200-111] Finished Pre-synthesis Time (s): cpu = 00:00:16 ; elapsed = 00:00:17 . Memory (MB): peak = 885.453 ; gain = 195.176 ; free physical = 348 ; free virtual = 41263
INFO-FLOW: Building ssdm...
Execute         transform -hls -function-uniquify -auto-function-inline -globaldce -ptrArgReplace -mem2reg -dce -reset-lda -loop-simplify -indvars -licm -loop-dep -loop-bound -licm -loop-simplify -flattenloopnest -array-flatten -gvn -instcombine -dce -array-map -dce -func-legal -gvn -adce -instcombine -cfgopt -simplifycfg -loop-simplify -array-burst -promote-global-argument -dce -ptrLegalization -axi4-lower -array-seg-normalize -basicaa -aggrmodref-aa -globalsmodref-aa -aggr-aa -gvn -gvn -basicaa -aggrmodref-aa -globalsmodref-aa -aggr-aa -dse -adse -adce -licm -inst-simplify -dce -globaldce -instcombine -array-stream -eliminate-keepreads -instcombine -dce -deadargelim -doublePtrSimplify -doublePtrElim -dce -doublePtrSimplify -promote-dbg-pointer -dce -scalarrepl -mem2reg -disaggr -norm-name -mem2reg -instcombine -dse -adse -adce -ptrLegalization -dce -auto-rom-infer -array-flatten -dce -instcombine -check-doubleptr -loop-rot -constprop -cfgopt -simplifycfg -loop-simplify -indvars -pointer-simplify -dce -loop-bound -loop-simplify -loop-preproc -constprop -global-constprop -gvn -mem2reg -instcombine -dce -loop-bound -loop-merge -dce -bitwidthmin -deadargelim -dce -canonicalize-dataflow -dce -scalar-propagation -deadargelim -globaldce -mem2reg -read-loop-dep -interface-preproc -directive-preproc -interface-gen -bram-byte-enable -deadargelim -inst-simplify -dce -gvn -mem2reg -instcombine -dce -adse -loop-bound -instcombine -cfgopt -simplifycfg -loop-simplify -clean-region -io-protocol -find-region -mem2reg -bitop-raise -complex-op-raise -inst-simplify -inst-rectify -instcombine -adce -deadargelim -loop-simplify -phi-opt -bitop-raise -cfgopt -simplifycfg -strip-dead-prototypes -interface-lower -bitop-lower -intrinsic-lower -auto-function-inline -basicaa -aggrmodref-aa -globalsmodref-aa -aggr-aa -inst-simplify -simplifycfg -loop-simplify -mergereturn -inst-simplify -inst-rectify -dce -load-elim -bitop-lower -loop-rewind -pointer-simplify -dce -cfgopt -dce -loop-bound -loop-dep -read-loop-dep -dce -check-stream -norm-name -legalize -validate-dataflow -inst-clarity -bitwidth -dump-loop-dep-to-ir -check-all-ssdm -cdfg-build /home/sai/Desktop/Looping_Hardware-design/hls_src/U_plane_src/Uplane_depacketiser/solution1/.autopilot/db/a.o.2.bc -o /home/sai/Desktop/Looping_Hardware-design/hls_src/U_plane_src/Uplane_depacketiser/solution1/.autopilot/db/a.o.3.bc -f -phase build-ssdm 
Command         transform done; 0.26 sec.
INFO: [HLS 200-111] Finished Architecture Synthesis Time (s): cpu = 00:00:16 ; elapsed = 00:00:17 . Memory (MB): peak = 885.453 ; gain = 195.176 ; free physical = 345 ; free virtual = 41260
INFO-FLOW: Finish building internal data model.
Command       opt_and_import_c done; 2.27 sec.
Command     elaborate done; 15.31 sec.
Execute     autosyn -from_csynth_design=1 
INFO: [HLS 200-10] Starting hardware synthesis ...
INFO-FLOW: Synthesizing C/C++ design ...
INFO: [HLS 200-10] Synthesizing 'uplane_depacketiser' ...
Execute       ap_set_top_model uplane_depacketiser 
Execute       get_model_list uplane_depacketiser -filter all-wo-channel -topdown 
Execute       preproc_iomode -model uplane_depacketiser 
Execute       get_model_list uplane_depacketiser -filter all-wo-channel 
INFO-FLOW: Model list for configure: uplane_depacketiser
INFO-FLOW: Configuring Module : uplane_depacketiser ...
Execute       set_default_model uplane_depacketiser 
Execute       apply_spec_resource_limit uplane_depacketiser 
INFO-FLOW: Model list for preprocess: uplane_depacketiser
INFO-FLOW: Preprocessing Module: uplane_depacketiser ...
Execute       set_default_model uplane_depacketiser 
Execute       cdfg_preprocess -model uplane_depacketiser 
Execute       rtl_gen_preprocess uplane_depacketiser 
INFO-FLOW: Model list for synthesis: uplane_depacketiser
INFO: [HLS 200-10] ----------------------------------------------------------------
INFO: [HLS 200-42] -- Implementing module 'uplane_depacketiser' 
INFO: [HLS 200-10] ----------------------------------------------------------------
Execute       set_default_model uplane_depacketiser 
Execute       schedule -model uplane_depacketiser 
INFO: [SCHED 204-11] Starting scheduling ...
INFO: [SCHED 204-61] Pipelining function 'uplane_depacketiser'.
INFO: [SCHED 204-61] Pipelining result : Target II = 1, Final II = 1, Depth = 3.
INFO: [SCHED 204-11] Finished scheduling.
INFO: [HLS 200-111]  Elapsed time: 17.06 seconds; current allocated memory: 137.469 MB.
Execute       syn_report -verbosereport -o /home/sai/Desktop/Looping_Hardware-design/hls_src/U_plane_src/Uplane_depacketiser/solution1/.autopilot/db/uplane_depacketiser.verbose.sched.rpt 
Execute       db_write -o /home/sai/Desktop/Looping_Hardware-design/hls_src/U_plane_src/Uplane_depacketiser/solution1/.autopilot/db/uplane_depacketiser.sched.adb -f 
INFO-FLOW: Finish scheduling uplane_depacketiser.
Execute       set_default_model uplane_depacketiser 
Execute       bind -model uplane_depacketiser 
BIND OPTION: model=uplane_depacketiser
INFO: [BIND 205-100] Starting micro-architecture generation ...
INFO: [BIND 205-101] Performing variable lifetime analysis.
INFO: [BIND 205-101] Exploring resource sharing.
INFO: [BIND 205-101] Binding ...
INFO: [BIND 205-100] Finished micro-architecture generation.
INFO: [HLS 200-111]  Elapsed time: 0.05 seconds; current allocated memory: 138.217 MB.
Execute       syn_report -verbosereport -o /home/sai/Desktop/Looping_Hardware-design/hls_src/U_plane_src/Uplane_depacketiser/solution1/.autopilot/db/uplane_depacketiser.verbose.bind.rpt 
Execute       db_write -o /home/sai/Desktop/Looping_Hardware-design/hls_src/U_plane_src/Uplane_depacketiser/solution1/.autopilot/db/uplane_depacketiser.bind.adb -f 
INFO-FLOW: Finish binding uplane_depacketiser.
Execute       get_model_list uplane_depacketiser -filter all-wo-channel 
INFO-FLOW: Preprocessing for RTLGen ...
Execute       rtl_gen_preprocess uplane_depacketiser 
INFO-FLOW: Model list for RTL generation: uplane_depacketiser
INFO: [HLS 200-10] ----------------------------------------------------------------
INFO: [HLS 200-10] -- Generating RTL for module 'uplane_depacketiser' 
INFO: [HLS 200-10] ----------------------------------------------------------------
Execute       get_config_rtl -module_prefix 
Execute       get_config_rtl -module_auto_prefix 
Execute       create_rtl_model uplane_depacketiser -vendor xilinx -mg_file /home/sai/Desktop/Looping_Hardware-design/hls_src/U_plane_src/Uplane_depacketiser/solution1/.autopilot/db/uplane_depacketiser.compgen.tcl 
INFO: [RTGEN 206-500] Setting interface mode on port 'uplane_depacketiser/data_in_V_data_V' to 'axis' (register, both mode).
INFO: [RTGEN 206-500] Setting interface mode on port 'uplane_depacketiser/data_in_V_last_V' to 'axis' (register, both mode).
INFO: [RTGEN 206-500] Setting interface mode on port 'uplane_depacketiser/data_out_V_IQ_data_V' to 'axis' (register, both mode).
INFO: [RTGEN 206-500] Setting interface mode on port 'uplane_depacketiser/data_out_V_last_V' to 'axis' (register, both mode).
INFO: [RTGEN 206-500] Setting interface mode on port 'uplane_depacketiser/count_PRBs_V' to 'ap_none'.
INFO: [RTGEN 206-500] Setting interface mode on port 'uplane_depacketiser/PRB_count_each_section_V' to 'ap_none'.
WARNING: [RTGEN 206-101] Port 'PRB_count_each_section_V' with mode 'ap_none' may require an associated data valid signal to correctly communicate with other blocks or a test bench; automatic C/RTL co-simulation may not be able to verify such a port.
INFO: [RTGEN 206-500] Setting interface mode on port 'uplane_depacketiser/depack_symbol_number_V' to 'ap_none'.
WARNING: [RTGEN 206-101] Port 'depack_symbol_number_V' with mode 'ap_none' may require an associated data valid signal to correctly communicate with other blocks or a test bench; automatic C/RTL co-simulation may not be able to verify such a port.
INFO: [RTGEN 206-500] Setting interface mode on port 'uplane_depacketiser/iq_msg_state_out_V' to 'ap_none'.
WARNING: [RTGEN 206-101] Port 'iq_msg_state_out_V' with mode 'ap_none' may require an associated data valid signal to correctly communicate with other blocks or a test bench; automatic C/RTL co-simulation may not be able to verify such a port.
INFO: [RTGEN 206-500] Setting interface mode on function 'uplane_depacketiser' to 'ap_ctrl_none'.
WARNING: [RTGEN 206-101] Port 'uplane_depacketiser/count_PRBs_V' has no fanin or fanout and is left dangling.
               Please use C simulation to confirm this function argument can be read from or written to.
INFO: [RTGEN 206-100] Finished creating RTL model for 'uplane_depacketiser'.
INFO: [HLS 200-111]  Elapsed time: 0.12 seconds; current allocated memory: 139.579 MB.
Execute       source /home/sai/Desktop/Looping_Hardware-design/hls_src/U_plane_src/Uplane_depacketiser/solution1/.autopilot/db/uplane_depacketiser.rtl_wrap.cfg.tcl 
Execute       gen_rtl uplane_depacketiser -istop -style xilinx -tracefl mytrace -tracefmt vcd -traceopt all -f -lang sc -o /home/sai/Desktop/Looping_Hardware-design/hls_src/U_plane_src/Uplane_depacketiser/solution1/syn/systemc/uplane_depacketiser -synmodules uplane_depacketiser 
Execute       gen_rtl uplane_depacketiser -istop -style xilinx -f -lang vhdl -o /home/sai/Desktop/Looping_Hardware-design/hls_src/U_plane_src/Uplane_depacketiser/solution1/syn/vhdl/uplane_depacketiser 
Execute       gen_rtl uplane_depacketiser -istop -style xilinx -f -lang vlog -o /home/sai/Desktop/Looping_Hardware-design/hls_src/U_plane_src/Uplane_depacketiser/solution1/syn/verilog/uplane_depacketiser 
Execute       syn_report -csynth -model uplane_depacketiser -o /home/sai/Desktop/Looping_Hardware-design/hls_src/U_plane_src/Uplane_depacketiser/solution1/syn/report/uplane_depacketiser_csynth.rpt 
Execute       syn_report -rtlxml -model uplane_depacketiser -o /home/sai/Desktop/Looping_Hardware-design/hls_src/U_plane_src/Uplane_depacketiser/solution1/syn/report/uplane_depacketiser_csynth.xml 
Execute       syn_report -verbosereport -model uplane_depacketiser -o /home/sai/Desktop/Looping_Hardware-design/hls_src/U_plane_src/Uplane_depacketiser/solution1/.autopilot/db/uplane_depacketiser.verbose.rpt 
Execute       db_write -model uplane_depacketiser -f -o /home/sai/Desktop/Looping_Hardware-design/hls_src/U_plane_src/Uplane_depacketiser/solution1/.autopilot/db/uplane_depacketiser.adb 
Execute       gen_tb_info uplane_depacketiser -p /home/sai/Desktop/Looping_Hardware-design/hls_src/U_plane_src/Uplane_depacketiser/solution1/.autopilot/db -o /home/sai/Desktop/Looping_Hardware-design/hls_src/U_plane_src/Uplane_depacketiser/solution1/.autopilot/db/uplane_depacketiser 
Execute       export_constraint_db -f -tool general -o /home/sai/Desktop/Looping_Hardware-design/hls_src/U_plane_src/Uplane_depacketiser/solution1/.autopilot/db/uplane_depacketiser.constraint.tcl 
Execute       syn_report -designview -model uplane_depacketiser -o /home/sai/Desktop/Looping_Hardware-design/hls_src/U_plane_src/Uplane_depacketiser/solution1/.autopilot/db/uplane_depacketiser.design.xml 
Execute       get_config_rtl -disable_wave_debug 
Execute       syn_report -wcfg -model uplane_depacketiser -o /home/sai/Desktop/Looping_Hardware-design/hls_src/U_plane_src/Uplane_depacketiser/solution1/.autopilot/db/uplane_depacketiser_dataflow_ana.wcfg 
Execute       syn_report -protoinst -model uplane_depacketiser -o /home/sai/Desktop/Looping_Hardware-design/hls_src/U_plane_src/Uplane_depacketiser/solution1/.autopilot/db/uplane_depacketiser.protoinst 
Execute       get_config_debug -directory 
Execute       sc_get_clocks uplane_depacketiser 
Execute       get_config_export -vivado_clock 
Execute       sc_get_portdomain uplane_depacketiser 
INFO-FLOW: Model list for RTL component generation: uplane_depacketiser
INFO-FLOW: Handling components in module [uplane_depacketiser] ... 
Execute       source /home/sai/Desktop/Looping_Hardware-design/hls_src/U_plane_src/Uplane_depacketiser/solution1/.autopilot/db/uplane_depacketiser.compgen.tcl 
INFO-FLOW: Append model uplane_depacketiser
INFO-FLOW: Generating RTL model list ...
INFO-FLOW: All models in this session: uplane_depacketiser
INFO-FLOW: To file: write model uplane_depacketiser
INFO-FLOW: Finished generating RTL model list.


INFO-FLOW: RTL Generation done.
INFO-FLOW: CAS Generation done.
INFO-FLOW: CBC Generation done.
INFO-FLOW: DBG:CMD: auto_generate_csynth_design
INFO-FLOW: DBG:CMD:     auto_generate --sim-model -phase csynth_design -d /home/sai/Desktop/Looping_Hardware-design/hls_src/U_plane_src/Uplane_depacketiser/solution1
Execute       source /home/sai/Desktop/Looping_Hardware-design/hls_src/U_plane_src/Uplane_depacketiser/solution1/.autopilot/db/global.setting.tcl 
INFO-FLOW: DBG:CMD: read_platform_lib /home/sai/Desktop/Looping_Hardware-design/hls_src/U_plane_src/Uplane_depacketiser/solution1/.autopilot/db/global.setting.tcl
Execute       source /opt/Xilinx_19.1/Vivado/2019.1/common/technology/generic/autopilot/common.gen 
Execute         source /opt/Xilinx_19.1/Vivado/2019.1/common/technology/generic/autopilot/APCoreGen.gen 
Execute       source /opt/Xilinx_19.1/Vivado/2019.1/common/technology/generic/autopilot/op.gen 
Execute       source /opt/Xilinx_19.1/Vivado/2019.1/common/technology/generic/autopilot/op_simcore.gen 
Execute       source /opt/Xilinx_19.1/Vivado/2019.1/common/technology/generic/autopilot/interface.gen 
Execute       source /home/sai/Desktop/Looping_Hardware-design/hls_src/U_plane_src/Uplane_depacketiser/solution1/.autopilot/db/global.setting.tcl 
Execute       source /opt/Xilinx_19.1/Vivado/2019.1/common/technology/xilinx/zynquplus/zynquplus.gen 
Execute         source /opt/Xilinx_19.1/Vivado/2019.1/common/technology/xilinx/common/xilinx.gen 
Execute           source /opt/Xilinx_19.1/Vivado/2019.1/common/technology/xilinx/interface/plb46.gen 
Execute           source /opt/Xilinx_19.1/Vivado/2019.1/common/technology/xilinx/interface/fsl.gen 
Execute           source /opt/Xilinx_19.1/Vivado/2019.1/common/technology/xilinx/interface/axi4.gen 
Execute           source /opt/Xilinx_19.1/Vivado/2019.1/common/technology/xilinx/interface/nativeAXI4.gen 
Execute             source /opt/Xilinx_19.1/Vivado/2019.1/common/technology/xilinx/interface/saxilite.gen 
Execute             source /opt/Xilinx_19.1/Vivado/2019.1/common/technology/xilinx/interface/maxi.gen 
Execute           source /opt/Xilinx_19.1/Vivado/2019.1/common/technology/xilinx/scripts/xilinxcoregen.gen 
Execute           source /opt/Xilinx_19.1/Vivado/2019.1/common/technology/xilinx/interface/XilEDKCoreGen.gen 
Execute           source /opt/Xilinx_19.1/Vivado/2019.1/common/technology/xilinx/ip/dds_compiler.gen 
Execute           source /opt/Xilinx_19.1/Vivado/2019.1/common/technology/xilinx/ip/util.gen 
Execute           source /opt/Xilinx_19.1/Vivado/2019.1/common/technology/xilinx/ip/xfft.gen 
Execute           source /opt/Xilinx_19.1/Vivado/2019.1/common/technology/xilinx/ip/xfir.gen 
Execute           source /opt/Xilinx_19.1/Vivado/2019.1/common/technology/xilinx/common/dsp48.gen 
Command         ap_source done; 0.12 sec.
Command       ap_source done; 0.12 sec.
Execute       source /opt/Xilinx_19.1/Vivado/2019.1/common/technology/xilinx/zynquplus/zynquplus_fpv7.gen 
Execute         source /opt/Xilinx_19.1/Vivado/2019.1/common/technology/xilinx/common/xilinx_fp.gen 
INFO-FLOW: DBG:CMD:   using AESL_AUTOCG::g_clock_period=3.200 (was NA)
INFO-FLOW: DBG:CMD:       generate_ip_cores sim=1 export=0 expOnly=0 dstVlogDir=syn/verilog
Execute       source /home/sai/Desktop/Looping_Hardware-design/hls_src/U_plane_src/Uplane_depacketiser/solution1/.autopilot/db/global.setting.tcl 
Execute       ap_part_info -name xczu19eg-ffvd1760-3-e -data names -quiet 
Execute       ap_part_info -name xczu19eg-ffvd1760-3-e -data info -quiet 
Execute       source /home/sai/Desktop/Looping_Hardware-design/hls_src/U_plane_src/Uplane_depacketiser/solution1/.autopilot/db/global.setting.tcl 
Execute       source /home/sai/Desktop/Looping_Hardware-design/hls_src/U_plane_src/Uplane_depacketiser/solution1/.autopilot/db/global.setting.tcl 
Execute       source /home/sai/Desktop/Looping_Hardware-design/hls_src/U_plane_src/Uplane_depacketiser/solution1/.autopilot/db/uplane_depacketiser.compgen.tcl 
INFO-FLOW: DBG:CMD:     auto_generate -export -impltomg_flag -rtl both -tool Vivado -pcore_version 1.00.a -phase csynth_design -d /home/sai/Desktop/Looping_Hardware-design/hls_src/U_plane_src/Uplane_depacketiser/solution1
Execute       source /home/sai/Desktop/Looping_Hardware-design/hls_src/U_plane_src/Uplane_depacketiser/solution1/.autopilot/db/global.setting.tcl 
INFO-FLOW: DBG:CMD: read_platform_lib /home/sai/Desktop/Looping_Hardware-design/hls_src/U_plane_src/Uplane_depacketiser/solution1/.autopilot/db/global.setting.tcl
Execute       source /opt/Xilinx_19.1/Vivado/2019.1/common/technology/generic/autopilot/common.gen 
Execute         source /opt/Xilinx_19.1/Vivado/2019.1/common/technology/generic/autopilot/APCoreGen.gen 
Execute       source /opt/Xilinx_19.1/Vivado/2019.1/common/technology/generic/autopilot/op.gen 
Execute       source /opt/Xilinx_19.1/Vivado/2019.1/common/technology/generic/autopilot/op_simcore.gen 
Execute       source /opt/Xilinx_19.1/Vivado/2019.1/common/technology/generic/autopilot/interface.gen 
Execute       source /home/sai/Desktop/Looping_Hardware-design/hls_src/U_plane_src/Uplane_depacketiser/solution1/.autopilot/db/global.setting.tcl 
Execute       source /opt/Xilinx_19.1/Vivado/2019.1/common/technology/xilinx/zynquplus/zynquplus.gen 
Execute         source /opt/Xilinx_19.1/Vivado/2019.1/common/technology/xilinx/common/xilinx.gen 
Execute           source /opt/Xilinx_19.1/Vivado/2019.1/common/technology/xilinx/interface/plb46.gen 
Execute           source /opt/Xilinx_19.1/Vivado/2019.1/common/technology/xilinx/interface/fsl.gen 
Execute           source /opt/Xilinx_19.1/Vivado/2019.1/common/technology/xilinx/interface/axi4.gen 
Execute           source /opt/Xilinx_19.1/Vivado/2019.1/common/technology/xilinx/interface/nativeAXI4.gen 
Execute             source /opt/Xilinx_19.1/Vivado/2019.1/common/technology/xilinx/interface/saxilite.gen 
Execute             source /opt/Xilinx_19.1/Vivado/2019.1/common/technology/xilinx/interface/maxi.gen 
Execute           source /opt/Xilinx_19.1/Vivado/2019.1/common/technology/xilinx/scripts/xilinxcoregen.gen 
Execute           source /opt/Xilinx_19.1/Vivado/2019.1/common/technology/xilinx/interface/XilEDKCoreGen.gen 
Execute           source /opt/Xilinx_19.1/Vivado/2019.1/common/technology/xilinx/ip/dds_compiler.gen 
Execute           source /opt/Xilinx_19.1/Vivado/2019.1/common/technology/xilinx/ip/util.gen 
Execute           source /opt/Xilinx_19.1/Vivado/2019.1/common/technology/xilinx/ip/xfft.gen 
Execute           source /opt/Xilinx_19.1/Vivado/2019.1/common/technology/xilinx/ip/xfir.gen 
Execute           source /opt/Xilinx_19.1/Vivado/2019.1/common/technology/xilinx/common/dsp48.gen 
Command         ap_source done; 0.11 sec.
Command       ap_source done; 0.11 sec.
Execute       source /opt/Xilinx_19.1/Vivado/2019.1/common/technology/xilinx/zynquplus/zynquplus_fpv7.gen 
Execute         source /opt/Xilinx_19.1/Vivado/2019.1/common/technology/xilinx/common/xilinx_fp.gen 
INFO-FLOW: DBG:CMD:       initCTypeInfo top_module=uplane_depacketiser xml_exists=0
Execute       source /home/sai/Desktop/Looping_Hardware-design/hls_src/U_plane_src/Uplane_depacketiser/solution1/.autopilot/db/uplane_depacketiser.rtl_wrap.cfg.tcl 
Execute       source /home/sai/Desktop/Looping_Hardware-design/hls_src/U_plane_src/Uplane_depacketiser/solution1/.autopilot/db/uplane_depacketiser.rtl_wrap.cfg.tcl 
Execute       source /home/sai/Desktop/Looping_Hardware-design/hls_src/U_plane_src/Uplane_depacketiser/solution1/.autopilot/db/uplane_depacketiser.rtl_wrap.cfg.tcl 
Execute       source /home/sai/Desktop/Looping_Hardware-design/hls_src/U_plane_src/Uplane_depacketiser/solution1/.autopilot/db/uplane_depacketiser.tbgen.tcl 
Execute       source /home/sai/Desktop/Looping_Hardware-design/hls_src/U_plane_src/Uplane_depacketiser/solution1/.autopilot/db/uplane_depacketiser.tbgen.tcl 
INFO-FLOW: DBG:CMD:       export_impl_rtl
INFO-FLOW: DBG:CMD:       generate_ip_cores sim=0 export=0 expOnly=0 dstVlogDir=impl/.verilog
Execute       source /home/sai/Desktop/Looping_Hardware-design/hls_src/U_plane_src/Uplane_depacketiser/solution1/.autopilot/db/global.setting.tcl 
Execute       source /home/sai/Desktop/Looping_Hardware-design/hls_src/U_plane_src/Uplane_depacketiser/solution1/.autopilot/db/uplane_depacketiser.compgen.tcl 
INFO-FLOW: DBG:CMD:       generate_ip_cores sim=0 export=1 expOnly=1 dstVlogDir=impl/.pcores/verilog
Execute       source /home/sai/Desktop/Looping_Hardware-design/hls_src/U_plane_src/Uplane_depacketiser/solution1/.autopilot/db/global.setting.tcl 
Execute       source /home/sai/Desktop/Looping_Hardware-design/hls_src/U_plane_src/Uplane_depacketiser/solution1/.autopilot/db/uplane_depacketiser.compgen.tcl 
Execute         ap_part_info -name xczu19eg-ffvd1760-3-e -data names -quiet 
Execute         ap_part_info -name xczu19eg-ffvd1760-3-e -data info -quiet 
Execute         ap_part_info -name xczu19eg-ffvd1760-3-e -data names -quiet 
Execute         ap_part_info -name xczu19eg-ffvd1760-3-e -data info -quiet 
Execute         ap_part_info -name xczu19eg-ffvd1760-3-e -data names -quiet 
Execute         ap_part_info -name xczu19eg-ffvd1760-3-e -data info -quiet 
Execute         ap_part_info -name xczu19eg-ffvd1760-3-e -data names -quiet 
Execute         ap_part_info -name xczu19eg-ffvd1760-3-e -data info -quiet 
Execute         ap_part_info -name xczu19eg-ffvd1760-3-e -data names -quiet 
Execute         ap_part_info -name xczu19eg-ffvd1760-3-e -data info -quiet 
Execute         ap_part_info -name xczu19eg-ffvd1760-3-e -data names -quiet 
Execute         ap_part_info -name xczu19eg-ffvd1760-3-e -data info -quiet 
Execute         ap_part_info -name xczu19eg-ffvd1760-3-e -data names -quiet 
Execute         ap_part_info -name xczu19eg-ffvd1760-3-e -data info -quiet 
Execute         ap_part_info -name xczu19eg-ffvd1760-3-e -data names -quiet 
Execute         ap_part_info -name xczu19eg-ffvd1760-3-e -data info -quiet 
Execute         ap_part_info -name xczu19eg-ffvd1760-3-e -data names -quiet 
Execute         ap_part_info -name xczu19eg-ffvd1760-3-e -data info -quiet 
Execute       ap_part_info -name xczu19eg-ffvd1760-3-e -data names -quiet 
Execute       ap_part_info -name xczu19eg-ffvd1760-3-e -data info -quiet 
INFO-FLOW: DBG:CMD:       generate_ip_cores sim=0 export=0 expOnly=0 dstVlogDir=impl/.pcores/verilog_sim
Execute       source /home/sai/Desktop/Looping_Hardware-design/hls_src/U_plane_src/Uplane_depacketiser/solution1/.autopilot/db/global.setting.tcl 
Execute       source /home/sai/Desktop/Looping_Hardware-design/hls_src/U_plane_src/Uplane_depacketiser/solution1/.autopilot/db/uplane_depacketiser.compgen.tcl 
Execute       ap_part_info -name xczu19eg-ffvd1760-3-e -data names -quiet 
Execute       ap_part_info -name xczu19eg-ffvd1760-3-e -data info -quiet 
Execute       ap_part_info -name xczu19eg-ffvd1760-3-e -data names -quiet 
Execute       ap_part_info -name xczu19eg-ffvd1760-3-e -data info -quiet 
Execute       source /home/sai/Desktop/Looping_Hardware-design/hls_src/U_plane_src/Uplane_depacketiser/solution1/.autopilot/db/global.setting.tcl 
Execute       ap_part_info -name xczu19eg-ffvd1760-3-e -data names -quiet 
Execute       ap_part_info -name xczu19eg-ffvd1760-3-e -data info -quiet 
Execute       source /home/sai/Desktop/Looping_Hardware-design/hls_src/U_plane_src/Uplane_depacketiser/solution1/.autopilot/db/uplane_depacketiser.constraint.tcl 
Execute       source /home/sai/Desktop/Looping_Hardware-design/hls_src/U_plane_src/Uplane_depacketiser/solution1/.autopilot/db/uplane_depacketiser.tbgen.tcl 
INFO-FLOW: DBG:CMD:       hasPcoreIpAdapter=false #gSsdmPorts=14
INFO-FLOW: DBG:CMD: Skipping loadAnalyze_DB, #g_database=8
INFO-FLOW: DBG:CMD:       generate_json is_phase_csynth=1 g_has_adaptors=false generate_bd_files=1 #modelList=1 #gSsdmPorts=14
Execute       source /opt/Xilinx_19.1/Vivado/2019.1/tps/tcl/tcllib1.11.1/fileutil/fileutil.tcl 
Execute         source /opt/Xilinx_19.1/Vivado/2019.1/tps/tcl/tcllib1.11.1/cmdline/cmdline.tcl 
Execute       source /home/sai/Desktop/Looping_Hardware-design/hls_src/U_plane_src/Uplane_depacketiser/solution1/.autopilot/db/global.setting.tcl 
Execute       source /home/sai/Desktop/Looping_Hardware-design/hls_src/U_plane_src/Uplane_depacketiser/solution1/.autopilot/db/global.setting.tcl 
Execute       get_config_export -xo 
Execute       source /home/sai/Desktop/Looping_Hardware-design/hls_src/U_plane_src/Uplane_depacketiser/solution1/.autopilot/db/uplane_depacketiser.tbgen.tcl 
Execute       source /home/sai/Desktop/Looping_Hardware-design/hls_src/U_plane_src/Uplane_depacketiser/solution1/.autopilot/db/uplane_depacketiser.tbgen.tcl 
Execute       source /home/sai/Desktop/Looping_Hardware-design/hls_src/U_plane_src/Uplane_depacketiser/solution1/.autopilot/db/uplane_depacketiser.tbgen.tcl 
Execute       source /home/sai/Desktop/Looping_Hardware-design/hls_src/U_plane_src/Uplane_depacketiser/solution1/.autopilot/db/uplane_depacketiser.tbgen.tcl 
Execute       source /home/sai/Desktop/Looping_Hardware-design/hls_src/U_plane_src/Uplane_depacketiser/solution1/.autopilot/db/uplane_depacketiser.tbgen.tcl 
Execute       source /home/sai/Desktop/Looping_Hardware-design/hls_src/U_plane_src/Uplane_depacketiser/solution1/.autopilot/db/uplane_depacketiser.tbgen.tcl 
Execute       source /home/sai/Desktop/Looping_Hardware-design/hls_src/U_plane_src/Uplane_depacketiser/solution1/.autopilot/db/global.setting.tcl 
Execute       get_config_sdx -target 
Execute       source /home/sai/Desktop/Looping_Hardware-design/hls_src/U_plane_src/Uplane_depacketiser/solution1/.autopilot/db/uplane_depacketiser.rtl_wrap.cfg.tcl 
Execute       source /home/sai/Desktop/Looping_Hardware-design/hls_src/U_plane_src/Uplane_depacketiser/solution1/.autopilot/db/uplane_depacketiser.compgen.dataonly.tcl 
Execute       source /home/sai/Desktop/Looping_Hardware-design/hls_src/U_plane_src/Uplane_depacketiser/solution1/.autopilot/db/global.setting.tcl 
Execute       ap_part_info -name xczu19eg-ffvd1760-3-e -data names -quiet 
Execute       ap_part_info -name xczu19eg-ffvd1760-3-e -data info -quiet 
Execute       source /home/sai/Desktop/Looping_Hardware-design/hls_src/U_plane_src/Uplane_depacketiser/solution1/.autopilot/db/uplane_depacketiser.constraint.tcl 
Execute       sc_get_clocks uplane_depacketiser 
Execute       ap_part_info -name xczu19eg-ffvd1760-3-e -data names -quiet 
Execute       ap_part_info -name xczu19eg-ffvd1760-3-e -data info -quiet 
Execute       source /home/sai/Desktop/Looping_Hardware-design/hls_src/U_plane_src/Uplane_depacketiser/solution1/.autopilot/db/global.setting.tcl 
Execute       get_config_debug -directory 
Execute       source /home/sai/Desktop/Looping_Hardware-design/hls_src/U_plane_src/Uplane_depacketiser/solution1/.autopilot/db/uplane_depacketiser.tbgen.tcl 
Execute       get_config_sdx -target 
Execute       get_config_sdx -profile 
Execute       get_config_rtl -kernel_profile 
Execute       get_config_rtl -stall_sig_gen 
Execute       get_config_rtl -profile 
INFO-FLOW: DBG:CMD: add_json_sdx_info kernel file does not exist, skipping opencl info: /home/sai/Desktop/Looping_Hardware-design/hls_src/U_plane_src/Uplane_depacketiser/solution1/.autopilot/db/kernel.internal.xml
INFO-FLOW: DBG:CMD:       delete-temp-dirs (skipped for debug)
INFO: [HLS 200-111] Finished generating all RTL models Time (s): cpu = 00:00:17 ; elapsed = 00:00:18 . Memory (MB): peak = 885.453 ; gain = 195.176 ; free physical = 336 ; free virtual = 41256
INFO: [VHDL 208-304] Generating VHDL RTL for uplane_depacketiser.
INFO: [VLOG 209-307] Generating Verilog RTL for uplane_depacketiser.
Command     autosyn done; 0.98 sec.
Command   csynth_design done; 16.3 sec.
Command ap_source done; 17.68 sec.
Execute cleanup_all 
INFO-FLOW: Workspace /home/sai/Desktop/Looping_Hardware-design/hls_src/U_plane_src/Uplane_depacketiser/solution1 opened at Mon Mar 06 10:39:44 IST 2023
Execute     config_clock -quiet -name default -period 3.2 -default=false 
INFO: [SYN 201-201] Setting up clock 'default' with a period of 3.2ns.
Execute     open_platform DefaultPlatform 
Execute     import_lib /opt/Xilinx_19.1/Vivado/2019.1/common/technology/xilinx/zynquplus/zynquplus 
Execute       source /opt/Xilinx_19.1/Vivado/2019.1/common/technology/xilinx/common/xilinx.lib 
Execute         source /opt/Xilinx_19.1/Vivado/2019.1/common/technology/xilinx/interface/xilinx_interface.lib 
Execute           source /opt/Xilinx_19.1/Vivado/2019.1/common/technology/xilinx/interface/plb46.lib 
Execute           source /opt/Xilinx_19.1/Vivado/2019.1/common/technology/xilinx/interface/fsl.lib 
Execute           source /opt/Xilinx_19.1/Vivado/2019.1/common/technology/xilinx/interface/axi4.lib 
Execute           source /opt/Xilinx_19.1/Vivado/2019.1/common/technology/xilinx/interface/maxi.lib 
Execute           source /opt/Xilinx_19.1/Vivado/2019.1/common/technology/xilinx/interface/saxilite.lib 
Execute         source /opt/Xilinx_19.1/Vivado/2019.1/common/technology/xilinx/common/dsp48.lib 
Execute         source /opt/Xilinx_19.1/Vivado/2019.1/common/technology/xilinx/ip/dds_compiler.lib 
Execute         source /opt/Xilinx_19.1/Vivado/2019.1/common/technology/xilinx/ip/xfft.lib 
Execute         source /opt/Xilinx_19.1/Vivado/2019.1/common/technology/xilinx/ip/xfir.lib 
Execute       source /opt/Xilinx_19.1/Vivado/2019.1/common/technology/xilinx/common/xilinx.hlp 
Execute         source /opt/Xilinx_19.1/Vivado/2019.1/common/technology/xilinx/common/target_info.tcl 
Execute         source /opt/Xilinx_19.1/Vivado/2019.1/common/technology/xilinx/interface/xilinx_interface.hlp 
Execute           source /opt/Xilinx_19.1/Vivado/2019.1/common/technology/xilinx/interface/maxi.hlp 
Execute           source /opt/Xilinx_19.1/Vivado/2019.1/common/technology/xilinx/interface/saxilite.hlp 
Execute         source /opt/Xilinx_19.1/Vivado/2019.1/common/technology/xilinx/common/dsp48.hlp 
Execute       source /opt/Xilinx_19.1/Vivado/2019.1/common/technology/xilinx/zynquplus/dsp48e2.hlp 
Execute       source /opt/Xilinx_19.1/Vivado/2019.1/common/technology/xilinx/common/xilinx.hlp 
Execute         source /opt/Xilinx_19.1/Vivado/2019.1/common/technology/xilinx/common/target_info.tcl 
Execute         source /opt/Xilinx_19.1/Vivado/2019.1/common/technology/xilinx/interface/xilinx_interface.hlp 
Execute           source /opt/Xilinx_19.1/Vivado/2019.1/common/technology/xilinx/interface/maxi.hlp 
Execute           source /opt/Xilinx_19.1/Vivado/2019.1/common/technology/xilinx/interface/saxilite.hlp 
Execute         source /opt/Xilinx_19.1/Vivado/2019.1/common/technology/xilinx/common/dsp48.hlp 
Execute     source /opt/Xilinx_19.1/Vivado/2019.1/common/technology/xilinx/zynquplus/zynquplus.gen 
Execute       source /opt/Xilinx_19.1/Vivado/2019.1/common/technology/xilinx/common/xilinx.gen 
Execute         source /opt/Xilinx_19.1/Vivado/2019.1/common/technology/xilinx/interface/plb46.gen 
Execute         source /opt/Xilinx_19.1/Vivado/2019.1/common/technology/xilinx/interface/fsl.gen 
Execute         source /opt/Xilinx_19.1/Vivado/2019.1/common/technology/xilinx/interface/axi4.gen 
Execute         source /opt/Xilinx_19.1/Vivado/2019.1/common/technology/xilinx/interface/nativeAXI4.gen 
Execute           source /opt/Xilinx_19.1/Vivado/2019.1/common/technology/xilinx/interface/saxilite.gen 
Execute           source /opt/Xilinx_19.1/Vivado/2019.1/common/technology/xilinx/interface/maxi.gen 
Execute         source /opt/Xilinx_19.1/Vivado/2019.1/common/technology/xilinx/scripts/xilinxcoregen.gen 
Execute         source /opt/Xilinx_19.1/Vivado/2019.1/common/technology/xilinx/interface/XilEDKCoreGen.gen 
Execute         source /opt/Xilinx_19.1/Vivado/2019.1/common/technology/xilinx/ip/dds_compiler.gen 
Execute         source /opt/Xilinx_19.1/Vivado/2019.1/common/technology/xilinx/ip/util.gen 
Execute         source /opt/Xilinx_19.1/Vivado/2019.1/common/technology/xilinx/ip/xfft.gen 
Execute         source /opt/Xilinx_19.1/Vivado/2019.1/common/technology/xilinx/ip/xfir.gen 
Execute         source /opt/Xilinx_19.1/Vivado/2019.1/common/technology/xilinx/common/dsp48.gen 
Command       ap_source done; 0.11 sec.
Command     ap_source done; 0.11 sec.
Execute     open_platform DefaultPlatform 
Execute     import_lib /opt/Xilinx_19.1/Vivado/2019.1/common/technology/xilinx/zynquplus/zynquplus_fpv7 
Execute       source /opt/Xilinx_19.1/Vivado/2019.1/common/technology/xilinx/common/xilinx_fp.lib 
Execute       source /opt/Xilinx_19.1/Vivado/2019.1/common/technology/xilinx/common/xilinx_fp.hlp 
Execute         source /opt/Xilinx_19.1/Vivado/2019.1/common/technology/xilinx/common/xilinx.hlp 
Execute           source /opt/Xilinx_19.1/Vivado/2019.1/common/technology/xilinx/common/target_info.tcl 
Execute           source /opt/Xilinx_19.1/Vivado/2019.1/common/technology/xilinx/interface/xilinx_interface.hlp 
Execute             source /opt/Xilinx_19.1/Vivado/2019.1/common/technology/xilinx/interface/maxi.hlp 
Execute             source /opt/Xilinx_19.1/Vivado/2019.1/common/technology/xilinx/interface/saxilite.hlp 
Execute           source /opt/Xilinx_19.1/Vivado/2019.1/common/technology/xilinx/common/dsp48.hlp 
Execute     source /opt/Xilinx_19.1/Vivado/2019.1/common/technology/xilinx/zynquplus/zynquplus_fpv7.gen 
Execute       source /opt/Xilinx_19.1/Vivado/2019.1/common/technology/xilinx/common/xilinx_fp.gen 
Execute     set_part xczu19eg-ffvd1760-3-e 
Execute       ap_part_info -name xczu19eg-ffvd1760-3-e -data single -quiet 
Command       ap_part_info done; 0.73 sec.
Execute       ap_part_info -name xczu19eg-ffvd1760-3-e -data info 
Execute       add_library xilinx/zynquplus/zynquplus:xczu19eg:-ffvd1760:-3-e 
Execute         get_default_platform 
Execute         license_isbetapart xczu19eg 
Command         license_isbetapart done; error code: 1; 
Execute         ap_part_info -data single -name xczu19eg-ffvd1760-3-e 
Execute         ap_part_info -name xczu19eg-ffvd1760-3-e -data resources 
Execute         ap_part_info -name xczu19eg-ffvd1760-3-e -data info 
Execute         ap_part_info -name xczu19eg-ffvd1760-3-e -data info 
Execute         config_chip_info -quiet -resource {SLICE 65340} {LUT 522720} {FF 1045440} {DSP48E 1968} {BRAM 1968} {URAM 128} 
Execute         ap_part_info -name xczu19eg-ffvd1760-3-e -data info 
Execute         config_chip_info -quiet -speed fast 
Execute       add_library xilinx/zynquplus/zynquplus_fpv7 
Execute         get_default_platform 
INFO: [HLS 200-10] Setting target device to 'xczu19eg-ffvd1760-3-e'
Execute       ap_part_info -name xczu19eg-ffvd1760-3-e -data info 
Execute       get_default_platform 
Command     set_part done; 0.82 sec.
Execute     ap_part_info -data single -name xczu19eg-ffvd1760-3-e 
Execute     ap_part_info -name xczu19eg-ffvd1760-3-e -data resources 
Execute     ap_part_info -name xczu19eg-ffvd1760-3-e -data info 
Execute     ap_part_info -name xczu19eg-ffvd1760-3-e -data info 
Execute     config_chip_info -quiet -resource {SLICE 65340} {LUT 522720} {FF 1045440} {DSP48E 1968} {BRAM 1968} {URAM 128} 
Execute     ap_part_info -name xczu19eg-ffvd1760-3-e -data info 
Execute     config_chip_info -quiet -speed fast 
Execute     config_rtl -encoding=auto 
Execute     config_rtl -kernel_profile=0 
Execute     config_rtl -module_auto_prefix=0 
Execute     config_rtl -mult_keep_attribute=0 
Execute     config_rtl -reset=state 
Execute     config_rtl -reset_async=0 
Execute     config_rtl -reset_level=low 
Execute     config_rtl -verbose=0 
Command   open_solution done; 6.19 sec.
Execute   export_design -rtl verilog -format ip_catalog 
Execute     get_config_export -acc 
Execute     get_config_export -clock_margin 
Execute     get_config_export -custom_script 
Execute     get_config_export -description 
Execute     get_config_export -display_name 
Execute     get_config_export -driver_input_dir 
Execute     get_config_export -ipname 
Execute     get_config_export -kernel_drc 
Execute     get_config_export -library 
Execute     get_config_export -qor_test 
Execute     get_config_export -sdaccel 
Execute     get_config_export -sim 
Execute     get_config_export -taxonomy 
Execute     get_config_export -use_ip 
Execute     get_config_export -use_netlist 
Execute     get_config_export -vendor 
Execute     get_config_export -version 
Execute     get_config_export -xo 
Execute     config_export -format=ip_catalog -rtl=verilog 
INFO-FLOW: DBG:CMD: export_design_wrap: -format ip_catalog -rtl verilog
Execute     source /home/sai/Desktop/Looping_Hardware-design/hls_src/U_plane_src/Uplane_depacketiser/solution1/.autopilot/db/global.setting.tcl 
Execute     get_config_export -vivado_clock 
Execute     get_top 
Execute     get_config_sdx -target 
Execute     get_config_rtl -module_auto_prefix 
Execute     get_config_sdx -target 
Execute     get_config_sdx -target 
INFO-FLOW: DBG:CMD:   auto_impl: pack: -export -tool vivado -rtl verilog -sdx-target none
Execute     source /home/sai/Desktop/Looping_Hardware-design/hls_src/U_plane_src/Uplane_depacketiser/solution1/.autopilot/db/global.setting.tcl 
INFO-FLOW: DBG:CMD: read_platform_lib /home/sai/Desktop/Looping_Hardware-design/hls_src/U_plane_src/Uplane_depacketiser/solution1/.autopilot/db/global.setting.tcl
Execute     source /opt/Xilinx_19.1/Vivado/2019.1/common/technology/generic/autopilot/common.gen 
Execute       source /opt/Xilinx_19.1/Vivado/2019.1/common/technology/generic/autopilot/APCoreGen.gen 
Execute     source /opt/Xilinx_19.1/Vivado/2019.1/common/technology/generic/autopilot/op.gen 
Execute     source /opt/Xilinx_19.1/Vivado/2019.1/common/technology/generic/autopilot/op_simcore.gen 
Execute     source /opt/Xilinx_19.1/Vivado/2019.1/common/technology/generic/autopilot/interface.gen 
Execute     source /home/sai/Desktop/Looping_Hardware-design/hls_src/U_plane_src/Uplane_depacketiser/solution1/.autopilot/db/global.setting.tcl 
Execute     source /opt/Xilinx_19.1/Vivado/2019.1/common/technology/xilinx/zynquplus/zynquplus.gen 
Execute       source /opt/Xilinx_19.1/Vivado/2019.1/common/technology/xilinx/common/xilinx.gen 
Execute         source /opt/Xilinx_19.1/Vivado/2019.1/common/technology/xilinx/interface/plb46.gen 
Execute         source /opt/Xilinx_19.1/Vivado/2019.1/common/technology/xilinx/interface/fsl.gen 
Execute         source /opt/Xilinx_19.1/Vivado/2019.1/common/technology/xilinx/interface/axi4.gen 
Execute         source /opt/Xilinx_19.1/Vivado/2019.1/common/technology/xilinx/interface/nativeAXI4.gen 
Execute           source /opt/Xilinx_19.1/Vivado/2019.1/common/technology/xilinx/interface/saxilite.gen 
Execute           source /opt/Xilinx_19.1/Vivado/2019.1/common/technology/xilinx/interface/maxi.gen 
Execute         source /opt/Xilinx_19.1/Vivado/2019.1/common/technology/xilinx/scripts/xilinxcoregen.gen 
Execute         source /opt/Xilinx_19.1/Vivado/2019.1/common/technology/xilinx/interface/XilEDKCoreGen.gen 
Execute         source /opt/Xilinx_19.1/Vivado/2019.1/common/technology/xilinx/ip/dds_compiler.gen 
Execute         source /opt/Xilinx_19.1/Vivado/2019.1/common/technology/xilinx/ip/util.gen 
Execute         source /opt/Xilinx_19.1/Vivado/2019.1/common/technology/xilinx/ip/xfft.gen 
Execute         source /opt/Xilinx_19.1/Vivado/2019.1/common/technology/xilinx/ip/xfir.gen 
Execute         source /opt/Xilinx_19.1/Vivado/2019.1/common/technology/xilinx/common/dsp48.gen 
Execute     source /opt/Xilinx_19.1/Vivado/2019.1/common/technology/xilinx/zynquplus/zynquplus_fpv7.gen 
Execute       source /opt/Xilinx_19.1/Vivado/2019.1/common/technology/xilinx/common/xilinx_fp.gen 
INFO-FLOW: DBG:CMD:   using AESL_AUTOCG::g_clock_period=3.200 (was NA)
Execute     ap_part_info -name xczu19eg-ffvd1760-3-e -data names -quiet 
Execute     ap_part_info -name xczu19eg-ffvd1760-3-e -data info -quiet 
Execute     source /home/sai/Desktop/Looping_Hardware-design/hls_src/U_plane_src/Uplane_depacketiser/solution1/.autopilot/db/global.setting.tcl 
INFO: [IMPL 213-8] Exporting RTL as a Vivado IP.
Execute     source /home/sai/Desktop/Looping_Hardware-design/hls_src/U_plane_src/Uplane_depacketiser/solution1/.autopilot/db/global.setting.tcl 
INFO-FLOW: DBG:CMD: automg_wrap -export -pcore_version 1.00.a -rtl vlog -sdx-target none -tool Vivado -impltomg_flag
INFO-FLOW: DBG:CMD:     auto_generate -export -pcore_version 1.00.a -rtl vlog -sdx-target none -tool Vivado -impltomg_flag
Execute     source /home/sai/Desktop/Looping_Hardware-design/hls_src/U_plane_src/Uplane_depacketiser/solution1/.autopilot/db/global.setting.tcl 
INFO-FLOW: DBG:CMD: read_platform_lib /home/sai/Desktop/Looping_Hardware-design/hls_src/U_plane_src/Uplane_depacketiser/solution1/.autopilot/db/global.setting.tcl
Execute     source /opt/Xilinx_19.1/Vivado/2019.1/common/technology/generic/autopilot/common.gen 
Execute       source /opt/Xilinx_19.1/Vivado/2019.1/common/technology/generic/autopilot/APCoreGen.gen 
Execute     source /opt/Xilinx_19.1/Vivado/2019.1/common/technology/generic/autopilot/op.gen 
Execute     source /opt/Xilinx_19.1/Vivado/2019.1/common/technology/generic/autopilot/op_simcore.gen 
Execute     source /opt/Xilinx_19.1/Vivado/2019.1/common/technology/generic/autopilot/interface.gen 
Execute     source /home/sai/Desktop/Looping_Hardware-design/hls_src/U_plane_src/Uplane_depacketiser/solution1/.autopilot/db/global.setting.tcl 
Execute     source /opt/Xilinx_19.1/Vivado/2019.1/common/technology/xilinx/zynquplus/zynquplus.gen 
Execute       source /opt/Xilinx_19.1/Vivado/2019.1/common/technology/xilinx/common/xilinx.gen 
Execute         source /opt/Xilinx_19.1/Vivado/2019.1/common/technology/xilinx/interface/plb46.gen 
Execute         source /opt/Xilinx_19.1/Vivado/2019.1/common/technology/xilinx/interface/fsl.gen 
Execute         source /opt/Xilinx_19.1/Vivado/2019.1/common/technology/xilinx/interface/axi4.gen 
Execute         source /opt/Xilinx_19.1/Vivado/2019.1/common/technology/xilinx/interface/nativeAXI4.gen 
Execute           source /opt/Xilinx_19.1/Vivado/2019.1/common/technology/xilinx/interface/saxilite.gen 
Execute           source /opt/Xilinx_19.1/Vivado/2019.1/common/technology/xilinx/interface/maxi.gen 
Execute         source /opt/Xilinx_19.1/Vivado/2019.1/common/technology/xilinx/scripts/xilinxcoregen.gen 
Execute         source /opt/Xilinx_19.1/Vivado/2019.1/common/technology/xilinx/interface/XilEDKCoreGen.gen 
Execute         source /opt/Xilinx_19.1/Vivado/2019.1/common/technology/xilinx/ip/dds_compiler.gen 
Execute         source /opt/Xilinx_19.1/Vivado/2019.1/common/technology/xilinx/ip/util.gen 
Execute         source /opt/Xilinx_19.1/Vivado/2019.1/common/technology/xilinx/ip/xfft.gen 
Execute         source /opt/Xilinx_19.1/Vivado/2019.1/common/technology/xilinx/ip/xfir.gen 
Execute         source /opt/Xilinx_19.1/Vivado/2019.1/common/technology/xilinx/common/dsp48.gen 
Execute     source /opt/Xilinx_19.1/Vivado/2019.1/common/technology/xilinx/zynquplus/zynquplus_fpv7.gen 
Execute       source /opt/Xilinx_19.1/Vivado/2019.1/common/technology/xilinx/common/xilinx_fp.gen 
INFO-FLOW: DBG:CMD:       initCTypeInfo top_module=uplane_depacketiser xml_exists=1
Execute     source /home/sai/Desktop/Looping_Hardware-design/hls_src/U_plane_src/Uplane_depacketiser/solution1/.autopilot/db/uplane_depacketiser.rtl_wrap.cfg.tcl 
Execute     source /home/sai/Desktop/Looping_Hardware-design/hls_src/U_plane_src/Uplane_depacketiser/solution1/.autopilot/db/uplane_depacketiser.rtl_wrap.cfg.tcl 
Execute     source /home/sai/Desktop/Looping_Hardware-design/hls_src/U_plane_src/Uplane_depacketiser/solution1/.autopilot/db/uplane_depacketiser.rtl_wrap.cfg.tcl 
Execute     source /home/sai/Desktop/Looping_Hardware-design/hls_src/U_plane_src/Uplane_depacketiser/solution1/.autopilot/db/uplane_depacketiser.tbgen.tcl 
Execute     source /home/sai/Desktop/Looping_Hardware-design/hls_src/U_plane_src/Uplane_depacketiser/solution1/.autopilot/db/uplane_depacketiser.tbgen.tcl 
INFO-FLOW: DBG:CMD:       export_impl_rtl
INFO-FLOW: DBG:CMD:       generate_ip_cores sim=0 export=0 expOnly=0 dstVlogDir=impl/.verilog
Execute     source /home/sai/Desktop/Looping_Hardware-design/hls_src/U_plane_src/Uplane_depacketiser/solution1/.autopilot/db/global.setting.tcl 
Execute     source /home/sai/Desktop/Looping_Hardware-design/hls_src/U_plane_src/Uplane_depacketiser/solution1/.autopilot/db/uplane_depacketiser.compgen.tcl 
INFO-FLOW: DBG:CMD:       generate_ip_cores sim=0 export=1 expOnly=1 dstVlogDir=impl/.pcores/verilog
Execute     source /home/sai/Desktop/Looping_Hardware-design/hls_src/U_plane_src/Uplane_depacketiser/solution1/.autopilot/db/global.setting.tcl 
Execute     source /home/sai/Desktop/Looping_Hardware-design/hls_src/U_plane_src/Uplane_depacketiser/solution1/.autopilot/db/uplane_depacketiser.compgen.tcl 
Execute       ap_part_info -name xczu19eg-ffvd1760-3-e -data names -quiet 
Execute       ap_part_info -name xczu19eg-ffvd1760-3-e -data info -quiet 
Execute       ap_part_info -name xczu19eg-ffvd1760-3-e -data names -quiet 
Execute       ap_part_info -name xczu19eg-ffvd1760-3-e -data info -quiet 
Execute       ap_part_info -name xczu19eg-ffvd1760-3-e -data names -quiet 
Execute       ap_part_info -name xczu19eg-ffvd1760-3-e -data info -quiet 
Execute       ap_part_info -name xczu19eg-ffvd1760-3-e -data names -quiet 
Execute       ap_part_info -name xczu19eg-ffvd1760-3-e -data info -quiet 
Execute       ap_part_info -name xczu19eg-ffvd1760-3-e -data names -quiet 
Execute       ap_part_info -name xczu19eg-ffvd1760-3-e -data info -quiet 
Execute       ap_part_info -name xczu19eg-ffvd1760-3-e -data names -quiet 
Execute       ap_part_info -name xczu19eg-ffvd1760-3-e -data info -quiet 
Execute       ap_part_info -name xczu19eg-ffvd1760-3-e -data names -quiet 
Execute       ap_part_info -name xczu19eg-ffvd1760-3-e -data info -quiet 
Execute       ap_part_info -name xczu19eg-ffvd1760-3-e -data names -quiet 
Execute       ap_part_info -name xczu19eg-ffvd1760-3-e -data info -quiet 
Execute       ap_part_info -name xczu19eg-ffvd1760-3-e -data names -quiet 
Execute       ap_part_info -name xczu19eg-ffvd1760-3-e -data info -quiet 
Execute     ap_part_info -name xczu19eg-ffvd1760-3-e -data names -quiet 
Execute     ap_part_info -name xczu19eg-ffvd1760-3-e -data info -quiet 
INFO-FLOW: DBG:CMD:       generate_ip_cores sim=0 export=0 expOnly=0 dstVlogDir=impl/.pcores/verilog_sim
Execute     source /home/sai/Desktop/Looping_Hardware-design/hls_src/U_plane_src/Uplane_depacketiser/solution1/.autopilot/db/global.setting.tcl 
Execute     source /home/sai/Desktop/Looping_Hardware-design/hls_src/U_plane_src/Uplane_depacketiser/solution1/.autopilot/db/uplane_depacketiser.compgen.tcl 
Execute     ap_part_info -name xczu19eg-ffvd1760-3-e -data names -quiet 
Execute     ap_part_info -name xczu19eg-ffvd1760-3-e -data info -quiet 
Execute     ap_part_info -name xczu19eg-ffvd1760-3-e -data names -quiet 
Execute     ap_part_info -name xczu19eg-ffvd1760-3-e -data info -quiet 
Execute     source /home/sai/Desktop/Looping_Hardware-design/hls_src/U_plane_src/Uplane_depacketiser/solution1/.autopilot/db/global.setting.tcl 
Execute     ap_part_info -name xczu19eg-ffvd1760-3-e -data names -quiet 
Execute     ap_part_info -name xczu19eg-ffvd1760-3-e -data info -quiet 
Execute     source /home/sai/Desktop/Looping_Hardware-design/hls_src/U_plane_src/Uplane_depacketiser/solution1/.autopilot/db/uplane_depacketiser.constraint.tcl 
Execute     source /home/sai/Desktop/Looping_Hardware-design/hls_src/U_plane_src/Uplane_depacketiser/solution1/.autopilot/db/uplane_depacketiser.tbgen.tcl 
INFO-FLOW: DBG:CMD:       hasPcoreIpAdapter=false #gSsdmPorts=14
INFO-FLOW: DBG:CMD:       copying IP vlog from /home/sai/Desktop/Looping_Hardware-design/hls_src/U_plane_src/Uplane_depacketiser/solution1/impl/verilog
INFO-FLOW: DBG:CMD:       copying IP vhdl from /home/sai/Desktop/Looping_Hardware-design/hls_src/U_plane_src/Uplane_depacketiser/solution1/impl/vhdl
INFO-FLOW: DBG:CMD:       generate_ip_script #gSsdmPorts=14
Execute     ap_part_info -name xczu19eg-ffvd1760-3-e -data names -quiet 
Execute     ap_part_info -name xczu19eg-ffvd1760-3-e -data info -quiet 
Execute     ap_part_info -name xczu19eg-ffvd1760-3-e -data names -quiet 
Execute     ap_part_info -name xczu19eg-ffvd1760-3-e -data info -quiet 
Execute     source /home/sai/Desktop/Looping_Hardware-design/hls_src/U_plane_src/Uplane_depacketiser/solution1/.autopilot/db/uplane_depacketiser.tbgen.tcl 
Execute     source /home/sai/Desktop/Looping_Hardware-design/hls_src/U_plane_src/Uplane_depacketiser/solution1/.autopilot/db/uplane_depacketiser.tbgen.tcl 
Execute     source /home/sai/Desktop/Looping_Hardware-design/hls_src/U_plane_src/Uplane_depacketiser/solution1/.autopilot/db/uplane_depacketiser.tbgen.tcl 
Execute     source /home/sai/Desktop/Looping_Hardware-design/hls_src/U_plane_src/Uplane_depacketiser/solution1/.autopilot/db/uplane_depacketiser.tbgen.tcl 
Execute     source /home/sai/Desktop/Looping_Hardware-design/hls_src/U_plane_src/Uplane_depacketiser/solution1/.autopilot/db/uplane_depacketiser.tbgen.tcl 
Execute     source /home/sai/Desktop/Looping_Hardware-design/hls_src/U_plane_src/Uplane_depacketiser/solution1/.autopilot/db/global.setting.tcl 
Execute     get_config_sdx -target 
Execute     get_config_debug -directory 
INFO-FLOW: DBG:CMD:       generate_ip_auxiliary
Execute     ap_part_info -name xczu19eg-ffvd1760-3-e -data names -quiet 
Execute     ap_part_info -name xczu19eg-ffvd1760-3-e -data info -quiet 
Execute     source /home/sai/Desktop/Looping_Hardware-design/hls_src/U_plane_src/Uplane_depacketiser/solution1/.autopilot/db/global.setting.tcl 
INFO-FLOW: DBG:CMD:       prepArgInfo -> loadAnalyze_DB top_module=uplane_depacketiser
Execute     source /home/sai/Desktop/Looping_Hardware-design/hls_src/U_plane_src/Uplane_depacketiser/solution1/.autopilot/db/uplane_depacketiser.rtl_wrap.cfg.tcl 
Execute     source /home/sai/Desktop/Looping_Hardware-design/hls_src/U_plane_src/Uplane_depacketiser/solution1/.autopilot/db/uplane_depacketiser.rtl_wrap.cfg.tcl 
Execute     source /home/sai/Desktop/Looping_Hardware-design/hls_src/U_plane_src/Uplane_depacketiser/solution1/.autopilot/db/uplane_depacketiser.rtl_wrap.cfg.tcl 
Execute     source /home/sai/Desktop/Looping_Hardware-design/hls_src/U_plane_src/Uplane_depacketiser/solution1/.autopilot/db/uplane_depacketiser.tbgen.tcl 
Execute     source /home/sai/Desktop/Looping_Hardware-design/hls_src/U_plane_src/Uplane_depacketiser/solution1/.autopilot/db/uplane_depacketiser.tbgen.tcl 
Execute     source /home/sai/Desktop/Looping_Hardware-design/hls_src/U_plane_src/Uplane_depacketiser/solution1/.autopilot/db/uplane_depacketiser.tbgen.tcl 
INFO-FLOW: DBG:CMD:       generate_top_info
INFO-FLOW: DBG:CMD:       prepArgInfo -> loadAnalyze_DB top_module=uplane_depacketiser
Execute     source /home/sai/Desktop/Looping_Hardware-design/hls_src/U_plane_src/Uplane_depacketiser/solution1/.autopilot/db/uplane_depacketiser.rtl_wrap.cfg.tcl 
Execute     source /home/sai/Desktop/Looping_Hardware-design/hls_src/U_plane_src/Uplane_depacketiser/solution1/.autopilot/db/uplane_depacketiser.rtl_wrap.cfg.tcl 
Execute     source /home/sai/Desktop/Looping_Hardware-design/hls_src/U_plane_src/Uplane_depacketiser/solution1/.autopilot/db/uplane_depacketiser.rtl_wrap.cfg.tcl 
Execute     source /home/sai/Desktop/Looping_Hardware-design/hls_src/U_plane_src/Uplane_depacketiser/solution1/.autopilot/db/uplane_depacketiser.tbgen.tcl 
Execute     source /home/sai/Desktop/Looping_Hardware-design/hls_src/U_plane_src/Uplane_depacketiser/solution1/.autopilot/db/uplane_depacketiser.tbgen.tcl 
Execute     ap_part_info -name xczu19eg-ffvd1760-3-e -data names -quiet 
Execute     ap_part_info -name xczu19eg-ffvd1760-3-e -data info -quiet 
INFO-FLOW: DBG:CMD:       generate_ip_bd_script
Execute     ap_part_info -name xczu19eg-ffvd1760-3-e -data names -quiet 
Execute     ap_part_info -name xczu19eg-ffvd1760-3-e -data info -quiet 
Execute     ap_part_info -name xczu19eg-ffvd1760-3-e -data names -quiet 
Execute     ap_part_info -name xczu19eg-ffvd1760-3-e -data info -quiet 
Execute     source /home/sai/Desktop/Looping_Hardware-design/hls_src/U_plane_src/Uplane_depacketiser/solution1/.autopilot/db/uplane_depacketiser.tbgen.tcl 
Execute     source /home/sai/Desktop/Looping_Hardware-design/hls_src/U_plane_src/Uplane_depacketiser/solution1/.autopilot/db/global.setting.tcl 
Execute     source /home/sai/Desktop/Looping_Hardware-design/hls_src/U_plane_src/Uplane_depacketiser/solution1/.autopilot/db/uplane_depacketiser.constraint.tcl 
INFO-FLOW: DBG:CMD:       generate_ipi_example_script
Execute     ap_part_info -name xczu19eg-ffvd1760-3-e -data names -quiet 
Execute     ap_part_info -name xczu19eg-ffvd1760-3-e -data info -quiet 
Execute     ap_part_info -name xczu19eg-ffvd1760-3-e -data names -quiet 
Execute     ap_part_info -name xczu19eg-ffvd1760-3-e -data info -quiet 
INFO-FLOW: DBG:CMD:       generate_syn_sh
Execute     ap_part_info -name xczu19eg-ffvd1760-3-e -data names -quiet 
Execute     ap_part_info -name xczu19eg-ffvd1760-3-e -data info -quiet 
Execute     source /home/sai/Desktop/Looping_Hardware-design/hls_src/U_plane_src/Uplane_depacketiser/solution1/.autopilot/db/global.setting.tcl 
INFO-FLOW: DBG:CMD:       generate_imp_constraints
Execute     ap_part_info -name xczu19eg-ffvd1760-3-e -data names -quiet 
Execute     ap_part_info -name xczu19eg-ffvd1760-3-e -data info -quiet 
Execute     source /home/sai/Desktop/Looping_Hardware-design/hls_src/U_plane_src/Uplane_depacketiser/solution1/.autopilot/db/uplane_depacketiser.constraint.tcl 
Execute     source /home/sai/Desktop/Looping_Hardware-design/hls_src/U_plane_src/Uplane_depacketiser/solution1/.autopilot/db/uplane_depacketiser.tbgen.tcl 
INFO-FLOW: DBG:CMD:       delete-temp-dirs (skipped for debug)
Execute     ap_part_info -name xczu19eg-ffvd1760-3-e -data names -quiet 
Execute     ap_part_info -name xczu19eg-ffvd1760-3-e -data info -quiet 
INFO-FLOW: DBG:CMD: read_platform_lib /home/sai/Desktop/Looping_Hardware-design/hls_src/U_plane_src/Uplane_depacketiser/solution1/.autopilot/db/global.setting.tcl
Execute     source /opt/Xilinx_19.1/Vivado/2019.1/common/technology/generic/autopilot/common.gen 
Execute       source /opt/Xilinx_19.1/Vivado/2019.1/common/technology/generic/autopilot/APCoreGen.gen 
Execute     source /opt/Xilinx_19.1/Vivado/2019.1/common/technology/generic/autopilot/op.gen 
Execute     source /opt/Xilinx_19.1/Vivado/2019.1/common/technology/generic/autopilot/op_simcore.gen 
Execute     source /opt/Xilinx_19.1/Vivado/2019.1/common/technology/generic/autopilot/interface.gen 
Execute     source /home/sai/Desktop/Looping_Hardware-design/hls_src/U_plane_src/Uplane_depacketiser/solution1/.autopilot/db/global.setting.tcl 
Execute     source /opt/Xilinx_19.1/Vivado/2019.1/common/technology/xilinx/zynquplus/zynquplus.gen 
Execute       source /opt/Xilinx_19.1/Vivado/2019.1/common/technology/xilinx/common/xilinx.gen 
Execute         source /opt/Xilinx_19.1/Vivado/2019.1/common/technology/xilinx/interface/plb46.gen 
Execute         source /opt/Xilinx_19.1/Vivado/2019.1/common/technology/xilinx/interface/fsl.gen 
Execute         source /opt/Xilinx_19.1/Vivado/2019.1/common/technology/xilinx/interface/axi4.gen 
Execute         source /opt/Xilinx_19.1/Vivado/2019.1/common/technology/xilinx/interface/nativeAXI4.gen 
Execute           source /opt/Xilinx_19.1/Vivado/2019.1/common/technology/xilinx/interface/saxilite.gen 
Execute           source /opt/Xilinx_19.1/Vivado/2019.1/common/technology/xilinx/interface/maxi.gen 
Execute         source /opt/Xilinx_19.1/Vivado/2019.1/common/technology/xilinx/scripts/xilinxcoregen.gen 
Execute         source /opt/Xilinx_19.1/Vivado/2019.1/common/technology/xilinx/interface/XilEDKCoreGen.gen 
Execute         source /opt/Xilinx_19.1/Vivado/2019.1/common/technology/xilinx/ip/dds_compiler.gen 
Execute         source /opt/Xilinx_19.1/Vivado/2019.1/common/technology/xilinx/ip/util.gen 
Execute         source /opt/Xilinx_19.1/Vivado/2019.1/common/technology/xilinx/ip/xfft.gen 
Execute         source /opt/Xilinx_19.1/Vivado/2019.1/common/technology/xilinx/ip/xfir.gen 
Execute         source /opt/Xilinx_19.1/Vivado/2019.1/common/technology/xilinx/common/dsp48.gen 
Execute     source /opt/Xilinx_19.1/Vivado/2019.1/common/technology/xilinx/zynquplus/zynquplus_fpv7.gen 
Execute       source /opt/Xilinx_19.1/Vivado/2019.1/common/technology/xilinx/common/xilinx_fp.gen 
Execute     ap_part_info -name xczu19eg-ffvd1760-3-e -data names -quiet 
Execute     ap_part_info -name xczu19eg-ffvd1760-3-e -data info -quiet 
INFO-FLOW: DBG:CMD:     exec /home/sai/Desktop/Looping_Hardware-design/hls_src/U_plane_src/Uplane_depacketiser/solution1/impl/ip/pack.sh
Command   export_design done; 11.51 sec.
Command ap_source done; 17.7 sec.
Execute cleanup_all 
