#
# An unexpected error has occurred (11)
#
Stack:
/lib/x86_64-linux-gnu/libc.so.6(+0x354c0) [0x7f06da3b64c0]
/opt/Xilinx_19.1/Vivado/2019.1/lib/lnx64.o/librdi_netlist.so(HDLHElement::getNameLH() const+0) [0x7f06ac8bc8d0]
/opt/Xilinx_19.1/Vivado/2019.1/lib/lnx64.o/librdi_netlist.so(instPinSort(HDLHInstTerm const*, HDLHInstTerm const*)+0xf) [0x7f06ac8db74f]
/opt/Xilinx_19.1/Vivado/2019.1/lib/lnx64.o/librdi_netlist.so(HDLHNet::sortNet(HSTVector<HDLHTerminal*, std::allocator<HDLHTerminal*> >&, HSTVector<HDLHInstTerm*, std::allocator<HDLHInstTerm*> >&)+0x464) [0x7f06ac8de9d4]
/opt/Xilinx_19.1/Vivado/2019.1/lib/lnx64.o/librdi_netlist.so(HANENetlist::sortAndPrepCV(HDLHCellview*, unsigned int&)+0x127) [0x7f06ac93ac17]
/opt/Xilinx_19.1/Vivado/2019.1/lib/lnx64.o/librdi_netlist.so(HANENetlist::sortAndPrepCV(HDLHCellview*, unsigned int&)+0x2b6) [0x7f06ac93ada6]
/opt/Xilinx_19.1/Vivado/2019.1/lib/lnx64.o/librdi_netlist.so(HANENetlist::sortAndPrepCV(HDLHCellview*, unsigned int&)+0x2b6) [0x7f06ac93ada6]
/opt/Xilinx_19.1/Vivado/2019.1/lib/lnx64.o/librdi_netlist.so(HANENetlist::sortAndPrepCV(HDLHCellview*, unsigned int&)+0x2b6) [0x7f06ac93ada6]
/opt/Xilinx_19.1/Vivado/2019.1/lib/lnx64.o/librdi_netlist.so(HANENetlist::sortAndPrepCV(HDLHCellview*, unsigned int&)+0x2b6) [0x7f06ac93ada6]
/opt/Xilinx_19.1/Vivado/2019.1/lib/lnx64.o/librdi_netlist.so(HANENetlist::sortAndPrepCV(HDLHCellview*, unsigned int&)+0x2b6) [0x7f06ac93ada6]
/opt/Xilinx_19.1/Vivado/2019.1/lib/lnx64.o/librdi_netlist.so(HANENetlist::sortAndPrepCV(HDLHCellview*, unsigned int&)+0x2b6) [0x7f06ac93ada6]
/opt/Xilinx_19.1/Vivado/2019.1/lib/lnx64.o/librdi_netlist.so(HANENetlist::sortAndPrepCV(HDLHCellview*, unsigned int&)+0x2b6) [0x7f06ac93ada6]
/opt/Xilinx_19.1/Vivado/2019.1/lib/lnx64.o/librdi_netlist.so(HANENetlist::sortAndPrepCV(HDLHCellview*, unsigned int&)+0x2b6) [0x7f06ac93ada6]
/opt/Xilinx_19.1/Vivado/2019.1/lib/lnx64.o/librdi_netlist.so(HANENetlist::sortNetlist(bool)+0x82) [0x7f06ac93b1e2]
/opt/Xilinx_19.1/Vivado/2019.1/lib/lnx64.o/librdi_designutils.so(HEIParser::processInternalMacros()+0x21f) [0x7f06c2cfba4f]
/opt/Xilinx_19.1/Vivado/2019.1/lib/lnx64.o/librdi_designutils.so(HANIUtil::processInternalMacroCells(HANENetlist*, HDGUIStatus&)+0xa3a) [0x7f06c34e592a]
/opt/Xilinx_19.1/Vivado/2019.1/lib/lnx64.o/librdi_project.so(HAPRDesign::postProcessNetlist_(HANENetlist*, HDGUIStatus&)+0xf2) [0x7f06a7c53952]
/opt/Xilinx_19.1/Vivado/2019.1/lib/lnx64.o/librdi_project.so(HAPRDesign::openAndProcessNetlist_(HDGUIStatus&, bool, bool&)+0x536) [0x7f06a7c5e8e6]
/opt/Xilinx_19.1/Vivado/2019.1/lib/lnx64.o/librdi_project.so(HAPRDesign::refreshDesign(HDGUIStatus&)+0x278) [0x7f06a7c5f758]
/opt/Xilinx_19.1/Vivado/2019.1/lib/lnx64.o/librdi_project.so(HAPRDesign::openAsSpec(HAPRDesignSpec const&, HDGUIStatus&)+0x2e) [0x7f06a7c6055e]
/opt/Xilinx_19.1/Vivado/2019.1/lib/lnx64.o/librdi_project.so(HAPRProject::openDesign_(HAPRDesignSpec const&, HDGUIStatus&)+0x7b) [0x7f06a7d1e47b]
/opt/Xilinx_19.1/Vivado/2019.1/lib/lnx64.o/librdi_project.so(HAPRProject::openSynthResults(HDARPart const*, HAXPSynthNetlistSpec const*, HADAFileSet*, std::__cxx11::basic_string<char, std::char_traits<char>, std::allocator<char> > const&, bool, bool, HDGUIStatus&, std::__cxx11::basic_string<char, std::char_traits<char>, std::allocator<char> > const&, std::vector<std::__cxx11::basic_string<char, std::char_traits<char>, std::allocator<char> >, std::allocator<std::__cxx11::basic_string<char, std::char_traits<char>, std::allocator<char> > > > const&, std::vector<std::__cxx11::basic_string<char, std::char_traits<char>, std::allocator<char> >, std::allocator<std::__cxx11::basic_string<char, std::char_traits<char>, std::allocator<char> > > > const&, bool)+0x163) [0x7f06a7d1f113]
/opt/Xilinx_19.1/Vivado/2019.1/lib/lnx64.o/librdi_tcltasks.so(+0xdcff25) [0x7f06cd066f25]
/opt/Xilinx_19.1/Vivado/2019.1/lib/lnx64.o/librdi_common.so(+0x8068e2) [0x7f06db6f28e2]
/opt/Xilinx_19.1/Vivado/2019.1/lib/lnx64.o/libtcl8.5.so(+0x334af) [0x7f06d5aae4af]
/opt/Xilinx_19.1/Vivado/2019.1/lib/lnx64.o/libtcl8.5.so(+0x76875) [0x7f06d5af1875]
/opt/Xilinx_19.1/Vivado/2019.1/lib/lnx64.o/libtcl8.5.so(+0x7e029) [0x7f06d5af9029]
/opt/Xilinx_19.1/Vivado/2019.1/lib/lnx64.o/libtcl8.5.so(TclEvalObjEx+0x76) [0x7f06d5ab0156]
/opt/Xilinx_19.1/Vivado/2019.1/lib/lnx64.o/librdi_commontasks.so(+0x1ebcc4) [0x7f06d055fcc4]
/opt/Xilinx_19.1/Vivado/2019.1/lib/lnx64.o/libtcl8.5.so(+0x334af) [0x7f06d5aae4af]
/opt/Xilinx_19.1/Vivado/2019.1/lib/lnx64.o/libtcl8.5.so(+0x34b38) [0x7f06d5aafb38]
/opt/Xilinx_19.1/Vivado/2019.1/lib/lnx64.o/libtcl8.5.so(+0xad486) [0x7f06d5b28486]
/opt/Xilinx_19.1/Vivado/2019.1/lib/lnx64.o/libtcl8.5.so(+0x346c5) [0x7f06d5aaf6c5]
/opt/Xilinx_19.1/Vivado/2019.1/lib/lnx64.o/libtcl8.5.so(Tcl_EvalEx+0x13) [0x7f06d5ab00a3]
/opt/Xilinx_19.1/Vivado/2019.1/lib/lnx64.o/libtcl8.5.so(Tcl_FSEvalFileEx+0x1da) [0x7f06d5b14c5a]
/opt/Xilinx_19.1/Vivado/2019.1/lib/lnx64.o/librdi_commontasks.so(+0x208e5d) [0x7f06d057ce5d]
/opt/Xilinx_19.1/Vivado/2019.1/lib/lnx64.o/librdi_common.so(+0x8068e2) [0x7f06db6f28e2]
/opt/Xilinx_19.1/Vivado/2019.1/lib/lnx64.o/libtcl8.5.so(+0x334af) [0x7f06d5aae4af]
/opt/Xilinx_19.1/Vivado/2019.1/lib/lnx64.o/libtcl8.5.so(Tcl_EvalObjv+0x32) [0x7f06d5aae5e2]
/opt/Xilinx_19.1/Vivado/2019.1/lib/lnx64.o/libtcl8.5.so(TclEvalObjEx+0x322) [0x7f06d5ab0402]
/opt/Xilinx_19.1/Vivado/2019.1/lib/lnx64.o/librdi_commontasks.so(+0x23ab2f) [0x7f06d05aeb2f]
/opt/Xilinx_19.1/Vivado/2019.1/lib/lnx64.o/librdi_commontasks.so(+0x23c1fe) [0x7f06d05b01fe]
/opt/Xilinx_19.1/Vivado/2019.1/lib/lnx64.o/librdi_common.so(+0x8068e2) [0x7f06db6f28e2]
/opt/Xilinx_19.1/Vivado/2019.1/lib/lnx64.o/libtcl8.5.so(+0x334af) [0x7f06d5aae4af]
/opt/Xilinx_19.1/Vivado/2019.1/lib/lnx64.o/libtcl8.5.so(Tcl_EvalObjv+0x32) [0x7f06d5aae5e2]
/opt/Xilinx_19.1/Vivado/2019.1/lib/lnx64.o/libtcl8.5.so(TclEvalObjEx+0x322) [0x7f06d5ab0402]
/opt/Xilinx_19.1/Vivado/2019.1/lib/lnx64.o/librdi_commonmain.so(+0x7424) [0x7f06dace8424]
/opt/Xilinx_19.1/Vivado/2019.1/lib/lnx64.o/libtcl8.5.so(Tcl_Main+0x1d0) [0x7f06d5b1b210]
/opt/Xilinx_19.1/Vivado/2019.1/lib/lnx64.o/librdi_common.so(+0x84ac9b) [0x7f06db736c9b]
/lib/x86_64-linux-gnu/libpthread.so.0(+0x76ba) [0x7f06da16b6ba]
/lib/x86_64-linux-gnu/libc.so.6(clone+0x6d) [0x7f06da48851d]
