#
# An unexpected error has occurred (6)
#
Stack:
/lib/x86_64-linux-gnu/libc.so.6(+0x354c0) [0x7fa381b0d4c0]
/lib/x86_64-linux-gnu/libc.so.6(gsignal+0x38) [0x7fa381b0d438]
/lib/x86_64-linux-gnu/libc.so.6(abort+0x16a) [0x7fa381b0f03a]
/opt/Xilinx_19.1/Vivado/2019.1/lib/lnx64.o/libtcmalloc.so.4(tcmalloc::Log(tcmalloc::LogMode, char const*, int, tcmalloc::LogItem, tcmalloc::LogItem, tcmalloc::LogItem, tcmalloc::LogItem)+0x20b) [0x7fa38388bafb]
/opt/Xilinx_19.1/Vivado/2019.1/lib/lnx64.o/libtcmalloc.so.4(+0x17bef) [0x7fa38387fbef]
/opt/Xilinx_19.1/Vivado/2019.1/lib/lnx64.o/libtcmalloc.so.4(tc_cfree+0x358) [0x7fa3838a13a8]
/opt/Xilinx_19.1/Vivado/2019.1/lib/lnx64.o/librdi_device.so(HDDMWire::~HDDMWire()+0x64) [0x7fa35b391cc4]
/opt/Xilinx_19.1/Vivado/2019.1/lib/lnx64.o/librdi_device.so(HDDMTileType::~HDDMTileType()+0xa0) [0x7fa35b436270]
/opt/Xilinx_19.1/Vivado/2019.1/lib/lnx64.o/librdi_device.so(HDDMDevice::~HDDMDevice()+0x10c0) [0x7fa35b305230]
/opt/Xilinx_19.1/Vivado/2019.1/lib/lnx64.o/librdi_device.so(HDDMDeviceCache::flushCache()+0x50) [0x7fa35b306810]
/lib/x86_64-linux-gnu/libc.so.6(+0x3a008) [0x7fa381b12008]
/lib/x86_64-linux-gnu/libc.so.6(+0x3a055) [0x7fa381b12055]
/opt/Xilinx_19.1/Vivado/2019.1/lib/lnx64.o/libtcl8.5.so(+0x74351) [0x7fa37d246351]
/opt/Xilinx_19.1/Vivado/2019.1/lib/lnx64.o/libtcl8.5.so(+0x3b41f) [0x7fa37d20d41f]
/opt/Xilinx_19.1/Vivado/2019.1/lib/lnx64.o/libtcl8.5.so(+0x334af) [0x7fa37d2054af]
/opt/Xilinx_19.1/Vivado/2019.1/lib/lnx64.o/libtcl8.5.so(+0x34b38) [0x7fa37d206b38]
/opt/Xilinx_19.1/Vivado/2019.1/lib/lnx64.o/libtcl8.5.so(Tcl_EvalEx+0x13) [0x7fa37d2070a3]
/opt/Xilinx_19.1/Vivado/2019.1/lib/lnx64.o/libtcl8.5.so(Tcl_Eval+0x15) [0x7fa37d2070c5]
/opt/Xilinx_19.1/Vivado/2019.1/lib/lnx64.o/librdi_commontasks.so(+0x23ade1) [0x7fa377d05de1]
/opt/Xilinx_19.1/Vivado/2019.1/lib/lnx64.o/librdi_commontasks.so(+0x23c1fe) [0x7fa377d071fe]
/opt/Xilinx_19.1/Vivado/2019.1/lib/lnx64.o/librdi_common.so(+0x8068e2) [0x7fa382e498e2]
/opt/Xilinx_19.1/Vivado/2019.1/lib/lnx64.o/libtcl8.5.so(+0x334af) [0x7fa37d2054af]
/opt/Xilinx_19.1/Vivado/2019.1/lib/lnx64.o/libtcl8.5.so(Tcl_EvalObjv+0x32) [0x7fa37d2055e2]
/opt/Xilinx_19.1/Vivado/2019.1/lib/lnx64.o/libtcl8.5.so(TclEvalObjEx+0x322) [0x7fa37d207402]
/opt/Xilinx_19.1/Vivado/2019.1/lib/lnx64.o/librdi_commonmain.so(+0x7424) [0x7fa38243f424]
/opt/Xilinx_19.1/Vivado/2019.1/lib/lnx64.o/libtcl8.5.so(Tcl_Main+0x1d0) [0x7fa37d272210]
/opt/Xilinx_19.1/Vivado/2019.1/lib/lnx64.o/librdi_common.so(+0x84ac9b) [0x7fa382e8dc9b]
/lib/x86_64-linux-gnu/libpthread.so.0(+0x76ba) [0x7fa3818c26ba]
/lib/x86_64-linux-gnu/libc.so.6(clone+0x6d) [0x7fa381bdf51d]
